

================================================================
== Vitis HLS Report for 'AXIvideo2MultiPixStream_Pipeline_loop_width'
================================================================
* Date:           Tue Aug 19 22:11:05 2025

* Version:        2023.2 (Build 4023990 on Oct 11 2023)
* Project:        prj
* Solution:       sol (Vivado IP Flow Target)
* Product family: artix7
* Target device:  xc7a200t-fbg676-2


================================================================
== Performance Estimates
================================================================
+ Timing: 
    * Summary: 
    +--------+---------+----------+------------+
    |  Clock |  Target | Estimated| Uncertainty|
    +--------+---------+----------+------------+
    |ap_clk  |  6.67 ns|  5.412 ns|     1.80 ns|
    +--------+---------+----------+------------+

+ Latency: 
    * Summary: 
    +---------+---------+-----------+-----------+-----+------+---------+
    |  Latency (cycles) |   Latency (absolute)  |  Interval  | Pipeline|
    |   min   |   max   |    min    |    max    | min |  max |   Type  |
    +---------+---------+-----------+-----------+-----+------+---------+
    |        2|     1922|  13.334 ns|  12.814 us|    2|  1922|       no|
    +---------+---------+-----------+-----------+-----+------+---------+

    + Detail: 
        * Instance: 
        N/A

        * Loop: 
        +--------------+---------+---------+----------+-----------+-----------+----------+----------+
        |              |  Latency (cycles) | Iteration|  Initiation Interval  |   Trip   |          |
        |   Loop Name  |   min   |   max   |  Latency |  achieved |   target  |   Count  | Pipelined|
        +--------------+---------+---------+----------+-----------+-----------+----------+----------+
        |- loop_width  |        0|     1920|         2|          1|          1|  0 ~ 1920|       yes|
        +--------------+---------+---------+----------+-----------+-----------+----------+----------+



================================================================
== Utilization Estimates
================================================================
* Summary: 
+-----------------+---------+-----+--------+--------+-----+
|       Name      | BRAM_18K| DSP |   FF   |   LUT  | URAM|
+-----------------+---------+-----+--------+--------+-----+
|DSP              |        -|    -|       -|       -|    -|
|Expression       |        -|    -|       0|     105|    -|
|FIFO             |        -|    -|       -|       -|    -|
|Instance         |        -|    -|       0|       9|    -|
|Memory           |        -|    -|       -|       -|    -|
|Multiplexer      |        -|    -|       -|     103|    -|
|Register         |        -|    -|      68|       -|    -|
+-----------------+---------+-----+--------+--------+-----+
|Total            |        0|    0|      68|     217|    0|
+-----------------+---------+-----+--------+--------+-----+
|Available        |      730|  740|  269200|  134600|    0|
+-----------------+---------+-----+--------+--------+-----+
|Utilization (%)  |        0|    0|      ~0|      ~0|    0|
+-----------------+---------+-----+--------+--------+-----+

+ Detail: 
    * Instance: 
    +-------------------------+---------------------+---------+----+---+----+-----+
    |         Instance        |        Module       | BRAM_18K| DSP| FF| LUT| URAM|
    +-------------------------+---------------------+---------+----+---+----+-----+
    |sparsemux_5_8_8_1_1_U15  |sparsemux_5_8_8_1_1  |        0|   0|  0|   9|    0|
    +-------------------------+---------------------+---------+----+---+----+-----+
    |Total                    |                     |        0|   0|  0|   9|    0|
    +-------------------------+---------------------+---------+----+---+----+-----+

    * DSP: 
    N/A

    * Memory: 
    N/A

    * FIFO: 
    N/A

    * Expression: 
    +----------------------------------+----------+----+---+----+------------+------------+
    |           Variable Name          | Operation| DSP| FF| LUT| Bitwidth P0| Bitwidth P1|
    +----------------------------------+----------+----+---+----+------------+------------+
    |j_2_fu_263_p2                     |         +|   0|  0|  18|          11|           1|
    |ap_block_state1_pp0_stage0_iter0  |       and|   0|  0|   2|           1|           1|
    |ap_block_state2_pp0_stage0_iter1  |       and|   0|  0|   2|           1|           1|
    |ap_condition_328                  |       and|   0|  0|   2|           1|           1|
    |ap_condition_331                  |       and|   0|  0|   2|           1|           1|
    |ap_condition_336                  |       and|   0|  0|   2|           1|           1|
    |ap_predicate_op40_read_state1     |       and|   0|  0|   2|           1|           1|
    |icmp_ln257_fu_257_p2              |      icmp|   0|  0|  18|          11|          11|
    |icmp_ln290_fu_394_p2              |      icmp|   0|  0|  11|           3|           1|
    |ap_block_pp0_stage0_01001         |        or|   0|  0|   2|           1|           1|
    |or_ln261_fu_269_p2                |        or|   0|  0|   2|           1|           1|
    |select_ln290_1_fu_335_p3          |    select|   0|  0|   8|           1|           8|
    |select_ln290_2_fu_342_p3          |    select|   0|  0|   8|           1|           8|
    |select_ln290_3_fu_399_p3          |    select|   0|  0|   8|           1|           8|
    |select_ln290_4_fu_407_p3          |    select|   0|  0|   8|           1|           8|
    |select_ln290_fu_318_p3            |    select|   0|  0|   8|           1|           8|
    |ap_enable_pp0                     |       xor|   0|  0|   2|           1|           2|
    +----------------------------------+----------+----+---+----+------------+------------+
    |Total                             |          |   0|  0| 105|          39|          63|
    +----------------------------------+----------+----+---+----+------------+------------+

    * Multiplexer: 
    +------------------------------+----+-----------+-----+-----------+
    |             Name             | LUT| Input Size| Bits| Total Bits|
    +------------------------------+----+-----------+-----+-----------+
    |ap_done_int                   |   9|          2|    1|          2|
    |ap_enable_reg_pp0_iter1       |   9|          2|    1|          2|
    |ap_phi_mux_eol_phi_fu_216_p4  |  13|          3|    1|          3|
    |ap_phi_mux_sof_phi_fu_227_p4  |   9|          2|    1|          2|
    |ap_sig_allocacmp_j_1          |   9|          2|   11|         22|
    |axi_data_fu_124               |   9|          2|   48|         96|
    |axi_last_fu_128               |   9|          2|    1|          2|
    |eol_reg_213                   |   9|          2|    1|          2|
    |img_blk_n                     |   9|          2|    1|          2|
    |j_fu_120                      |   9|          2|   11|         22|
    |s_axis_video_TDATA_blk_n      |   9|          2|    1|          2|
    +------------------------------+----+-----------+-----+-----------+
    |Total                         | 103|         23|   78|        157|
    +------------------------------+----+-----------+-----+-----------+

    * Register: 
    +-----------------------------------+----+----+-----+-----------+
    |                Name               | FF | LUT| Bits| Const Bits|
    +-----------------------------------+----+----+-----+-----------+
    |ap_CS_fsm                          |   1|   0|    1|          0|
    |ap_done_reg                        |   1|   0|    1|          0|
    |ap_enable_reg_pp0_iter1            |   1|   0|    1|          0|
    |axi_data_fu_124                    |  48|   0|   48|          0|
    |axi_last_fu_128                    |   1|   0|    1|          0|
    |colorFormat_val_cast_cast_reg_470  |   3|   0|    8|          5|
    |eol_reg_213                        |   1|   0|    1|          0|
    |icmp_ln257_reg_475                 |   1|   0|    1|          0|
    |j_fu_120                           |  11|   0|   11|          0|
    +-----------------------------------+----+----+-----+-----------+
    |Total                              |  68|   0|   73|          5|
    +-----------------------------------+----+----+-----+-----------+



================================================================
== Interface
================================================================
* Summary: 
+-----------------------+-----+-----+------------+---------------------------------------------+--------------+
|       RTL Ports       | Dir | Bits|  Protocol  |                Source Object                |    C Type    |
+-----------------------+-----+-----+------------+---------------------------------------------+--------------+
|ap_clk                 |   in|    1|  ap_ctrl_hs|  AXIvideo2MultiPixStream_Pipeline_loop_width|  return value|
|ap_rst                 |   in|    1|  ap_ctrl_hs|  AXIvideo2MultiPixStream_Pipeline_loop_width|  return value|
|ap_start               |   in|    1|  ap_ctrl_hs|  AXIvideo2MultiPixStream_Pipeline_loop_width|  return value|
|ap_done                |  out|    1|  ap_ctrl_hs|  AXIvideo2MultiPixStream_Pipeline_loop_width|  return value|
|ap_idle                |  out|    1|  ap_ctrl_hs|  AXIvideo2MultiPixStream_Pipeline_loop_width|  return value|
|ap_ready               |  out|    1|  ap_ctrl_hs|  AXIvideo2MultiPixStream_Pipeline_loop_width|  return value|
|s_axis_video_TVALID    |   in|    1|        axis|                        s_axis_video_V_data_V|       pointer|
|s_axis_video_TDATA     |   in|   48|        axis|                        s_axis_video_V_data_V|       pointer|
|img_din                |  out|   48|     ap_fifo|                                          img|       pointer|
|img_num_data_valid     |   in|    3|     ap_fifo|                                          img|       pointer|
|img_fifo_cap           |   in|    3|     ap_fifo|                                          img|       pointer|
|img_full_n             |   in|    1|     ap_fifo|                                          img|       pointer|
|img_write              |  out|    1|     ap_fifo|                                          img|       pointer|
|sof_2                  |   in|    1|     ap_none|                                        sof_2|        scalar|
|axi_last_2             |   in|    1|     ap_none|                                   axi_last_2|        scalar|
|axi_data_2             |   in|   48|     ap_none|                                   axi_data_2|        scalar|
|trunc_ln               |   in|   11|     ap_none|                                     trunc_ln|        scalar|
|cond                   |   in|    1|     ap_none|                                         cond|        scalar|
|colorFormat_val_cast   |   in|    3|     ap_none|                         colorFormat_val_cast|        scalar|
|colorFormat_val        |   in|    3|     ap_none|                              colorFormat_val|        scalar|
|s_axis_video_TREADY    |  out|    1|        axis|                        s_axis_video_V_dest_V|       pointer|
|s_axis_video_TDEST     |   in|    1|        axis|                        s_axis_video_V_dest_V|       pointer|
|s_axis_video_TKEEP     |   in|    6|        axis|                        s_axis_video_V_keep_V|       pointer|
|s_axis_video_TSTRB     |   in|    6|        axis|                        s_axis_video_V_strb_V|       pointer|
|s_axis_video_TUSER     |   in|    1|        axis|                        s_axis_video_V_user_V|       pointer|
|s_axis_video_TLAST     |   in|    1|        axis|                        s_axis_video_V_last_V|       pointer|
|s_axis_video_TID       |   in|    1|        axis|                          s_axis_video_V_id_V|       pointer|
|eol_out                |  out|    1|      ap_vld|                                      eol_out|       pointer|
|eol_out_ap_vld         |  out|    1|      ap_vld|                                      eol_out|       pointer|
|axi_data_3_out         |  out|   48|      ap_vld|                               axi_data_3_out|       pointer|
|axi_data_3_out_ap_vld  |  out|    1|      ap_vld|                               axi_data_3_out|       pointer|
+-----------------------+-----+-----+------------+---------------------------------------------+--------------+

