

================================================================
== Vitis HLS Report for 'entry_proc'
================================================================
* Date:           Tue Aug 19 22:11:05 2025

* Version:        2023.2 (Build 4023990 on Oct 11 2023)
* Project:        prj
* Solution:       sol (Vivado IP Flow Target)
* Product family: artix7
* Target device:  xc7a200t-fbg676-2


================================================================
== Performance Estimates
================================================================
+ Timing: 
    * Summary: 
    +--------+---------+----------+------------+
    |  Clock |  Target | Estimated| Uncertainty|
    +--------+---------+----------+------------+
    |ap_clk  |  6.67 ns|  2.433 ns|     1.80 ns|
    +--------+---------+----------+------------+

+ Latency: 
    * Summary: 
    +---------+---------+----------+----------+-----+-----+---------+
    |  Latency (cycles) |  Latency (absolute) |  Interval | Pipeline|
    |   min   |   max   |    min   |    max   | min | max |   Type  |
    +---------+---------+----------+----------+-----+-----+---------+
    |        0|        0|      0 ns|      0 ns|    0|    0|       no|
    +---------+---------+----------+----------+-----+-----+---------+

    + Detail: 
        * Instance: 
        N/A

        * Loop: 
        N/A



================================================================
== Utilization Estimates
================================================================
* Summary: 
+-----------------+---------+-----+--------+--------+-----+
|       Name      | BRAM_18K| DSP |   FF   |   LUT  | URAM|
+-----------------+---------+-----+--------+--------+-----+
|DSP              |        -|    -|       -|       -|    -|
|Expression       |        -|    -|       0|       2|    -|
|FIFO             |        -|    -|       -|       -|    -|
|Instance         |        -|    -|       -|       -|    -|
|Memory           |        -|    -|       -|       -|    -|
|Multiplexer      |        -|    -|       -|      36|    -|
|Register         |        -|    -|       3|       -|    -|
+-----------------+---------+-----+--------+--------+-----+
|Total            |        0|    0|       3|      38|    0|
+-----------------+---------+-----+--------+--------+-----+
|Available        |      730|  740|  269200|  134600|    0|
+-----------------+---------+-----+--------+--------+-----+
|Utilization (%)  |        0|    0|      ~0|      ~0|    0|
+-----------------+---------+-----+--------+--------+-----+

+ Detail: 
    * Instance: 
    N/A

    * DSP: 
    N/A

    * Memory: 
    N/A

    * FIFO: 
    N/A

    * Expression: 
    +-----------------+----------+----+---+----+------------+------------+
    |  Variable Name  | Operation| DSP| FF| LUT| Bitwidth P0| Bitwidth P1|
    +-----------------+----------+----+---+----+------------+------------+
    |ap_block_state1  |        or|   0|  0|   2|           1|           1|
    +-----------------+----------+----+---+----+------------+------------+
    |Total            |          |   0|  0|   2|           1|           1|
    +-----------------+----------+----+---+----+------------+------------+

    * Multiplexer: 
    +-----------------------------+----+-----------+-----+-----------+
    |             Name            | LUT| Input Size| Bits| Total Bits|
    +-----------------------------+----+-----------+-----+-----------+
    |HwReg_frm_buffer_c_blk_n     |   9|          2|    1|          2|
    |WidthInBytes_val2_c11_blk_n  |   9|          2|    1|          2|
    |ap_done                      |   9|          2|    1|          2|
    |real_start                   |   9|          2|    1|          2|
    +-----------------------------+----+-----------+-----+-----------+
    |Total                        |  36|          8|    4|          8|
    +-----------------------------+----+-----------+-----+-----------+

    * Register: 
    +----------------+---+----+-----+-----------+
    |      Name      | FF| LUT| Bits| Const Bits|
    +----------------+---+----+-----+-----------+
    |ap_CS_fsm       |  1|   0|    1|          0|
    |ap_done_reg     |  1|   0|    1|          0|
    |start_once_reg  |  1|   0|    1|          0|
    +----------------+---+----+-----+-----------+
    |Total           |  3|   0|    3|          0|
    +----------------+---+----+-----+-----------+



================================================================
== Interface
================================================================
* Summary: 
+--------------------------------------+-----+-----+------------+-----------------------+--------------+
|               RTL Ports              | Dir | Bits|  Protocol  |     Source Object     |    C Type    |
+--------------------------------------+-----+-----+------------+-----------------------+--------------+
|ap_clk                                |   in|    1|  ap_ctrl_hs|             entry_proc|  return value|
|ap_rst                                |   in|    1|  ap_ctrl_hs|             entry_proc|  return value|
|ap_start                              |   in|    1|  ap_ctrl_hs|             entry_proc|  return value|
|start_full_n                          |   in|    1|  ap_ctrl_hs|             entry_proc|  return value|
|ap_done                               |  out|    1|  ap_ctrl_hs|             entry_proc|  return value|
|ap_continue                           |   in|    1|  ap_ctrl_hs|             entry_proc|  return value|
|ap_idle                               |  out|    1|  ap_ctrl_hs|             entry_proc|  return value|
|ap_ready                              |  out|    1|  ap_ctrl_hs|             entry_proc|  return value|
|start_out                             |  out|    1|  ap_ctrl_hs|             entry_proc|  return value|
|start_write                           |  out|    1|  ap_ctrl_hs|             entry_proc|  return value|
|HwReg_frm_buffer                      |   in|   32|     ap_none|       HwReg_frm_buffer|        scalar|
|HwReg_frm_buffer_c_din                |  out|   32|     ap_fifo|     HwReg_frm_buffer_c|       pointer|
|HwReg_frm_buffer_c_num_data_valid     |   in|    3|     ap_fifo|     HwReg_frm_buffer_c|       pointer|
|HwReg_frm_buffer_c_fifo_cap           |   in|    3|     ap_fifo|     HwReg_frm_buffer_c|       pointer|
|HwReg_frm_buffer_c_full_n             |   in|    1|     ap_fifo|     HwReg_frm_buffer_c|       pointer|
|HwReg_frm_buffer_c_write              |  out|    1|     ap_fifo|     HwReg_frm_buffer_c|       pointer|
|WidthInBytes_val2                     |   in|   15|     ap_none|      WidthInBytes_val2|        scalar|
|WidthInBytes_val2_c11_din             |  out|   15|     ap_fifo|  WidthInBytes_val2_c11|       pointer|
|WidthInBytes_val2_c11_num_data_valid  |   in|    3|     ap_fifo|  WidthInBytes_val2_c11|       pointer|
|WidthInBytes_val2_c11_fifo_cap        |   in|    3|     ap_fifo|  WidthInBytes_val2_c11|       pointer|
|WidthInBytes_val2_c11_full_n          |   in|    1|     ap_fifo|  WidthInBytes_val2_c11|       pointer|
|WidthInBytes_val2_c11_write           |  out|    1|     ap_fifo|  WidthInBytes_val2_c11|       pointer|
+--------------------------------------+-----+-----+------------+-----------------------+--------------+

