

================================================================
== Vitis HLS Report for 'FrmbufWrHlsDataFlow'
================================================================
* Date:           Tue Aug 19 22:11:07 2025

* Version:        2023.2 (Build 4023990 on Oct 11 2023)
* Project:        prj
* Solution:       sol (Vivado IP Flow Target)
* Product family: artix7
* Target device:  xc7a200t-fbg676-2


================================================================
== Performance Estimates
================================================================
+ Timing: 
    * Summary: 
    +--------+---------+----------+------------+
    |  Clock |  Target | Estimated| Uncertainty|
    +--------+---------+----------+------------+
    |ap_clk  |  6.67 ns|  5.412 ns|     1.80 ns|
    +--------+---------+----------+------------+

+ Latency: 
    * Summary: 
    +---------+----------+-----------+-----------+-----+----------+----------+
    |  Latency (cycles)  |   Latency (absolute)  |    Interval    | Pipeline |
    |   min   |    max   |    min    |    max    | min |    max   |   Type   |
    +---------+----------+-----------+-----------+-----+----------+----------+
    |        9|  35385125|  60.003 ns|  0.236 sec|    7|  35385125|  dataflow|
    +---------+----------+-----------+-----------+-----+----------+----------+

    + Detail: 
        * Instance: 
        +----------------------------+-------------------------+---------+----------+-----------+-----------+-----+----------+---------+
        |                            |                         |  Latency (cycles)  |   Latency (absolute)  |    Interval    | Pipeline|
        |          Instance          |          Module         |   min   |    max   |    min    |    max    | min |    max   |   Type  |
        +----------------------------+-------------------------+---------+----------+-----------+-----------+-----+----------+---------+
        |entry_proc_U0               |entry_proc               |        0|         0|       0 ns|       0 ns|    0|         0|       no|
        |AXIvideo2MultiPixStream_U0  |AXIvideo2MultiPixStream  |        6|   4170966|  40.002 ns|  27.808 ms|    6|   4170966|       no|
        |MultiPixStream2Bytes_U0     |MultiPixStream2Bytes     |        2|  35385124|  13.334 ns|  0.236 sec|    2|  35385124|       no|
        |Bytes2AXIMMvideo_U0         |Bytes2AXIMMvideo         |        1|  18174241|   6.667 ns|  0.121 sec|    1|  18174241|       no|
        +----------------------------+-------------------------+---------+----------+-----------+-----------+-----+----------+---------+

        * Loop: 
        N/A



================================================================
== Utilization Estimates
================================================================
* Summary: 
+-----------------+---------+-----+--------+--------+-----+
|       Name      | BRAM_18K| DSP |   FF   |   LUT  | URAM|
+-----------------+---------+-----+--------+--------+-----+
|DSP              |        -|    -|       -|       -|    -|
|Expression       |        -|    -|       0|      14|    -|
|FIFO             |        8|    -|     558|     354|    -|
|Instance         |        -|    1|    1566|    2748|    -|
|Memory           |        -|    -|       -|       -|    -|
|Multiplexer      |        -|    -|       -|      18|    -|
|Register         |        -|    -|       2|       -|    -|
+-----------------+---------+-----+--------+--------+-----+
|Total            |        8|    1|    2126|    3134|    0|
+-----------------+---------+-----+--------+--------+-----+
|Available        |      730|  740|  269200|  134600|    0|
+-----------------+---------+-----+--------+--------+-----+
|Utilization (%)  |        1|   ~0|      ~0|       2|    0|
+-----------------+---------+-----+--------+--------+-----+

+ Detail: 
    * Instance: 
    +----------------------------+-------------------------+---------+----+-----+------+-----+
    |          Instance          |          Module         | BRAM_18K| DSP|  FF |  LUT | URAM|
    +----------------------------+-------------------------+---------+----+-----+------+-----+
    |AXIvideo2MultiPixStream_U0  |AXIvideo2MultiPixStream  |        0|   0|  232|   527|    0|
    |Bytes2AXIMMvideo_U0         |Bytes2AXIMMvideo         |        0|   0|  388|   990|    0|
    |MultiPixStream2Bytes_U0     |MultiPixStream2Bytes     |        0|   1|  943|  1193|    0|
    |entry_proc_U0               |entry_proc               |        0|   0|    3|    38|    0|
    +----------------------------+-------------------------+---------+----+-----+------+-----+
    |Total                       |                         |        0|   1| 1566|  2748|    0|
    +----------------------------+-------------------------+---------+----+-----+------+-----+

    * DSP: 
    N/A

    * Memory: 
    N/A

    * FIFO: 
    +-------------------------+---------+-----+----+-----+------+-----+---------+
    |           Name          | BRAM_18K|  FF | LUT| URAM| Depth| Bits| Size:D*B|
    +-------------------------+---------+-----+----+-----+------+-----+---------+
    |HwReg_frm_buffer_c_U     |        0|   99|   0|    -|     4|   32|      128|
    |WidthInBytes_val2_c11_U  |        0|   99|   0|    -|     3|   15|       45|
    |WidthInBytes_val2_c_U    |        0|   99|   0|    -|     2|   15|       30|
    |bytePlanes_U             |        8|  162|   0|    -|   480|  128|    61440|
    |img_U                    |        0|   99|   0|    -|     2|   48|       96|
    +-------------------------+---------+-----+----+-----+------+-----+---------+
    |Total                    |        8|  558|   0|    0|   491|  238|    61739|
    +-------------------------+---------+-----+----+-----+------+-----+---------+

    * Expression: 
    +---------------------------------------------+----------+----+---+----+------------+------------+
    |                Variable Name                | Operation| DSP| FF| LUT| Bitwidth P0| Bitwidth P1|
    +---------------------------------------------+----------+----+---+----+------------+------------+
    |AXIvideo2MultiPixStream_U0_ap_start          |       and|   0|  0|   2|           1|           1|
    |ap_idle                                      |       and|   0|  0|   2|           1|           1|
    |ap_sync_ready                                |       and|   0|  0|   2|           1|           1|
    |entry_proc_U0_ap_start                       |       and|   0|  0|   2|           1|           1|
    |entry_proc_U0_start_full_n                   |       and|   0|  0|   2|           1|           1|
    |ap_sync_AXIvideo2MultiPixStream_U0_ap_ready  |        or|   0|  0|   2|           1|           1|
    |ap_sync_entry_proc_U0_ap_ready               |        or|   0|  0|   2|           1|           1|
    +---------------------------------------------+----------+----+---+----+------------+------------+
    |Total                                        |          |   0|  0|  14|           7|           7|
    +---------------------------------------------+----------+----+---+----+------------+------------+

    * Multiplexer: 
    +-------------------------------------------------+----+-----------+-----+-----------+
    |                       Name                      | LUT| Input Size| Bits| Total Bits|
    +-------------------------------------------------+----+-----------+-----+-----------+
    |ap_sync_reg_AXIvideo2MultiPixStream_U0_ap_ready  |   9|          2|    1|          2|
    |ap_sync_reg_entry_proc_U0_ap_ready               |   9|          2|    1|          2|
    +-------------------------------------------------+----+-----------+-----+-----------+
    |Total                                            |  18|          4|    2|          4|
    +-------------------------------------------------+----+-----------+-----+-----------+

    * Register: 
    +-------------------------------------------------+---+----+-----+-----------+
    |                       Name                      | FF| LUT| Bits| Const Bits|
    +-------------------------------------------------+---+----+-----+-----------+
    |ap_sync_reg_AXIvideo2MultiPixStream_U0_ap_ready  |  1|   0|    1|          0|
    |ap_sync_reg_entry_proc_U0_ap_ready               |  1|   0|    1|          0|
    +-------------------------------------------------+---+----+-----+-----------+
    |Total                                            |  2|   0|    2|          0|
    +-------------------------------------------------+---+----+-----+-----------+



================================================================
== Interface
================================================================
* Summary: 
+---------------------------+-----+-----+------------+-----------------------+--------------+
|         RTL Ports         | Dir | Bits|  Protocol  |     Source Object     |    C Type    |
+---------------------------+-----+-----+------------+-----------------------+--------------+
|s_axis_video_TDATA         |   in|   48|        axis|  s_axis_video_V_data_V|       pointer|
|s_axis_video_TKEEP         |   in|    6|        axis|  s_axis_video_V_keep_V|       pointer|
|s_axis_video_TSTRB         |   in|    6|        axis|  s_axis_video_V_strb_V|       pointer|
|s_axis_video_TUSER         |   in|    1|        axis|  s_axis_video_V_user_V|       pointer|
|s_axis_video_TLAST         |   in|    1|        axis|  s_axis_video_V_last_V|       pointer|
|s_axis_video_TID           |   in|    1|        axis|    s_axis_video_V_id_V|       pointer|
|s_axis_video_TDEST         |   in|    1|        axis|  s_axis_video_V_dest_V|       pointer|
|s_axis_video_TVALID        |   in|    1|        axis|  s_axis_video_V_dest_V|       pointer|
|s_axis_video_TREADY        |  out|    1|        axis|  s_axis_video_V_dest_V|       pointer|
|m_axi_mm_video_AWVALID     |  out|    1|       m_axi|               mm_video|       pointer|
|m_axi_mm_video_AWREADY     |   in|    1|       m_axi|               mm_video|       pointer|
|m_axi_mm_video_AWADDR      |  out|   32|       m_axi|               mm_video|       pointer|
|m_axi_mm_video_AWID        |  out|    1|       m_axi|               mm_video|       pointer|
|m_axi_mm_video_AWLEN       |  out|   32|       m_axi|               mm_video|       pointer|
|m_axi_mm_video_AWSIZE      |  out|    3|       m_axi|               mm_video|       pointer|
|m_axi_mm_video_AWBURST     |  out|    2|       m_axi|               mm_video|       pointer|
|m_axi_mm_video_AWLOCK      |  out|    2|       m_axi|               mm_video|       pointer|
|m_axi_mm_video_AWCACHE     |  out|    4|       m_axi|               mm_video|       pointer|
|m_axi_mm_video_AWPROT      |  out|    3|       m_axi|               mm_video|       pointer|
|m_axi_mm_video_AWQOS       |  out|    4|       m_axi|               mm_video|       pointer|
|m_axi_mm_video_AWREGION    |  out|    4|       m_axi|               mm_video|       pointer|
|m_axi_mm_video_AWUSER      |  out|    1|       m_axi|               mm_video|       pointer|
|m_axi_mm_video_WVALID      |  out|    1|       m_axi|               mm_video|       pointer|
|m_axi_mm_video_WREADY      |   in|    1|       m_axi|               mm_video|       pointer|
|m_axi_mm_video_WDATA       |  out|  128|       m_axi|               mm_video|       pointer|
|m_axi_mm_video_WSTRB       |  out|   16|       m_axi|               mm_video|       pointer|
|m_axi_mm_video_WLAST       |  out|    1|       m_axi|               mm_video|       pointer|
|m_axi_mm_video_WID         |  out|    1|       m_axi|               mm_video|       pointer|
|m_axi_mm_video_WUSER       |  out|    1|       m_axi|               mm_video|       pointer|
|m_axi_mm_video_ARVALID     |  out|    1|       m_axi|               mm_video|       pointer|
|m_axi_mm_video_ARREADY     |   in|    1|       m_axi|               mm_video|       pointer|
|m_axi_mm_video_ARADDR      |  out|   32|       m_axi|               mm_video|       pointer|
|m_axi_mm_video_ARID        |  out|    1|       m_axi|               mm_video|       pointer|
|m_axi_mm_video_ARLEN       |  out|   32|       m_axi|               mm_video|       pointer|
|m_axi_mm_video_ARSIZE      |  out|    3|       m_axi|               mm_video|       pointer|
|m_axi_mm_video_ARBURST     |  out|    2|       m_axi|               mm_video|       pointer|
|m_axi_mm_video_ARLOCK      |  out|    2|       m_axi|               mm_video|       pointer|
|m_axi_mm_video_ARCACHE     |  out|    4|       m_axi|               mm_video|       pointer|
|m_axi_mm_video_ARPROT      |  out|    3|       m_axi|               mm_video|       pointer|
|m_axi_mm_video_ARQOS       |  out|    4|       m_axi|               mm_video|       pointer|
|m_axi_mm_video_ARREGION    |  out|    4|       m_axi|               mm_video|       pointer|
|m_axi_mm_video_ARUSER      |  out|    1|       m_axi|               mm_video|       pointer|
|m_axi_mm_video_RVALID      |   in|    1|       m_axi|               mm_video|       pointer|
|m_axi_mm_video_RREADY      |  out|    1|       m_axi|               mm_video|       pointer|
|m_axi_mm_video_RDATA       |   in|  128|       m_axi|               mm_video|       pointer|
|m_axi_mm_video_RLAST       |   in|    1|       m_axi|               mm_video|       pointer|
|m_axi_mm_video_RID         |   in|    1|       m_axi|               mm_video|       pointer|
|m_axi_mm_video_RFIFONUM    |   in|    9|       m_axi|               mm_video|       pointer|
|m_axi_mm_video_RUSER       |   in|    1|       m_axi|               mm_video|       pointer|
|m_axi_mm_video_RRESP       |   in|    2|       m_axi|               mm_video|       pointer|
|m_axi_mm_video_BVALID      |   in|    1|       m_axi|               mm_video|       pointer|
|m_axi_mm_video_BREADY      |  out|    1|       m_axi|               mm_video|       pointer|
|m_axi_mm_video_BRESP       |   in|    2|       m_axi|               mm_video|       pointer|
|m_axi_mm_video_BID         |   in|    1|       m_axi|               mm_video|       pointer|
|m_axi_mm_video_BUSER       |   in|    1|       m_axi|               mm_video|       pointer|
|HwReg_frm_buffer           |   in|   32|     ap_none|       HwReg_frm_buffer|        scalar|
|HwReg_frm_buffer_ap_vld    |   in|    1|     ap_none|       HwReg_frm_buffer|        scalar|
|WidthInBytes_val2          |   in|   15|     ap_none|      WidthInBytes_val2|        scalar|
|WidthInBytes_val2_ap_vld   |   in|    1|     ap_none|      WidthInBytes_val2|        scalar|
|colorFormat_val3           |   in|    3|     ap_none|       colorFormat_val3|        scalar|
|colorFormat_val3_ap_vld    |   in|    1|     ap_none|       colorFormat_val3|        scalar|
|width_val5                 |   in|   12|     ap_none|             width_val5|        scalar|
|width_val5_ap_vld          |   in|    1|     ap_none|             width_val5|        scalar|
|height_val8                |   in|   12|     ap_none|            height_val8|        scalar|
|height_val8_ap_vld         |   in|    1|     ap_none|            height_val8|        scalar|
|stride_val9                |   in|   16|     ap_none|            stride_val9|        scalar|
|stride_val9_ap_vld         |   in|    1|     ap_none|            stride_val9|        scalar|
|video_format_val10         |   in|    6|     ap_none|     video_format_val10|        scalar|
|video_format_val10_ap_vld  |   in|    1|     ap_none|     video_format_val10|        scalar|
|ap_clk                     |   in|    1|  ap_ctrl_hs|    FrmbufWrHlsDataFlow|  return value|
|ap_rst                     |   in|    1|  ap_ctrl_hs|    FrmbufWrHlsDataFlow|  return value|
|ap_start                   |   in|    1|  ap_ctrl_hs|    FrmbufWrHlsDataFlow|  return value|
|ap_done                    |  out|    1|  ap_ctrl_hs|    FrmbufWrHlsDataFlow|  return value|
|ap_ready                   |  out|    1|  ap_ctrl_hs|    FrmbufWrHlsDataFlow|  return value|
|ap_idle                    |  out|    1|  ap_ctrl_hs|    FrmbufWrHlsDataFlow|  return value|
|ap_continue                |   in|    1|  ap_ctrl_hs|    FrmbufWrHlsDataFlow|  return value|
+---------------------------+-----+-----+------------+-----------------------+--------------+

