

================================================================
== Vitis HLS Report for 'MultiPixStream2Bytes_Pipeline_VITIS_LOOP_943_1'
================================================================
* Date:           Tue Aug 19 22:11:05 2025

* Version:        2023.2 (Build 4023990 on Oct 11 2023)
* Project:        prj
* Solution:       sol (Vivado IP Flow Target)
* Product family: artix7
* Target device:  xc7a200t-fbg676-2


================================================================
== Performance Estimates
================================================================
+ Timing: 
    * Summary: 
    +--------+---------+----------+------------+
    |  Clock |  Target | Estimated| Uncertainty|
    +--------+---------+----------+------------+
    |ap_clk  |  6.67 ns|  4.412 ns|     1.80 ns|
    +--------+---------+----------+------------+

+ Latency: 
    * Summary: 
    +---------+---------+-----------+-----------+-----+------+---------+
    |  Latency (cycles) |   Latency (absolute)  |  Interval  | Pipeline|
    |   min   |   max   |    min    |    max    | min |  max |   Type  |
    +---------+---------+-----------+-----------+-----+------+---------+
    |        4|     8188|  26.668 ns|  54.589 us|    4|  8188|       no|
    +---------+---------+-----------+-----------+-----+------+---------+

    + Detail: 
        * Instance: 
        N/A

        * Loop: 
        +--------------------+---------+---------+----------+-----------+-----------+----------+----------+
        |                    |  Latency (cycles) | Iteration|  Initiation Interval  |   Trip   |          |
        |      Loop Name     |   min   |   max   |  Latency |  achieved |   target  |   Count  | Pipelined|
        +--------------------+---------+---------+----------+-----------+-----------+----------+----------+
        |- VITIS_LOOP_943_1  |        2|     8186|        10|          8|          8|  0 ~ 1023|       yes|
        +--------------------+---------+---------+----------+-----------+-----------+----------+----------+



================================================================
== Utilization Estimates
================================================================
* Summary: 
+-----------------+---------+-----+--------+--------+-----+
|       Name      | BRAM_18K| DSP |   FF   |   LUT  | URAM|
+-----------------+---------+-----+--------+--------+-----+
|DSP              |        -|    -|       -|       -|    -|
|Expression       |        -|    -|       0|     151|    -|
|FIFO             |        -|    -|       -|       -|    -|
|Instance         |        -|    -|       -|       -|    -|
|Memory           |        -|    -|       -|       -|    -|
|Multiplexer      |        -|    -|       -|     690|    -|
|Register         |        -|    -|     763|       -|    -|
+-----------------+---------+-----+--------+--------+-----+
|Total            |        0|    0|     763|     841|    0|
+-----------------+---------+-----+--------+--------+-----+
|Available        |      730|  740|  269200|  134600|    0|
+-----------------+---------+-----+--------+--------+-----+
|Utilization (%)  |        0|    0|      ~0|      ~0|    0|
+-----------------+---------+-----+--------+--------+-----+

+ Detail: 
    * Instance: 
    N/A

    * DSP: 
    N/A

    * Memory: 
    N/A

    * FIFO: 
    N/A

    * Expression: 
    +-----------------------------------+----------+----+---+----+------------+------------+
    |           Variable Name           | Operation| DSP| FF| LUT| Bitwidth P0| Bitwidth P1|
    +-----------------------------------+----------+----+---+----+------------+------------+
    |x_2_fu_982_p2                      |         +|   0|  0|  17|          10|           1|
    |ap_block_pp0_stage0_01001          |       and|   0|  0|   2|           1|           1|
    |ap_block_pp0_stage2_11001          |       and|   0|  0|   2|           1|           1|
    |ap_block_pp0_stage3_11001          |       and|   0|  0|   2|           1|           1|
    |ap_block_pp0_stage4_11001          |       and|   0|  0|   2|           1|           1|
    |ap_block_pp0_stage5_01001          |       and|   0|  0|   2|           1|           1|
    |ap_block_pp0_stage6_11001          |       and|   0|  0|   2|           1|           1|
    |ap_block_pp0_stage7_11001          |       and|   0|  0|   2|           1|           1|
    |ap_block_state10_pp0_stage1_iter1  |       and|   0|  0|   2|           1|           1|
    |ap_block_state2_pp0_stage1_iter0   |       and|   0|  0|   2|           1|           1|
    |ap_block_state3_pp0_stage2_iter0   |       and|   0|  0|   2|           1|           1|
    |ap_block_state4_pp0_stage3_iter0   |       and|   0|  0|   2|           1|           1|
    |ap_block_state5_pp0_stage4_iter0   |       and|   0|  0|   2|           1|           1|
    |ap_block_state7_pp0_stage6_iter0   |       and|   0|  0|   2|           1|           1|
    |ap_block_state8_pp0_stage7_iter0   |       and|   0|  0|   2|           1|           1|
    |ap_condition_1050                  |       and|   0|  0|   2|           1|           1|
    |ap_condition_1054                  |       and|   0|  0|   2|           1|           1|
    |ap_condition_1058                  |       and|   0|  0|   2|           1|           1|
    |ap_condition_1062                  |       and|   0|  0|   2|           1|           1|
    |ap_condition_1065                  |       and|   0|  0|   2|           1|           1|
    |ap_condition_1068                  |       and|   0|  0|   2|           1|           1|
    |ap_condition_1072                  |       and|   0|  0|   2|           1|           1|
    |ap_condition_1076                  |       and|   0|  0|   2|           1|           1|
    |ap_condition_1079                  |       and|   0|  0|   2|           1|           1|
    |ap_condition_1082                  |       and|   0|  0|   2|           1|           1|
    |ap_condition_539                   |       and|   0|  0|   2|           1|           1|
    |ap_predicate_op115_read_state5     |       and|   0|  0|   2|           1|           1|
    |ap_predicate_op134_read_state6     |       and|   0|  0|   2|           1|           1|
    |ap_predicate_op143_write_state6    |       and|   0|  0|   2|           1|           1|
    |ap_predicate_op152_read_state7     |       and|   0|  0|   2|           1|           1|
    |ap_predicate_op167_read_state8     |       and|   0|  0|   2|           1|           1|
    |ap_predicate_op182_read_state9     |       and|   0|  0|   2|           1|           1|
    |ap_predicate_op64_read_state2      |       and|   0|  0|   2|           1|           1|
    |ap_predicate_op83_read_state3      |       and|   0|  0|   2|           1|           1|
    |ap_predicate_op99_read_state4      |       and|   0|  0|   2|           1|           1|
    |cmp92_i_i_fu_988_p2                |      icmp|   0|  0|  18|          11|          11|
    |icmp_ln943_fu_976_p2               |      icmp|   0|  0|  18|          11|          11|
    |ap_block_pp0_stage1_01001          |        or|   0|  0|   2|           1|           1|
    |ap_block_state6_pp0_stage5_iter0   |        or|   0|  0|   2|           1|           1|
    |ap_block_state9_pp0_stage0_iter1   |        or|   0|  0|   2|           1|           1|
    |or_ln948_1_fu_1027_p2              |        or|   0|  0|   2|           1|           1|
    |or_ln948_2_fu_1053_p2              |        or|   0|  0|   2|           1|           1|
    |or_ln948_3_fu_1061_p2              |        or|   0|  0|   2|           1|           1|
    |or_ln948_4_fu_1069_p2              |        or|   0|  0|   2|           1|           1|
    |or_ln948_5_fu_1073_p2              |        or|   0|  0|   2|           1|           1|
    |or_ln948_6_fu_1077_p2              |        or|   0|  0|   2|           1|           1|
    |or_ln948_7_fu_1081_p2              |        or|   0|  0|   2|           1|           1|
    |or_ln948_fu_994_p2                 |        or|   0|  0|   2|           1|           1|
    |or_ln963_1_fu_1006_p2              |        or|   0|  0|   2|           1|           1|
    |or_ln963_2_fu_1012_p2              |        or|   0|  0|   2|           1|           1|
    |or_ln963_fu_1000_p2                |        or|   0|  0|   2|           1|           1|
    |ap_enable_pp0                      |       xor|   0|  0|   2|           1|           2|
    +-----------------------------------+----------+----+---+----+------------+------------+
    |Total                              |          |   0|  0| 151|          81|          73|
    +-----------------------------------+----------+----+---+----+------------+------------+

    * Multiplexer: 
    +----------------------------------------+----+-----------+-----+-----------+
    |                  Name                  | LUT| Input Size| Bits| Total Bits|
    +----------------------------------------+----+-----------+-----+-----------+
    |ap_NS_fsm                               |  37|          9|    1|          9|
    |ap_done_int                             |   9|          2|    1|          2|
    |ap_enable_reg_pp0_iter0                 |   9|          2|    1|          2|
    |ap_enable_reg_pp0_iter0_reg             |   9|          2|    1|          2|
    |ap_enable_reg_pp0_iter1                 |   9|          2|    1|          2|
    |ap_phi_mux_empty_161_phi_fu_732_p4      |   9|          2|    8|         16|
    |ap_phi_mux_empty_162_phi_fu_742_p4      |   9|          2|    8|         16|
    |ap_phi_mux_empty_163_phi_fu_752_p4      |   9|          2|    8|         16|
    |ap_phi_mux_empty_164_phi_fu_762_p4      |   9|          2|    8|         16|
    |ap_phi_mux_empty_165_phi_fu_772_p4      |   9|          2|    8|         16|
    |ap_phi_mux_empty_166_phi_fu_782_p4      |   9|          2|    8|         16|
    |ap_phi_reg_pp0_iter0_empty_179_reg_537  |   9|          2|    8|         16|
    |ap_phi_reg_pp0_iter0_empty_180_reg_548  |   9|          2|    8|         16|
    |ap_phi_reg_pp0_iter0_empty_181_reg_559  |   9|          2|    8|         16|
    |ap_phi_reg_pp0_iter0_empty_182_reg_570  |   9|          2|    8|         16|
    |ap_phi_reg_pp0_iter0_empty_183_reg_581  |   9|          2|    8|         16|
    |ap_phi_reg_pp0_iter0_empty_184_reg_592  |   9|          2|    8|         16|
    |ap_phi_reg_pp0_iter0_empty_185_reg_471  |   9|          2|    8|         16|
    |ap_phi_reg_pp0_iter0_empty_186_reg_482  |   9|          2|    8|         16|
    |ap_phi_reg_pp0_iter0_empty_187_reg_493  |   9|          2|    8|         16|
    |ap_phi_reg_pp0_iter0_empty_188_reg_504  |   9|          2|    8|         16|
    |ap_phi_reg_pp0_iter0_empty_189_reg_515  |   9|          2|    8|         16|
    |ap_phi_reg_pp0_iter0_empty_190_reg_526  |   9|          2|    8|         16|
    |ap_phi_reg_pp0_iter0_empty_191_reg_405  |   9|          2|    8|         16|
    |ap_phi_reg_pp0_iter0_empty_192_reg_416  |   9|          2|    8|         16|
    |ap_phi_reg_pp0_iter0_empty_193_reg_427  |   9|          2|    8|         16|
    |ap_phi_reg_pp0_iter0_empty_194_reg_438  |   9|          2|    8|         16|
    |ap_phi_reg_pp0_iter0_empty_195_reg_449  |   9|          2|    8|         16|
    |ap_phi_reg_pp0_iter0_empty_196_reg_460  |   9|          2|    8|         16|
    |ap_phi_reg_pp0_iter0_empty_197_reg_339  |   9|          2|    8|         16|
    |ap_phi_reg_pp0_iter0_empty_198_reg_350  |   9|          2|    8|         16|
    |ap_phi_reg_pp0_iter0_empty_199_reg_361  |   9|          2|    8|         16|
    |ap_phi_reg_pp0_iter0_empty_200_reg_372  |   9|          2|    8|         16|
    |ap_phi_reg_pp0_iter0_empty_201_reg_383  |   9|          2|    8|         16|
    |ap_phi_reg_pp0_iter0_empty_202_reg_394  |   9|          2|    8|         16|
    |ap_phi_reg_pp0_iter0_empty_203_reg_279  |   9|          2|    8|         16|
    |ap_phi_reg_pp0_iter0_empty_204_reg_289  |   9|          2|    8|         16|
    |ap_phi_reg_pp0_iter0_empty_205_reg_299  |   9|          2|    8|         16|
    |ap_phi_reg_pp0_iter0_empty_206_reg_309  |   9|          2|    8|         16|
    |ap_phi_reg_pp0_iter0_empty_207_reg_319  |   9|          2|    8|         16|
    |ap_phi_reg_pp0_iter0_empty_208_reg_329  |   9|          2|    8|         16|
    |ap_phi_reg_pp0_iter1_empty_161_reg_729  |   9|          2|    8|         16|
    |ap_phi_reg_pp0_iter1_empty_162_reg_739  |   9|          2|    8|         16|
    |ap_phi_reg_pp0_iter1_empty_163_reg_749  |   9|          2|    8|         16|
    |ap_phi_reg_pp0_iter1_empty_164_reg_759  |   9|          2|    8|         16|
    |ap_phi_reg_pp0_iter1_empty_165_reg_769  |   9|          2|    8|         16|
    |ap_phi_reg_pp0_iter1_empty_166_reg_779  |   9|          2|    8|         16|
    |ap_phi_reg_pp0_iter1_empty_167_reg_669  |  13|          3|    8|         24|
    |ap_phi_reg_pp0_iter1_empty_168_reg_679  |  13|          3|    8|         24|
    |ap_phi_reg_pp0_iter1_empty_169_reg_689  |  13|          3|    8|         24|
    |ap_phi_reg_pp0_iter1_empty_170_reg_699  |  13|          3|    8|         24|
    |ap_phi_reg_pp0_iter1_empty_171_reg_709  |  13|          3|    8|         24|
    |ap_phi_reg_pp0_iter1_empty_172_reg_719  |  13|          3|    8|         24|
    |ap_phi_reg_pp0_iter1_empty_173_reg_603  |   9|          2|    8|         16|
    |ap_phi_reg_pp0_iter1_empty_174_reg_614  |   9|          2|    8|         16|
    |ap_phi_reg_pp0_iter1_empty_175_reg_625  |   9|          2|    8|         16|
    |ap_phi_reg_pp0_iter1_empty_176_reg_636  |   9|          2|    8|         16|
    |ap_phi_reg_pp0_iter1_empty_177_reg_647  |   9|          2|    8|         16|
    |ap_phi_reg_pp0_iter1_empty_178_reg_658  |   9|          2|    8|         16|
    |ap_sig_allocacmp_x_1                    |   9|          2|   10|         20|
    |bytePlanes_blk_n                        |   9|          2|    1|          2|
    |bytePlanes_din                          |  17|          4|  128|        512|
    |empty_156_fu_132                        |   9|          2|    8|         16|
    |empty_157_fu_136                        |   9|          2|    8|         16|
    |empty_158_fu_140                        |   9|          2|    8|         16|
    |empty_159_fu_144                        |   9|          2|    8|         16|
    |empty_160_fu_148                        |   9|          2|    8|         16|
    |empty_fu_128                            |   9|          2|    8|         16|
    |img_blk_n                               |   9|          2|    1|          2|
    |x_fu_124                                |   9|          2|   10|         20|
    +----------------------------------------+----+-----------+-----+-----------+
    |Total                                   | 690|        155|  635|       1581|
    +----------------------------------------+----+-----------+-----+-----------+

    * Register: 
    +----------------------------------------+----+----+-----+-----------+
    |                  Name                  | FF | LUT| Bits| Const Bits|
    +----------------------------------------+----+----+-----+-----------+
    |ap_CS_fsm                               |   8|   0|    8|          0|
    |ap_done_reg                             |   1|   0|    1|          0|
    |ap_enable_reg_pp0_iter0_reg             |   1|   0|    1|          0|
    |ap_enable_reg_pp0_iter1                 |   1|   0|    1|          0|
    |ap_phi_reg_pp0_iter0_empty_173_reg_603  |   8|   0|    8|          0|
    |ap_phi_reg_pp0_iter0_empty_174_reg_614  |   8|   0|    8|          0|
    |ap_phi_reg_pp0_iter0_empty_175_reg_625  |   8|   0|    8|          0|
    |ap_phi_reg_pp0_iter0_empty_176_reg_636  |   8|   0|    8|          0|
    |ap_phi_reg_pp0_iter0_empty_177_reg_647  |   8|   0|    8|          0|
    |ap_phi_reg_pp0_iter0_empty_178_reg_658  |   8|   0|    8|          0|
    |ap_phi_reg_pp0_iter0_empty_179_reg_537  |   8|   0|    8|          0|
    |ap_phi_reg_pp0_iter0_empty_180_reg_548  |   8|   0|    8|          0|
    |ap_phi_reg_pp0_iter0_empty_181_reg_559  |   8|   0|    8|          0|
    |ap_phi_reg_pp0_iter0_empty_182_reg_570  |   8|   0|    8|          0|
    |ap_phi_reg_pp0_iter0_empty_183_reg_581  |   8|   0|    8|          0|
    |ap_phi_reg_pp0_iter0_empty_184_reg_592  |   8|   0|    8|          0|
    |ap_phi_reg_pp0_iter0_empty_185_reg_471  |   8|   0|    8|          0|
    |ap_phi_reg_pp0_iter0_empty_186_reg_482  |   8|   0|    8|          0|
    |ap_phi_reg_pp0_iter0_empty_187_reg_493  |   8|   0|    8|          0|
    |ap_phi_reg_pp0_iter0_empty_188_reg_504  |   8|   0|    8|          0|
    |ap_phi_reg_pp0_iter0_empty_189_reg_515  |   8|   0|    8|          0|
    |ap_phi_reg_pp0_iter0_empty_190_reg_526  |   8|   0|    8|          0|
    |ap_phi_reg_pp0_iter0_empty_191_reg_405  |   8|   0|    8|          0|
    |ap_phi_reg_pp0_iter0_empty_192_reg_416  |   8|   0|    8|          0|
    |ap_phi_reg_pp0_iter0_empty_193_reg_427  |   8|   0|    8|          0|
    |ap_phi_reg_pp0_iter0_empty_194_reg_438  |   8|   0|    8|          0|
    |ap_phi_reg_pp0_iter0_empty_195_reg_449  |   8|   0|    8|          0|
    |ap_phi_reg_pp0_iter0_empty_196_reg_460  |   8|   0|    8|          0|
    |ap_phi_reg_pp0_iter0_empty_197_reg_339  |   8|   0|    8|          0|
    |ap_phi_reg_pp0_iter0_empty_198_reg_350  |   8|   0|    8|          0|
    |ap_phi_reg_pp0_iter0_empty_199_reg_361  |   8|   0|    8|          0|
    |ap_phi_reg_pp0_iter0_empty_200_reg_372  |   8|   0|    8|          0|
    |ap_phi_reg_pp0_iter0_empty_201_reg_383  |   8|   0|    8|          0|
    |ap_phi_reg_pp0_iter0_empty_202_reg_394  |   8|   0|    8|          0|
    |ap_phi_reg_pp0_iter0_empty_203_reg_279  |   8|   0|    8|          0|
    |ap_phi_reg_pp0_iter0_empty_204_reg_289  |   8|   0|    8|          0|
    |ap_phi_reg_pp0_iter0_empty_205_reg_299  |   8|   0|    8|          0|
    |ap_phi_reg_pp0_iter0_empty_206_reg_309  |   8|   0|    8|          0|
    |ap_phi_reg_pp0_iter0_empty_207_reg_319  |   8|   0|    8|          0|
    |ap_phi_reg_pp0_iter0_empty_208_reg_329  |   8|   0|    8|          0|
    |ap_phi_reg_pp0_iter1_empty_161_reg_729  |   8|   0|    8|          0|
    |ap_phi_reg_pp0_iter1_empty_162_reg_739  |   8|   0|    8|          0|
    |ap_phi_reg_pp0_iter1_empty_163_reg_749  |   8|   0|    8|          0|
    |ap_phi_reg_pp0_iter1_empty_164_reg_759  |   8|   0|    8|          0|
    |ap_phi_reg_pp0_iter1_empty_165_reg_769  |   8|   0|    8|          0|
    |ap_phi_reg_pp0_iter1_empty_166_reg_779  |   8|   0|    8|          0|
    |ap_phi_reg_pp0_iter1_empty_167_reg_669  |   8|   0|    8|          0|
    |ap_phi_reg_pp0_iter1_empty_168_reg_679  |   8|   0|    8|          0|
    |ap_phi_reg_pp0_iter1_empty_169_reg_689  |   8|   0|    8|          0|
    |ap_phi_reg_pp0_iter1_empty_170_reg_699  |   8|   0|    8|          0|
    |ap_phi_reg_pp0_iter1_empty_171_reg_709  |   8|   0|    8|          0|
    |ap_phi_reg_pp0_iter1_empty_172_reg_719  |   8|   0|    8|          0|
    |ap_phi_reg_pp0_iter1_empty_173_reg_603  |   8|   0|    8|          0|
    |ap_phi_reg_pp0_iter1_empty_174_reg_614  |   8|   0|    8|          0|
    |ap_phi_reg_pp0_iter1_empty_175_reg_625  |   8|   0|    8|          0|
    |ap_phi_reg_pp0_iter1_empty_176_reg_636  |   8|   0|    8|          0|
    |ap_phi_reg_pp0_iter1_empty_177_reg_647  |   8|   0|    8|          0|
    |ap_phi_reg_pp0_iter1_empty_178_reg_658  |   8|   0|    8|          0|
    |cmp92_i_i_reg_1366                      |   1|   0|    1|          0|
    |cmp94_2_i_i_read_reg_1332               |   1|   0|    1|          0|
    |cmp94_4_i_i_read_reg_1342               |   1|   0|    1|          0|
    |cmp94_5_i_i_read_reg_1347               |   1|   0|    1|          0|
    |cmp94_6_i_i_read_reg_1352               |   1|   0|    1|          0|
    |empty_156_fu_132                        |   8|   0|    8|          0|
    |empty_157_fu_136                        |   8|   0|    8|          0|
    |empty_158_fu_140                        |   8|   0|    8|          0|
    |empty_159_fu_144                        |   8|   0|    8|          0|
    |empty_160_fu_148                        |   8|   0|    8|          0|
    |empty_173_reg_603                       |   8|   0|    8|          0|
    |empty_174_reg_614                       |   8|   0|    8|          0|
    |empty_175_reg_625                       |   8|   0|    8|          0|
    |empty_176_reg_636                       |   8|   0|    8|          0|
    |empty_179_reg_537                       |   8|   0|    8|          0|
    |empty_180_reg_548                       |   8|   0|    8|          0|
    |empty_181_reg_559                       |   8|   0|    8|          0|
    |empty_182_reg_570                       |   8|   0|    8|          0|
    |empty_183_reg_581                       |   8|   0|    8|          0|
    |empty_184_reg_592                       |   8|   0|    8|          0|
    |empty_185_reg_471                       |   8|   0|    8|          0|
    |empty_186_reg_482                       |   8|   0|    8|          0|
    |empty_187_reg_493                       |   8|   0|    8|          0|
    |empty_188_reg_504                       |   8|   0|    8|          0|
    |empty_189_reg_515                       |   8|   0|    8|          0|
    |empty_190_reg_526                       |   8|   0|    8|          0|
    |empty_191_reg_405                       |   8|   0|    8|          0|
    |empty_192_reg_416                       |   8|   0|    8|          0|
    |empty_197_reg_339                       |   8|   0|    8|          0|
    |empty_198_reg_350                       |   8|   0|    8|          0|
    |empty_199_reg_361                       |   8|   0|    8|          0|
    |empty_200_reg_372                       |   8|   0|    8|          0|
    |empty_201_reg_383                       |   8|   0|    8|          0|
    |empty_202_reg_394                       |   8|   0|    8|          0|
    |empty_203_reg_279                       |   8|   0|    8|          0|
    |empty_204_reg_289                       |   8|   0|    8|          0|
    |empty_205_reg_299                       |   8|   0|    8|          0|
    |empty_206_reg_309                       |   8|   0|    8|          0|
    |empty_207_reg_319                       |   8|   0|    8|          0|
    |empty_208_reg_329                       |   8|   0|    8|          0|
    |empty_fu_128                            |   8|   0|    8|          0|
    |icmp3_read_reg_1337                     |   1|   0|    1|          0|
    |icmp_ln930_i_read_reg_1357              |   1|   0|    1|          0|
    |icmp_ln943_reg_1362                     |   1|   0|    1|          0|
    |icmp_ln943_reg_1362_pp0_iter1_reg       |   1|   0|    1|          0|
    |icmp_read_reg_1327                      |   1|   0|    1|          0|
    |or_ln948_1_reg_1398                     |   1|   0|    1|          0|
    |or_ln948_2_reg_1437                     |   1|   0|    1|          0|
    |or_ln948_3_reg_1446                     |   1|   0|    1|          0|
    |or_ln948_4_reg_1455                     |   1|   0|    1|          0|
    |or_ln948_5_reg_1459                     |   1|   0|    1|          0|
    |or_ln948_6_reg_1463                     |   1|   0|    1|          0|
    |or_ln948_7_reg_1467                     |   1|   0|    1|          0|
    |or_ln948_reg_1377                       |   1|   0|    1|          0|
    |or_ln963_1_reg_1385                     |   1|   0|    1|          0|
    |or_ln963_2_reg_1389                     |   1|   0|    1|          0|
    |or_ln963_2_reg_1389_pp0_iter1_reg       |   1|   0|    1|          0|
    |or_ln963_reg_1381                       |   1|   0|    1|          0|
    |x_fu_124                                |  10|   0|   10|          0|
    +----------------------------------------+----+----+-----+-----------+
    |Total                                   | 763|   0|  763|          0|
    +----------------------------------------+----+----+-----+-----------+



================================================================
== Interface
================================================================
* Summary: 
+---------------------------+-----+-----+------------+------------------------------------------------+--------------+
|         RTL Ports         | Dir | Bits|  Protocol  |                  Source Object                 |    C Type    |
+---------------------------+-----+-----+------------+------------------------------------------------+--------------+
|ap_clk                     |   in|    1|  ap_ctrl_hs|  MultiPixStream2Bytes_Pipeline_VITIS_LOOP_943_1|  return value|
|ap_rst                     |   in|    1|  ap_ctrl_hs|  MultiPixStream2Bytes_Pipeline_VITIS_LOOP_943_1|  return value|
|ap_start                   |   in|    1|  ap_ctrl_hs|  MultiPixStream2Bytes_Pipeline_VITIS_LOOP_943_1|  return value|
|ap_done                    |  out|    1|  ap_ctrl_hs|  MultiPixStream2Bytes_Pipeline_VITIS_LOOP_943_1|  return value|
|ap_idle                    |  out|    1|  ap_ctrl_hs|  MultiPixStream2Bytes_Pipeline_VITIS_LOOP_943_1|  return value|
|ap_ready                   |  out|    1|  ap_ctrl_hs|  MultiPixStream2Bytes_Pipeline_VITIS_LOOP_943_1|  return value|
|img_dout                   |   in|   48|     ap_fifo|                                             img|       pointer|
|img_num_data_valid         |   in|    3|     ap_fifo|                                             img|       pointer|
|img_fifo_cap               |   in|    3|     ap_fifo|                                             img|       pointer|
|img_empty_n                |   in|    1|     ap_fifo|                                             img|       pointer|
|img_read                   |  out|    1|     ap_fifo|                                             img|       pointer|
|p_lcssa82100_i_i           |   in|    8|     ap_none|                                p_lcssa82100_i_i|        scalar|
|p_lcssa8197_i_i            |   in|    8|     ap_none|                                 p_lcssa8197_i_i|        scalar|
|p_lcssa8094_i_i            |   in|    8|     ap_none|                                 p_lcssa8094_i_i|        scalar|
|p_lcssa7991_i_i            |   in|    8|     ap_none|                                 p_lcssa7991_i_i|        scalar|
|p_lcssa7888_i_i            |   in|    8|     ap_none|                                 p_lcssa7888_i_i|        scalar|
|p_lcssa85_i_i              |   in|    8|     ap_none|                                   p_lcssa85_i_i|        scalar|
|trunc_ln1_i                |   in|   11|     ap_none|                                     trunc_ln1_i|        scalar|
|cmp133_2_i_i               |   in|    1|   ap_stable|                                    cmp133_2_i_i|        scalar|
|icmp6                      |   in|    1|   ap_stable|                                           icmp6|        scalar|
|bytePlanes_din             |  out|  128|     ap_fifo|                                      bytePlanes|       pointer|
|bytePlanes_num_data_valid  |   in|   10|     ap_fifo|                                      bytePlanes|       pointer|
|bytePlanes_fifo_cap        |   in|   10|     ap_fifo|                                      bytePlanes|       pointer|
|bytePlanes_full_n          |   in|    1|     ap_fifo|                                      bytePlanes|       pointer|
|bytePlanes_write           |  out|    1|     ap_fifo|                                      bytePlanes|       pointer|
|cmp133_i_i                 |   in|    1|   ap_stable|                                      cmp133_i_i|        scalar|
|icmp_ln930_i               |   in|    1|   ap_stable|                                    icmp_ln930_i|        scalar|
|cmp94_6_i_i                |   in|    1|   ap_stable|                                     cmp94_6_i_i|        scalar|
|cmp94_5_i_i                |   in|    1|   ap_stable|                                     cmp94_5_i_i|        scalar|
|cmp94_4_i_i                |   in|    1|   ap_stable|                                     cmp94_4_i_i|        scalar|
|icmp3                      |   in|    1|   ap_stable|                                           icmp3|        scalar|
|cmp94_2_i_i                |   in|    1|   ap_stable|                                     cmp94_2_i_i|        scalar|
|icmp                       |   in|    1|   ap_stable|                                            icmp|        scalar|
|sub91_i_i                  |   in|   11|     ap_none|                                       sub91_i_i|        scalar|
|cmp94_i_i                  |   in|    1|   ap_stable|                                       cmp94_i_i|        scalar|
|p_out                      |  out|    8|      ap_vld|                                           p_out|       pointer|
|p_out_ap_vld               |  out|    1|      ap_vld|                                           p_out|       pointer|
|p_out1                     |  out|    8|      ap_vld|                                          p_out1|       pointer|
|p_out1_ap_vld              |  out|    1|      ap_vld|                                          p_out1|       pointer|
|p_out2                     |  out|    8|      ap_vld|                                          p_out2|       pointer|
|p_out2_ap_vld              |  out|    1|      ap_vld|                                          p_out2|       pointer|
|p_out3                     |  out|    8|      ap_vld|                                          p_out3|       pointer|
|p_out3_ap_vld              |  out|    1|      ap_vld|                                          p_out3|       pointer|
|p_out4                     |  out|    8|      ap_vld|                                          p_out4|       pointer|
|p_out4_ap_vld              |  out|    1|      ap_vld|                                          p_out4|       pointer|
|p_out5                     |  out|    8|      ap_vld|                                          p_out5|       pointer|
|p_out5_ap_vld              |  out|    1|      ap_vld|                                          p_out5|       pointer|
+---------------------------+-----+-----+------------+------------------------------------------------+--------------+

