

================================================================
== Vitis HLS Report for 'MultiPixStream2Bytes'
================================================================
* Date:           Tue Aug 19 22:11:06 2025

* Version:        2023.2 (Build 4023990 on Oct 11 2023)
* Project:        prj
* Solution:       sol (Vivado IP Flow Target)
* Product family: artix7
* Target device:  xc7a200t-fbg676-2


================================================================
== Performance Estimates
================================================================
+ Timing: 
    * Summary: 
    +--------+---------+----------+------------+
    |  Clock |  Target | Estimated| Uncertainty|
    +--------+---------+----------+------------+
    |ap_clk  |  6.67 ns|  4.867 ns|     1.80 ns|
    +--------+---------+----------+------------+

+ Latency: 
    * Summary: 
    +---------+----------+-----------+-----------+-----+----------+---------+
    |  Latency (cycles)  |   Latency (absolute)  |    Interval    | Pipeline|
    |   min   |    max   |    min    |    max    | min |    max   |   Type  |
    +---------+----------+-----------+-----------+-----+----------+---------+
    |        2|  35385124|  13.334 ns|  0.236 sec|    2|  35385124|       no|
    +---------+----------+-----------+-----------+-----+----------+---------+

    + Detail: 
        * Instance: 
        +-----------------------------------------------------------+------------------------------------------------+---------+---------+-----------+-----------+-----+------+---------+
        |                                                           |                                                |  Latency (cycles) |   Latency (absolute)  |  Interval  | Pipeline|
        |                          Instance                         |                     Module                     |   min   |   max   |    min    |    max    | min |  max |   Type  |
        +-----------------------------------------------------------+------------------------------------------------+---------+---------+-----------+-----------+-----+------+---------+
        |grp_MultiPixStream2Bytes_Pipeline_VITIS_LOOP_943_1_fu_240  |MultiPixStream2Bytes_Pipeline_VITIS_LOOP_943_1  |        4|     8188|  26.668 ns|  54.589 us|    4|  8188|       no|
        +-----------------------------------------------------------+------------------------------------------------+---------+---------+-----------+-----------+-----+------+---------+

        * Loop: 
        +------------------+---------+----------+----------+-----------+-----------+----------+----------+
        |                  |  Latency (cycles)  | Iteration|  Initiation Interval  |   Trip   |          |
        |     Loop Name    |   min   |    max   |  Latency |  achieved |   target  |   Count  | Pipelined|
        +------------------+---------+----------+----------+-----------+-----------+----------+----------+
        |- loop_RGB8_YUV8  |        0|  35385120|  7 ~ 8191|          -|          -|  0 ~ 4320|        no|
        +------------------+---------+----------+----------+-----------+-----------+----------+----------+



================================================================
== Utilization Estimates
================================================================
* Summary: 
+-----------------+---------+-----+--------+--------+-----+
|       Name      | BRAM_18K| DSP |   FF   |   LUT  | URAM|
+-----------------+---------+-----+--------+--------+-----+
|DSP              |        -|    -|       -|       -|    -|
|Expression       |        -|    -|       0|     259|    -|
|FIFO             |        -|    -|       -|       -|    -|
|Instance         |        -|    1|     763|     847|    -|
|Memory           |        -|    -|       -|       -|    -|
|Multiplexer      |        -|    -|       -|      87|    -|
|Register         |        -|    -|     180|       -|    -|
+-----------------+---------+-----+--------+--------+-----+
|Total            |        0|    1|     943|    1193|    0|
+-----------------+---------+-----+--------+--------+-----+
|Available        |      730|  740|  269200|  134600|    0|
+-----------------+---------+-----+--------+--------+-----+
|Utilization (%)  |        0|   ~0|      ~0|      ~0|    0|
+-----------------+---------+-----+--------+--------+-----+

+ Detail: 
    * Instance: 
    +-----------------------------------------------------------+------------------------------------------------+---------+----+-----+-----+-----+
    |                          Instance                         |                     Module                     | BRAM_18K| DSP|  FF | LUT | URAM|
    +-----------------------------------------------------------+------------------------------------------------+---------+----+-----+-----+-----+
    |grp_MultiPixStream2Bytes_Pipeline_VITIS_LOOP_943_1_fu_240  |MultiPixStream2Bytes_Pipeline_VITIS_LOOP_943_1  |        0|   0|  763|  841|    0|
    |mul_12ns_14ns_25_1_1_U84                                   |mul_12ns_14ns_25_1_1                            |        0|   1|    0|    6|    0|
    +-----------------------------------------------------------+------------------------------------------------+---------+----+-----+-----+-----+
    |Total                                                      |                                                |        0|   1|  763|  847|    0|
    +-----------------------------------------------------------+------------------------------------------------+---------+----+-----+-----+-----+

    * DSP: 
    N/A

    * Memory: 
    N/A

    * FIFO: 
    N/A

    * Expression: 
    +------------------------+----------+----+---+----+------------+------------+
    |      Variable Name     | Operation| DSP| FF| LUT| Bitwidth P0| Bitwidth P1|
    +------------------------+----------+----+---+----+------------+------------+
    |add_ln925_fu_276_p2     |         +|   0|  0|  23|          16|           4|
    |add_ln926_fu_292_p2     |         +|   0|  0|  19|          12|           2|
    |add_ln934_fu_350_p2     |         +|   0|  0|  10|          10|           7|
    |sub91_i_i_fu_399_p2     |         +|   0|  0|  18|          11|           2|
    |y_2_fu_502_p2           |         +|   0|  0|  19|          12|           1|
    |sub_ln934_fu_344_p2     |         -|   0|  0|  10|          10|          10|
    |cmp133_2_i_i_fu_488_p2  |      icmp|   0|  0|  11|           3|           2|
    |cmp133_i_i_fu_466_p2    |      icmp|   0|  0|  11|           3|           1|
    |cmp94_2_i_i_fu_426_p2   |      icmp|   0|  0|  13|           4|           2|
    |cmp94_4_i_i_fu_448_p2   |      icmp|   0|  0|  13|           4|           3|
    |cmp94_5_i_i_fu_454_p2   |      icmp|   0|  0|  13|           4|           3|
    |cmp94_6_i_i_fu_460_p2   |      icmp|   0|  0|  13|           4|           3|
    |cmp94_i_i_fu_404_p2     |      icmp|   0|  0|  13|           4|           1|
    |icmp3_fu_442_p2         |      icmp|   0|  0|  10|           2|           1|
    |icmp6_fu_482_p2         |      icmp|   0|  0|  10|           2|           1|
    |icmp_fu_420_p2          |      icmp|   0|  0|  11|           3|           1|
    |icmp_ln930_fu_366_p2    |      icmp|   0|  0|  13|           4|           1|
    |icmp_ln939_fu_497_p2    |      icmp|   0|  0|  19|          12|          12|
    |ap_block_state1         |        or|   0|  0|   2|           1|           1|
    |remainPix_fu_384_p3     |    select|   0|  0|   5|           1|           5|
    |remainTrx_fu_392_p3     |    select|   0|  0|   3|           1|           2|
    +------------------------+----------+----+---+----+------------+------------+
    |Total                   |          |   0|  0| 259|         123|          65|
    +------------------------+----------+----+---+----+------------+------------+

    * Multiplexer: 
    +-----------------------------+----+-----------+-----+-----------+
    |             Name            | LUT| Input Size| Bits| Total Bits|
    +-----------------------------+----+-----------+-----+-----------+
    |WidthInBytes_val2_c11_blk_n  |   9|          2|    1|          2|
    |WidthInBytes_val2_c_blk_n    |   9|          2|    1|          2|
    |ap_NS_fsm                    |  33|          8|    1|          8|
    |ap_done                      |   9|          2|    1|          2|
    |bytePlanes_write             |   9|          2|    1|          2|
    |img_read                     |   9|          2|    1|          2|
    |y_fu_180                     |   9|          2|   12|         24|
    +-----------------------------+----+-----------+-----+-----------+
    |Total                        |  87|         20|   18|         42|
    +-----------------------------+----+-----------+-----+-----------+

    * Register: 
    +------------------------------------------------------------------------+----+----+-----+-----------+
    |                                  Name                                  | FF | LUT| Bits| Const Bits|
    +------------------------------------------------------------------------+----+----+-----+-----------+
    |WidthInBytes_val2_c11_read_reg_531                                      |  15|   0|   15|          0|
    |add_ln926_reg_596                                                       |  12|   0|   12|          0|
    |ap_CS_fsm                                                               |   7|   0|    7|          0|
    |ap_done_reg                                                             |   1|   0|    1|          0|
    |cmp133_2_i_i_reg_667                                                    |   1|   0|    1|          0|
    |cmp133_i_i_reg_657                                                      |   1|   0|    1|          0|
    |cmp94_2_i_i_reg_632                                                     |   1|   0|    1|          0|
    |cmp94_4_i_i_reg_642                                                     |   1|   0|    1|          0|
    |cmp94_5_i_i_reg_647                                                     |   1|   0|    1|          0|
    |cmp94_6_i_i_reg_652                                                     |   1|   0|    1|          0|
    |cmp94_i_i_reg_622                                                       |   1|   0|    1|          0|
    |grp_MultiPixStream2Bytes_Pipeline_VITIS_LOOP_943_1_fu_240_ap_start_reg  |   1|   0|    1|          0|
    |icmp3_reg_637                                                           |   1|   0|    1|          0|
    |icmp6_reg_662                                                           |   1|   0|    1|          0|
    |icmp_ln930_reg_612                                                      |   1|   0|    1|          0|
    |icmp_reg_627                                                            |   1|   0|    1|          0|
    |p_lcssa7888_i_i_fu_188                                                  |   8|   0|    8|          0|
    |p_lcssa7888_i_i_load_reg_680                                            |   8|   0|    8|          0|
    |p_lcssa7991_i_i_fu_192                                                  |   8|   0|    8|          0|
    |p_lcssa7991_i_i_load_reg_685                                            |   8|   0|    8|          0|
    |p_lcssa8094_i_i_fu_196                                                  |   8|   0|    8|          0|
    |p_lcssa8094_i_i_load_reg_690                                            |   8|   0|    8|          0|
    |p_lcssa8197_i_i_fu_200                                                  |   8|   0|    8|          0|
    |p_lcssa8197_i_i_load_reg_695                                            |   8|   0|    8|          0|
    |p_lcssa82100_i_i_fu_204                                                 |   8|   0|    8|          0|
    |p_lcssa82100_i_i_load_reg_700                                           |   8|   0|    8|          0|
    |p_lcssa85_i_i_fu_184                                                    |   8|   0|    8|          0|
    |p_lcssa85_i_i_load_reg_675                                              |   8|   0|    8|          0|
    |sub91_i_i_reg_617                                                       |  11|   0|   11|          0|
    |trunc_ln1_i_reg_601                                                     |  11|   0|   11|          0|
    |trunc_ln2_i_reg_607                                                     |   3|   0|    3|          0|
    |y_fu_180                                                                |  12|   0|   12|          0|
    +------------------------------------------------------------------------+----+----+-----+-----------+
    |Total                                                                   | 180|   0|  180|          0|
    +------------------------------------------------------------------------+----+----+-----+-----------+



================================================================
== Interface
================================================================
* Summary: 
+--------------------------------------+-----+-----+------------+-----------------------+--------------+
|               RTL Ports              | Dir | Bits|  Protocol  |     Source Object     |    C Type    |
+--------------------------------------+-----+-----+------------+-----------------------+--------------+
|ap_clk                                |   in|    1|  ap_ctrl_hs|   MultiPixStream2Bytes|  return value|
|ap_rst                                |   in|    1|  ap_ctrl_hs|   MultiPixStream2Bytes|  return value|
|ap_start                              |   in|    1|  ap_ctrl_hs|   MultiPixStream2Bytes|  return value|
|ap_done                               |  out|    1|  ap_ctrl_hs|   MultiPixStream2Bytes|  return value|
|ap_continue                           |   in|    1|  ap_ctrl_hs|   MultiPixStream2Bytes|  return value|
|ap_idle                               |  out|    1|  ap_ctrl_hs|   MultiPixStream2Bytes|  return value|
|ap_ready                              |  out|    1|  ap_ctrl_hs|   MultiPixStream2Bytes|  return value|
|img_dout                              |   in|   48|     ap_fifo|                    img|       pointer|
|img_num_data_valid                    |   in|    3|     ap_fifo|                    img|       pointer|
|img_fifo_cap                          |   in|    3|     ap_fifo|                    img|       pointer|
|img_empty_n                           |   in|    1|     ap_fifo|                    img|       pointer|
|img_read                              |  out|    1|     ap_fifo|                    img|       pointer|
|bytePlanes_din                        |  out|  128|     ap_fifo|             bytePlanes|       pointer|
|bytePlanes_num_data_valid             |   in|   10|     ap_fifo|             bytePlanes|       pointer|
|bytePlanes_fifo_cap                   |   in|   10|     ap_fifo|             bytePlanes|       pointer|
|bytePlanes_full_n                     |   in|    1|     ap_fifo|             bytePlanes|       pointer|
|bytePlanes_write                      |  out|    1|     ap_fifo|             bytePlanes|       pointer|
|height_val8                           |   in|   12|   ap_stable|            height_val8|        scalar|
|width_val5                            |   in|    4|   ap_stable|             width_val5|        scalar|
|WidthInBytes_val2_c11_dout            |   in|   15|     ap_fifo|  WidthInBytes_val2_c11|       pointer|
|WidthInBytes_val2_c11_num_data_valid  |   in|    3|     ap_fifo|  WidthInBytes_val2_c11|       pointer|
|WidthInBytes_val2_c11_fifo_cap        |   in|    3|     ap_fifo|  WidthInBytes_val2_c11|       pointer|
|WidthInBytes_val2_c11_empty_n         |   in|    1|     ap_fifo|  WidthInBytes_val2_c11|       pointer|
|WidthInBytes_val2_c11_read            |  out|    1|     ap_fifo|  WidthInBytes_val2_c11|       pointer|
|video_format_val10                    |   in|    6|   ap_stable|     video_format_val10|        scalar|
|WidthInBytes_val2_c_din               |  out|   15|     ap_fifo|    WidthInBytes_val2_c|       pointer|
|WidthInBytes_val2_c_num_data_valid    |   in|    3|     ap_fifo|    WidthInBytes_val2_c|       pointer|
|WidthInBytes_val2_c_fifo_cap          |   in|    3|     ap_fifo|    WidthInBytes_val2_c|       pointer|
|WidthInBytes_val2_c_full_n            |   in|    1|     ap_fifo|    WidthInBytes_val2_c|       pointer|
|WidthInBytes_val2_c_write             |  out|    1|     ap_fifo|    WidthInBytes_val2_c|       pointer|
+--------------------------------------+-----+-----+------------+-----------------------+--------------+

