==============================================================
Vitis HLS - High-Level Synthesis from C, C++ and OpenCL v2023.2 (64-bit)
Tool Version Limit: 2023.10
Copyright 1986-2022 Xilinx, Inc. All Rights Reserved.
Copyright 2022-2023 Advanced Micro Devices, Inc. All Rights Reserved.

==============================================================
INFO: [HLS 200-1505] Using default flow_target 'vivado'
INFO: [HLS 200-1510] Running: set_part xc7a200tfbg676-2 
INFO: [HLS 200-1611] Setting target device to 'xc7a200t-fbg676-2'
INFO: [HLS 200-1510] Running: add_files -cflags  -I C:/Users/XF/Desktop/chiplabdemo/chiplab/fpga/loongson/2023.2/system_run.runs/v_frmbuf_wr_0_synth_1/c_files/src/hls -I C:/Users/XF/Desktop/chiplabdemo/chiplab/fpga/loongson/2023.2/system_run.runs/v_frmbuf_wr_0_synth_1/c_files/src  C:/Users/XF/Desktop/chiplabdemo/chiplab/fpga/loongson/2023.2/system_run.runs/v_frmbuf_wr_0_synth_1/c_files/src/v_frmbuf_wr_config.h 
INFO: [HLS 200-10] Adding design file 'C:/Users/XF/Desktop/chiplabdemo/chiplab/fpga/loongson/2023.2/system_run.runs/v_frmbuf_wr_0_synth_1/c_files/src/v_frmbuf_wr_config.h' to the project
INFO: [HLS 200-1510] Running: add_files -cflags  -I C:/Users/XF/Desktop/chiplabdemo/chiplab/fpga/loongson/2023.2/system_run.runs/v_frmbuf_wr_0_synth_1/c_files/src/hls -I C:/Users/XF/Desktop/chiplabdemo/chiplab/fpga/loongson/2023.2/system_run.runs/v_frmbuf_wr_0_synth_1/c_files/src  C:/Users/XF/Desktop/chiplabdemo/chiplab/fpga/loongson/2023.2/system_run.runs/v_frmbuf_wr_0_synth_1/c_files/src/v_frmbuf_wr.cpp 
INFO: [HLS 200-10] Adding design file 'C:/Users/XF/Desktop/chiplabdemo/chiplab/fpga/loongson/2023.2/system_run.runs/v_frmbuf_wr_0_synth_1/c_files/src/v_frmbuf_wr.cpp' to the project
INFO: [HLS 200-1510] Running: add_files -cflags  -I C:/Users/XF/Desktop/chiplabdemo/chiplab/fpga/loongson/2023.2/system_run.runs/v_frmbuf_wr_0_synth_1/c_files/src/hls -I C:/Users/XF/Desktop/chiplabdemo/chiplab/fpga/loongson/2023.2/system_run.runs/v_frmbuf_wr_0_synth_1/c_files/src  C:/Users/XF/Desktop/chiplabdemo/chiplab/fpga/loongson/2023.2/system_run.runs/v_frmbuf_wr_0_synth_1/c_files/src/v_frmbuf_wr.h 
INFO: [HLS 200-10] Adding design file 'C:/Users/XF/Desktop/chiplabdemo/chiplab/fpga/loongson/2023.2/system_run.runs/v_frmbuf_wr_0_synth_1/c_files/src/v_frmbuf_wr.h' to the project
INFO: [HLS 200-1510] Running: add_files -cflags  -I C:/Users/XF/Desktop/chiplabdemo/chiplab/fpga/loongson/2023.2/system_run.runs/v_frmbuf_wr_0_synth_1/c_files/src/hls -I C:/Users/XF/Desktop/chiplabdemo/chiplab/fpga/loongson/2023.2/system_run.runs/v_frmbuf_wr_0_synth_1/c_files/src  C:/Users/XF/Desktop/chiplabdemo/chiplab/fpga/loongson/2023.2/system_run.runs/v_frmbuf_wr_0_synth_1/c_files/src/hls_video.h 
INFO: [HLS 200-10] Adding design file 'C:/Users/XF/Desktop/chiplabdemo/chiplab/fpga/loongson/2023.2/system_run.runs/v_frmbuf_wr_0_synth_1/c_files/src/hls_video.h' to the project
INFO: [HLS 200-1510] Running: add_files -cflags  -I C:/Users/XF/Desktop/chiplabdemo/chiplab/fpga/loongson/2023.2/system_run.runs/v_frmbuf_wr_0_synth_1/c_files/src/hls -I C:/Users/XF/Desktop/chiplabdemo/chiplab/fpga/loongson/2023.2/system_run.runs/v_frmbuf_wr_0_synth_1/c_files/src  C:/Users/XF/Desktop/chiplabdemo/chiplab/fpga/loongson/2023.2/system_run.runs/v_frmbuf_wr_0_synth_1/c_files/src/hls_opencv.h 
INFO: [HLS 200-10] Adding design file 'C:/Users/XF/Desktop/chiplabdemo/chiplab/fpga/loongson/2023.2/system_run.runs/v_frmbuf_wr_0_synth_1/c_files/src/hls_opencv.h' to the project
INFO: [HLS 200-1510] Running: add_files -cflags  -I C:/Users/XF/Desktop/chiplabdemo/chiplab/fpga/loongson/2023.2/system_run.runs/v_frmbuf_wr_0_synth_1/c_files/src/hls -I C:/Users/XF/Desktop/chiplabdemo/chiplab/fpga/loongson/2023.2/system_run.runs/v_frmbuf_wr_0_synth_1/c_files/src  C:/Users/XF/Desktop/chiplabdemo/chiplab/fpga/loongson/2023.2/system_run.runs/v_frmbuf_wr_0_synth_1/c_files/src/hls/hls_axi_io.h 
INFO: [HLS 200-10] Adding design file 'C:/Users/XF/Desktop/chiplabdemo/chiplab/fpga/loongson/2023.2/system_run.runs/v_frmbuf_wr_0_synth_1/c_files/src/hls/hls_axi_io.h' to the project
INFO: [HLS 200-1510] Running: add_files -cflags  -I C:/Users/XF/Desktop/chiplabdemo/chiplab/fpga/loongson/2023.2/system_run.runs/v_frmbuf_wr_0_synth_1/c_files/src/hls -I C:/Users/XF/Desktop/chiplabdemo/chiplab/fpga/loongson/2023.2/system_run.runs/v_frmbuf_wr_0_synth_1/c_files/src  C:/Users/XF/Desktop/chiplabdemo/chiplab/fpga/loongson/2023.2/system_run.runs/v_frmbuf_wr_0_synth_1/c_files/src/hls/hls_video_arithm.h 
INFO: [HLS 200-10] Adding design file 'C:/Users/XF/Desktop/chiplabdemo/chiplab/fpga/loongson/2023.2/system_run.runs/v_frmbuf_wr_0_synth_1/c_files/src/hls/hls_video_arithm.h' to the project
INFO: [HLS 200-1510] Running: add_files -cflags  -I C:/Users/XF/Desktop/chiplabdemo/chiplab/fpga/loongson/2023.2/system_run.runs/v_frmbuf_wr_0_synth_1/c_files/src/hls -I C:/Users/XF/Desktop/chiplabdemo/chiplab/fpga/loongson/2023.2/system_run.runs/v_frmbuf_wr_0_synth_1/c_files/src  C:/Users/XF/Desktop/chiplabdemo/chiplab/fpga/loongson/2023.2/system_run.runs/v_frmbuf_wr_0_synth_1/c_files/src/hls/hls_video_core.h 
INFO: [HLS 200-10] Adding design file 'C:/Users/XF/Desktop/chiplabdemo/chiplab/fpga/loongson/2023.2/system_run.runs/v_frmbuf_wr_0_synth_1/c_files/src/hls/hls_video_core.h' to the project
INFO: [HLS 200-1510] Running: add_files -cflags  -I C:/Users/XF/Desktop/chiplabdemo/chiplab/fpga/loongson/2023.2/system_run.runs/v_frmbuf_wr_0_synth_1/c_files/src/hls -I C:/Users/XF/Desktop/chiplabdemo/chiplab/fpga/loongson/2023.2/system_run.runs/v_frmbuf_wr_0_synth_1/c_files/src  C:/Users/XF/Desktop/chiplabdemo/chiplab/fpga/loongson/2023.2/system_run.runs/v_frmbuf_wr_0_synth_1/c_files/src/hls/hls_video_fast.h 
INFO: [HLS 200-10] Adding design file 'C:/Users/XF/Desktop/chiplabdemo/chiplab/fpga/loongson/2023.2/system_run.runs/v_frmbuf_wr_0_synth_1/c_files/src/hls/hls_video_fast.h' to the project
INFO: [HLS 200-1510] Running: add_files -cflags  -I C:/Users/XF/Desktop/chiplabdemo/chiplab/fpga/loongson/2023.2/system_run.runs/v_frmbuf_wr_0_synth_1/c_files/src/hls -I C:/Users/XF/Desktop/chiplabdemo/chiplab/fpga/loongson/2023.2/system_run.runs/v_frmbuf_wr_0_synth_1/c_files/src  C:/Users/XF/Desktop/chiplabdemo/chiplab/fpga/loongson/2023.2/system_run.runs/v_frmbuf_wr_0_synth_1/c_files/src/hls/hls_video_haar.h 
INFO: [HLS 200-10] Adding design file 'C:/Users/XF/Desktop/chiplabdemo/chiplab/fpga/loongson/2023.2/system_run.runs/v_frmbuf_wr_0_synth_1/c_files/src/hls/hls_video_haar.h' to the project
INFO: [HLS 200-1510] Running: add_files -cflags  -I C:/Users/XF/Desktop/chiplabdemo/chiplab/fpga/loongson/2023.2/system_run.runs/v_frmbuf_wr_0_synth_1/c_files/src/hls -I C:/Users/XF/Desktop/chiplabdemo/chiplab/fpga/loongson/2023.2/system_run.runs/v_frmbuf_wr_0_synth_1/c_files/src  C:/Users/XF/Desktop/chiplabdemo/chiplab/fpga/loongson/2023.2/system_run.runs/v_frmbuf_wr_0_synth_1/c_files/src/hls/hls_video_harris.h 
INFO: [HLS 200-10] Adding design file 'C:/Users/XF/Desktop/chiplabdemo/chiplab/fpga/loongson/2023.2/system_run.runs/v_frmbuf_wr_0_synth_1/c_files/src/hls/hls_video_harris.h' to the project
INFO: [HLS 200-1510] Running: add_files -cflags  -I C:/Users/XF/Desktop/chiplabdemo/chiplab/fpga/loongson/2023.2/system_run.runs/v_frmbuf_wr_0_synth_1/c_files/src/hls -I C:/Users/XF/Desktop/chiplabdemo/chiplab/fpga/loongson/2023.2/system_run.runs/v_frmbuf_wr_0_synth_1/c_files/src  C:/Users/XF/Desktop/chiplabdemo/chiplab/fpga/loongson/2023.2/system_run.runs/v_frmbuf_wr_0_synth_1/c_files/src/hls/hls_video_histogram.h 
INFO: [HLS 200-10] Adding design file 'C:/Users/XF/Desktop/chiplabdemo/chiplab/fpga/loongson/2023.2/system_run.runs/v_frmbuf_wr_0_synth_1/c_files/src/hls/hls_video_histogram.h' to the project
INFO: [HLS 200-1510] Running: add_files -cflags  -I C:/Users/XF/Desktop/chiplabdemo/chiplab/fpga/loongson/2023.2/system_run.runs/v_frmbuf_wr_0_synth_1/c_files/src/hls -I C:/Users/XF/Desktop/chiplabdemo/chiplab/fpga/loongson/2023.2/system_run.runs/v_frmbuf_wr_0_synth_1/c_files/src  C:/Users/XF/Desktop/chiplabdemo/chiplab/fpga/loongson/2023.2/system_run.runs/v_frmbuf_wr_0_synth_1/c_files/src/hls/hls_video_hough.h 
INFO: [HLS 200-10] Adding design file 'C:/Users/XF/Desktop/chiplabdemo/chiplab/fpga/loongson/2023.2/system_run.runs/v_frmbuf_wr_0_synth_1/c_files/src/hls/hls_video_hough.h' to the project
INFO: [HLS 200-1510] Running: add_files -cflags  -I C:/Users/XF/Desktop/chiplabdemo/chiplab/fpga/loongson/2023.2/system_run.runs/v_frmbuf_wr_0_synth_1/c_files/src/hls -I C:/Users/XF/Desktop/chiplabdemo/chiplab/fpga/loongson/2023.2/system_run.runs/v_frmbuf_wr_0_synth_1/c_files/src  C:/Users/XF/Desktop/chiplabdemo/chiplab/fpga/loongson/2023.2/system_run.runs/v_frmbuf_wr_0_synth_1/c_files/src/hls/hls_video_imgbase.h 
INFO: [HLS 200-10] Adding design file 'C:/Users/XF/Desktop/chiplabdemo/chiplab/fpga/loongson/2023.2/system_run.runs/v_frmbuf_wr_0_synth_1/c_files/src/hls/hls_video_imgbase.h' to the project
INFO: [HLS 200-1510] Running: add_files -cflags  -I C:/Users/XF/Desktop/chiplabdemo/chiplab/fpga/loongson/2023.2/system_run.runs/v_frmbuf_wr_0_synth_1/c_files/src/hls -I C:/Users/XF/Desktop/chiplabdemo/chiplab/fpga/loongson/2023.2/system_run.runs/v_frmbuf_wr_0_synth_1/c_files/src  C:/Users/XF/Desktop/chiplabdemo/chiplab/fpga/loongson/2023.2/system_run.runs/v_frmbuf_wr_0_synth_1/c_files/src/hls/hls_video_imgproc.h 
INFO: [HLS 200-10] Adding design file 'C:/Users/XF/Desktop/chiplabdemo/chiplab/fpga/loongson/2023.2/system_run.runs/v_frmbuf_wr_0_synth_1/c_files/src/hls/hls_video_imgproc.h' to the project
INFO: [HLS 200-1510] Running: add_files -cflags  -I C:/Users/XF/Desktop/chiplabdemo/chiplab/fpga/loongson/2023.2/system_run.runs/v_frmbuf_wr_0_synth_1/c_files/src/hls -I C:/Users/XF/Desktop/chiplabdemo/chiplab/fpga/loongson/2023.2/system_run.runs/v_frmbuf_wr_0_synth_1/c_files/src  C:/Users/XF/Desktop/chiplabdemo/chiplab/fpga/loongson/2023.2/system_run.runs/v_frmbuf_wr_0_synth_1/c_files/src/hls/hls_video_io.h 
INFO: [HLS 200-10] Adding design file 'C:/Users/XF/Desktop/chiplabdemo/chiplab/fpga/loongson/2023.2/system_run.runs/v_frmbuf_wr_0_synth_1/c_files/src/hls/hls_video_io.h' to the project
INFO: [HLS 200-1510] Running: add_files -cflags  -I C:/Users/XF/Desktop/chiplabdemo/chiplab/fpga/loongson/2023.2/system_run.runs/v_frmbuf_wr_0_synth_1/c_files/src/hls -I C:/Users/XF/Desktop/chiplabdemo/chiplab/fpga/loongson/2023.2/system_run.runs/v_frmbuf_wr_0_synth_1/c_files/src  C:/Users/XF/Desktop/chiplabdemo/chiplab/fpga/loongson/2023.2/system_run.runs/v_frmbuf_wr_0_synth_1/c_files/src/hls/hls_video_mem.h 
INFO: [HLS 200-10] Adding design file 'C:/Users/XF/Desktop/chiplabdemo/chiplab/fpga/loongson/2023.2/system_run.runs/v_frmbuf_wr_0_synth_1/c_files/src/hls/hls_video_mem.h' to the project
INFO: [HLS 200-1510] Running: add_files -cflags  -I C:/Users/XF/Desktop/chiplabdemo/chiplab/fpga/loongson/2023.2/system_run.runs/v_frmbuf_wr_0_synth_1/c_files/src/hls -I C:/Users/XF/Desktop/chiplabdemo/chiplab/fpga/loongson/2023.2/system_run.runs/v_frmbuf_wr_0_synth_1/c_files/src  C:/Users/XF/Desktop/chiplabdemo/chiplab/fpga/loongson/2023.2/system_run.runs/v_frmbuf_wr_0_synth_1/c_files/src/hls/hls_video_stereobm.h 
INFO: [HLS 200-10] Adding design file 'C:/Users/XF/Desktop/chiplabdemo/chiplab/fpga/loongson/2023.2/system_run.runs/v_frmbuf_wr_0_synth_1/c_files/src/hls/hls_video_stereobm.h' to the project
INFO: [HLS 200-1510] Running: add_files -cflags  -I C:/Users/XF/Desktop/chiplabdemo/chiplab/fpga/loongson/2023.2/system_run.runs/v_frmbuf_wr_0_synth_1/c_files/src/hls -I C:/Users/XF/Desktop/chiplabdemo/chiplab/fpga/loongson/2023.2/system_run.runs/v_frmbuf_wr_0_synth_1/c_files/src  C:/Users/XF/Desktop/chiplabdemo/chiplab/fpga/loongson/2023.2/system_run.runs/v_frmbuf_wr_0_synth_1/c_files/src/hls/hls_video_types.h 
INFO: [HLS 200-10] Adding design file 'C:/Users/XF/Desktop/chiplabdemo/chiplab/fpga/loongson/2023.2/system_run.runs/v_frmbuf_wr_0_synth_1/c_files/src/hls/hls_video_types.h' to the project
INFO: [HLS 200-1510] Running: add_files -cflags  -I C:/Users/XF/Desktop/chiplabdemo/chiplab/fpga/loongson/2023.2/system_run.runs/v_frmbuf_wr_0_synth_1/c_files/src/hls -I C:/Users/XF/Desktop/chiplabdemo/chiplab/fpga/loongson/2023.2/system_run.runs/v_frmbuf_wr_0_synth_1/c_files/src  C:/Users/XF/Desktop/chiplabdemo/chiplab/fpga/loongson/2023.2/system_run.runs/v_frmbuf_wr_0_synth_1/c_files/src/hls/hls_video_undistort.h 
INFO: [HLS 200-10] Adding design file 'C:/Users/XF/Desktop/chiplabdemo/chiplab/fpga/loongson/2023.2/system_run.runs/v_frmbuf_wr_0_synth_1/c_files/src/hls/hls_video_undistort.h' to the project
INFO: [HLS 200-1510] Running: create_clock -period 6.667 -name ap_clk 
INFO: [SYN 201-201] Setting up clock 'ap_clk' with a period of 6.667ns.
INFO: [HLS 200-1510] Running: config_interface -m_axi_flush_mode 
INFO: [HLS 200-1510] Running: config_interface -m_axi_conservative_mode 
INFO: [HLS 200-1510] Running: config_interface -m_axi_addr64=false 
INFO: [HLS 200-1510] Running: config_rtl -module_prefix v_frmbuf_wr_0_ 
INFO: [HLS 200-1510] Running: config_export -vendor xilinx.com -library ip -version 2.5 
INFO: [HLS 200-1510] Running: csynth_design 
INFO: [HLS 200-111] Finished File checks and directory preparation: CPU user time: 0 seconds. CPU system time: 0 seconds. Elapsed time: 0.071 seconds; current allocated memory: 108.164 MB.
INFO: [HLS 200-10] Analyzing design file 'C:/Users/XF/Desktop/chiplabdemo/chiplab/fpga/loongson/2023.2/system_run.runs/v_frmbuf_wr_0_synth_1/c_files/src/v_frmbuf_wr.cpp' ... 
WARNING: [HLS 207-5292] unused parameter 'dstImg2' (C:/Users/XF/Desktop/chiplabdemo/chiplab/fpga/loongson/2023.2/system_run.runs/v_frmbuf_wr_0_synth_1/prj/sol/.autopilot/db/v_frmbuf_wr.cpp:1267:30)
WARNING: [HLS 207-5292] unused parameter 'dstImg3' (C:/Users/XF/Desktop/chiplabdemo/chiplab/fpga/loongson/2023.2/system_run.runs/v_frmbuf_wr_0_synth_1/prj/sol/.autopilot/db/v_frmbuf_wr.cpp:1268:15)
WARNING: [HLS 207-5292] unused parameter 'VideoFormat' (C:/Users/XF/Desktop/chiplabdemo/chiplab/fpga/loongson/2023.2/system_run.runs/v_frmbuf_wr_0_synth_1/prj/sol/.autopilot/db/v_frmbuf_wr.cpp:1272:28)
INFO: [HLS 200-111] Finished Source Code Analysis and Preprocessing: CPU user time: 7 seconds. CPU system time: 0 seconds. Elapsed time: 53.534 seconds; current allocated memory: 127.727 MB.
INFO: [HLS 200-777] Using interface defaults for 'Vivado' flow target.
INFO: [HLS 200-1995] There were 1,379 instructions in the design after the 'Compile/Link' phase of compilation. See the Design Size Report for more details: C:/Users/XF/Desktop/chiplabdemo/chiplab/fpga/loongson/2023.2/system_run.runs/v_frmbuf_wr_0_synth_1/prj/sol/syn/report/csynth_design_size.rpt
INFO: [HLS 200-1995] There were 1,156 instructions in the design after the 'Unroll/Inline (step 1)' phase of compilation. See the Design Size Report for more details: C:/Users/XF/Desktop/chiplabdemo/chiplab/fpga/loongson/2023.2/system_run.runs/v_frmbuf_wr_0_synth_1/prj/sol/syn/report/csynth_design_size.rpt
INFO: [HLS 200-1995] There were 754 instructions in the design after the 'Unroll/Inline (step 2)' phase of compilation. See the Design Size Report for more details: C:/Users/XF/Desktop/chiplabdemo/chiplab/fpga/loongson/2023.2/system_run.runs/v_frmbuf_wr_0_synth_1/prj/sol/syn/report/csynth_design_size.rpt
INFO: [HLS 200-1995] There were 723 instructions in the design after the 'Unroll/Inline (step 3)' phase of compilation. See the Design Size Report for more details: C:/Users/XF/Desktop/chiplabdemo/chiplab/fpga/loongson/2023.2/system_run.runs/v_frmbuf_wr_0_synth_1/prj/sol/syn/report/csynth_design_size.rpt
INFO: [HLS 200-1995] There were 611 instructions in the design after the 'Unroll/Inline (step 4)' phase of compilation. See the Design Size Report for more details: C:/Users/XF/Desktop/chiplabdemo/chiplab/fpga/loongson/2023.2/system_run.runs/v_frmbuf_wr_0_synth_1/prj/sol/syn/report/csynth_design_size.rpt
INFO: [HLS 200-1995] There were 540 instructions in the design after the 'Array/Struct (step 1)' phase of compilation. See the Design Size Report for more details: C:/Users/XF/Desktop/chiplabdemo/chiplab/fpga/loongson/2023.2/system_run.runs/v_frmbuf_wr_0_synth_1/prj/sol/syn/report/csynth_design_size.rpt
INFO: [HLS 200-1995] There were 540 instructions in the design after the 'Array/Struct (step 2)' phase of compilation. See the Design Size Report for more details: C:/Users/XF/Desktop/chiplabdemo/chiplab/fpga/loongson/2023.2/system_run.runs/v_frmbuf_wr_0_synth_1/prj/sol/syn/report/csynth_design_size.rpt
INFO: [HLS 200-1995] There were 549 instructions in the design after the 'Array/Struct (step 3)' phase of compilation. See the Design Size Report for more details: C:/Users/XF/Desktop/chiplabdemo/chiplab/fpga/loongson/2023.2/system_run.runs/v_frmbuf_wr_0_synth_1/prj/sol/syn/report/csynth_design_size.rpt
INFO: [HLS 200-1995] There were 885 instructions in the design after the 'Array/Struct (step 4)' phase of compilation. See the Design Size Report for more details: C:/Users/XF/Desktop/chiplabdemo/chiplab/fpga/loongson/2023.2/system_run.runs/v_frmbuf_wr_0_synth_1/prj/sol/syn/report/csynth_design_size.rpt
INFO: [HLS 200-1995] There were 897 instructions in the design after the 'Array/Struct (step 5)' phase of compilation. See the Design Size Report for more details: C:/Users/XF/Desktop/chiplabdemo/chiplab/fpga/loongson/2023.2/system_run.runs/v_frmbuf_wr_0_synth_1/prj/sol/syn/report/csynth_design_size.rpt
INFO: [HLS 200-1995] There were 876 instructions in the design after the 'Performance (step 1)' phase of compilation. See the Design Size Report for more details: C:/Users/XF/Desktop/chiplabdemo/chiplab/fpga/loongson/2023.2/system_run.runs/v_frmbuf_wr_0_synth_1/prj/sol/syn/report/csynth_design_size.rpt
INFO: [HLS 200-1995] There were 857 instructions in the design after the 'Performance (step 2)' phase of compilation. See the Design Size Report for more details: C:/Users/XF/Desktop/chiplabdemo/chiplab/fpga/loongson/2023.2/system_run.runs/v_frmbuf_wr_0_synth_1/prj/sol/syn/report/csynth_design_size.rpt
INFO: [HLS 200-1995] There were 801 instructions in the design after the 'Performance (step 3)' phase of compilation. See the Design Size Report for more details: C:/Users/XF/Desktop/chiplabdemo/chiplab/fpga/loongson/2023.2/system_run.runs/v_frmbuf_wr_0_synth_1/prj/sol/syn/report/csynth_design_size.rpt
INFO: [HLS 200-1995] There were 801 instructions in the design after the 'Performance (step 4)' phase of compilation. See the Design Size Report for more details: C:/Users/XF/Desktop/chiplabdemo/chiplab/fpga/loongson/2023.2/system_run.runs/v_frmbuf_wr_0_synth_1/prj/sol/syn/report/csynth_design_size.rpt
INFO: [HLS 200-1995] There were 780 instructions in the design after the 'HW Transforms (step 1)' phase of compilation. See the Design Size Report for more details: C:/Users/XF/Desktop/chiplabdemo/chiplab/fpga/loongson/2023.2/system_run.runs/v_frmbuf_wr_0_synth_1/prj/sol/syn/report/csynth_design_size.rpt
INFO: [HLS 200-1995] There were 744 instructions in the design after the 'HW Transforms (step 2)' phase of compilation. See the Design Size Report for more details: C:/Users/XF/Desktop/chiplabdemo/chiplab/fpga/loongson/2023.2/system_run.runs/v_frmbuf_wr_0_synth_1/prj/sol/syn/report/csynth_design_size.rpt
INFO: [HLS 214-131] Inlining function 'void hls::AXIGetBitFields<48, ap_uint<8> >(ap_uint<48>, int, int, ap_uint<8>&)' into 'void hls::AXIGetBitFields<48, ap_uint<8> >(hls::axis<ap_uint<48>, 1ul, 1ul, 1ul, (unsigned char)56, false>, int, int, ap_uint<8>&)' (C:/Users/XF/Desktop/chiplabdemo/chiplab/fpga/loongson/2023.2/system_run.runs/v_frmbuf_wr_0_synth_1/c_files/src/hls/hls_axi_io.h:85:2)
INFO: [HLS 214-131] Inlining function 'hls::Scalar<6, ap_uint<8> >::Scalar()' into 'AXIvideo2MultiPixStream(hls::stream<hls::axis<ap_uint<48>, 1ul, 1ul, 1ul, (unsigned char)56, false>, 0>&, hls::stream<hls::Scalar<6, ap_uint<8> >, 0>&, unsigned short&, unsigned short&, unsigned char&)' (C:/Users/XF/Desktop/chiplabdemo/chiplab/fpga/loongson/2023.2/system_run.runs/v_frmbuf_wr_0_synth_1/prj/sol/.autopilot/db/v_frmbuf_wr.cpp:227:18)
INFO: [HLS 214-131] Inlining function 'void hls::AXIGetBitFields<48, ap_uint<8> >(hls::axis<ap_uint<48>, 1ul, 1ul, 1ul, (unsigned char)56, false>, int, int, ap_uint<8>&)' into 'AXIvideo2MultiPixStream(hls::stream<hls::axis<ap_uint<48>, 1ul, 1ul, 1ul, (unsigned char)56, false>, 0>&, hls::stream<hls::Scalar<6, ap_uint<8> >, 0>&, unsigned short&, unsigned short&, unsigned char&)' (C:/Users/XF/Desktop/chiplabdemo/chiplab/fpga/loongson/2023.2/system_run.runs/v_frmbuf_wr_0_synth_1/prj/sol/.autopilot/db/v_frmbuf_wr.cpp:289:6)
INFO: [HLS 214-131] Inlining function 'void hls::AXIGetBitFields<48, ap_uint<8> >(hls::axis<ap_uint<48>, 1ul, 1ul, 1ul, (unsigned char)56, false>, int, int, ap_uint<8>&)' into 'AXIvideo2MultiPixStream(hls::stream<hls::axis<ap_uint<48>, 1ul, 1ul, 1ul, (unsigned char)56, false>, 0>&, hls::stream<hls::Scalar<6, ap_uint<8> >, 0>&, unsigned short&, unsigned short&, unsigned char&)' (C:/Users/XF/Desktop/chiplabdemo/chiplab/fpga/loongson/2023.2/system_run.runs/v_frmbuf_wr_0_synth_1/prj/sol/.autopilot/db/v_frmbuf_wr.cpp:288:6)
INFO: [HLS 214-131] Inlining function 'void hls::AXIGetBitFields<48, ap_uint<8> >(hls::axis<ap_uint<48>, 1ul, 1ul, 1ul, (unsigned char)56, false>, int, int, ap_uint<8>&)' into 'AXIvideo2MultiPixStream(hls::stream<hls::axis<ap_uint<48>, 1ul, 1ul, 1ul, (unsigned char)56, false>, 0>&, hls::stream<hls::Scalar<6, ap_uint<8> >, 0>&, unsigned short&, unsigned short&, unsigned char&)' (C:/Users/XF/Desktop/chiplabdemo/chiplab/fpga/loongson/2023.2/system_run.runs/v_frmbuf_wr_0_synth_1/prj/sol/.autopilot/db/v_frmbuf_wr.cpp:287:2)
INFO: [HLS 214-131] Inlining function 'hls::Scalar<6, ap_uint<8> >::Scalar()' into 'MultiPixStream2Bytes(hls::stream<hls::Scalar<6, ap_uint<8> >, 0>&, STREAM_PLANES&, unsigned short&, unsigned short&, unsigned short&, unsigned short&)' (C:/Users/XF/Desktop/chiplabdemo/chiplab/fpga/loongson/2023.2/system_run.runs/v_frmbuf_wr_0_synth_1/prj/sol/.autopilot/db/v_frmbuf_wr.cpp:329:18)
INFO: [HLS 214-377] Adding 'pix' into disaggregation list because there's array-partition pragma applied on the struct field (C:/Users/XF/Desktop/chiplabdemo/chiplab/fpga/loongson/2023.2/system_run.runs/v_frmbuf_wr_0_synth_1/c_files/src/hls/hls_video_core.h:198:9)
INFO: [HLS 214-377] Adding 'bytePlanes' into disaggregation list because there's stream pragma applied on the struct field (C:/Users/XF/Desktop/chiplabdemo/chiplab/fpga/loongson/2023.2/system_run.runs/v_frmbuf_wr_0_synth_1/prj/sol/.autopilot/db/v_frmbuf_wr.cpp:93:9)
INFO: [HLS 214-210] Disaggregating variable 'pix' (C:/Users/XF/Desktop/chiplabdemo/chiplab/fpga/loongson/2023.2/system_run.runs/v_frmbuf_wr_0_synth_1/prj/sol/.autopilot/db/v_frmbuf_wr.cpp:227:18)
INFO: [HLS 214-210] Disaggregating variable 'pix' (C:/Users/XF/Desktop/chiplabdemo/chiplab/fpga/loongson/2023.2/system_run.runs/v_frmbuf_wr_0_synth_1/prj/sol/.autopilot/db/v_frmbuf_wr.cpp:329:18)
INFO: [HLS 214-210] Disaggregating variable 'bytePlanes' (C:/Users/XF/Desktop/chiplabdemo/chiplab/fpga/loongson/2023.2/system_run.runs/v_frmbuf_wr_0_synth_1/prj/sol/.autopilot/db/v_frmbuf_wr.cpp:78:16)
INFO: [HLS 214-291] Loop 'VITIS_LOOP_946_2' is marked as complete unroll implied by the pipeline pragma (C:/Users/XF/Desktop/chiplabdemo/chiplab/fpga/loongson/2023.2/system_run.runs/v_frmbuf_wr_0_synth_1/prj/sol/.autopilot/db/v_frmbuf_wr.cpp:946:20)
INFO: [HLS 214-291] Loop 'VITIS_LOOP_950_3' is marked as complete unroll implied by the pipeline pragma (C:/Users/XF/Desktop/chiplabdemo/chiplab/fpga/loongson/2023.2/system_run.runs/v_frmbuf_wr_0_synth_1/prj/sol/.autopilot/db/v_frmbuf_wr.cpp:950:24)
INFO: [HLS 214-291] Loop 'VITIS_LOOP_952_4' is marked as complete unroll implied by the pipeline pragma (C:/Users/XF/Desktop/chiplabdemo/chiplab/fpga/loongson/2023.2/system_run.runs/v_frmbuf_wr_0_synth_1/prj/sol/.autopilot/db/v_frmbuf_wr.cpp:952:25)
INFO: [HLS 214-291] Loop 'VITIS_LOOP_961_5' is marked as complete unroll implied by the pipeline pragma (C:/Users/XF/Desktop/chiplabdemo/chiplab/fpga/loongson/2023.2/system_run.runs/v_frmbuf_wr_0_synth_1/prj/sol/.autopilot/db/v_frmbuf_wr.cpp:961:23)
INFO: [HLS 214-291] Loop 'VITIS_LOOP_279_1' is marked as complete unroll implied by the pipeline pragma (C:/Users/XF/Desktop/chiplabdemo/chiplab/fpga/loongson/2023.2/system_run.runs/v_frmbuf_wr_0_synth_1/prj/sol/.autopilot/db/v_frmbuf_wr.cpp:279:22)
INFO: [HLS 214-291] Loop 'VITIS_LOOP_281_2' is marked as complete unroll implied by the pipeline pragma (C:/Users/XF/Desktop/chiplabdemo/chiplab/fpga/loongson/2023.2/system_run.runs/v_frmbuf_wr_0_synth_1/prj/sol/.autopilot/db/v_frmbuf_wr.cpp:281:23)
INFO: [HLS 214-186] Unrolling loop 'VITIS_LOOP_946_2' (C:/Users/XF/Desktop/chiplabdemo/chiplab/fpga/loongson/2023.2/system_run.runs/v_frmbuf_wr_0_synth_1/prj/sol/.autopilot/db/v_frmbuf_wr.cpp:946:20) in function 'MultiPixStream2Bytes' completely with a factor of 8 (C:/Users/XF/Desktop/chiplabdemo/chiplab/fpga/loongson/2023.2/system_run.runs/v_frmbuf_wr_0_synth_1/prj/sol/.autopilot/db/v_frmbuf_wr.cpp:328:0)
INFO: [HLS 214-186] Unrolling loop 'VITIS_LOOP_950_3' (C:/Users/XF/Desktop/chiplabdemo/chiplab/fpga/loongson/2023.2/system_run.runs/v_frmbuf_wr_0_synth_1/prj/sol/.autopilot/db/v_frmbuf_wr.cpp:950:24) in function 'MultiPixStream2Bytes' completely with a factor of 2 (C:/Users/XF/Desktop/chiplabdemo/chiplab/fpga/loongson/2023.2/system_run.runs/v_frmbuf_wr_0_synth_1/prj/sol/.autopilot/db/v_frmbuf_wr.cpp:328:0)
INFO: [HLS 214-186] Unrolling loop 'VITIS_LOOP_952_4' (C:/Users/XF/Desktop/chiplabdemo/chiplab/fpga/loongson/2023.2/system_run.runs/v_frmbuf_wr_0_synth_1/prj/sol/.autopilot/db/v_frmbuf_wr.cpp:952:25) in function 'MultiPixStream2Bytes' completely with a factor of 3 (C:/Users/XF/Desktop/chiplabdemo/chiplab/fpga/loongson/2023.2/system_run.runs/v_frmbuf_wr_0_synth_1/prj/sol/.autopilot/db/v_frmbuf_wr.cpp:328:0)
INFO: [HLS 214-186] Unrolling loop 'VITIS_LOOP_961_5' (C:/Users/XF/Desktop/chiplabdemo/chiplab/fpga/loongson/2023.2/system_run.runs/v_frmbuf_wr_0_synth_1/prj/sol/.autopilot/db/v_frmbuf_wr.cpp:961:23) in function 'MultiPixStream2Bytes' completely with a factor of 3 (C:/Users/XF/Desktop/chiplabdemo/chiplab/fpga/loongson/2023.2/system_run.runs/v_frmbuf_wr_0_synth_1/prj/sol/.autopilot/db/v_frmbuf_wr.cpp:328:0)
INFO: [HLS 214-186] Unrolling loop 'VITIS_LOOP_279_1' (C:/Users/XF/Desktop/chiplabdemo/chiplab/fpga/loongson/2023.2/system_run.runs/v_frmbuf_wr_0_synth_1/prj/sol/.autopilot/db/v_frmbuf_wr.cpp:279:22) in function 'AXIvideo2MultiPixStream' completely with a factor of 2 (C:/Users/XF/Desktop/chiplabdemo/chiplab/fpga/loongson/2023.2/system_run.runs/v_frmbuf_wr_0_synth_1/prj/sol/.autopilot/db/v_frmbuf_wr.cpp:221:0)
INFO: [HLS 214-186] Unrolling loop 'VITIS_LOOP_281_2' (C:/Users/XF/Desktop/chiplabdemo/chiplab/fpga/loongson/2023.2/system_run.runs/v_frmbuf_wr_0_synth_1/prj/sol/.autopilot/db/v_frmbuf_wr.cpp:281:23) in function 'AXIvideo2MultiPixStream' completely with a factor of 3 (C:/Users/XF/Desktop/chiplabdemo/chiplab/fpga/loongson/2023.2/system_run.runs/v_frmbuf_wr_0_synth_1/prj/sol/.autopilot/db/v_frmbuf_wr.cpp:221:0)
INFO: [HLS 214-241] Aggregating fifo (hls::stream) variable 'img' with compact=bit mode in 48-bits (C:/Users/XF/Desktop/chiplabdemo/chiplab/fpga/loongson/2023.2/system_run.runs/v_frmbuf_wr_0_synth_1/prj/sol/.autopilot/db/v_frmbuf_wr.cpp:77:18)
INFO: [HLS 214-115] Multiple burst writes of variable length and bit width 128 in loop 'VITIS_LOOP_1285_1'(C:/Users/XF/Desktop/chiplabdemo/chiplab/fpga/loongson/2023.2/system_run.runs/v_frmbuf_wr_0_synth_1/prj/sol/.autopilot/db/v_frmbuf_wr.cpp:1285:21) has been inferred on bundle 'mm_video'. These burst requests might be further partitioned into multiple requests during RTL generation, based on max_read_burst_length or max_write_burst_length settings. (C:/Users/XF/Desktop/chiplabdemo/chiplab/fpga/loongson/2023.2/system_run.runs/v_frmbuf_wr_0_synth_1/prj/sol/.autopilot/db/v_frmbuf_wr.cpp:1285:21)
INFO: [HLS 200-111] Finished Compiling Optimization and Transform: CPU user time: 0 seconds. CPU system time: 0 seconds. Elapsed time: 14.595 seconds; current allocated memory: 129.094 MB.
INFO: [HLS 200-111] Finished Checking Pragmas: CPU user time: 0 seconds. CPU system time: 0 seconds. Elapsed time: 0 seconds; current allocated memory: 129.184 MB.
INFO: [HLS 200-10] Starting code transformations ...
INFO: [HLS 200-111] Finished Standard Transforms: CPU user time: 0 seconds. CPU system time: 0 seconds. Elapsed time: 0.049 seconds; current allocated memory: 135.664 MB.
INFO: [HLS 200-10] Checking synthesizability ...
INFO: [HLS 200-111] Finished Checking Synthesizability: CPU user time: 0 seconds. CPU system time: 0 seconds. Elapsed time: 0.046 seconds; current allocated memory: 138.207 MB.
WARNING: [XFORM 203-561] Updating loop upper bound from 8191 to 1366 for loop 'VITIS_LOOP_943_1' (C:/Users/XF/Desktop/chiplabdemo/chiplab/fpga/loongson/2023.2/system_run.runs/v_frmbuf_wr_0_synth_1/prj/sol/.autopilot/db/v_frmbuf_wr.cpp:943:29) in function 'MultiPixStream2Bytes'.
WARNING: [XFORM 203-561] Ignored invalid trip count directive (MAX (= 1366) < AVE (= 4095)) for loop 'VITIS_LOOP_943_1' (C:/Users/XF/Desktop/chiplabdemo/chiplab/fpga/loongson/2023.2/system_run.runs/v_frmbuf_wr_0_synth_1/prj/sol/.autopilot/db/v_frmbuf_wr.cpp:943:29) in function 'MultiPixStream2Bytes'.
WARNING: [XFORM 203-561] Updating loop upper bound from 8191 to 4096 for loop 'VITIS_LOOP_1285_1' (C:/Users/XF/Desktop/chiplabdemo/chiplab/fpga/loongson/2023.2/system_run.runs/v_frmbuf_wr_0_synth_1/prj/sol/.autopilot/db/v_frmbuf_wr.cpp:1285:30) in function 'Bytes2AXIMMvideo'.
WARNING: [XFORM 203-561] Updating loop upper bound from 32767 to 1920 for loop 'loop_width' (C:/Users/XF/Desktop/chiplabdemo/chiplab/fpga/loongson/2023.2/system_run.runs/v_frmbuf_wr_0_synth_1/prj/sol/.autopilot/db/v_frmbuf_wr.cpp:226:30) in function 'AXIvideo2MultiPixStream'.
WARNING: [XFORM 203-561] Ignored invalid trip count directive (MAX (= 1920) < AVE (= 16383)) for loop 'loop_width' (C:/Users/XF/Desktop/chiplabdemo/chiplab/fpga/loongson/2023.2/system_run.runs/v_frmbuf_wr_0_synth_1/prj/sol/.autopilot/db/v_frmbuf_wr.cpp:226:30) in function 'AXIvideo2MultiPixStream'.
WARNING: [XFORM 203-561] Updating loop upper bound from 65535 to 2160 for loop 'loop_height' (C:/Users/XF/Desktop/chiplabdemo/chiplab/fpga/loongson/2023.2/system_run.runs/v_frmbuf_wr_0_synth_1/prj/sol/.autopilot/db/v_frmbuf_wr.cpp:226:30) in function 'AXIvideo2MultiPixStream'.
WARNING: [XFORM 203-561] Ignored invalid trip count directive (MAX (= 2160) < AVE (= 32767)) for loop 'loop_height' (C:/Users/XF/Desktop/chiplabdemo/chiplab/fpga/loongson/2023.2/system_run.runs/v_frmbuf_wr_0_synth_1/prj/sol/.autopilot/db/v_frmbuf_wr.cpp:226:30) in function 'AXIvideo2MultiPixStream'.
WARNING: [HLS 200-805] An internal stream 'img' with default size can result in deadlock. Please consider resizing the stream using the directive 'set_directive_stream' or the 'HLS stream' pragma.
INFO: [XFORM 203-712] Applying dataflow to function 'FrmbufWrHlsDataFlow' (C:/Users/XF/Desktop/chiplabdemo/chiplab/fpga/loongson/2023.2/system_run.runs/v_frmbuf_wr_0_synth_1/prj/sol/.autopilot/db/v_frmbuf_wr.cpp:78:1), detected/extracted 4 process function(s): 
	 'entry_proc'
	 'AXIvideo2MultiPixStream'
	 'MultiPixStream2Bytes'
	 'Bytes2AXIMMvideo'.
INFO: [XFORM 203-401] Performing if-conversion on hyperblock from (C:/Users/XF/Desktop/chiplabdemo/chiplab/fpga/loongson/2023.2/system_run.runs/v_frmbuf_wr_0_synth_1/prj/sol/.autopilot/db/v_frmbuf_wr.cpp:925:47) to (C:/Users/XF/Desktop/chiplabdemo/chiplab/fpga/loongson/2023.2/system_run.runs/v_frmbuf_wr_0_synth_1/prj/sol/.autopilot/db/v_frmbuf_wr.cpp:939:3) in function 'MultiPixStream2Bytes'... converting 3 basic blocks.
INFO: [XFORM 203-401] Performing if-conversion on hyperblock from (C:/Users/XF/Desktop/chiplabdemo/chiplab/fpga/loongson/2023.2/system_run.runs/v_frmbuf_wr_0_synth_1/c_files/src/hls/hls_axi_io.h:63:11) to (C:/Users/XF/Desktop/chiplabdemo/chiplab/fpga/loongson/2023.2/system_run.runs/v_frmbuf_wr_0_synth_1/prj/sol/.autopilot/db/v_frmbuf_wr.cpp:257:3) in function 'AXIvideo2MultiPixStream'... converting 7 basic blocks.
INFO: [HLS 200-111] Finished Loop, function and other optimizations: CPU user time: 0 seconds. CPU system time: 0 seconds. Elapsed time: 1.94 seconds; current allocated memory: 162.188 MB.
WARNING: [XFORM 203-561] Updating loop upper bound from 1366 to 1023 for loop 'VITIS_LOOP_943_1' in function 'MultiPixStream2Bytes_Pipeline_VITIS_LOOP_943_1'.
INFO: [HLS 200-111] Finished Architecture Synthesis: CPU user time: 1 seconds. CPU system time: 0 seconds. Elapsed time: 0.183 seconds; current allocated memory: 255.027 MB.
INFO: [HLS 200-10] Starting hardware synthesis ...
INFO: [HLS 200-10] Synthesizing 'v_frmbuf_wr' ...
WARNING: [SYN 201-103] Legalizing function name 'reg<unsigned short>' to 'reg_unsigned_short_s'.
INFO: [HLS 200-10] ----------------------------------------------------------------
INFO: [HLS 200-42] -- Implementing module 'entry_proc' 
INFO: [HLS 200-10] ----------------------------------------------------------------
INFO: [SCHED 204-11] Starting scheduling ...
INFO: [SCHED 204-11] Finished scheduling.
INFO: [HLS 200-111] Finished Scheduling: CPU user time: 0 seconds. CPU system time: 0 seconds. Elapsed time: 1.188 seconds; current allocated memory: 258.180 MB.
INFO: [BIND 205-100] Starting micro-architecture generation ...
INFO: [BIND 205-101] Performing variable lifetime analysis.
INFO: [BIND 205-101] Exploring resource sharing.
INFO: [BIND 205-101] Binding ...
INFO: [BIND 205-100] Finished micro-architecture generation.
INFO: [HLS 200-111] Finished Binding: CPU user time: 0 seconds. CPU system time: 0 seconds. Elapsed time: 0.018 seconds; current allocated memory: 259.332 MB.
INFO: [HLS 200-10] ----------------------------------------------------------------
INFO: [HLS 200-42] -- Implementing module 'reg_unsigned_short_s' 
INFO: [HLS 200-10] ----------------------------------------------------------------
INFO: [SCHED 204-11] Starting scheduling ...
INFO: [SCHED 204-61] Pipelining function 'reg<unsigned short>'.
INFO: [HLS 200-1470] Pipelining result : Target II = 1, Final II = 1, Depth = 2, function 'reg<unsigned short>'
INFO: [SCHED 204-11] Finished scheduling.
INFO: [HLS 200-111] Finished Scheduling: CPU user time: 0 seconds. CPU system time: 0 seconds. Elapsed time: 0.023 seconds; current allocated memory: 260.238 MB.
INFO: [BIND 205-100] Starting micro-architecture generation ...
INFO: [BIND 205-101] Performing variable lifetime analysis.
INFO: [BIND 205-101] Exploring resource sharing.
INFO: [BIND 205-101] Binding ...
INFO: [BIND 205-100] Finished micro-architecture generation.
INFO: [HLS 200-111] Finished Binding: CPU user time: 0 seconds. CPU system time: 0 seconds. Elapsed time: 0.017 seconds; current allocated memory: 260.355 MB.
INFO: [HLS 200-10] ----------------------------------------------------------------
INFO: [HLS 200-42] -- Implementing module 'AXIvideo2MultiPixStream_Pipeline_loop_wait_for_start' 
INFO: [HLS 200-10] ----------------------------------------------------------------
INFO: [SCHED 204-11] Starting scheduling ...
INFO: [SCHED 204-61] Pipelining loop 'loop_wait_for_start'.
INFO: [HLS 200-1470] Pipelining result : Target II = 1, Final II = 1, Depth = 1, loop 'loop_wait_for_start'
INFO: [SCHED 204-11] Finished scheduling.
INFO: [HLS 200-111] Finished Scheduling: CPU user time: 0 seconds. CPU system time: 0 seconds. Elapsed time: 0.025 seconds; current allocated memory: 260.961 MB.
INFO: [BIND 205-100] Starting micro-architecture generation ...
INFO: [BIND 205-101] Performing variable lifetime analysis.
INFO: [BIND 205-101] Exploring resource sharing.
INFO: [BIND 205-101] Binding ...
INFO: [BIND 205-100] Finished micro-architecture generation.
INFO: [HLS 200-111] Finished Binding: CPU user time: 0 seconds. CPU system time: 0 seconds. Elapsed time: 0.02 seconds; current allocated memory: 261.012 MB.
INFO: [HLS 200-10] ----------------------------------------------------------------
INFO: [HLS 200-42] -- Implementing module 'AXIvideo2MultiPixStream_Pipeline_loop_width' 
INFO: [HLS 200-10] ----------------------------------------------------------------
INFO: [SCHED 204-11] Starting scheduling ...
INFO: [SCHED 204-61] Pipelining loop 'loop_width'.
INFO: [HLS 200-1470] Pipelining result : Target II = 1, Final II = 1, Depth = 2, loop 'loop_width'
WARNING: [HLS 200-871] Estimated clock period (5.412 ns) exceeds the target (target clock period: 6.667 ns, clock uncertainty: 1.800 ns, effective delay budget: 4.867 ns).
WARNING: [HLS 200-1016] The critical path in module 'AXIvideo2MultiPixStream_Pipeline_loop_width' consists of the following:
	'store' operation 0 bit ('j_write_ln257', C:/Users/XF/Desktop/chiplabdemo/chiplab/fpga/loongson/2023.2/system_run.runs/v_frmbuf_wr_0_synth_1/prj/sol/.autopilot/db/v_frmbuf_wr.cpp:257) of constant 0 on local variable 'j', C:/Users/XF/Desktop/chiplabdemo/chiplab/fpga/loongson/2023.2/system_run.runs/v_frmbuf_wr_0_synth_1/prj/sol/.autopilot/db/v_frmbuf_wr.cpp:257 [40]  (1.324 ns)
	'load' operation 11 bit ('j', C:/Users/XF/Desktop/chiplabdemo/chiplab/fpga/loongson/2023.2/system_run.runs/v_frmbuf_wr_0_synth_1/prj/sol/.autopilot/db/v_frmbuf_wr.cpp:257) on local variable 'j', C:/Users/XF/Desktop/chiplabdemo/chiplab/fpga/loongson/2023.2/system_run.runs/v_frmbuf_wr_0_synth_1/prj/sol/.autopilot/db/v_frmbuf_wr.cpp:257 [45]  (0.000 ns)
	'icmp' operation 1 bit ('icmp_ln257', C:/Users/XF/Desktop/chiplabdemo/chiplab/fpga/loongson/2023.2/system_run.runs/v_frmbuf_wr_0_synth_1/prj/sol/.autopilot/db/v_frmbuf_wr.cpp:257) [47]  (1.764 ns)
	axis read operation ('empty', C:/Users/XF/Desktop/chiplabdemo/chiplab/fpga/loongson/2023.2/system_run.runs/v_frmbuf_wr_0_synth_1/prj/sol/.autopilot/db/v_frmbuf_wr.cpp:268) on port 's_axis_video_V_data_V' (C:/Users/XF/Desktop/chiplabdemo/chiplab/fpga/loongson/2023.2/system_run.runs/v_frmbuf_wr_0_synth_1/prj/sol/.autopilot/db/v_frmbuf_wr.cpp:268) [56]  (1.000 ns)
	'store' operation 0 bit ('axi_last_write_ln226', C:/Users/XF/Desktop/chiplabdemo/chiplab/fpga/loongson/2023.2/system_run.runs/v_frmbuf_wr_0_synth_1/prj/sol/.autopilot/db/v_frmbuf_wr.cpp:226) of variable 'axi.last', C:/Users/XF/Desktop/chiplabdemo/chiplab/fpga/loongson/2023.2/system_run.runs/v_frmbuf_wr_0_synth_1/prj/sol/.autopilot/db/v_frmbuf_wr.cpp:268 on local variable 'axi.last', C:/Users/XF/Desktop/chiplabdemo/chiplab/fpga/loongson/2023.2/system_run.runs/v_frmbuf_wr_0_synth_1/prj/sol/.autopilot/db/v_frmbuf_wr.cpp:226 [59]  (1.324 ns)

INFO: [SCHED 204-11] Finished scheduling.
INFO: [HLS 200-111] Finished Scheduling: CPU user time: 0 seconds. CPU system time: 0 seconds. Elapsed time: 0.051 seconds; current allocated memory: 261.664 MB.
INFO: [BIND 205-100] Starting micro-architecture generation ...
INFO: [BIND 205-101] Performing variable lifetime analysis.
INFO: [BIND 205-101] Exploring resource sharing.
INFO: [BIND 205-101] Binding ...
INFO: [BIND 205-100] Finished micro-architecture generation.
INFO: [HLS 200-111] Finished Binding: CPU user time: 0 seconds. CPU system time: 0 seconds. Elapsed time: 0.026 seconds; current allocated memory: 261.777 MB.
INFO: [HLS 200-10] ----------------------------------------------------------------
INFO: [HLS 200-42] -- Implementing module 'AXIvideo2MultiPixStream_Pipeline_loop_wait_for_eol' 
INFO: [HLS 200-10] ----------------------------------------------------------------
INFO: [SCHED 204-11] Starting scheduling ...
INFO: [SCHED 204-61] Pipelining loop 'loop_wait_for_eol'.
INFO: [HLS 200-1470] Pipelining result : Target II = 1, Final II = 1, Depth = 1, loop 'loop_wait_for_eol'
INFO: [SCHED 204-11] Finished scheduling.
INFO: [HLS 200-111] Finished Scheduling: CPU user time: 0 seconds. CPU system time: 0 seconds. Elapsed time: 0.388 seconds; current allocated memory: 262.020 MB.
INFO: [BIND 205-100] Starting micro-architecture generation ...
INFO: [BIND 205-101] Performing variable lifetime analysis.
INFO: [BIND 205-101] Exploring resource sharing.
INFO: [BIND 205-101] Binding ...
INFO: [BIND 205-100] Finished micro-architecture generation.
INFO: [HLS 200-111] Finished Binding: CPU user time: 0 seconds. CPU system time: 0 seconds. Elapsed time: 0.023 seconds; current allocated memory: 262.145 MB.
INFO: [HLS 200-10] ----------------------------------------------------------------
INFO: [HLS 200-42] -- Implementing module 'AXIvideo2MultiPixStream' 
INFO: [HLS 200-10] ----------------------------------------------------------------
INFO: [SCHED 204-11] Starting scheduling ...
INFO: [SCHED 204-11] Finished scheduling.
INFO: [HLS 200-111] Finished Scheduling: CPU user time: 0 seconds. CPU system time: 0 seconds. Elapsed time: 0.051 seconds; current allocated memory: 262.789 MB.
INFO: [BIND 205-100] Starting micro-architecture generation ...
INFO: [BIND 205-101] Performing variable lifetime analysis.
INFO: [BIND 205-101] Exploring resource sharing.
INFO: [BIND 205-101] Binding ...
INFO: [BIND 205-100] Finished micro-architecture generation.
INFO: [HLS 200-111] Finished Binding: CPU user time: 0 seconds. CPU system time: 0 seconds. Elapsed time: 0.029 seconds; current allocated memory: 262.910 MB.
INFO: [HLS 200-10] ----------------------------------------------------------------
INFO: [HLS 200-42] -- Implementing module 'MultiPixStream2Bytes_Pipeline_VITIS_LOOP_943_1' 
INFO: [HLS 200-10] ----------------------------------------------------------------
INFO: [SCHED 204-11] Starting scheduling ...
INFO: [SCHED 204-61] Pipelining loop 'VITIS_LOOP_943_1'.
INFO: [HLS 200-1470] Pipelining result : Target II = 8, Final II = 8, Depth = 10, loop 'VITIS_LOOP_943_1'
INFO: [SCHED 204-11] Finished scheduling.
INFO: [HLS 200-111] Finished Scheduling: CPU user time: 0 seconds. CPU system time: 0 seconds. Elapsed time: 0.108 seconds; current allocated memory: 265.984 MB.
INFO: [BIND 205-100] Starting micro-architecture generation ...
INFO: [BIND 205-101] Performing variable lifetime analysis.
INFO: [BIND 205-101] Exploring resource sharing.
INFO: [BIND 205-101] Binding ...
INFO: [BIND 205-100] Finished micro-architecture generation.
INFO: [HLS 200-111] Finished Binding: CPU user time: 0 seconds. CPU system time: 0 seconds. Elapsed time: 0.066 seconds; current allocated memory: 266.199 MB.
INFO: [HLS 200-10] ----------------------------------------------------------------
INFO: [HLS 200-42] -- Implementing module 'MultiPixStream2Bytes' 
INFO: [HLS 200-10] ----------------------------------------------------------------
INFO: [SCHED 204-11] Starting scheduling ...
INFO: [SCHED 204-11] Finished scheduling.
INFO: [HLS 200-111] Finished Scheduling: CPU user time: 0 seconds. CPU system time: 0 seconds. Elapsed time: 0.098 seconds; current allocated memory: 266.371 MB.
INFO: [BIND 205-100] Starting micro-architecture generation ...
INFO: [BIND 205-101] Performing variable lifetime analysis.
INFO: [BIND 205-101] Exploring resource sharing.
INFO: [BIND 205-101] Binding ...
INFO: [BIND 205-100] Finished micro-architecture generation.
INFO: [HLS 200-111] Finished Binding: CPU user time: 0 seconds. CPU system time: 0 seconds. Elapsed time: 0.051 seconds; current allocated memory: 266.605 MB.
INFO: [HLS 200-10] ----------------------------------------------------------------
INFO: [HLS 200-42] -- Implementing module 'Bytes2AXIMMvideo_Pipeline_VITIS_LOOP_1285_1' 
INFO: [HLS 200-10] ----------------------------------------------------------------
INFO: [SCHED 204-11] Starting scheduling ...
INFO: [SCHED 204-61] Pipelining loop 'VITIS_LOOP_1285_1'.
INFO: [HLS 200-1470] Pipelining result : Target II = 1, Final II = 1, Depth = 3, loop 'VITIS_LOOP_1285_1'
INFO: [SCHED 204-11] Finished scheduling.
INFO: [HLS 200-111] Finished Scheduling: CPU user time: 0 seconds. CPU system time: 0 seconds. Elapsed time: 0.058 seconds; current allocated memory: 266.828 MB.
INFO: [BIND 205-100] Starting micro-architecture generation ...
INFO: [BIND 205-101] Performing variable lifetime analysis.
INFO: [BIND 205-101] Exploring resource sharing.
INFO: [BIND 205-101] Binding ...
INFO: [BIND 205-100] Finished micro-architecture generation.
INFO: [HLS 200-111] Finished Binding: CPU user time: 0 seconds. CPU system time: 0 seconds. Elapsed time: 0.026 seconds; current allocated memory: 266.941 MB.
INFO: [HLS 200-10] ----------------------------------------------------------------
INFO: [HLS 200-42] -- Implementing module 'Bytes2AXIMMvideo' 
INFO: [HLS 200-10] ----------------------------------------------------------------
INFO: [SCHED 204-11] Starting scheduling ...
INFO: [SCHED 204-11] Finished scheduling.
INFO: [HLS 200-111] Finished Scheduling: CPU user time: 0 seconds. CPU system time: 0 seconds. Elapsed time: 0.049 seconds; current allocated memory: 267.445 MB.
INFO: [BIND 205-100] Starting micro-architecture generation ...
INFO: [BIND 205-101] Performing variable lifetime analysis.
INFO: [BIND 205-101] Exploring resource sharing.
INFO: [BIND 205-101] Binding ...
INFO: [BIND 205-100] Finished micro-architecture generation.
INFO: [HLS 200-111] Finished Binding: CPU user time: 0 seconds. CPU system time: 0 seconds. Elapsed time: 0.047 seconds; current allocated memory: 267.629 MB.
INFO: [HLS 200-10] ----------------------------------------------------------------
INFO: [HLS 200-42] -- Implementing module 'FrmbufWrHlsDataFlow' 
INFO: [HLS 200-10] ----------------------------------------------------------------
INFO: [SCHED 204-11] Starting scheduling ...
INFO: [SCHED 204-11] Finished scheduling.
WARNING: [HLS 200-1020] Increasing the depth of FIFO start_for_Bytes2AXIMMvideo_U0 (from entry_proc_U0 to Bytes2AXIMMvideo_U0) to 3 to improve performance and/or avoid deadlocks.
INFO: [HLS 200-111] Finished Scheduling: CPU user time: 0 seconds. CPU system time: 0 seconds. Elapsed time: 0.06 seconds; current allocated memory: 267.977 MB.
INFO: [BIND 205-100] Starting micro-architecture generation ...
INFO: [BIND 205-101] Performing variable lifetime analysis.
INFO: [BIND 205-101] Exploring resource sharing.
INFO: [BIND 205-101] Binding ...
INFO: [BIND 205-100] Finished micro-architecture generation.
INFO: [HLS 200-111] Finished Binding: CPU user time: 0 seconds. CPU system time: 0 seconds. Elapsed time: 0.034 seconds; current allocated memory: 268.355 MB.
INFO: [HLS 200-10] ----------------------------------------------------------------
INFO: [HLS 200-42] -- Implementing module 'v_frmbuf_wr' 
INFO: [HLS 200-10] ----------------------------------------------------------------
INFO: [SCHED 204-11] Starting scheduling ...
INFO: [SCHED 204-11] Finished scheduling.
INFO: [HLS 200-111] Finished Scheduling: CPU user time: 1 seconds. CPU system time: 0 seconds. Elapsed time: 0.046 seconds; current allocated memory: 268.594 MB.
INFO: [BIND 205-100] Starting micro-architecture generation ...
INFO: [BIND 205-101] Performing variable lifetime analysis.
INFO: [BIND 205-101] Exploring resource sharing.
INFO: [BIND 205-101] Binding ...
INFO: [BIND 205-100] Finished micro-architecture generation.
INFO: [HLS 200-111] Finished Binding: CPU user time: 0 seconds. CPU system time: 0 seconds. Elapsed time: 0.026 seconds; current allocated memory: 268.914 MB.
INFO: [HLS 200-10] ----------------------------------------------------------------
INFO: [HLS 200-10] -- Generating RTL for module 'entry_proc' 
INFO: [HLS 200-10] ----------------------------------------------------------------
INFO: [RTGEN 206-100] Finished creating RTL model for 'entry_proc'.
INFO: [HLS 200-111] Finished Creating RTL model: CPU user time: 0 seconds. CPU system time: 0 seconds. Elapsed time: 0.051 seconds; current allocated memory: 270.078 MB.
INFO: [HLS 200-10] ----------------------------------------------------------------
INFO: [HLS 200-10] -- Generating RTL for module 'reg_unsigned_short_s' 
INFO: [HLS 200-10] ----------------------------------------------------------------
INFO: [RTGEN 206-100] Finished creating RTL model for 'reg_unsigned_short_s'.
INFO: [HLS 200-111] Finished Creating RTL model: CPU user time: 0 seconds. CPU system time: 0 seconds. Elapsed time: 0.058 seconds; current allocated memory: 271.074 MB.
INFO: [HLS 200-10] ----------------------------------------------------------------
INFO: [HLS 200-10] -- Generating RTL for module 'AXIvideo2MultiPixStream_Pipeline_loop_wait_for_start' 
INFO: [HLS 200-10] ----------------------------------------------------------------
INFO: [RTGEN 206-100] Finished creating RTL model for 'AXIvideo2MultiPixStream_Pipeline_loop_wait_for_start'.
INFO: [HLS 200-111] Finished Creating RTL model: CPU user time: 0 seconds. CPU system time: 0 seconds. Elapsed time: 0.049 seconds; current allocated memory: 271.570 MB.
INFO: [HLS 200-10] ----------------------------------------------------------------
INFO: [HLS 200-10] -- Generating RTL for module 'AXIvideo2MultiPixStream_Pipeline_loop_width' 
INFO: [HLS 200-10] ----------------------------------------------------------------
INFO: [HLS 200-1030] Apply Unified Pipeline Control on module 'AXIvideo2MultiPixStream_Pipeline_loop_width' pipeline 'loop_width' pipeline type 'loop pipeline'
INFO: [RTGEN 206-100] Generating core module 'sparsemux_5_8_8_1_1': 1 instance(s).
INFO: [RTGEN 206-100] Finished creating RTL model for 'AXIvideo2MultiPixStream_Pipeline_loop_width'.
INFO: [HLS 200-111] Finished Creating RTL model: CPU user time: 0 seconds. CPU system time: 0 seconds. Elapsed time: 0.096 seconds; current allocated memory: 273.023 MB.
INFO: [HLS 200-10] ----------------------------------------------------------------
INFO: [HLS 200-10] -- Generating RTL for module 'AXIvideo2MultiPixStream_Pipeline_loop_wait_for_eol' 
INFO: [HLS 200-10] ----------------------------------------------------------------
INFO: [RTGEN 206-100] Finished creating RTL model for 'AXIvideo2MultiPixStream_Pipeline_loop_wait_for_eol'.
INFO: [HLS 200-111] Finished Creating RTL model: CPU user time: 0 seconds. CPU system time: 0 seconds. Elapsed time: 0.159 seconds; current allocated memory: 274.297 MB.
INFO: [HLS 200-10] ----------------------------------------------------------------
INFO: [HLS 200-10] -- Generating RTL for module 'AXIvideo2MultiPixStream' 
INFO: [HLS 200-10] ----------------------------------------------------------------
INFO: [RTGEN 206-100] Finished creating RTL model for 'AXIvideo2MultiPixStream'.
INFO: [HLS 200-111] Finished Creating RTL model: CPU user time: 0 seconds. CPU system time: 0 seconds. Elapsed time: 0.078 seconds; current allocated memory: 275.336 MB.
INFO: [HLS 200-10] ----------------------------------------------------------------
INFO: [HLS 200-10] -- Generating RTL for module 'MultiPixStream2Bytes_Pipeline_VITIS_LOOP_943_1' 
INFO: [HLS 200-10] ----------------------------------------------------------------
INFO: [HLS 200-1030] Apply Unified Pipeline Control on module 'MultiPixStream2Bytes_Pipeline_VITIS_LOOP_943_1' pipeline 'VITIS_LOOP_943_1' pipeline type 'loop pipeline'
INFO: [RTGEN 206-100] Finished creating RTL model for 'MultiPixStream2Bytes_Pipeline_VITIS_LOOP_943_1'.
INFO: [HLS 200-111] Finished Creating RTL model: CPU user time: 0 seconds. CPU system time: 0 seconds. Elapsed time: 0.15 seconds; current allocated memory: 277.812 MB.
INFO: [HLS 200-10] ----------------------------------------------------------------
INFO: [HLS 200-10] -- Generating RTL for module 'MultiPixStream2Bytes' 
INFO: [HLS 200-10] ----------------------------------------------------------------
INFO: [RTGEN 206-100] Generating core module 'mul_12ns_14ns_25_1_1': 1 instance(s).
INFO: [RTGEN 206-100] Finished creating RTL model for 'MultiPixStream2Bytes'.
INFO: [HLS 200-111] Finished Creating RTL model: CPU user time: 0 seconds. CPU system time: 1 seconds. Elapsed time: 0.553 seconds; current allocated memory: 282.914 MB.
INFO: [HLS 200-10] ----------------------------------------------------------------
INFO: [HLS 200-10] -- Generating RTL for module 'Bytes2AXIMMvideo_Pipeline_VITIS_LOOP_1285_1' 
INFO: [HLS 200-10] ----------------------------------------------------------------
INFO: [HLS 200-1030] Apply Unified Pipeline Control on module 'Bytes2AXIMMvideo_Pipeline_VITIS_LOOP_1285_1' pipeline 'VITIS_LOOP_1285_1' pipeline type 'loop pipeline'
WARNING: [RTGEN 206-101] Setting dangling out port 'Bytes2AXIMMvideo_Pipeline_VITIS_LOOP_1285_1/m_axi_mm_video_AWVALID' to 0.
WARNING: [RTGEN 206-101] Setting dangling out port 'Bytes2AXIMMvideo_Pipeline_VITIS_LOOP_1285_1/m_axi_mm_video_AWADDR' to 0.
WARNING: [RTGEN 206-101] Setting dangling out port 'Bytes2AXIMMvideo_Pipeline_VITIS_LOOP_1285_1/m_axi_mm_video_AWID' to 0.
WARNING: [RTGEN 206-101] Setting dangling out port 'Bytes2AXIMMvideo_Pipeline_VITIS_LOOP_1285_1/m_axi_mm_video_AWLEN' to 0.
WARNING: [RTGEN 206-101] Setting dangling out port 'Bytes2AXIMMvideo_Pipeline_VITIS_LOOP_1285_1/m_axi_mm_video_AWSIZE' to 0.
WARNING: [RTGEN 206-101] Setting dangling out port 'Bytes2AXIMMvideo_Pipeline_VITIS_LOOP_1285_1/m_axi_mm_video_AWBURST' to 0.
WARNING: [RTGEN 206-101] Setting dangling out port 'Bytes2AXIMMvideo_Pipeline_VITIS_LOOP_1285_1/m_axi_mm_video_AWLOCK' to 0.
WARNING: [RTGEN 206-101] Setting dangling out port 'Bytes2AXIMMvideo_Pipeline_VITIS_LOOP_1285_1/m_axi_mm_video_AWCACHE' to 0.
WARNING: [RTGEN 206-101] Setting dangling out port 'Bytes2AXIMMvideo_Pipeline_VITIS_LOOP_1285_1/m_axi_mm_video_AWPROT' to 0.
WARNING: [RTGEN 206-101] Setting dangling out port 'Bytes2AXIMMvideo_Pipeline_VITIS_LOOP_1285_1/m_axi_mm_video_AWQOS' to 0.
WARNING: [RTGEN 206-101] Setting dangling out port 'Bytes2AXIMMvideo_Pipeline_VITIS_LOOP_1285_1/m_axi_mm_video_AWREGION' to 0.
WARNING: [RTGEN 206-101] Setting dangling out port 'Bytes2AXIMMvideo_Pipeline_VITIS_LOOP_1285_1/m_axi_mm_video_AWUSER' to 0.
WARNING: [RTGEN 206-101] Setting dangling out port 'Bytes2AXIMMvideo_Pipeline_VITIS_LOOP_1285_1/m_axi_mm_video_BREADY' to 0.
INFO: [RTGEN 206-100] Finished creating RTL model for 'Bytes2AXIMMvideo_Pipeline_VITIS_LOOP_1285_1'.
INFO: [HLS 200-111] Finished Creating RTL model: CPU user time: 0 seconds. CPU system time: 0 seconds. Elapsed time: 0.239 seconds; current allocated memory: 284.539 MB.
INFO: [HLS 200-10] ----------------------------------------------------------------
INFO: [HLS 200-10] -- Generating RTL for module 'Bytes2AXIMMvideo' 
INFO: [HLS 200-10] ----------------------------------------------------------------
INFO: [RTGEN 206-100] Finished creating RTL model for 'Bytes2AXIMMvideo'.
INFO: [HLS 200-111] Finished Creating RTL model: CPU user time: 0 seconds. CPU system time: 0 seconds. Elapsed time: 0.094 seconds; current allocated memory: 286.406 MB.
INFO: [HLS 200-10] ----------------------------------------------------------------
INFO: [HLS 200-10] -- Generating RTL for module 'FrmbufWrHlsDataFlow' 
INFO: [HLS 200-10] ----------------------------------------------------------------
WARNING: [RTGEN 206-101] Setting dangling out port 'FrmbufWrHlsDataFlow/m_axi_mm_video_ARVALID' to 0.
WARNING: [RTGEN 206-101] Setting dangling out port 'FrmbufWrHlsDataFlow/m_axi_mm_video_ARADDR' to 0.
WARNING: [RTGEN 206-101] Setting dangling out port 'FrmbufWrHlsDataFlow/m_axi_mm_video_ARID' to 0.
WARNING: [RTGEN 206-101] Setting dangling out port 'FrmbufWrHlsDataFlow/m_axi_mm_video_ARLEN' to 0.
WARNING: [RTGEN 206-101] Setting dangling out port 'FrmbufWrHlsDataFlow/m_axi_mm_video_ARSIZE' to 0.
WARNING: [RTGEN 206-101] Setting dangling out port 'FrmbufWrHlsDataFlow/m_axi_mm_video_ARBURST' to 0.
WARNING: [RTGEN 206-101] Setting dangling out port 'FrmbufWrHlsDataFlow/m_axi_mm_video_ARLOCK' to 0.
WARNING: [RTGEN 206-101] Setting dangling out port 'FrmbufWrHlsDataFlow/m_axi_mm_video_ARCACHE' to 0.
WARNING: [RTGEN 206-101] Setting dangling out port 'FrmbufWrHlsDataFlow/m_axi_mm_video_ARPROT' to 0.
WARNING: [RTGEN 206-101] Setting dangling out port 'FrmbufWrHlsDataFlow/m_axi_mm_video_ARQOS' to 0.
WARNING: [RTGEN 206-101] Setting dangling out port 'FrmbufWrHlsDataFlow/m_axi_mm_video_ARREGION' to 0.
WARNING: [RTGEN 206-101] Setting dangling out port 'FrmbufWrHlsDataFlow/m_axi_mm_video_ARUSER' to 0.
WARNING: [RTGEN 206-101] Setting dangling out port 'FrmbufWrHlsDataFlow/m_axi_mm_video_RREADY' to 0.
INFO: [RTGEN 206-100] Finished creating RTL model for 'FrmbufWrHlsDataFlow'.
INFO: [RTMG 210-285] Implementing FIFO 'HwReg_frm_buffer_c_U(v_frmbuf_wr_0_fifo_w32_d4_S)' using Shift Registers.
INFO: [RTMG 210-285] Implementing FIFO 'WidthInBytes_val2_c11_U(v_frmbuf_wr_0_fifo_w15_d3_S)' using Shift Registers.
INFO: [RTMG 210-285] Implementing FIFO 'img_U(v_frmbuf_wr_0_fifo_w48_d2_S)' using Shift Registers.
INFO: [RTMG 210-285] Implementing FIFO 'bytePlanes_U(v_frmbuf_wr_0_fifo_w128_d480_B)' using Block RAMs.
INFO: [RTMG 210-285] Implementing FIFO 'WidthInBytes_val2_c_U(v_frmbuf_wr_0_fifo_w15_d2_S)' using Shift Registers.
INFO: [RTMG 210-285] Implementing FIFO 'start_for_MultiPixStream2Bytes_U0_U(v_frmbuf_wr_0_start_for_MultiPixStream2Bytes_U0)' using Shift Registers.
INFO: [RTMG 210-285] Implementing FIFO 'start_for_Bytes2AXIMMvideo_U0_U(v_frmbuf_wr_0_start_for_Bytes2AXIMMvideo_U0)' using Shift Registers.
INFO: [HLS 200-111] Finished Creating RTL model: CPU user time: 0 seconds. CPU system time: 0 seconds. Elapsed time: 0.57 seconds; current allocated memory: 288.750 MB.
INFO: [HLS 200-10] ----------------------------------------------------------------
INFO: [HLS 200-10] -- Generating RTL for module 'v_frmbuf_wr' 
INFO: [HLS 200-10] ----------------------------------------------------------------
WARNING: [RTGEN 206-101] Design contains AXI ports. Reset is fixed to synchronous and active low.
INFO: [RTGEN 206-500] Setting interface mode on port 'v_frmbuf_wr/mm_video' to 'm_axi'.
INFO: [RTGEN 206-500] Setting interface mode on port 'v_frmbuf_wr/width' to 's_axilite & ap_none'.
INFO: [RTGEN 206-500] Setting interface mode on port 'v_frmbuf_wr/height' to 's_axilite & ap_none'.
INFO: [RTGEN 206-500] Setting interface mode on port 'v_frmbuf_wr/stride' to 's_axilite & ap_none'.
INFO: [RTGEN 206-500] Setting interface mode on port 'v_frmbuf_wr/video_format' to 's_axilite & ap_none'.
INFO: [RTGEN 206-500] Setting interface mode on port 'v_frmbuf_wr/frm_buffer' to 's_axilite & ap_none'.
INFO: [RTGEN 206-500] Setting interface mode on port 'v_frmbuf_wr/frm_buffer2' to 's_axilite & ap_none'.
INFO: [RTGEN 206-500] Setting interface mode on port 'v_frmbuf_wr/frm_buffer3' to 's_axilite & ap_none'.
INFO: [RTGEN 206-500] Setting interface mode on port 'v_frmbuf_wr/s_axis_video_V_data_V' to 'axis' (register, both mode).
INFO: [RTGEN 206-500] Setting interface mode on port 'v_frmbuf_wr/s_axis_video_V_keep_V' to 'axis' (register, both mode).
INFO: [RTGEN 206-500] Setting interface mode on port 'v_frmbuf_wr/s_axis_video_V_strb_V' to 'axis' (register, both mode).
INFO: [RTGEN 206-500] Setting interface mode on port 'v_frmbuf_wr/s_axis_video_V_user_V' to 'axis' (register, both mode).
INFO: [RTGEN 206-500] Setting interface mode on port 'v_frmbuf_wr/s_axis_video_V_last_V' to 'axis' (register, both mode).
INFO: [RTGEN 206-500] Setting interface mode on port 'v_frmbuf_wr/s_axis_video_V_id_V' to 'axis' (register, both mode).
INFO: [RTGEN 206-500] Setting interface mode on port 'v_frmbuf_wr/s_axis_video_V_dest_V' to 'axis' (register, both mode).
INFO: [RTGEN 206-500] Setting interface mode on function 'v_frmbuf_wr' to 's_axilite & ap_ctrl_hs'.
INFO: [RTGEN 206-100] Bundling port 'width', 'height', 'stride', 'video_format', 'frm_buffer', 'frm_buffer2', 'frm_buffer3' and 'return' to AXI-Lite port CTRL.
INFO: [RTGEN 206-100] Generating core module 'mul_15s_3ns_15_1_1': 1 instance(s).
INFO: [RTGEN 206-100] Finished creating RTL model for 'v_frmbuf_wr'.
INFO: [RTMG 210-279] Implementing memory 'v_frmbuf_wr_0_BYTES_PER_PIXEL_ROM_AUTO_1R' using auto ROMs.
INFO: [RTMG 210-279] Implementing memory 'v_frmbuf_wr_0_MEMORY2LIVE_ROM_AUTO_1R' using auto ROMs.
INFO: [HLS 200-111] Finished Creating RTL model: CPU user time: 0 seconds. CPU system time: 0 seconds. Elapsed time: 0.168 seconds; current allocated memory: 290.742 MB.
INFO: [HLS 200-111] Finished Generating all RTL models: CPU user time: 1 seconds. CPU system time: 1 seconds. Elapsed time: 0.516 seconds; current allocated memory: 293.566 MB.
INFO: [HLS 200-1603] Design has inferred MAXI bursts and missed bursts, see Vitis HLS GUI synthesis summary report for detailed information.
INFO: [HLS 200-111] Finished Updating report files: CPU user time: 1 seconds. CPU system time: 0 seconds. Elapsed time: 2.618 seconds; current allocated memory: 302.918 MB.
INFO: [VHDL 208-304] Generating VHDL RTL for v_frmbuf_wr with prefix v_frmbuf_wr_0_.
INFO: [VLOG 209-307] Generating Verilog RTL for v_frmbuf_wr with prefix v_frmbuf_wr_0_.
INFO: [HLS 200-789] **** Estimated Fmax: 184.76 MHz
INFO: [HLS 200-111] Finished Command csynth_design CPU user time: 11 seconds. CPU system time: 2 seconds. Elapsed time: 79.59 seconds; current allocated memory: 196.234 MB.
INFO: [HLS 200-1510] Running: export_design -format ip_catalog 
INFO: [IMPL 213-8] Exporting RTL as a Vivado IP.
INFO: [HLS 200-802] Generated output file prj/sol/impl/export.zip
INFO: [HLS 200-111] Finished Command export_design CPU user time: 3 seconds. CPU system time: 1 seconds. Elapsed time: 54.482 seconds; current allocated memory: 6.305 MB.
