Copyright 1986-2022 Xilinx, Inc. All Rights Reserved. Copyright 2022-2023 Advanced Micro Devices, Inc. All Rights Reserved.
-------------------------------------------------------------------------------------------------------------------------------------------------
| Tool Version     : Vivado v.2023.2 (win64) Build 4029153 Fri Oct 13 20:14:34 MDT 2023
| Date             : Sat Aug 23 13:45:03 2025
| Host             : LAPTOP-ER9DDLRF running 64-bit major release  (build 9200)
| Command          : report_power -file soc_top_power_routed.rpt -pb soc_top_power_summary_routed.pb -rpx soc_top_power_routed.rpx
| Design           : soc_top
| Device           : xc7a200tfbg676-2
| Design State     : routed
| Grade            : commercial
| Process          : typical
| Characterization : Production
-------------------------------------------------------------------------------------------------------------------------------------------------

Power Report

Table of Contents
-----------------
1. Summary
1.1 On-Chip Components
1.2 Power Supply Summary
1.3 Confidence Level
2. Settings
2.1 Environment
2.2 Clock Constraints
3. Detailed Reports
3.1 By Hierarchy

1. Summary
----------

+--------------------------+--------------+
| Total On-Chip Power (W)  | 1.556        |
| Design Power Budget (W)  | Unspecified* |
| Power Budget Margin (W)  | NA           |
| Dynamic (W)              | 1.399        |
| Device Static (W)        | 0.157        |
| Effective TJA (C/W)      | 1.9          |
| Max Ambient (C)          | 82.1         |
| Junction Temperature (C) | 27.9         |
| Confidence Level         | Low          |
| Setting File             | ---          |
| Simulation Activity File | ---          |
| Design Nets Matched      | NA           |
+--------------------------+--------------+
* Specify Design Power Budget using, set_operating_conditions -design_power_budget <value in Watts>


1.1 On-Chip Components
----------------------

+--------------------------+-----------+----------+-----------+-----------------+
| On-Chip                  | Power (W) | Used     | Available | Utilization (%) |
+--------------------------+-----------+----------+-----------+-----------------+
| Clocks                   |     0.153 |       35 |       --- |             --- |
| Slice Logic              |     0.087 |   139928 |       --- |             --- |
|   LUT as Logic           |     0.078 |    61703 |    133800 |           46.12 |
|   Register               |     0.003 |    52407 |    269200 |           19.47 |
|   LUT as Distributed RAM |     0.003 |     2440 |     46200 |            5.28 |
|   CARRY4                 |     0.001 |     1395 |     33450 |            4.17 |
|   F7/F8 Muxes            |    <0.001 |     4246 |    133800 |            3.17 |
|   LUT as Shift Register  |    <0.001 |      751 |     46200 |            1.63 |
|   Others                 |    <0.001 |     2859 |       --- |             --- |
|   BUFG                   |    <0.001 |        1 |        32 |            3.13 |
| Signals                  |     0.121 |   102271 |       --- |             --- |
| Block RAM                |     0.063 |      127 |       365 |           34.79 |
| MMCM                     |     0.095 |        1 |        10 |           10.00 |
| PLL                      |     0.438 |        4 |        10 |           40.00 |
| DSPs                     |    <0.001 |        5 |       740 |            0.68 |
| I/O                      |     0.304 |      183 |       400 |           45.75 |
| PHASER                   |     0.134 |       14 |       --- |             --- |
| XADC                     |     0.004 |        1 |       --- |             --- |
| Static Power             |     0.157 |          |           |                 |
| Total                    |     1.556 |          |           |                 |
+--------------------------+-----------+----------+-----------+-----------------+


1.2 Power Supply Summary
------------------------

+-----------+-------------+-----------+-------------+------------+-------------+-------------+------------+
| Source    | Voltage (V) | Total (A) | Dynamic (A) | Static (A) | Powerup (A) | Budget (A)  | Margin (A) |
+-----------+-------------+-----------+-------------+------------+-------------+-------------+------------+
| Vccint    |       1.000 |     0.525 |       0.488 |      0.037 |       NA    | Unspecified | NA         |
| Vccaux    |       1.800 |     0.425 |       0.394 |      0.031 |       NA    | Unspecified | NA         |
| Vcco33    |       3.300 |     0.008 |       0.003 |      0.005 |       NA    | Unspecified | NA         |
| Vcco25    |       2.500 |     0.000 |       0.000 |      0.000 |       NA    | Unspecified | NA         |
| Vcco18    |       1.800 |     0.000 |       0.000 |      0.000 |       NA    | Unspecified | NA         |
| Vcco15    |       1.500 |     0.128 |       0.123 |      0.005 |       NA    | Unspecified | NA         |
| Vcco135   |       1.350 |     0.000 |       0.000 |      0.000 |       NA    | Unspecified | NA         |
| Vcco12    |       1.200 |     0.000 |       0.000 |      0.000 |       NA    | Unspecified | NA         |
| Vccaux_io |       1.800 |     0.000 |       0.000 |      0.000 |       NA    | Unspecified | NA         |
| Vccbram   |       1.000 |     0.008 |       0.004 |      0.004 |       NA    | Unspecified | NA         |
| MGTAVcc   |       1.000 |     0.000 |       0.000 |      0.000 |       NA    | Unspecified | NA         |
| MGTAVtt   |       1.200 |     0.000 |       0.000 |      0.000 |       NA    | Unspecified | NA         |
| Vccadc    |       1.800 |     0.022 |       0.002 |      0.020 |       NA    | Unspecified | NA         |
+-----------+-------------+-----------+-------------+------------+-------------+-------------+------------+


1.3 Confidence Level
--------------------

+-----------------------------+------------+--------------------------------------------------------+------------------------------------------------------------------------------------------------------------+
| User Input Data             | Confidence | Details                                                | Action                                                                                                     |
+-----------------------------+------------+--------------------------------------------------------+------------------------------------------------------------------------------------------------------------+
| Design implementation state | High       | Design is routed                                       |                                                                                                            |
| Clock nodes activity        | High       | User specified more than 95% of clocks                 |                                                                                                            |
| I/O nodes activity          | Low        | More than 75% of inputs are missing user specification | Provide missing input activity with simulation results or by editing the "By Resource Type -> I/Os" view   |
| Internal nodes activity     | Medium     | User specified less than 25% of internal nodes         | Provide missing internal nodes activity with simulation results or by editing the "By Resource Type" views |
| Device models               | High       | Device models are Production                           |                                                                                                            |
|                             |            |                                                        |                                                                                                            |
| Overall confidence level    | Low        |                                                        |                                                                                                            |
+-----------------------------+------------+--------------------------------------------------------+------------------------------------------------------------------------------------------------------------+


2. Settings
-----------

2.1 Environment
---------------

+-----------------------+--------------------------+
| Ambient Temp (C)      | 25.0                     |
| ThetaJA (C/W)         | 1.9                      |
| Airflow (LFM)         | 250                      |
| Heat Sink             | medium (Medium Profile)  |
| ThetaSA (C/W)         | 3.4                      |
| Board Selection       | medium (10"x10")         |
| # of Board Layers     | 12to15 (12 to 15 Layers) |
| Board Temperature (C) | 25.0                     |
+-----------------------+--------------------------+


2.2 Clock Constraints
---------------------

+-----------------------------------------------------------------------------------------------------------------------------------------------------------+--------------------------------------------------------------------------------------------------------------------------------------------------------------------------------------------------+-----------------+
| Clock                                                                                                                                                     | Domain                                                                                                                                                                                           | Constraint (ns) |
+-----------------------------------------------------------------------------------------------------------------------------------------------------------+--------------------------------------------------------------------------------------------------------------------------------------------------------------------------------------------------+-----------------+
| clk                                                                                                                                                       | clk                                                                                                                                                                                              |            10.0 |
| clk                                                                                                                                                       | clk_IBUF                                                                                                                                                                                         |            10.0 |
| clk_100_clk_pll_33                                                                                                                                        | clk_pll_33/inst/clk_100_clk_pll_33                                                                                                                                                               |            10.3 |
| clk_25_clk_pll_33                                                                                                                                         | clk_pll_33/inst/clk_25_clk_pll_33                                                                                                                                                                |            40.0 |
| clk_out1_clk_pll_33                                                                                                                                       | clk_pll_33/inst/clk_out1_clk_pll_33                                                                                                                                                              |            20.0 |
| clk_out1_clk_wiz_0                                                                                                                                        | clk_pll_1/inst/clk_out1_clk_wiz_0                                                                                                                                                                |             5.0 |
| clk_out1_clk_wiz_1                                                                                                                                        | u_lcd_top/clk_pll/inst/clk_out1_clk_wiz_1                                                                                                                                                        |           100.0 |
| clk_out2_clk_pll_33                                                                                                                                       | clk_pll_33/inst/clk_out2_clk_pll_33                                                                                                                                                              |            30.3 |
| clk_out2_clk_wiz_1                                                                                                                                        | u_lcd_top/clk_pll/inst/clk_out2_clk_wiz_1                                                                                                                                                        |            20.2 |
| clk_pll_i                                                                                                                                                 | mig_axi/u_mig_axi_32_mig/u_ddr3_infrastructure/clk_pll_i                                                                                                                                         |            10.0 |
| clkfbout_clk_pll_33                                                                                                                                       | clk_pll_33/inst/clkfbout_clk_pll_33                                                                                                                                                              |            20.0 |
| clkfbout_clk_wiz_0                                                                                                                                        | clk_pll_1/inst/clkfbout_clk_wiz_0                                                                                                                                                                |            10.0 |
| clkfbout_clk_wiz_1                                                                                                                                        | u_lcd_top/clk_pll/inst/clkfbout_clk_wiz_1                                                                                                                                                        |            30.3 |
| freq_refclk                                                                                                                                               | mig_axi/u_mig_axi_32_mig/u_ddr3_infrastructure/freq_refclk                                                                                                                                       |             1.3 |
| iserdes_clkdiv                                                                                                                                            | mig_axi/u_mig_axi_32_mig/u_memc_ui_top_axi/mem_intfc0/ddr_phy_top0/u_ddr_mc_phy_wrapper/u_ddr_mc_phy/ddr_phy_4lanes_0.u_ddr_phy_4lanes/ddr_byte_lane_A.ddr_byte_lane_A/iserdes_clkdiv            |            10.0 |
| iserdes_clkdiv_1                                                                                                                                          | mig_axi/u_mig_axi_32_mig/u_memc_ui_top_axi/mem_intfc0/ddr_phy_top0/u_ddr_mc_phy_wrapper/u_ddr_mc_phy/ddr_phy_4lanes_0.u_ddr_phy_4lanes/ddr_byte_lane_B.ddr_byte_lane_B/iserdes_clkdiv            |            10.0 |
| mem_refclk                                                                                                                                                | mig_axi/u_mig_axi_32_mig/u_ddr3_infrastructure/mem_refclk                                                                                                                                        |             2.5 |
| mrxclk_0                                                                                                                                                  | mrxclk_0                                                                                                                                                                                         |            40.0 |
| mtxclk_0                                                                                                                                                  | mtxclk_0                                                                                                                                                                                         |            40.0 |
| oserdes_clk                                                                                                                                               | mig_axi/u_mig_axi_32_mig/u_memc_ui_top_axi/mem_intfc0/ddr_phy_top0/u_ddr_mc_phy_wrapper/u_ddr_mc_phy/ddr_phy_4lanes_0.u_ddr_phy_4lanes/ddr_byte_lane_A.ddr_byte_lane_A/oserdes_clk               |             2.5 |
| oserdes_clk_1                                                                                                                                             | mig_axi/u_mig_axi_32_mig/u_memc_ui_top_axi/mem_intfc0/ddr_phy_top0/u_ddr_mc_phy_wrapper/u_ddr_mc_phy/ddr_phy_4lanes_0.u_ddr_phy_4lanes/ddr_byte_lane_B.ddr_byte_lane_B/oserdes_clk               |             2.5 |
| oserdes_clk_2                                                                                                                                             | mig_axi/u_mig_axi_32_mig/u_memc_ui_top_axi/mem_intfc0/ddr_phy_top0/u_ddr_mc_phy_wrapper/u_ddr_mc_phy/ddr_phy_4lanes_0.u_ddr_phy_4lanes/ddr_byte_lane_C.ddr_byte_lane_C/oserdes_clk               |             2.5 |
| oserdes_clk_3                                                                                                                                             | mig_axi/u_mig_axi_32_mig/u_memc_ui_top_axi/mem_intfc0/ddr_phy_top0/u_ddr_mc_phy_wrapper/u_ddr_mc_phy/ddr_phy_4lanes_0.u_ddr_phy_4lanes/ddr_byte_lane_D.ddr_byte_lane_D/oserdes_clk               |             2.5 |
| oserdes_clkdiv                                                                                                                                            | mig_axi/u_mig_axi_32_mig/u_memc_ui_top_axi/mem_intfc0/ddr_phy_top0/u_ddr_mc_phy_wrapper/u_ddr_mc_phy/ddr_phy_4lanes_0.u_ddr_phy_4lanes/ddr_byte_lane_A.ddr_byte_lane_A/oserdes_clkdiv            |             5.0 |
| oserdes_clkdiv_1                                                                                                                                          | mig_axi/u_mig_axi_32_mig/u_memc_ui_top_axi/mem_intfc0/ddr_phy_top0/u_ddr_mc_phy_wrapper/u_ddr_mc_phy/ddr_phy_4lanes_0.u_ddr_phy_4lanes/ddr_byte_lane_B.ddr_byte_lane_B/oserdes_clkdiv            |             5.0 |
| oserdes_clkdiv_2                                                                                                                                          | mig_axi/u_mig_axi_32_mig/u_memc_ui_top_axi/mem_intfc0/ddr_phy_top0/u_ddr_mc_phy_wrapper/u_ddr_mc_phy/ddr_phy_4lanes_0.u_ddr_phy_4lanes/ddr_byte_lane_C.ddr_byte_lane_C/oserdes_clkdiv            |            10.0 |
| oserdes_clkdiv_3                                                                                                                                          | mig_axi/u_mig_axi_32_mig/u_memc_ui_top_axi/mem_intfc0/ddr_phy_top0/u_ddr_mc_phy_wrapper/u_ddr_mc_phy/ddr_phy_4lanes_0.u_ddr_phy_4lanes/ddr_byte_lane_D.ddr_byte_lane_D/oserdes_clkdiv            |            10.0 |
| pll_clk3_out                                                                                                                                              | mig_axi/u_mig_axi_32_mig/u_ddr3_infrastructure/pll_clk3_out                                                                                                                                      |            10.0 |
| pll_clkfbout                                                                                                                                              | mig_axi/u_mig_axi_32_mig/u_ddr3_infrastructure/pll_clkfbout                                                                                                                                      |            10.0 |
| sync_pulse                                                                                                                                                | mig_axi/u_mig_axi_32_mig/u_ddr3_infrastructure/sync_pulse                                                                                                                                        |            40.0 |
| u_memc_ui_top_axi/mem_intfc0/ddr_phy_top0/u_ddr_mc_phy_wrapper/u_ddr_mc_phy/ddr_phy_4lanes_0.u_ddr_phy_4lanes/ddr_byte_lane_A.ddr_byte_lane_A/iserdes_clk | mig_axi/u_mig_axi_32_mig/u_memc_ui_top_axi/mem_intfc0/ddr_phy_top0/u_ddr_mc_phy_wrapper/u_ddr_mc_phy/ddr_phy_4lanes_0.u_ddr_phy_4lanes/ddr_byte_lane_A.ddr_byte_lane_A/phaser_in_gen.phaser_in_0 |             2.5 |
| u_memc_ui_top_axi/mem_intfc0/ddr_phy_top0/u_ddr_mc_phy_wrapper/u_ddr_mc_phy/ddr_phy_4lanes_0.u_ddr_phy_4lanes/ddr_byte_lane_B.ddr_byte_lane_B/iserdes_clk | mig_axi/u_mig_axi_32_mig/u_memc_ui_top_axi/mem_intfc0/ddr_phy_top0/u_ddr_mc_phy_wrapper/u_ddr_mc_phy/ddr_phy_4lanes_0.u_ddr_phy_4lanes/ddr_byte_lane_B.ddr_byte_lane_B/phaser_in_gen.phaser_in_0 |             2.5 |
+-----------------------------------------------------------------------------------------------------------------------------------------------------------+--------------------------------------------------------------------------------------------------------------------------------------------------------------------------------------------------+-----------------+


3. Detailed Reports
-------------------

3.1 By Hierarchy
----------------

+---------------------------------------------------+-----------+
| Name                                              | Power (W) |
+---------------------------------------------------+-----------+
| soc_top                                           |     1.399 |
|   apb_axi4lite_to_axi3                            |     0.002 |
|     inst                                          |     0.002 |
|       gen_axilite.gen_b2s_conv.axilite_b2s        |     0.002 |
|   apb_dev                                         |     0.003 |
|     nand_module                                   |     0.002 |
|       NAND                                        |     0.002 |
|   axi_clk_converter_apb                           |     0.003 |
|     inst                                          |     0.003 |
|       gen_clock_conv.gen_async_conv.asyncfifo_axi |     0.003 |
|   axi_clk_converter_fb_wr                         |     0.003 |
|     inst                                          |     0.003 |
|       gen_clock_conv.gen_async_conv.asyncfifo_axi |     0.003 |
|   axi_clk_converter_fd_rd                         |     0.003 |
|     inst                                          |     0.003 |
|       gen_clock_conv.gen_async_conv.asyncfifo_axi |     0.003 |
|   axi_clk_converter_tft                           |     0.003 |
|     inst                                          |     0.003 |
|       gen_clock_conv.gen_async_conv.asyncfifo_axi |     0.003 |
|   axi_clock_converter                             |     0.004 |
|     inst                                          |     0.004 |
|       gen_clock_conv.gen_async_conv.asyncfifo_axi |     0.004 |
|   clk_pll_1                                       |     0.111 |
|     inst                                          |     0.111 |
|   clk_pll_33                                      |     0.133 |
|     inst                                          |     0.133 |
|   confreg                                         |     0.001 |
|   core                                            |     0.217 |
|     EXE_stage                                     |     0.018 |
|       u_FU0                                       |     0.002 |
|       u_FU1                                       |     0.004 |
|       u_FU2                                       |     0.010 |
|       u_FU3                                       |     0.001 |
|     ID_stage                                      |     0.015 |
|       u_inst_buffer                               |     0.015 |
|     ISS_stage                                     |     0.032 |
|       u_issue_queue                               |     0.032 |
|     RA_stage                                      |     0.003 |
|       u_ra0                                       |     0.002 |
|       u_ra1                                       |     0.001 |
|     dcache                                        |     0.033 |
|       genblk1[0].way0_bank                        |     0.001 |
|       genblk1[0].way1_bank                        |     0.001 |
|       genblk1[0].way2_bank                        |     0.001 |
|       genblk1[0].way3_bank                        |     0.001 |
|       genblk1[1].way0_bank                        |     0.001 |
|       genblk1[1].way1_bank                        |     0.001 |
|       genblk1[1].way2_bank                        |     0.001 |
|       genblk1[1].way3_bank                        |     0.001 |
|       genblk1[2].way0_bank                        |     0.001 |
|       genblk1[2].way1_bank                        |     0.001 |
|       genblk1[2].way2_bank                        |     0.001 |
|       genblk1[2].way3_bank                        |     0.001 |
|       genblk1[3].way0_bank                        |     0.001 |
|       genblk1[3].way1_bank                        |     0.001 |
|       genblk1[3].way2_bank                        |     0.001 |
|       genblk1[3].way3_bank                        |     0.001 |
|       way0_tagv                                   |     0.001 |
|       way1_tagv                                   |     0.001 |
|       way2_tagv                                   |     0.001 |
|       way3_tagv                                   |     0.001 |
|     frontend                                      |     0.045 |
|       u_bpu                                       |     0.025 |
|       u_ftq                                       |     0.011 |
|       u_ifu                                       |     0.001 |
|       u_ras_pre_train                             |     0.007 |
|     icache                                        |     0.021 |
|       genblk1[0].way0_bank                        |     0.001 |
|       genblk1[0].way1_bank                        |     0.001 |
|       genblk1[0].way2_bank                        |     0.001 |
|       genblk1[0].way3_bank                        |     0.001 |
|       genblk1[1].way0_bank                        |     0.001 |
|       genblk1[1].way1_bank                        |     0.001 |
|       genblk1[1].way2_bank                        |     0.001 |
|       genblk1[1].way3_bank                        |     0.001 |
|       genblk1[2].way0_bank                        |     0.001 |
|       genblk1[2].way1_bank                        |     0.001 |
|       genblk1[2].way2_bank                        |     0.001 |
|       genblk1[2].way3_bank                        |     0.001 |
|       genblk1[3].way0_bank                        |     0.001 |
|       genblk1[3].way1_bank                        |     0.001 |
|       genblk1[3].way2_bank                        |     0.001 |
|       genblk1[3].way3_bank                        |     0.001 |
|     u_ROB                                         |     0.025 |
|     u_addr_trans                                  |     0.002 |
|       u_tlb                                       |     0.002 |
|     u_csr                                         |     0.002 |
|     u_regfile                                     |     0.016 |
|   dma_master0                                     |     0.004 |
|   ethernet                                        |     0.010 |
|     u_mac_top_0                                   |     0.009 |
|       u_mac_axi                                   |     0.009 |
|   fb_read                                         |     0.012 |
|     inst                                          |     0.012 |
|       CTRL_s_axi_U                                |     0.001 |
|       grp_FrmbufRdHlsDataFlow_fu_162              |     0.004 |
|       mm_video_m_axi_U                            |     0.006 |
|   fb_read_converter                               |     0.003 |
|     inst                                          |     0.003 |
|       gen_axilite.gen_b2s_conv.axilite_b2s        |     0.003 |
|   fb_write                                        |     0.018 |
|     inst                                          |     0.018 |
|       CTRL_s_axi_U                                |     0.001 |
|       grp_FrmbufWrHlsDataFlow_fu_160              |     0.006 |
|       mm_video_m_axi_U                            |     0.010 |
|   fb_write_converter                              |     0.003 |
|     inst                                          |     0.003 |
|       gen_axilite.gen_b2s_conv.axilite_b2s        |     0.003 |
|   main_xbar                                       |     0.001 |
|     inst                                          |     0.001 |
|       gen_samd.crossbar_samd                      |     0.001 |
|   mig_axi                                         |     0.677 |
|     u_mig_axi_32_mig                              |     0.677 |
|       temp_mon_enabled.u_tempmon                  |     0.008 |
|       u_ddr3_infrastructure                       |     0.187 |
|       u_memc_ui_top_axi                           |     0.481 |
|   mig_axi_interconnect                            |     0.049 |
|     inst                                          |     0.049 |
|       axi_interconnect_inst                       |     0.049 |
|   ps2                                             |     0.001 |
|     inst                                          |     0.001 |
|   tft                                             |     0.004 |
|     U0                                            |     0.004 |
|       AXI_MASTER_BURST_I                          |     0.002 |
|       TFT_CTRL_I                                  |     0.002 |
|   tft_protocol_converter                          |     0.002 |
|     inst                                          |     0.002 |
|       gen_axilite.gen_b2s_conv.axilite_b2s        |     0.002 |
|   u_lcd_top                                       |     0.119 |
|     axi_clk_converter_lcd                         |     0.002 |
|       inst                                        |     0.002 |
|     clk_pll                                       |     0.105 |
|       inst                                        |     0.105 |
|     u_char_ctrl                                   |     0.004 |
|       u_char_lib                                  |     0.002 |
|     u_lcd_ctrl                                    |     0.004 |
|     u_lcd_init                                    |     0.002 |
+---------------------------------------------------+-----------+


