Copyright 1986-2022 Xilinx, Inc. All Rights Reserved. Copyright 2022-2023 Advanced Micro Devices, Inc. All Rights Reserved.
---------------------------------------------------------------------------------------------------------------------------------------------
| Tool Version : Vivado v.2023.2 (win64) Build 4029153 Fri Oct 13 20:14:34 MDT 2023
| Date         : Tue Aug 19 22:35:07 2025
| Host         : LAPTOP-ER9DDLRF running 64-bit major release  (build 9200)
| Command      : upgrade_ip
| Device       : xc7a200tfbg676-2
---------------------------------------------------------------------------------------------------------------------------------------------

Upgrade Log for IP 'data_bank_sram'

1. Summary
----------

SUCCESS in the upgrade of data_bank_sram (xilinx.com:ip:blk_mem_gen:8.4) from (Rev. 3) to (Rev. 7)






Copyright 1986-2022 Xilinx, Inc. All Rights Reserved. Copyright 2022-2023 Advanced Micro Devices, Inc. All Rights Reserved.
---------------------------------------------------------------------------------------------------------------------------------------------
| Tool Version : Vivado v.2023.2 (win64) Build 4029153 Fri Oct 13 20:14:34 MDT 2023
| Date         : Tue Aug 19 22:09:24 2025
| Host         : LAPTOP-ER9DDLRF running 64-bit major release  (build 9200)
| Command      : upgrade_ip
| Device       : xc7a200tfbg676-2
---------------------------------------------------------------------------------------------------------------------------------------------

Upgrade Log for IP 'v_frmbuf_wr_0'

1. Summary
----------

SUCCESS in the upgrade of v_frmbuf_wr_0 from xilinx.com:ip:v_frmbuf_wr:2.1 (Rev. 2) to xilinx.com:ip:v_frmbuf_wr:2.5






Copyright 1986-2022 Xilinx, Inc. All Rights Reserved. Copyright 2022-2023 Advanced Micro Devices, Inc. All Rights Reserved.
---------------------------------------------------------------------------------------------------------------------------------------------
| Tool Version : Vivado v.2023.2 (win64) Build 4029153 Fri Oct 13 20:14:34 MDT 2023
| Date         : Tue Aug 19 21:38:59 2025
| Host         : LAPTOP-ER9DDLRF running 64-bit major release  (build 9200)
| Command      : upgrade_ip
| Device       : xc7a200tfbg676-2
---------------------------------------------------------------------------------------------------------------------------------------------

Upgrade Log for IP 'tagv_sram'

1. Summary
----------

SUCCESS in the upgrade of tagv_sram (xilinx.com:ip:blk_mem_gen:8.4) from (Rev. 3) to (Rev. 7)






Copyright 1986-2022 Xilinx, Inc. All Rights Reserved. Copyright 2022-2023 Advanced Micro Devices, Inc. All Rights Reserved.
---------------------------------------------------------------------------------------------------------------------------------------------
| Tool Version : Vivado v.2023.2 (win64) Build 4029153 Fri Oct 13 20:14:34 MDT 2023
| Date         : Tue Aug 19 21:36:02 2025
| Host         : LAPTOP-ER9DDLRF running 64-bit major release  (build 9200)
| Command      : upgrade_ip
| Device       : xc7a200tfbg676-2
---------------------------------------------------------------------------------------------------------------------------------------------

Upgrade Log for IP 'clk_wiz_0'

1. Summary
----------

SUCCESS in the update of clk_wiz_0 (xilinx.com:ip:clk_wiz:6.0 (Rev. 13)) to current project options.






Copyright 1986-2022 Xilinx, Inc. All Rights Reserved. Copyright 2022-2023 Advanced Micro Devices, Inc. All Rights Reserved.
---------------------------------------------------------------------------------------------------------------------------------------------
| Tool Version : Vivado v.2023.2 (win64) Build 4029153 Fri Oct 13 20:14:34 MDT 2023
| Date         : Tue Aug 19 21:36:01 2025
| Host         : LAPTOP-ER9DDLRF running 64-bit major release  (build 9200)
| Command      : upgrade_ip
| Device       : xc7a200tfbg676-2
---------------------------------------------------------------------------------------------------------------------------------------------

Upgrade Log for IP 'clk_pll_33'

1. Summary
----------

SUCCESS in the update of clk_pll_33 (xilinx.com:ip:clk_wiz:6.0 (Rev. 13)) to current project options.






Copyright 1986-2022 Xilinx, Inc. All Rights Reserved. Copyright 2022-2023 Advanced Micro Devices, Inc. All Rights Reserved.
---------------------------------------------------------------------------------------------------------------------------------------------
| Tool Version : Vivado v.2023.2 (win64) Build 4029153 Fri Oct 13 20:14:34 MDT 2023
| Date         : Tue Aug 19 21:36:01 2025
| Host         : LAPTOP-ER9DDLRF running 64-bit major release  (build 9200)
| Command      : upgrade_ip
| Device       : xc7a200tfbg676-2
---------------------------------------------------------------------------------------------------------------------------------------------

Upgrade Log for IP 'axi_interconnect_0'

1. Summary
----------

CAUTION (success, with warnings) in the update of axi_interconnect_0 (xilinx.com:ip:axi_interconnect:1.7 (Rev. 22)) to current project options.

After upgrade, an IP may have parameter differences compared to the original customization. Please review the parameters within the IP customization GUI to ensure proper functionality.

2. Customization warnings
-------------------------

Parameter 'DATA_WIDTH' is no longer present on the upgraded IP 'axi_interconnect_0', and cannot be set to '32'


3. Debug Commands
-----------------

  The following debug information can be passed to Vivado as Tcl commands,
in order to validate or debug the output of the upgrade flow.
  You may consult any warnings from within this upgrade, and alter or remove
the configuration parameter(s) which caused the warning; then execute the Tcl
commands, and use the IP Customization GUI to verify the IP configuration.

create_ip -vlnv xilinx.com:ip:axi_interconnect:1.7 -user_name axi_interconnect_0
set_property -dict "\
  CONFIG.ACLK_PERIOD {0} \
  CONFIG.AXI4_MASTER_M00_AXI.ADDR_WIDTH {32} \
  CONFIG.AXI4_MASTER_M00_AXI.ARUSER_WIDTH {0} \
  CONFIG.AXI4_MASTER_M00_AXI.AWUSER_WIDTH {0} \
  CONFIG.AXI4_MASTER_M00_AXI.BUSER_WIDTH {0} \
  CONFIG.AXI4_MASTER_M00_AXI.CLK_DOMAIN {} \
  CONFIG.AXI4_MASTER_M00_AXI.DATA_WIDTH {32} \
  CONFIG.AXI4_MASTER_M00_AXI.FREQ_HZ {100000000} \
  CONFIG.AXI4_MASTER_M00_AXI.HAS_BRESP {1} \
  CONFIG.AXI4_MASTER_M00_AXI.HAS_BURST {1} \
  CONFIG.AXI4_MASTER_M00_AXI.HAS_CACHE {1} \
  CONFIG.AXI4_MASTER_M00_AXI.HAS_LOCK {1} \
  CONFIG.AXI4_MASTER_M00_AXI.HAS_PROT {1} \
  CONFIG.AXI4_MASTER_M00_AXI.HAS_QOS {1} \
  CONFIG.AXI4_MASTER_M00_AXI.HAS_REGION {0} \
  CONFIG.AXI4_MASTER_M00_AXI.HAS_RRESP {1} \
  CONFIG.AXI4_MASTER_M00_AXI.HAS_WSTRB {1} \
  CONFIG.AXI4_MASTER_M00_AXI.ID_WIDTH {8} \
  CONFIG.AXI4_MASTER_M00_AXI.INSERT_VIP {0} \
  CONFIG.AXI4_MASTER_M00_AXI.MAX_BURST_LENGTH {256} \
  CONFIG.AXI4_MASTER_M00_AXI.NUM_READ_OUTSTANDING {2} \
  CONFIG.AXI4_MASTER_M00_AXI.NUM_READ_THREADS {1} \
  CONFIG.AXI4_MASTER_M00_AXI.NUM_WRITE_OUTSTANDING {2} \
  CONFIG.AXI4_MASTER_M00_AXI.NUM_WRITE_THREADS {1} \
  CONFIG.AXI4_MASTER_M00_AXI.PHASE {0.0} \
  CONFIG.AXI4_MASTER_M00_AXI.PROTOCOL {AXI4} \
  CONFIG.AXI4_MASTER_M00_AXI.READ_WRITE_MODE {READ_WRITE} \
  CONFIG.AXI4_MASTER_M00_AXI.RUSER_BITS_PER_BYTE {0} \
  CONFIG.AXI4_MASTER_M00_AXI.RUSER_WIDTH {0} \
  CONFIG.AXI4_MASTER_M00_AXI.SUPPORTS_NARROW_BURST {1} \
  CONFIG.AXI4_MASTER_M00_AXI.WUSER_BITS_PER_BYTE {0} \
  CONFIG.AXI4_MASTER_M00_AXI.WUSER_WIDTH {0} \
  CONFIG.AXI4_SLAVE_S00_AXI.ADDR_WIDTH {32} \
  CONFIG.AXI4_SLAVE_S00_AXI.ARUSER_WIDTH {0} \
  CONFIG.AXI4_SLAVE_S00_AXI.AWUSER_WIDTH {0} \
  CONFIG.AXI4_SLAVE_S00_AXI.BUSER_WIDTH {0} \
  CONFIG.AXI4_SLAVE_S00_AXI.CLK_DOMAIN {} \
  CONFIG.AXI4_SLAVE_S00_AXI.DATA_WIDTH {32} \
  CONFIG.AXI4_SLAVE_S00_AXI.FREQ_HZ {100000000} \
  CONFIG.AXI4_SLAVE_S00_AXI.HAS_BRESP {1} \
  CONFIG.AXI4_SLAVE_S00_AXI.HAS_BURST {1} \
  CONFIG.AXI4_SLAVE_S00_AXI.HAS_CACHE {1} \
  CONFIG.AXI4_SLAVE_S00_AXI.HAS_LOCK {1} \
  CONFIG.AXI4_SLAVE_S00_AXI.HAS_PROT {1} \
  CONFIG.AXI4_SLAVE_S00_AXI.HAS_QOS {1} \
  CONFIG.AXI4_SLAVE_S00_AXI.HAS_REGION {0} \
  CONFIG.AXI4_SLAVE_S00_AXI.HAS_RRESP {1} \
  CONFIG.AXI4_SLAVE_S00_AXI.HAS_WSTRB {1} \
  CONFIG.AXI4_SLAVE_S00_AXI.ID_WIDTH {4} \
  CONFIG.AXI4_SLAVE_S00_AXI.INSERT_VIP {0} \
  CONFIG.AXI4_SLAVE_S00_AXI.MAX_BURST_LENGTH {256} \
  CONFIG.AXI4_SLAVE_S00_AXI.NUM_READ_OUTSTANDING {2} \
  CONFIG.AXI4_SLAVE_S00_AXI.NUM_READ_THREADS {1} \
  CONFIG.AXI4_SLAVE_S00_AXI.NUM_WRITE_OUTSTANDING {2} \
  CONFIG.AXI4_SLAVE_S00_AXI.NUM_WRITE_THREADS {1} \
  CONFIG.AXI4_SLAVE_S00_AXI.PHASE {0.0} \
  CONFIG.AXI4_SLAVE_S00_AXI.PROTOCOL {AXI4} \
  CONFIG.AXI4_SLAVE_S00_AXI.READ_WRITE_MODE {READ_WRITE} \
  CONFIG.AXI4_SLAVE_S00_AXI.RUSER_BITS_PER_BYTE {0} \
  CONFIG.AXI4_SLAVE_S00_AXI.RUSER_WIDTH {0} \
  CONFIG.AXI4_SLAVE_S00_AXI.SUPPORTS_NARROW_BURST {1} \
  CONFIG.AXI4_SLAVE_S00_AXI.WUSER_BITS_PER_BYTE {0} \
  CONFIG.AXI4_SLAVE_S00_AXI.WUSER_WIDTH {0} \
  CONFIG.AXI4_SLAVE_S01_AXI.ADDR_WIDTH {32} \
  CONFIG.AXI4_SLAVE_S01_AXI.ARUSER_WIDTH {0} \
  CONFIG.AXI4_SLAVE_S01_AXI.AWUSER_WIDTH {0} \
  CONFIG.AXI4_SLAVE_S01_AXI.BUSER_WIDTH {0} \
  CONFIG.AXI4_SLAVE_S01_AXI.CLK_DOMAIN {} \
  CONFIG.AXI4_SLAVE_S01_AXI.DATA_WIDTH {32} \
  CONFIG.AXI4_SLAVE_S01_AXI.FREQ_HZ {100000000} \
  CONFIG.AXI4_SLAVE_S01_AXI.HAS_BRESP {1} \
  CONFIG.AXI4_SLAVE_S01_AXI.HAS_BURST {1} \
  CONFIG.AXI4_SLAVE_S01_AXI.HAS_CACHE {1} \
  CONFIG.AXI4_SLAVE_S01_AXI.HAS_LOCK {1} \
  CONFIG.AXI4_SLAVE_S01_AXI.HAS_PROT {1} \
  CONFIG.AXI4_SLAVE_S01_AXI.HAS_QOS {1} \
  CONFIG.AXI4_SLAVE_S01_AXI.HAS_REGION {0} \
  CONFIG.AXI4_SLAVE_S01_AXI.HAS_RRESP {1} \
  CONFIG.AXI4_SLAVE_S01_AXI.HAS_WSTRB {1} \
  CONFIG.AXI4_SLAVE_S01_AXI.ID_WIDTH {4} \
  CONFIG.AXI4_SLAVE_S01_AXI.INSERT_VIP {0} \
  CONFIG.AXI4_SLAVE_S01_AXI.MAX_BURST_LENGTH {256} \
  CONFIG.AXI4_SLAVE_S01_AXI.NUM_READ_OUTSTANDING {2} \
  CONFIG.AXI4_SLAVE_S01_AXI.NUM_READ_THREADS {1} \
  CONFIG.AXI4_SLAVE_S01_AXI.NUM_WRITE_OUTSTANDING {2} \
  CONFIG.AXI4_SLAVE_S01_AXI.NUM_WRITE_THREADS {1} \
  CONFIG.AXI4_SLAVE_S01_AXI.PHASE {0.0} \
  CONFIG.AXI4_SLAVE_S01_AXI.PROTOCOL {AXI4} \
  CONFIG.AXI4_SLAVE_S01_AXI.READ_WRITE_MODE {READ_WRITE} \
  CONFIG.AXI4_SLAVE_S01_AXI.RUSER_BITS_PER_BYTE {0} \
  CONFIG.AXI4_SLAVE_S01_AXI.RUSER_WIDTH {0} \
  CONFIG.AXI4_SLAVE_S01_AXI.SUPPORTS_NARROW_BURST {1} \
  CONFIG.AXI4_SLAVE_S01_AXI.WUSER_BITS_PER_BYTE {0} \
  CONFIG.AXI4_SLAVE_S01_AXI.WUSER_WIDTH {0} \
  CONFIG.AXI4_SLAVE_S02_AXI.ADDR_WIDTH {32} \
  CONFIG.AXI4_SLAVE_S02_AXI.ARUSER_WIDTH {0} \
  CONFIG.AXI4_SLAVE_S02_AXI.AWUSER_WIDTH {0} \
  CONFIG.AXI4_SLAVE_S02_AXI.BUSER_WIDTH {0} \
  CONFIG.AXI4_SLAVE_S02_AXI.CLK_DOMAIN {} \
  CONFIG.AXI4_SLAVE_S02_AXI.DATA_WIDTH {64} \
  CONFIG.AXI4_SLAVE_S02_AXI.FREQ_HZ {100000000} \
  CONFIG.AXI4_SLAVE_S02_AXI.HAS_BRESP {1} \
  CONFIG.AXI4_SLAVE_S02_AXI.HAS_BURST {1} \
  CONFIG.AXI4_SLAVE_S02_AXI.HAS_CACHE {1} \
  CONFIG.AXI4_SLAVE_S02_AXI.HAS_LOCK {1} \
  CONFIG.AXI4_SLAVE_S02_AXI.HAS_PROT {1} \
  CONFIG.AXI4_SLAVE_S02_AXI.HAS_QOS {1} \
  CONFIG.AXI4_SLAVE_S02_AXI.HAS_REGION {0} \
  CONFIG.AXI4_SLAVE_S02_AXI.HAS_RRESP {1} \
  CONFIG.AXI4_SLAVE_S02_AXI.HAS_WSTRB {1} \
  CONFIG.AXI4_SLAVE_S02_AXI.ID_WIDTH {4} \
  CONFIG.AXI4_SLAVE_S02_AXI.INSERT_VIP {0} \
  CONFIG.AXI4_SLAVE_S02_AXI.MAX_BURST_LENGTH {256} \
  CONFIG.AXI4_SLAVE_S02_AXI.NUM_READ_OUTSTANDING {2} \
  CONFIG.AXI4_SLAVE_S02_AXI.NUM_READ_THREADS {1} \
  CONFIG.AXI4_SLAVE_S02_AXI.NUM_WRITE_OUTSTANDING {2} \
  CONFIG.AXI4_SLAVE_S02_AXI.NUM_WRITE_THREADS {1} \
  CONFIG.AXI4_SLAVE_S02_AXI.PHASE {0.0} \
  CONFIG.AXI4_SLAVE_S02_AXI.PROTOCOL {AXI4} \
  CONFIG.AXI4_SLAVE_S02_AXI.READ_WRITE_MODE {READ_WRITE} \
  CONFIG.AXI4_SLAVE_S02_AXI.RUSER_BITS_PER_BYTE {0} \
  CONFIG.AXI4_SLAVE_S02_AXI.RUSER_WIDTH {0} \
  CONFIG.AXI4_SLAVE_S02_AXI.SUPPORTS_NARROW_BURST {1} \
  CONFIG.AXI4_SLAVE_S02_AXI.WUSER_BITS_PER_BYTE {0} \
  CONFIG.AXI4_SLAVE_S02_AXI.WUSER_WIDTH {0} \
  CONFIG.AXI4_SLAVE_S03_AXI.ADDR_WIDTH {32} \
  CONFIG.AXI4_SLAVE_S03_AXI.ARUSER_WIDTH {0} \
  CONFIG.AXI4_SLAVE_S03_AXI.AWUSER_WIDTH {0} \
  CONFIG.AXI4_SLAVE_S03_AXI.BUSER_WIDTH {0} \
  CONFIG.AXI4_SLAVE_S03_AXI.CLK_DOMAIN {} \
  CONFIG.AXI4_SLAVE_S03_AXI.DATA_WIDTH {32} \
  CONFIG.AXI4_SLAVE_S03_AXI.FREQ_HZ {100000000} \
  CONFIG.AXI4_SLAVE_S03_AXI.HAS_BRESP {1} \
  CONFIG.AXI4_SLAVE_S03_AXI.HAS_BURST {1} \
  CONFIG.AXI4_SLAVE_S03_AXI.HAS_CACHE {1} \
  CONFIG.AXI4_SLAVE_S03_AXI.HAS_LOCK {1} \
  CONFIG.AXI4_SLAVE_S03_AXI.HAS_PROT {1} \
  CONFIG.AXI4_SLAVE_S03_AXI.HAS_QOS {1} \
  CONFIG.AXI4_SLAVE_S03_AXI.HAS_REGION {0} \
  CONFIG.AXI4_SLAVE_S03_AXI.HAS_RRESP {1} \
  CONFIG.AXI4_SLAVE_S03_AXI.HAS_WSTRB {1} \
  CONFIG.AXI4_SLAVE_S03_AXI.ID_WIDTH {4} \
  CONFIG.AXI4_SLAVE_S03_AXI.INSERT_VIP {0} \
  CONFIG.AXI4_SLAVE_S03_AXI.MAX_BURST_LENGTH {256} \
  CONFIG.AXI4_SLAVE_S03_AXI.NUM_READ_OUTSTANDING {2} \
  CONFIG.AXI4_SLAVE_S03_AXI.NUM_READ_THREADS {1} \
  CONFIG.AXI4_SLAVE_S03_AXI.NUM_WRITE_OUTSTANDING {2} \
  CONFIG.AXI4_SLAVE_S03_AXI.NUM_WRITE_THREADS {1} \
  CONFIG.AXI4_SLAVE_S03_AXI.PHASE {0.0} \
  CONFIG.AXI4_SLAVE_S03_AXI.PROTOCOL {AXI4} \
  CONFIG.AXI4_SLAVE_S03_AXI.READ_WRITE_MODE {READ_WRITE} \
  CONFIG.AXI4_SLAVE_S03_AXI.RUSER_BITS_PER_BYTE {0} \
  CONFIG.AXI4_SLAVE_S03_AXI.RUSER_WIDTH {0} \
  CONFIG.AXI4_SLAVE_S03_AXI.SUPPORTS_NARROW_BURST {1} \
  CONFIG.AXI4_SLAVE_S03_AXI.WUSER_BITS_PER_BYTE {0} \
  CONFIG.AXI4_SLAVE_S03_AXI.WUSER_WIDTH {0} \
  CONFIG.AXI4_SLAVE_S04_AXI.ADDR_WIDTH {32} \
  CONFIG.AXI4_SLAVE_S04_AXI.ARUSER_WIDTH {0} \
  CONFIG.AXI4_SLAVE_S04_AXI.AWUSER_WIDTH {0} \
  CONFIG.AXI4_SLAVE_S04_AXI.BUSER_WIDTH {0} \
  CONFIG.AXI4_SLAVE_S04_AXI.CLK_DOMAIN {} \
  CONFIG.AXI4_SLAVE_S04_AXI.DATA_WIDTH {32} \
  CONFIG.AXI4_SLAVE_S04_AXI.FREQ_HZ {100000000} \
  CONFIG.AXI4_SLAVE_S04_AXI.HAS_BRESP {1} \
  CONFIG.AXI4_SLAVE_S04_AXI.HAS_BURST {1} \
  CONFIG.AXI4_SLAVE_S04_AXI.HAS_CACHE {1} \
  CONFIG.AXI4_SLAVE_S04_AXI.HAS_LOCK {1} \
  CONFIG.AXI4_SLAVE_S04_AXI.HAS_PROT {1} \
  CONFIG.AXI4_SLAVE_S04_AXI.HAS_QOS {1} \
  CONFIG.AXI4_SLAVE_S04_AXI.HAS_REGION {0} \
  CONFIG.AXI4_SLAVE_S04_AXI.HAS_RRESP {1} \
  CONFIG.AXI4_SLAVE_S04_AXI.HAS_WSTRB {1} \
  CONFIG.AXI4_SLAVE_S04_AXI.ID_WIDTH {4} \
  CONFIG.AXI4_SLAVE_S04_AXI.INSERT_VIP {0} \
  CONFIG.AXI4_SLAVE_S04_AXI.MAX_BURST_LENGTH {256} \
  CONFIG.AXI4_SLAVE_S04_AXI.NUM_READ_OUTSTANDING {2} \
  CONFIG.AXI4_SLAVE_S04_AXI.NUM_READ_THREADS {1} \
  CONFIG.AXI4_SLAVE_S04_AXI.NUM_WRITE_OUTSTANDING {2} \
  CONFIG.AXI4_SLAVE_S04_AXI.NUM_WRITE_THREADS {1} \
  CONFIG.AXI4_SLAVE_S04_AXI.PHASE {0.0} \
  CONFIG.AXI4_SLAVE_S04_AXI.PROTOCOL {AXI4} \
  CONFIG.AXI4_SLAVE_S04_AXI.READ_WRITE_MODE {READ_WRITE} \
  CONFIG.AXI4_SLAVE_S04_AXI.RUSER_BITS_PER_BYTE {0} \
  CONFIG.AXI4_SLAVE_S04_AXI.RUSER_WIDTH {0} \
  CONFIG.AXI4_SLAVE_S04_AXI.SUPPORTS_NARROW_BURST {1} \
  CONFIG.AXI4_SLAVE_S04_AXI.WUSER_BITS_PER_BYTE {0} \
  CONFIG.AXI4_SLAVE_S04_AXI.WUSER_WIDTH {0} \
  CONFIG.AXI4_SLAVE_S05_AXI.ADDR_WIDTH {32} \
  CONFIG.AXI4_SLAVE_S05_AXI.ARUSER_WIDTH {0} \
  CONFIG.AXI4_SLAVE_S05_AXI.AWUSER_WIDTH {0} \
  CONFIG.AXI4_SLAVE_S05_AXI.BUSER_WIDTH {0} \
  CONFIG.AXI4_SLAVE_S05_AXI.CLK_DOMAIN {} \
  CONFIG.AXI4_SLAVE_S05_AXI.DATA_WIDTH {32} \
  CONFIG.AXI4_SLAVE_S05_AXI.FREQ_HZ {100000000} \
  CONFIG.AXI4_SLAVE_S05_AXI.HAS_BRESP {1} \
  CONFIG.AXI4_SLAVE_S05_AXI.HAS_BURST {1} \
  CONFIG.AXI4_SLAVE_S05_AXI.HAS_CACHE {1} \
  CONFIG.AXI4_SLAVE_S05_AXI.HAS_LOCK {1} \
  CONFIG.AXI4_SLAVE_S05_AXI.HAS_PROT {1} \
  CONFIG.AXI4_SLAVE_S05_AXI.HAS_QOS {1} \
  CONFIG.AXI4_SLAVE_S05_AXI.HAS_REGION {0} \
  CONFIG.AXI4_SLAVE_S05_AXI.HAS_RRESP {1} \
  CONFIG.AXI4_SLAVE_S05_AXI.HAS_WSTRB {1} \
  CONFIG.AXI4_SLAVE_S05_AXI.ID_WIDTH {4} \
  CONFIG.AXI4_SLAVE_S05_AXI.INSERT_VIP {0} \
  CONFIG.AXI4_SLAVE_S05_AXI.MAX_BURST_LENGTH {256} \
  CONFIG.AXI4_SLAVE_S05_AXI.NUM_READ_OUTSTANDING {2} \
  CONFIG.AXI4_SLAVE_S05_AXI.NUM_READ_THREADS {1} \
  CONFIG.AXI4_SLAVE_S05_AXI.NUM_WRITE_OUTSTANDING {2} \
  CONFIG.AXI4_SLAVE_S05_AXI.NUM_WRITE_THREADS {1} \
  CONFIG.AXI4_SLAVE_S05_AXI.PHASE {0.0} \
  CONFIG.AXI4_SLAVE_S05_AXI.PROTOCOL {AXI4} \
  CONFIG.AXI4_SLAVE_S05_AXI.READ_WRITE_MODE {READ_WRITE} \
  CONFIG.AXI4_SLAVE_S05_AXI.RUSER_BITS_PER_BYTE {0} \
  CONFIG.AXI4_SLAVE_S05_AXI.RUSER_WIDTH {0} \
  CONFIG.AXI4_SLAVE_S05_AXI.SUPPORTS_NARROW_BURST {1} \
  CONFIG.AXI4_SLAVE_S05_AXI.WUSER_BITS_PER_BYTE {0} \
  CONFIG.AXI4_SLAVE_S05_AXI.WUSER_WIDTH {0} \
  CONFIG.AXI4_SLAVE_S06_AXI.ADDR_WIDTH {32} \
  CONFIG.AXI4_SLAVE_S06_AXI.ARUSER_WIDTH {0} \
  CONFIG.AXI4_SLAVE_S06_AXI.AWUSER_WIDTH {0} \
  CONFIG.AXI4_SLAVE_S06_AXI.BUSER_WIDTH {0} \
  CONFIG.AXI4_SLAVE_S06_AXI.CLK_DOMAIN {} \
  CONFIG.AXI4_SLAVE_S06_AXI.DATA_WIDTH {32} \
  CONFIG.AXI4_SLAVE_S06_AXI.FREQ_HZ {100000000} \
  CONFIG.AXI4_SLAVE_S06_AXI.HAS_BRESP {1} \
  CONFIG.AXI4_SLAVE_S06_AXI.HAS_BURST {1} \
  CONFIG.AXI4_SLAVE_S06_AXI.HAS_CACHE {1} \
  CONFIG.AXI4_SLAVE_S06_AXI.HAS_LOCK {1} \
  CONFIG.AXI4_SLAVE_S06_AXI.HAS_PROT {1} \
  CONFIG.AXI4_SLAVE_S06_AXI.HAS_QOS {1} \
  CONFIG.AXI4_SLAVE_S06_AXI.HAS_REGION {0} \
  CONFIG.AXI4_SLAVE_S06_AXI.HAS_RRESP {1} \
  CONFIG.AXI4_SLAVE_S06_AXI.HAS_WSTRB {1} \
  CONFIG.AXI4_SLAVE_S06_AXI.ID_WIDTH {4} \
  CONFIG.AXI4_SLAVE_S06_AXI.INSERT_VIP {0} \
  CONFIG.AXI4_SLAVE_S06_AXI.MAX_BURST_LENGTH {256} \
  CONFIG.AXI4_SLAVE_S06_AXI.NUM_READ_OUTSTANDING {2} \
  CONFIG.AXI4_SLAVE_S06_AXI.NUM_READ_THREADS {1} \
  CONFIG.AXI4_SLAVE_S06_AXI.NUM_WRITE_OUTSTANDING {2} \
  CONFIG.AXI4_SLAVE_S06_AXI.NUM_WRITE_THREADS {1} \
  CONFIG.AXI4_SLAVE_S06_AXI.PHASE {0.0} \
  CONFIG.AXI4_SLAVE_S06_AXI.PROTOCOL {AXI4} \
  CONFIG.AXI4_SLAVE_S06_AXI.READ_WRITE_MODE {READ_WRITE} \
  CONFIG.AXI4_SLAVE_S06_AXI.RUSER_BITS_PER_BYTE {0} \
  CONFIG.AXI4_SLAVE_S06_AXI.RUSER_WIDTH {0} \
  CONFIG.AXI4_SLAVE_S06_AXI.SUPPORTS_NARROW_BURST {1} \
  CONFIG.AXI4_SLAVE_S06_AXI.WUSER_BITS_PER_BYTE {0} \
  CONFIG.AXI4_SLAVE_S06_AXI.WUSER_WIDTH {0} \
  CONFIG.AXI_ADDR_WIDTH {32} \
  CONFIG.Component_Name {axi_interconnect_0} \
  CONFIG.INTERCONNECT_CLK.ASSOCIATED_BUSIF {} \
  CONFIG.INTERCONNECT_CLK.ASSOCIATED_PORT {} \
  CONFIG.INTERCONNECT_CLK.ASSOCIATED_RESET {} \
  CONFIG.INTERCONNECT_CLK.CLK_DOMAIN {} \
  CONFIG.INTERCONNECT_CLK.FREQ_HZ {100000000} \
  CONFIG.INTERCONNECT_CLK.FREQ_TOLERANCE_HZ {0} \
  CONFIG.INTERCONNECT_CLK.INSERT_VIP {0} \
  CONFIG.INTERCONNECT_CLK.PHASE {0.0} \
  CONFIG.INTERCONNECT_DATA_WIDTH {32} \
  CONFIG.INTERCONNECT_RST.INSERT_VIP {0} \
  CONFIG.INTERCONNECT_RST.POLARITY {ACTIVE_LOW} \
  CONFIG.M00_AXI_ACLK_RATIO {1:1} \
  CONFIG.M00_AXI_DATA_WIDTH {32} \
  CONFIG.M00_AXI_IS_ACLK_ASYNC {0} \
  CONFIG.M00_AXI_READ_FIFO_DELAY {0} \
  CONFIG.M00_AXI_READ_FIFO_DEPTH {512} \
  CONFIG.M00_AXI_READ_ISSUING {8} \
  CONFIG.M00_AXI_REGISTER {1} \
  CONFIG.M00_AXI_WRITE_FIFO_DELAY {0} \
  CONFIG.M00_AXI_WRITE_FIFO_DEPTH {512} \
  CONFIG.M00_AXI_WRITE_ISSUING {8} \
  CONFIG.M00_CLK.ASSOCIATED_BUSIF {} \
  CONFIG.M00_CLK.ASSOCIATED_PORT {} \
  CONFIG.M00_CLK.ASSOCIATED_RESET {} \
  CONFIG.M00_CLK.CLK_DOMAIN {} \
  CONFIG.M00_CLK.FREQ_HZ {100000000} \
  CONFIG.M00_CLK.FREQ_TOLERANCE_HZ {0} \
  CONFIG.M00_CLK.INSERT_VIP {0} \
  CONFIG.M00_CLK.PHASE {0.0} \
  CONFIG.NUM_SLAVE_PORTS {7} \
  CONFIG.S00_AXI_ACLK_RATIO {1:1} \
  CONFIG.S00_AXI_ARB_PRIORITY {0} \
  CONFIG.S00_AXI_DATA_WIDTH {32} \
  CONFIG.S00_AXI_IS_ACLK_ASYNC {1} \
  CONFIG.S00_AXI_READ_ACCEPTANCE {4} \
  CONFIG.S00_AXI_READ_FIFO_DELAY {0} \
  CONFIG.S00_AXI_READ_FIFO_DEPTH {32} \
  CONFIG.S00_AXI_READ_WRITE_SUPPORT {READ/WRITE} \
  CONFIG.S00_AXI_REGISTER {1} \
  CONFIG.S00_AXI_WRITE_ACCEPTANCE {4} \
  CONFIG.S00_AXI_WRITE_FIFO_DELAY {0} \
  CONFIG.S00_AXI_WRITE_FIFO_DEPTH {32} \
  CONFIG.S00_CLK.ASSOCIATED_BUSIF {} \
  CONFIG.S00_CLK.ASSOCIATED_PORT {} \
  CONFIG.S00_CLK.ASSOCIATED_RESET {} \
  CONFIG.S00_CLK.CLK_DOMAIN {} \
  CONFIG.S00_CLK.FREQ_HZ {100000000} \
  CONFIG.S00_CLK.FREQ_TOLERANCE_HZ {0} \
  CONFIG.S00_CLK.INSERT_VIP {0} \
  CONFIG.S00_CLK.PHASE {0.0} \
  CONFIG.S01_AXI_ACLK_RATIO {1:1} \
  CONFIG.S01_AXI_ARB_PRIORITY {0} \
  CONFIG.S01_AXI_DATA_WIDTH {32} \
  CONFIG.S01_AXI_IS_ACLK_ASYNC {1} \
  CONFIG.S01_AXI_READ_ACCEPTANCE {2} \
  CONFIG.S01_AXI_READ_FIFO_DELAY {0} \
  CONFIG.S01_AXI_READ_FIFO_DEPTH {32} \
  CONFIG.S01_AXI_READ_WRITE_SUPPORT {READ/WRITE} \
  CONFIG.S01_AXI_REGISTER {1} \
  CONFIG.S01_AXI_WRITE_ACCEPTANCE {2} \
  CONFIG.S01_AXI_WRITE_FIFO_DELAY {0} \
  CONFIG.S01_AXI_WRITE_FIFO_DEPTH {32} \
  CONFIG.S01_CLK.ASSOCIATED_BUSIF {} \
  CONFIG.S01_CLK.ASSOCIATED_PORT {} \
  CONFIG.S01_CLK.ASSOCIATED_RESET {} \
  CONFIG.S01_CLK.CLK_DOMAIN {} \
  CONFIG.S01_CLK.FREQ_HZ {100000000} \
  CONFIG.S01_CLK.FREQ_TOLERANCE_HZ {0} \
  CONFIG.S01_CLK.INSERT_VIP {0} \
  CONFIG.S01_CLK.PHASE {0.0} \
  CONFIG.S02_AXI_ACLK_RATIO {1:1} \
  CONFIG.S02_AXI_ARB_PRIORITY {0} \
  CONFIG.S02_AXI_DATA_WIDTH {64} \
  CONFIG.S02_AXI_IS_ACLK_ASYNC {1} \
  CONFIG.S02_AXI_READ_ACCEPTANCE {2} \
  CONFIG.S02_AXI_READ_FIFO_DELAY {0} \
  CONFIG.S02_AXI_READ_FIFO_DEPTH {32} \
  CONFIG.S02_AXI_READ_WRITE_SUPPORT {READ/WRITE} \
  CONFIG.S02_AXI_REGISTER {1} \
  CONFIG.S02_AXI_WRITE_ACCEPTANCE {2} \
  CONFIG.S02_AXI_WRITE_FIFO_DELAY {0} \
  CONFIG.S02_AXI_WRITE_FIFO_DEPTH {32} \
  CONFIG.S02_CLK.ASSOCIATED_BUSIF {} \
  CONFIG.S02_CLK.ASSOCIATED_PORT {} \
  CONFIG.S02_CLK.ASSOCIATED_RESET {} \
  CONFIG.S02_CLK.CLK_DOMAIN {} \
  CONFIG.S02_CLK.FREQ_HZ {100000000} \
  CONFIG.S02_CLK.FREQ_TOLERANCE_HZ {0} \
  CONFIG.S02_CLK.INSERT_VIP {0} \
  CONFIG.S02_CLK.PHASE {0.0} \
  CONFIG.S03_AXI_ACLK_RATIO {1:1} \
  CONFIG.S03_AXI_ARB_PRIORITY {0} \
  CONFIG.S03_AXI_DATA_WIDTH {32} \
  CONFIG.S03_AXI_IS_ACLK_ASYNC {1} \
  CONFIG.S03_AXI_READ_ACCEPTANCE {1} \
  CONFIG.S03_AXI_READ_FIFO_DELAY {0} \
  CONFIG.S03_AXI_READ_FIFO_DEPTH {32} \
  CONFIG.S03_AXI_READ_WRITE_SUPPORT {READ/WRITE} \
  CONFIG.S03_AXI_REGISTER {1} \
  CONFIG.S03_AXI_WRITE_ACCEPTANCE {1} \
  CONFIG.S03_AXI_WRITE_FIFO_DELAY {0} \
  CONFIG.S03_AXI_WRITE_FIFO_DEPTH {32} \
  CONFIG.S03_CLK.ASSOCIATED_BUSIF {} \
  CONFIG.S03_CLK.ASSOCIATED_PORT {} \
  CONFIG.S03_CLK.ASSOCIATED_RESET {} \
  CONFIG.S03_CLK.CLK_DOMAIN {} \
  CONFIG.S03_CLK.FREQ_HZ {100000000} \
  CONFIG.S03_CLK.FREQ_TOLERANCE_HZ {0} \
  CONFIG.S03_CLK.INSERT_VIP {0} \
  CONFIG.S03_CLK.PHASE {0.0} \
  CONFIG.S04_AXI_ACLK_RATIO {1:1} \
  CONFIG.S04_AXI_ARB_PRIORITY {0} \
  CONFIG.S04_AXI_DATA_WIDTH {32} \
  CONFIG.S04_AXI_IS_ACLK_ASYNC {1} \
  CONFIG.S04_AXI_READ_ACCEPTANCE {1} \
  CONFIG.S04_AXI_READ_FIFO_DELAY {0} \
  CONFIG.S04_AXI_READ_FIFO_DEPTH {0} \
  CONFIG.S04_AXI_READ_WRITE_SUPPORT {READ/WRITE} \
  CONFIG.S04_AXI_REGISTER {1} \
  CONFIG.S04_AXI_WRITE_ACCEPTANCE {1} \
  CONFIG.S04_AXI_WRITE_FIFO_DELAY {0} \
  CONFIG.S04_AXI_WRITE_FIFO_DEPTH {0} \
  CONFIG.S04_CLK.ASSOCIATED_BUSIF {} \
  CONFIG.S04_CLK.ASSOCIATED_PORT {} \
  CONFIG.S04_CLK.ASSOCIATED_RESET {} \
  CONFIG.S04_CLK.CLK_DOMAIN {} \
  CONFIG.S04_CLK.FREQ_HZ {100000000} \
  CONFIG.S04_CLK.FREQ_TOLERANCE_HZ {0} \
  CONFIG.S04_CLK.INSERT_VIP {0} \
  CONFIG.S04_CLK.PHASE {0.0} \
  CONFIG.S05_AXI_ACLK_RATIO {1:1} \
  CONFIG.S05_AXI_ARB_PRIORITY {0} \
  CONFIG.S05_AXI_DATA_WIDTH {32} \
  CONFIG.S05_AXI_IS_ACLK_ASYNC {1} \
  CONFIG.S05_AXI_READ_ACCEPTANCE {1} \
  CONFIG.S05_AXI_READ_FIFO_DELAY {0} \
  CONFIG.S05_AXI_READ_FIFO_DEPTH {0} \
  CONFIG.S05_AXI_READ_WRITE_SUPPORT {READ/WRITE} \
  CONFIG.S05_AXI_REGISTER {1} \
  CONFIG.S05_AXI_WRITE_ACCEPTANCE {1} \
  CONFIG.S05_AXI_WRITE_FIFO_DELAY {0} \
  CONFIG.S05_AXI_WRITE_FIFO_DEPTH {0} \
  CONFIG.S05_CLK.ASSOCIATED_BUSIF {} \
  CONFIG.S05_CLK.ASSOCIATED_PORT {} \
  CONFIG.S05_CLK.ASSOCIATED_RESET {} \
  CONFIG.S05_CLK.CLK_DOMAIN {} \
  CONFIG.S05_CLK.FREQ_HZ {100000000} \
  CONFIG.S05_CLK.FREQ_TOLERANCE_HZ {0} \
  CONFIG.S05_CLK.INSERT_VIP {0} \
  CONFIG.S05_CLK.PHASE {0.0} \
  CONFIG.S06_AXI_ACLK_RATIO {1:1} \
  CONFIG.S06_AXI_ARB_PRIORITY {0} \
  CONFIG.S06_AXI_DATA_WIDTH {32} \
  CONFIG.S06_AXI_IS_ACLK_ASYNC {1} \
  CONFIG.S06_AXI_READ_ACCEPTANCE {1} \
  CONFIG.S06_AXI_READ_FIFO_DELAY {0} \
  CONFIG.S06_AXI_READ_FIFO_DEPTH {0} \
  CONFIG.S06_AXI_READ_WRITE_SUPPORT {READ/WRITE} \
  CONFIG.S06_AXI_REGISTER {1} \
  CONFIG.S06_AXI_WRITE_ACCEPTANCE {1} \
  CONFIG.S06_AXI_WRITE_FIFO_DELAY {0} \
  CONFIG.S06_AXI_WRITE_FIFO_DEPTH {0} \
  CONFIG.S06_CLK.ASSOCIATED_BUSIF {} \
  CONFIG.S06_CLK.ASSOCIATED_PORT {} \
  CONFIG.S06_CLK.ASSOCIATED_RESET {} \
  CONFIG.S06_CLK.CLK_DOMAIN {} \
  CONFIG.S06_CLK.FREQ_HZ {100000000} \
  CONFIG.S06_CLK.FREQ_TOLERANCE_HZ {0} \
  CONFIG.S06_CLK.INSERT_VIP {0} \
  CONFIG.S06_CLK.PHASE {0.0} \
  CONFIG.S07_AXI_ACLK_RATIO {1:1} \
  CONFIG.S07_AXI_ARB_PRIORITY {0} \
  CONFIG.S07_AXI_DATA_WIDTH {32} \
  CONFIG.S07_AXI_IS_ACLK_ASYNC {0} \
  CONFIG.S07_AXI_READ_ACCEPTANCE {1} \
  CONFIG.S07_AXI_READ_FIFO_DELAY {0} \
  CONFIG.S07_AXI_READ_FIFO_DEPTH {0} \
  CONFIG.S07_AXI_READ_WRITE_SUPPORT {READ/WRITE} \
  CONFIG.S07_AXI_REGISTER {0} \
  CONFIG.S07_AXI_WRITE_ACCEPTANCE {1} \
  CONFIG.S07_AXI_WRITE_FIFO_DELAY {0} \
  CONFIG.S07_AXI_WRITE_FIFO_DEPTH {0} \
  CONFIG.S08_AXI_ACLK_RATIO {1:1} \
  CONFIG.S08_AXI_ARB_PRIORITY {0} \
  CONFIG.S08_AXI_DATA_WIDTH {32} \
  CONFIG.S08_AXI_IS_ACLK_ASYNC {0} \
  CONFIG.S08_AXI_READ_ACCEPTANCE {1} \
  CONFIG.S08_AXI_READ_FIFO_DELAY {0} \
  CONFIG.S08_AXI_READ_FIFO_DEPTH {0} \
  CONFIG.S08_AXI_READ_WRITE_SUPPORT {READ/WRITE} \
  CONFIG.S08_AXI_REGISTER {0} \
  CONFIG.S08_AXI_WRITE_ACCEPTANCE {1} \
  CONFIG.S08_AXI_WRITE_FIFO_DELAY {0} \
  CONFIG.S08_AXI_WRITE_FIFO_DEPTH {0} \
  CONFIG.S09_AXI_ACLK_RATIO {1:1} \
  CONFIG.S09_AXI_ARB_PRIORITY {0} \
  CONFIG.S09_AXI_DATA_WIDTH {32} \
  CONFIG.S09_AXI_IS_ACLK_ASYNC {0} \
  CONFIG.S09_AXI_READ_ACCEPTANCE {1} \
  CONFIG.S09_AXI_READ_FIFO_DELAY {0} \
  CONFIG.S09_AXI_READ_FIFO_DEPTH {0} \
  CONFIG.S09_AXI_READ_WRITE_SUPPORT {READ/WRITE} \
  CONFIG.S09_AXI_REGISTER {0} \
  CONFIG.S09_AXI_WRITE_ACCEPTANCE {1} \
  CONFIG.S09_AXI_WRITE_FIFO_DELAY {0} \
  CONFIG.S09_AXI_WRITE_FIFO_DEPTH {0} \
  CONFIG.S10_AXI_ACLK_RATIO {1:1} \
  CONFIG.S10_AXI_ARB_PRIORITY {0} \
  CONFIG.S10_AXI_DATA_WIDTH {32} \
  CONFIG.S10_AXI_IS_ACLK_ASYNC {0} \
  CONFIG.S10_AXI_READ_ACCEPTANCE {1} \
  CONFIG.S10_AXI_READ_FIFO_DELAY {0} \
  CONFIG.S10_AXI_READ_FIFO_DEPTH {0} \
  CONFIG.S10_AXI_READ_WRITE_SUPPORT {READ/WRITE} \
  CONFIG.S10_AXI_REGISTER {0} \
  CONFIG.S10_AXI_WRITE_ACCEPTANCE {1} \
  CONFIG.S10_AXI_WRITE_FIFO_DELAY {0} \
  CONFIG.S10_AXI_WRITE_FIFO_DEPTH {0} \
  CONFIG.S11_AXI_ACLK_RATIO {1:1} \
  CONFIG.S11_AXI_ARB_PRIORITY {0} \
  CONFIG.S11_AXI_DATA_WIDTH {32} \
  CONFIG.S11_AXI_IS_ACLK_ASYNC {0} \
  CONFIG.S11_AXI_READ_ACCEPTANCE {1} \
  CONFIG.S11_AXI_READ_FIFO_DELAY {0} \
  CONFIG.S11_AXI_READ_FIFO_DEPTH {0} \
  CONFIG.S11_AXI_READ_WRITE_SUPPORT {READ/WRITE} \
  CONFIG.S11_AXI_REGISTER {0} \
  CONFIG.S11_AXI_WRITE_ACCEPTANCE {1} \
  CONFIG.S11_AXI_WRITE_FIFO_DELAY {0} \
  CONFIG.S11_AXI_WRITE_FIFO_DEPTH {0} \
  CONFIG.S12_AXI_ACLK_RATIO {1:1} \
  CONFIG.S12_AXI_ARB_PRIORITY {0} \
  CONFIG.S12_AXI_DATA_WIDTH {32} \
  CONFIG.S12_AXI_IS_ACLK_ASYNC {0} \
  CONFIG.S12_AXI_READ_ACCEPTANCE {1} \
  CONFIG.S12_AXI_READ_FIFO_DELAY {0} \
  CONFIG.S12_AXI_READ_FIFO_DEPTH {0} \
  CONFIG.S12_AXI_READ_WRITE_SUPPORT {READ/WRITE} \
  CONFIG.S12_AXI_REGISTER {0} \
  CONFIG.S12_AXI_WRITE_ACCEPTANCE {1} \
  CONFIG.S12_AXI_WRITE_FIFO_DELAY {0} \
  CONFIG.S12_AXI_WRITE_FIFO_DEPTH {0} \
  CONFIG.S13_AXI_ACLK_RATIO {1:1} \
  CONFIG.S13_AXI_ARB_PRIORITY {0} \
  CONFIG.S13_AXI_DATA_WIDTH {32} \
  CONFIG.S13_AXI_IS_ACLK_ASYNC {0} \
  CONFIG.S13_AXI_READ_ACCEPTANCE {1} \
  CONFIG.S13_AXI_READ_FIFO_DELAY {0} \
  CONFIG.S13_AXI_READ_FIFO_DEPTH {0} \
  CONFIG.S13_AXI_READ_WRITE_SUPPORT {READ/WRITE} \
  CONFIG.S13_AXI_REGISTER {0} \
  CONFIG.S13_AXI_WRITE_ACCEPTANCE {1} \
  CONFIG.S13_AXI_WRITE_FIFO_DELAY {0} \
  CONFIG.S13_AXI_WRITE_FIFO_DEPTH {0} \
  CONFIG.S14_AXI_ACLK_RATIO {1:1} \
  CONFIG.S14_AXI_ARB_PRIORITY {0} \
  CONFIG.S14_AXI_DATA_WIDTH {32} \
  CONFIG.S14_AXI_IS_ACLK_ASYNC {0} \
  CONFIG.S14_AXI_READ_ACCEPTANCE {1} \
  CONFIG.S14_AXI_READ_FIFO_DELAY {0} \
  CONFIG.S14_AXI_READ_FIFO_DEPTH {0} \
  CONFIG.S14_AXI_READ_WRITE_SUPPORT {READ/WRITE} \
  CONFIG.S14_AXI_REGISTER {0} \
  CONFIG.S14_AXI_WRITE_ACCEPTANCE {1} \
  CONFIG.S14_AXI_WRITE_FIFO_DELAY {0} \
  CONFIG.S14_AXI_WRITE_FIFO_DEPTH {0} \
  CONFIG.S15_AXI_ACLK_RATIO {1:1} \
  CONFIG.S15_AXI_ARB_PRIORITY {0} \
  CONFIG.S15_AXI_DATA_WIDTH {32} \
  CONFIG.S15_AXI_IS_ACLK_ASYNC {0} \
  CONFIG.S15_AXI_READ_ACCEPTANCE {1} \
  CONFIG.S15_AXI_READ_FIFO_DELAY {0} \
  CONFIG.S15_AXI_READ_FIFO_DEPTH {0} \
  CONFIG.S15_AXI_READ_WRITE_SUPPORT {READ/WRITE} \
  CONFIG.S15_AXI_REGISTER {0} \
  CONFIG.S15_AXI_WRITE_ACCEPTANCE {1} \
  CONFIG.S15_AXI_WRITE_FIFO_DELAY {0} \
  CONFIG.S15_AXI_WRITE_FIFO_DEPTH {0} \
  CONFIG.SYNCHRONIZATION_STAGES {3} \
  CONFIG.THREAD_ID_WIDTH {4} " [get_ips axi_interconnect_0]


