

================================================================
== Vitis HLS Report for 'AXIvideo2MultiPixStream_Pipeline_loop_width'
================================================================
* Date:           Tue Aug 19 22:11:02 2025

* Version:        2023.2 (Build 4023990 on Oct 11 2023)
* Project:        prj
* Solution:       sol (Vivado IP Flow Target)
* Product family: artix7
* Target device:  xc7a200t-fbg676-2


================================================================
== Performance Estimates
================================================================
+ Timing: 
    * Summary: 
    +--------+---------+----------+------------+
    |  Clock |  Target | Estimated| Uncertainty|
    +--------+---------+----------+------------+
    |ap_clk  |  6.67 ns|  5.412 ns|     1.80 ns|
    +--------+---------+----------+------------+

+ Latency: 
    * Summary: 
    +---------+---------+-----------+-----------+-----+------+---------+
    |  Latency (cycles) |   Latency (absolute)  |  Interval  | Pipeline|
    |   min   |   max   |    min    |    max    | min |  max |   Type  |
    +---------+---------+-----------+-----------+-----+------+---------+
    |        2|     1922|  13.334 ns|  12.814 us|    2|  1922|       no|
    +---------+---------+-----------+-----------+-----+------+---------+

    + Detail: 
        * Instance: 
        N/A

        * Loop: 
        +--------------+---------+---------+----------+-----------+-----------+----------+----------+
        |              |  Latency (cycles) | Iteration|  Initiation Interval  |   Trip   |          |
        |   Loop Name  |   min   |   max   |  Latency |  achieved |   target  |   Count  | Pipelined|
        +--------------+---------+---------+----------+-----------+-----------+----------+----------+
        |- loop_width  |        0|     1920|         2|          1|          1|  0 ~ 1920|       yes|
        +--------------+---------+---------+----------+-----------+-----------+----------+----------+

============================================================
+ Verbose Summary: Synthesis Manager
============================================================
InlineROM: 1
ExposeGlobal: 0
============================================================
+ Verbose Summary: CDFG Model
============================================================
IsTopModel: 0
ResetActiveHigh: 1
IsCombinational: 0
IsDatapathOnly: 0
HasWiredReturn: 1
HasMFsm: 2
HasVarLatency: 1
IsPipeline: 0
IsRtlPipelined: 0
IsInstanceOverlapped: 0
IsDontTouch: 0
HasImplIP: 0
IsGatedGlobalClock: 0

+ Individual pipeline summary: 
  * Pipeline-0: initiation interval (II) = 1, depth = 2


============================================================
+ Verbose Summary: Schedule
============================================================
* Number of FSM states : 2
* Pipeline : 1
  Pipeline-0 : II = 1, D = 2, States = { 1 2 }
* Dataflow Pipeline: 0

* FSM state transitions: 
1 --> 2 
2 --> 

* FSM state operations: 

State 1 <SV = 0> <Delay = 5.41>
ST_1 : Operation 5 [1/1] (0.00ns)   --->   "%j = alloca i32 1" [C:/Users/XF/Desktop/chiplabdemo/chiplab/fpga/loongson/2023.2/system_run.runs/v_frmbuf_wr_0_synth_1/prj/sol/.autopilot/db/v_frmbuf_wr.cpp:257]   --->   Operation 5 'alloca' 'j' <Predicate = true> <Delay = 0.00>
ST_1 : Operation 6 [1/1] (0.00ns)   --->   "%axi_data = alloca i32 1" [C:/Users/XF/Desktop/chiplabdemo/chiplab/fpga/loongson/2023.2/system_run.runs/v_frmbuf_wr_0_synth_1/prj/sol/.autopilot/db/v_frmbuf_wr.cpp:226]   --->   Operation 6 'alloca' 'axi_data' <Predicate = true> <Delay = 0.00>
ST_1 : Operation 7 [1/1] (0.00ns)   --->   "%axi_last = alloca i32 1" [C:/Users/XF/Desktop/chiplabdemo/chiplab/fpga/loongson/2023.2/system_run.runs/v_frmbuf_wr_0_synth_1/prj/sol/.autopilot/db/v_frmbuf_wr.cpp:226]   --->   Operation 7 'alloca' 'axi_last' <Predicate = true> <Delay = 0.00>
ST_1 : Operation 8 [1/1] (0.00ns)   --->   "%colorFormat_val_read = read i3 @_ssdm_op_Read.ap_auto.i3, i3 %colorFormat_val"   --->   Operation 8 'read' 'colorFormat_val_read' <Predicate = true> <Delay = 0.00>
ST_1 : Operation 9 [1/1] (0.00ns)   --->   "%colorFormat_val_cast_read = read i3 @_ssdm_op_Read.ap_auto.i3, i3 %colorFormat_val_cast"   --->   Operation 9 'read' 'colorFormat_val_cast_read' <Predicate = true> <Delay = 0.00>
ST_1 : Operation 10 [1/1] (0.00ns)   --->   "%cond_read = read i1 @_ssdm_op_Read.ap_auto.i1, i1 %cond"   --->   Operation 10 'read' 'cond_read' <Predicate = true> <Delay = 0.00>
ST_1 : Operation 11 [1/1] (0.00ns)   --->   "%trunc_ln_read = read i11 @_ssdm_op_Read.ap_auto.i11, i11 %trunc_ln"   --->   Operation 11 'read' 'trunc_ln_read' <Predicate = true> <Delay = 0.00>
ST_1 : Operation 12 [1/1] (0.00ns)   --->   "%axi_data_2_read = read i48 @_ssdm_op_Read.ap_auto.i48, i48 %axi_data_2"   --->   Operation 12 'read' 'axi_data_2_read' <Predicate = true> <Delay = 0.00>
ST_1 : Operation 13 [1/1] (0.00ns)   --->   "%axi_last_2_read = read i1 @_ssdm_op_Read.ap_auto.i1, i1 %axi_last_2"   --->   Operation 13 'read' 'axi_last_2_read' <Predicate = true> <Delay = 0.00>
ST_1 : Operation 14 [1/1] (0.00ns)   --->   "%sof_2_read = read i1 @_ssdm_op_Read.ap_auto.i1, i1 %sof_2"   --->   Operation 14 'read' 'sof_2_read' <Predicate = true> <Delay = 0.00>
ST_1 : Operation 15 [1/1] (0.00ns)   --->   "%colorFormat_val_cast_cast = zext i3 %colorFormat_val_cast_read"   --->   Operation 15 'zext' 'colorFormat_val_cast_cast' <Predicate = true> <Delay = 0.00>
ST_1 : Operation 16 [1/1] (0.00ns)   --->   "%specaxissidechannel_ln0 = specaxissidechannel void @_ssdm_op_SpecAXISSideChannel, i48 %s_axis_video_V_data_V, i6 %s_axis_video_V_keep_V, i6 %s_axis_video_V_strb_V, i1 %s_axis_video_V_user_V, i1 %s_axis_video_V_last_V, i1 %s_axis_video_V_id_V, i1 %s_axis_video_V_dest_V, void @empty_5"   --->   Operation 16 'specaxissidechannel' 'specaxissidechannel_ln0' <Predicate = true> <Delay = 0.00>
ST_1 : Operation 17 [1/1] (0.00ns)   --->   "%specinterface_ln0 = specinterface void @_ssdm_op_SpecInterface, i1 %s_axis_video_V_dest_V, void @empty_3, i32 0, i32 0, void @empty_4, i32 0, i32 0, void @empty_16, void @empty_16, void @empty_16, i32 0, i32 0, i32 0, i32 0, void @empty_16, void @empty_16, i32 4294967295, i32 0"   --->   Operation 17 'specinterface' 'specinterface_ln0' <Predicate = true> <Delay = 0.00>
ST_1 : Operation 18 [1/1] (0.00ns)   --->   "%specinterface_ln0 = specinterface void @_ssdm_op_SpecInterface, i1 %s_axis_video_V_id_V, void @empty_3, i32 0, i32 0, void @empty_4, i32 0, i32 0, void @empty_16, void @empty_16, void @empty_16, i32 0, i32 0, i32 0, i32 0, void @empty_16, void @empty_16, i32 4294967295, i32 0"   --->   Operation 18 'specinterface' 'specinterface_ln0' <Predicate = true> <Delay = 0.00>
ST_1 : Operation 19 [1/1] (0.00ns)   --->   "%specinterface_ln0 = specinterface void @_ssdm_op_SpecInterface, i1 %s_axis_video_V_last_V, void @empty_3, i32 0, i32 0, void @empty_4, i32 0, i32 0, void @empty_16, void @empty_16, void @empty_16, i32 0, i32 0, i32 0, i32 0, void @empty_16, void @empty_16, i32 4294967295, i32 0"   --->   Operation 19 'specinterface' 'specinterface_ln0' <Predicate = true> <Delay = 0.00>
ST_1 : Operation 20 [1/1] (0.00ns)   --->   "%specinterface_ln0 = specinterface void @_ssdm_op_SpecInterface, i1 %s_axis_video_V_user_V, void @empty_3, i32 0, i32 0, void @empty_4, i32 0, i32 0, void @empty_16, void @empty_16, void @empty_16, i32 0, i32 0, i32 0, i32 0, void @empty_16, void @empty_16, i32 4294967295, i32 0"   --->   Operation 20 'specinterface' 'specinterface_ln0' <Predicate = true> <Delay = 0.00>
ST_1 : Operation 21 [1/1] (0.00ns)   --->   "%specinterface_ln0 = specinterface void @_ssdm_op_SpecInterface, i6 %s_axis_video_V_strb_V, void @empty_3, i32 0, i32 0, void @empty_4, i32 0, i32 0, void @empty_16, void @empty_16, void @empty_16, i32 0, i32 0, i32 0, i32 0, void @empty_16, void @empty_16, i32 4294967295, i32 0"   --->   Operation 21 'specinterface' 'specinterface_ln0' <Predicate = true> <Delay = 0.00>
ST_1 : Operation 22 [1/1] (0.00ns)   --->   "%specinterface_ln0 = specinterface void @_ssdm_op_SpecInterface, i6 %s_axis_video_V_keep_V, void @empty_3, i32 0, i32 0, void @empty_4, i32 0, i32 0, void @empty_16, void @empty_16, void @empty_16, i32 0, i32 0, i32 0, i32 0, void @empty_16, void @empty_16, i32 4294967295, i32 0"   --->   Operation 22 'specinterface' 'specinterface_ln0' <Predicate = true> <Delay = 0.00>
ST_1 : Operation 23 [1/1] (0.00ns)   --->   "%specinterface_ln0 = specinterface void @_ssdm_op_SpecInterface, i48 %s_axis_video_V_data_V, void @empty_3, i32 0, i32 0, void @empty_4, i32 0, i32 0, void @empty_16, void @empty_16, void @empty_16, i32 0, i32 0, i32 0, i32 0, void @empty_16, void @empty_16, i32 4294967295, i32 0"   --->   Operation 23 'specinterface' 'specinterface_ln0' <Predicate = true> <Delay = 0.00>
ST_1 : Operation 24 [1/1] (0.00ns)   --->   "%specinterface_ln0 = specinterface void @_ssdm_op_SpecInterface, i48 %img, void @empty_6, i32 0, i32 0, void @empty_16, i32 0, i32 0, void @empty_16, void @empty_16, void @empty_16, i32 0, i32 0, i32 0, i32 0, void @empty_16, void @empty_16, i32 4294967295, i32 0"   --->   Operation 24 'specinterface' 'specinterface_ln0' <Predicate = true> <Delay = 0.00>
ST_1 : Operation 25 [1/1] (1.32ns)   --->   "%store_ln226 = store i1 %axi_last_2_read, i1 %axi_last" [C:/Users/XF/Desktop/chiplabdemo/chiplab/fpga/loongson/2023.2/system_run.runs/v_frmbuf_wr_0_synth_1/prj/sol/.autopilot/db/v_frmbuf_wr.cpp:226]   --->   Operation 25 'store' 'store_ln226' <Predicate = true> <Delay = 1.32>
ST_1 : Operation 26 [1/1] (1.32ns)   --->   "%store_ln226 = store i48 %axi_data_2_read, i48 %axi_data" [C:/Users/XF/Desktop/chiplabdemo/chiplab/fpga/loongson/2023.2/system_run.runs/v_frmbuf_wr_0_synth_1/prj/sol/.autopilot/db/v_frmbuf_wr.cpp:226]   --->   Operation 26 'store' 'store_ln226' <Predicate = true> <Delay = 1.32>
ST_1 : Operation 27 [1/1] (1.32ns)   --->   "%store_ln257 = store i11 0, i11 %j" [C:/Users/XF/Desktop/chiplabdemo/chiplab/fpga/loongson/2023.2/system_run.runs/v_frmbuf_wr_0_synth_1/prj/sol/.autopilot/db/v_frmbuf_wr.cpp:257]   --->   Operation 27 'store' 'store_ln257' <Predicate = true> <Delay = 1.32>
ST_1 : Operation 28 [1/1] (1.32ns)   --->   "%br_ln0 = br void %for.body12"   --->   Operation 28 'br' 'br_ln0' <Predicate = true> <Delay = 1.32>
ST_1 : Operation 29 [1/1] (0.00ns)   --->   "%eol = phi i1 0, void %newFuncRoot, i1 %axi_last_4, void %if.end_ifconv"   --->   Operation 29 'phi' 'eol' <Predicate = true> <Delay = 0.00>
ST_1 : Operation 30 [1/1] (0.00ns)   --->   "%sof = phi i1 %sof_2_read, void %newFuncRoot, i1 0, void %if.end_ifconv"   --->   Operation 30 'phi' 'sof' <Predicate = true> <Delay = 0.00>
ST_1 : Operation 31 [1/1] (0.00ns)   --->   "%j_1 = load i11 %j" [C:/Users/XF/Desktop/chiplabdemo/chiplab/fpga/loongson/2023.2/system_run.runs/v_frmbuf_wr_0_synth_1/prj/sol/.autopilot/db/v_frmbuf_wr.cpp:257]   --->   Operation 31 'load' 'j_1' <Predicate = true> <Delay = 0.00>
ST_1 : Operation 32 [1/1] (0.00ns)   --->   "%speclooptripcount_ln0 = speclooptripcount void @_ssdm_op_SpecLoopTripCount, i64 0, i64 1920, i64 0"   --->   Operation 32 'speclooptripcount' 'speclooptripcount_ln0' <Predicate = true> <Delay = 0.00>
ST_1 : Operation 33 [1/1] (1.76ns)   --->   "%icmp_ln257 = icmp_eq  i11 %j_1, i11 %trunc_ln_read" [C:/Users/XF/Desktop/chiplabdemo/chiplab/fpga/loongson/2023.2/system_run.runs/v_frmbuf_wr_0_synth_1/prj/sol/.autopilot/db/v_frmbuf_wr.cpp:257]   --->   Operation 33 'icmp' 'icmp_ln257' <Predicate = true> <Delay = 1.76> <CoreInst = "Cmp">   --->   Core 9 'Cmp' <Latency = 0> <II = 1> <Delay = 1.76> <FuncUnit> <Opcode : 'icmp'> <InPorts = 2> <OutPorts = 1>
ST_1 : Operation 34 [1/1] (1.76ns)   --->   "%j_2 = add i11 %j_1, i11 1" [C:/Users/XF/Desktop/chiplabdemo/chiplab/fpga/loongson/2023.2/system_run.runs/v_frmbuf_wr_0_synth_1/prj/sol/.autopilot/db/v_frmbuf_wr.cpp:257]   --->   Operation 34 'add' 'j_2' <Predicate = true> <Delay = 1.76> <CoreInst = "Adder">   --->   Core 1 'Adder' <Latency = 0> <II = 1> <Delay = 1.76> <FuncUnit> <Opcode : 'add' 'sub'> <InPorts = 2> <OutPorts = 1>
ST_1 : Operation 35 [1/1] (0.00ns)   --->   "%br_ln257 = br i1 %icmp_ln257, void %for.body12.split, void %loop_wait_for_eol.loopexit.exitStub" [C:/Users/XF/Desktop/chiplabdemo/chiplab/fpga/loongson/2023.2/system_run.runs/v_frmbuf_wr_0_synth_1/prj/sol/.autopilot/db/v_frmbuf_wr.cpp:257]   --->   Operation 35 'br' 'br_ln257' <Predicate = true> <Delay = 0.00>
ST_1 : Operation 36 [1/1] (0.00ns)   --->   "%specpipeline_ln260 = specpipeline void @_ssdm_op_SpecPipeline, i32 1, i32 0, i32 0, i32 0, void @empty_16" [C:/Users/XF/Desktop/chiplabdemo/chiplab/fpga/loongson/2023.2/system_run.runs/v_frmbuf_wr_0_synth_1/prj/sol/.autopilot/db/v_frmbuf_wr.cpp:260]   --->   Operation 36 'specpipeline' 'specpipeline_ln260' <Predicate = (!icmp_ln257)> <Delay = 0.00>
ST_1 : Operation 37 [1/1] (0.00ns)   --->   "%specloopname_ln257 = specloopname void @_ssdm_op_SpecLoopName, void @empty_7" [C:/Users/XF/Desktop/chiplabdemo/chiplab/fpga/loongson/2023.2/system_run.runs/v_frmbuf_wr_0_synth_1/prj/sol/.autopilot/db/v_frmbuf_wr.cpp:257]   --->   Operation 37 'specloopname' 'specloopname_ln257' <Predicate = (!icmp_ln257)> <Delay = 0.00>
ST_1 : Operation 38 [1/1] (0.80ns)   --->   "%or_ln261 = or i1 %sof, i1 %eol" [C:/Users/XF/Desktop/chiplabdemo/chiplab/fpga/loongson/2023.2/system_run.runs/v_frmbuf_wr_0_synth_1/prj/sol/.autopilot/db/v_frmbuf_wr.cpp:261]   --->   Operation 38 'or' 'or_ln261' <Predicate = (!icmp_ln257)> <Delay = 0.80> <CoreInst = "LogicGate">   --->   Core 74 'LogicGate' <Latency = 0> <II = 1> <Delay = 0.80> <FuncUnit> <Opcode : 'and' 'or' 'xor'> <InPorts = 2> <OutPorts = 1>
ST_1 : Operation 39 [1/1] (0.00ns)   --->   "%br_ln261 = br i1 %or_ln261, void %if.else, void %if.end_ifconv" [C:/Users/XF/Desktop/chiplabdemo/chiplab/fpga/loongson/2023.2/system_run.runs/v_frmbuf_wr_0_synth_1/prj/sol/.autopilot/db/v_frmbuf_wr.cpp:261]   --->   Operation 39 'br' 'br_ln261' <Predicate = (!icmp_ln257)> <Delay = 0.00>
ST_1 : Operation 40 [1/1] (1.00ns)   --->   "%empty = read i64 @_ssdm_op_Read.axis.volatile.i48P0A.i6P0A.i6P0A.i1P0A.i1P0A.i1P0A.i1P0A, i48 %s_axis_video_V_data_V, i6 %s_axis_video_V_keep_V, i6 %s_axis_video_V_strb_V, i1 %s_axis_video_V_user_V, i1 %s_axis_video_V_last_V, i1 %s_axis_video_V_id_V, i1 %s_axis_video_V_dest_V" [C:/Users/XF/Desktop/chiplabdemo/chiplab/fpga/loongson/2023.2/system_run.runs/v_frmbuf_wr_0_synth_1/prj/sol/.autopilot/db/v_frmbuf_wr.cpp:268]   --->   Operation 40 'read' 'empty' <Predicate = (!icmp_ln257 & !or_ln261)> <Delay = 1.00> <CoreInst = "axis">   --->   Core 115 'axis' <Latency = 0> <II = 1> <Delay = 1.00> <Adapter> <Opcode : >
ST_1 : Operation 41 [1/1] (0.00ns)   --->   "%axi_data_1 = extractvalue i64 %empty" [C:/Users/XF/Desktop/chiplabdemo/chiplab/fpga/loongson/2023.2/system_run.runs/v_frmbuf_wr_0_synth_1/prj/sol/.autopilot/db/v_frmbuf_wr.cpp:268]   --->   Operation 41 'extractvalue' 'axi_data_1' <Predicate = (!icmp_ln257 & !or_ln261)> <Delay = 0.00>
ST_1 : Operation 42 [1/1] (0.00ns)   --->   "%axi_last_5 = extractvalue i64 %empty" [C:/Users/XF/Desktop/chiplabdemo/chiplab/fpga/loongson/2023.2/system_run.runs/v_frmbuf_wr_0_synth_1/prj/sol/.autopilot/db/v_frmbuf_wr.cpp:268]   --->   Operation 42 'extractvalue' 'axi_last_5' <Predicate = (!icmp_ln257 & !or_ln261)> <Delay = 0.00>
ST_1 : Operation 43 [1/1] (1.32ns)   --->   "%store_ln226 = store i1 %axi_last_5, i1 %axi_last" [C:/Users/XF/Desktop/chiplabdemo/chiplab/fpga/loongson/2023.2/system_run.runs/v_frmbuf_wr_0_synth_1/prj/sol/.autopilot/db/v_frmbuf_wr.cpp:226]   --->   Operation 43 'store' 'store_ln226' <Predicate = (!icmp_ln257 & !or_ln261)> <Delay = 1.32>
ST_1 : Operation 44 [1/1] (1.32ns)   --->   "%store_ln226 = store i48 %axi_data_1, i48 %axi_data" [C:/Users/XF/Desktop/chiplabdemo/chiplab/fpga/loongson/2023.2/system_run.runs/v_frmbuf_wr_0_synth_1/prj/sol/.autopilot/db/v_frmbuf_wr.cpp:226]   --->   Operation 44 'store' 'store_ln226' <Predicate = (!icmp_ln257 & !or_ln261)> <Delay = 1.32>
ST_1 : Operation 45 [1/1] (0.00ns)   --->   "%br_ln0 = br void %if.end_ifconv"   --->   Operation 45 'br' 'br_ln0' <Predicate = (!icmp_ln257 & !or_ln261)> <Delay = 0.00>
ST_1 : Operation 46 [1/1] (1.32ns)   --->   "%store_ln257 = store i11 %j_2, i11 %j" [C:/Users/XF/Desktop/chiplabdemo/chiplab/fpga/loongson/2023.2/system_run.runs/v_frmbuf_wr_0_synth_1/prj/sol/.autopilot/db/v_frmbuf_wr.cpp:257]   --->   Operation 46 'store' 'store_ln257' <Predicate = (!icmp_ln257)> <Delay = 1.32>
ST_1 : Operation 47 [1/1] (0.00ns)   --->   "%br_ln257 = br void %for.body12" [C:/Users/XF/Desktop/chiplabdemo/chiplab/fpga/loongson/2023.2/system_run.runs/v_frmbuf_wr_0_synth_1/prj/sol/.autopilot/db/v_frmbuf_wr.cpp:257]   --->   Operation 47 'br' 'br_ln257' <Predicate = (!icmp_ln257)> <Delay = 0.00>
ST_1 : Operation 65 [1/1] (0.00ns)   --->   "%axi_data_load = load i48 %axi_data"   --->   Operation 65 'load' 'axi_data_load' <Predicate = (icmp_ln257)> <Delay = 0.00>
ST_1 : Operation 66 [1/1] (0.00ns)   --->   "%write_ln0 = write void @_ssdm_op_Write.ap_auto.i1P0A, i1 %eol_out, i1 %eol"   --->   Operation 66 'write' 'write_ln0' <Predicate = (icmp_ln257)> <Delay = 0.00>
ST_1 : Operation 67 [1/1] (0.00ns)   --->   "%write_ln0 = write void @_ssdm_op_Write.ap_auto.i48P0A, i48 %axi_data_3_out, i48 %axi_data_load"   --->   Operation 67 'write' 'write_ln0' <Predicate = (icmp_ln257)> <Delay = 0.00>
ST_1 : Operation 68 [1/1] (0.00ns)   --->   "%ret_ln0 = ret"   --->   Operation 68 'ret' 'ret_ln0' <Predicate = (icmp_ln257)> <Delay = 0.00>

State 2 <SV = 1> <Delay = 4.85>
ST_2 : Operation 48 [1/1] (0.00ns)   --->   "%axi_data_4 = load i48 %axi_data" [C:/Users/XF/Desktop/chiplabdemo/chiplab/fpga/loongson/2023.2/system_run.runs/v_frmbuf_wr_0_synth_1/c_files/src/hls/hls_axi_io.h:63->C:/Users/XF/Desktop/chiplabdemo/chiplab/fpga/loongson/2023.2/system_run.runs/v_frmbuf_wr_0_synth_1/c_files/src/hls/hls_axi_io.h:85->C:/Users/XF/Desktop/chiplabdemo/chiplab/fpga/loongson/2023.2/system_run.runs/v_frmbuf_wr_0_synth_1/prj/sol/.autopilot/db/v_frmbuf_wr.cpp:288]   --->   Operation 48 'load' 'axi_data_4' <Predicate = (!icmp_ln257)> <Delay = 0.00>
ST_2 : Operation 49 [1/1] (0.00ns)   --->   "%axi_last_4 = load i1 %axi_last"   --->   Operation 49 'load' 'axi_last_4' <Predicate = (!icmp_ln257)> <Delay = 0.00>
ST_2 : Operation 50 [1/1] (0.00ns)   --->   "%tmp_s = partselect i8 @_ssdm_op_PartSelect.i8.i48.i32.i32, i48 %axi_data_4, i32 16, i32 23" [C:/Users/XF/Desktop/chiplabdemo/chiplab/fpga/loongson/2023.2/system_run.runs/v_frmbuf_wr_0_synth_1/c_files/src/hls/hls_axi_io.h:63->C:/Users/XF/Desktop/chiplabdemo/chiplab/fpga/loongson/2023.2/system_run.runs/v_frmbuf_wr_0_synth_1/c_files/src/hls/hls_axi_io.h:85->C:/Users/XF/Desktop/chiplabdemo/chiplab/fpga/loongson/2023.2/system_run.runs/v_frmbuf_wr_0_synth_1/prj/sol/.autopilot/db/v_frmbuf_wr.cpp:287]   --->   Operation 50 'partselect' 'tmp_s' <Predicate = (!icmp_ln257)> <Delay = 0.00>
ST_2 : Operation 51 [1/1] (0.00ns)   --->   "%trunc_ln63 = trunc i48 %axi_data_4" [C:/Users/XF/Desktop/chiplabdemo/chiplab/fpga/loongson/2023.2/system_run.runs/v_frmbuf_wr_0_synth_1/c_files/src/hls/hls_axi_io.h:63->C:/Users/XF/Desktop/chiplabdemo/chiplab/fpga/loongson/2023.2/system_run.runs/v_frmbuf_wr_0_synth_1/c_files/src/hls/hls_axi_io.h:85->C:/Users/XF/Desktop/chiplabdemo/chiplab/fpga/loongson/2023.2/system_run.runs/v_frmbuf_wr_0_synth_1/prj/sol/.autopilot/db/v_frmbuf_wr.cpp:288]   --->   Operation 51 'trunc' 'trunc_ln63' <Predicate = (!icmp_ln257)> <Delay = 0.00>
ST_2 : Operation 52 [1/1] (1.07ns)   --->   "%select_ln290 = select i1 %cond_read, i8 %tmp_s, i8 %trunc_ln63" [C:/Users/XF/Desktop/chiplabdemo/chiplab/fpga/loongson/2023.2/system_run.runs/v_frmbuf_wr_0_synth_1/prj/sol/.autopilot/db/v_frmbuf_wr.cpp:290]   --->   Operation 52 'select' 'select_ln290' <Predicate = (!icmp_ln257)> <Delay = 1.07> <CoreInst = "Sel">   --->   Core 73 'Sel' <Latency = 0> <II = 1> <Delay = 1.07> <FuncUnit> <Opcode : 'select'> <InPorts = 3> <OutPorts = 1>
ST_2 : Operation 53 [1/1] (0.00ns)   --->   "%tmp_2 = partselect i8 @_ssdm_op_PartSelect.i8.i48.i32.i32, i48 %axi_data_4, i32 8, i32 15" [C:/Users/XF/Desktop/chiplabdemo/chiplab/fpga/loongson/2023.2/system_run.runs/v_frmbuf_wr_0_synth_1/c_files/src/hls/hls_axi_io.h:63->C:/Users/XF/Desktop/chiplabdemo/chiplab/fpga/loongson/2023.2/system_run.runs/v_frmbuf_wr_0_synth_1/c_files/src/hls/hls_axi_io.h:85->C:/Users/XF/Desktop/chiplabdemo/chiplab/fpga/loongson/2023.2/system_run.runs/v_frmbuf_wr_0_synth_1/prj/sol/.autopilot/db/v_frmbuf_wr.cpp:288]   --->   Operation 53 'partselect' 'tmp_2' <Predicate = (!icmp_ln257)> <Delay = 0.00>
ST_2 : Operation 54 [1/1] (1.07ns)   --->   "%select_ln290_1 = select i1 %cond_read, i8 %trunc_ln63, i8 %tmp_2" [C:/Users/XF/Desktop/chiplabdemo/chiplab/fpga/loongson/2023.2/system_run.runs/v_frmbuf_wr_0_synth_1/prj/sol/.autopilot/db/v_frmbuf_wr.cpp:290]   --->   Operation 54 'select' 'select_ln290_1' <Predicate = (!icmp_ln257)> <Delay = 1.07> <CoreInst = "Sel">   --->   Core 73 'Sel' <Latency = 0> <II = 1> <Delay = 1.07> <FuncUnit> <Opcode : 'select'> <InPorts = 3> <OutPorts = 1>
ST_2 : Operation 55 [1/1] (1.07ns)   --->   "%select_ln290_2 = select i1 %cond_read, i8 %tmp_2, i8 %tmp_s" [C:/Users/XF/Desktop/chiplabdemo/chiplab/fpga/loongson/2023.2/system_run.runs/v_frmbuf_wr_0_synth_1/prj/sol/.autopilot/db/v_frmbuf_wr.cpp:290]   --->   Operation 55 'select' 'select_ln290_2' <Predicate = (!icmp_ln257)> <Delay = 1.07> <CoreInst = "Sel">   --->   Core 73 'Sel' <Latency = 0> <II = 1> <Delay = 1.07> <FuncUnit> <Opcode : 'select'> <InPorts = 3> <OutPorts = 1>
ST_2 : Operation 56 [1/1] (0.00ns)   --->   "%tmp_3 = partselect i8 @_ssdm_op_PartSelect.i8.i48.i32.i32, i48 %axi_data_4, i32 40, i32 47" [C:/Users/XF/Desktop/chiplabdemo/chiplab/fpga/loongson/2023.2/system_run.runs/v_frmbuf_wr_0_synth_1/c_files/src/hls/hls_axi_io.h:63->C:/Users/XF/Desktop/chiplabdemo/chiplab/fpga/loongson/2023.2/system_run.runs/v_frmbuf_wr_0_synth_1/c_files/src/hls/hls_axi_io.h:85->C:/Users/XF/Desktop/chiplabdemo/chiplab/fpga/loongson/2023.2/system_run.runs/v_frmbuf_wr_0_synth_1/prj/sol/.autopilot/db/v_frmbuf_wr.cpp:287]   --->   Operation 56 'partselect' 'tmp_3' <Predicate = (!icmp_ln257)> <Delay = 0.00>
ST_2 : Operation 57 [1/1] (0.00ns)   --->   "%tmp_4 = partselect i8 @_ssdm_op_PartSelect.i8.i48.i32.i32, i48 %axi_data_4, i32 24, i32 31" [C:/Users/XF/Desktop/chiplabdemo/chiplab/fpga/loongson/2023.2/system_run.runs/v_frmbuf_wr_0_synth_1/c_files/src/hls/hls_axi_io.h:63->C:/Users/XF/Desktop/chiplabdemo/chiplab/fpga/loongson/2023.2/system_run.runs/v_frmbuf_wr_0_synth_1/c_files/src/hls/hls_axi_io.h:85->C:/Users/XF/Desktop/chiplabdemo/chiplab/fpga/loongson/2023.2/system_run.runs/v_frmbuf_wr_0_synth_1/prj/sol/.autopilot/db/v_frmbuf_wr.cpp:288]   --->   Operation 57 'partselect' 'tmp_4' <Predicate = (!icmp_ln257)> <Delay = 0.00>
ST_2 : Operation 58 [1/1] (1.32ns)   --->   "%tmp_1 = sparsemux i8 @_ssdm_op_SparseMux.ap_auto.2i8.i8.i8, i8 0, i8 %tmp_3, i8 1, i8 %tmp_4, i8 %tmp_s, i8 %colorFormat_val_cast_cast" [C:/Users/XF/Desktop/chiplabdemo/chiplab/fpga/loongson/2023.2/system_run.runs/v_frmbuf_wr_0_synth_1/c_files/src/hls/hls_axi_io.h:63->C:/Users/XF/Desktop/chiplabdemo/chiplab/fpga/loongson/2023.2/system_run.runs/v_frmbuf_wr_0_synth_1/c_files/src/hls/hls_axi_io.h:85->C:/Users/XF/Desktop/chiplabdemo/chiplab/fpga/loongson/2023.2/system_run.runs/v_frmbuf_wr_0_synth_1/prj/sol/.autopilot/db/v_frmbuf_wr.cpp:287]   --->   Operation 58 'sparsemux' 'tmp_1' <Predicate = (!icmp_ln257)> <Delay = 1.32> <CoreInst = "SparseMux">   --->   Core 135 'SparseMux' <Latency = 0> <II = 1> <Delay = 1.32> <FuncUnit> <Opcode : 'sparsemux'> <InPorts = 2> <OutPorts = 1>
ST_2 : Operation 59 [1/1] (0.00ns)   --->   "%tmp_5 = partselect i8 @_ssdm_op_PartSelect.i8.i48.i32.i32, i48 %axi_data_4, i32 32, i32 39" [C:/Users/XF/Desktop/chiplabdemo/chiplab/fpga/loongson/2023.2/system_run.runs/v_frmbuf_wr_0_synth_1/c_files/src/hls/hls_axi_io.h:63->C:/Users/XF/Desktop/chiplabdemo/chiplab/fpga/loongson/2023.2/system_run.runs/v_frmbuf_wr_0_synth_1/c_files/src/hls/hls_axi_io.h:85->C:/Users/XF/Desktop/chiplabdemo/chiplab/fpga/loongson/2023.2/system_run.runs/v_frmbuf_wr_0_synth_1/prj/sol/.autopilot/db/v_frmbuf_wr.cpp:288]   --->   Operation 59 'partselect' 'tmp_5' <Predicate = (!icmp_ln257)> <Delay = 0.00>
ST_2 : Operation 60 [1/1] (1.34ns)   --->   "%icmp_ln290 = icmp_eq  i3 %colorFormat_val_read, i3 1" [C:/Users/XF/Desktop/chiplabdemo/chiplab/fpga/loongson/2023.2/system_run.runs/v_frmbuf_wr_0_synth_1/prj/sol/.autopilot/db/v_frmbuf_wr.cpp:290]   --->   Operation 60 'icmp' 'icmp_ln290' <Predicate = (!icmp_ln257)> <Delay = 1.34> <CoreInst = "Cmp">   --->   Core 9 'Cmp' <Latency = 0> <II = 1> <Delay = 1.34> <FuncUnit> <Opcode : 'icmp'> <InPorts = 2> <OutPorts = 1>
ST_2 : Operation 61 [1/1] (1.07ns)   --->   "%select_ln290_3 = select i1 %icmp_ln290, i8 %tmp_5, i8 %tmp_4" [C:/Users/XF/Desktop/chiplabdemo/chiplab/fpga/loongson/2023.2/system_run.runs/v_frmbuf_wr_0_synth_1/prj/sol/.autopilot/db/v_frmbuf_wr.cpp:290]   --->   Operation 61 'select' 'select_ln290_3' <Predicate = (!icmp_ln257)> <Delay = 1.07> <CoreInst = "Sel">   --->   Core 73 'Sel' <Latency = 0> <II = 1> <Delay = 1.07> <FuncUnit> <Opcode : 'select'> <InPorts = 3> <OutPorts = 1>
ST_2 : Operation 62 [1/1] (1.07ns)   --->   "%select_ln290_4 = select i1 %icmp_ln290, i8 %tmp_3, i8 %tmp_5" [C:/Users/XF/Desktop/chiplabdemo/chiplab/fpga/loongson/2023.2/system_run.runs/v_frmbuf_wr_0_synth_1/prj/sol/.autopilot/db/v_frmbuf_wr.cpp:290]   --->   Operation 62 'select' 'select_ln290_4' <Predicate = (!icmp_ln257)> <Delay = 1.07> <CoreInst = "Sel">   --->   Core 73 'Sel' <Latency = 0> <II = 1> <Delay = 1.07> <FuncUnit> <Opcode : 'select'> <InPorts = 3> <OutPorts = 1>
ST_2 : Operation 63 [1/1] (0.00ns)   --->   "%p_0 = bitconcatenate i48 @_ssdm_op_BitConcatenate.i48.i8.i8.i8.i8.i8.i8, i8 %select_ln290_4, i8 %select_ln290_3, i8 %tmp_1, i8 %select_ln290_2, i8 %select_ln290_1, i8 %select_ln290" [C:/Users/XF/Desktop/chiplabdemo/chiplab/fpga/loongson/2023.2/system_run.runs/v_frmbuf_wr_0_synth_1/prj/sol/.autopilot/db/v_frmbuf_wr.cpp:303]   --->   Operation 63 'bitconcatenate' 'p_0' <Predicate = (!icmp_ln257)> <Delay = 0.00>
ST_2 : Operation 64 [1/1] (2.43ns)   --->   "%write_ln303 = write void @_ssdm_op_Write.ap_fifo.volatile.i48P0A, i48 %img, i48 %p_0" [C:/Users/XF/Desktop/chiplabdemo/chiplab/fpga/loongson/2023.2/system_run.runs/v_frmbuf_wr_0_synth_1/prj/sol/.autopilot/db/v_frmbuf_wr.cpp:303]   --->   Operation 64 'write' 'write_ln303' <Predicate = (!icmp_ln257)> <Delay = 2.43> <CoreInst = "FIFO_SRL">   --->   Core 81 'FIFO_SRL' <Latency = 0> <II = 1> <Delay = 3.18> <Storage> <Opcode : 'read' 'write' 'nbread' 'nbwrite'> <Ports = 0> <Width = 48> <Depth = 2> <FIFO>


============================================================
+ Verbose Summary: Binding
============================================================
STG Binding: 
---------------- STG Properties BEGIN ----------------
- Is combinational: 0
- Is one-state seq: 0
- Is datapath-only: 0
- Is pipelined: 0
- Is top level: 0
Port [ Return ] is wired: 1; IO mode=ap_ctrl_hs:ce=0
Port [ sof_2]:  wired=1; compound=0; hidden=0; nouse=0; global=0; static=0; extern=0; dir=0; type=0; pingpong=0; private_global=0; IO mode=ap_none:ce=0
Port [ axi_last_2]:  wired=1; compound=0; hidden=0; nouse=0; global=0; static=0; extern=0; dir=0; type=0; pingpong=0; private_global=0; IO mode=ap_none:ce=0
Port [ axi_data_2]:  wired=1; compound=0; hidden=0; nouse=0; global=0; static=0; extern=0; dir=0; type=0; pingpong=0; private_global=0; IO mode=ap_none:ce=0
Port [ trunc_ln]:  wired=1; compound=0; hidden=0; nouse=0; global=0; static=0; extern=0; dir=0; type=0; pingpong=0; private_global=0; IO mode=ap_none:ce=0
Port [ cond]:  wired=1; compound=0; hidden=0; nouse=0; global=0; static=0; extern=0; dir=0; type=0; pingpong=0; private_global=0; IO mode=ap_none:ce=0
Port [ colorFormat_val_cast]:  wired=1; compound=0; hidden=0; nouse=0; global=0; static=0; extern=0; dir=0; type=0; pingpong=0; private_global=0; IO mode=ap_none:ce=0
Port [ colorFormat_val]:  wired=1; compound=0; hidden=0; nouse=0; global=0; static=0; extern=0; dir=0; type=0; pingpong=0; private_global=0; IO mode=ap_none:ce=0
Port [ img]:  wired=1; compound=1; hidden=0; nouse=0; global=0; static=0; extern=0; dir=1; type=3; pingpong=0; private_global=0; IO mode=ap_fifo:ce=0
Port [ s_axis_video_V_data_V]:  wired=1; compound=1; hidden=0; nouse=0; global=0; static=0; extern=0; dir=0; type=0; pingpong=0; private_global=0; IO mode=axis:ce=0
Port [ s_axis_video_V_keep_V]:  wired=1; compound=1; hidden=0; nouse=0; global=0; static=0; extern=0; dir=0; type=0; pingpong=0; private_global=0; IO mode=axis:ce=0
Port [ s_axis_video_V_strb_V]:  wired=1; compound=1; hidden=0; nouse=0; global=0; static=0; extern=0; dir=0; type=0; pingpong=0; private_global=0; IO mode=axis:ce=0
Port [ s_axis_video_V_user_V]:  wired=1; compound=1; hidden=0; nouse=0; global=0; static=0; extern=0; dir=0; type=0; pingpong=0; private_global=0; IO mode=axis:ce=0
Port [ s_axis_video_V_last_V]:  wired=1; compound=1; hidden=0; nouse=0; global=0; static=0; extern=0; dir=0; type=0; pingpong=0; private_global=0; IO mode=axis:ce=0
Port [ s_axis_video_V_id_V]:  wired=1; compound=1; hidden=0; nouse=0; global=0; static=0; extern=0; dir=0; type=0; pingpong=0; private_global=0; IO mode=axis:ce=0
Port [ s_axis_video_V_dest_V]:  wired=1; compound=1; hidden=0; nouse=0; global=0; static=0; extern=0; dir=0; type=0; pingpong=0; private_global=0; IO mode=axis:ce=0
Port [ eol_out]:  wired=1; compound=0; hidden=0; nouse=0; global=0; static=0; extern=0; dir=1; type=0; pingpong=0; private_global=0; IO mode=ap_vld:ce=0
Port [ axi_data_3_out]:  wired=1; compound=0; hidden=0; nouse=0; global=0; static=0; extern=0; dir=1; type=0; pingpong=0; private_global=0; IO mode=ap_vld:ce=0
---------------- STG Properties END ------------------

---------------- Datapath Model BEGIN ----------------

<LifeTime>
<method=bitvector/>
j                         (alloca             ) [ 010]
axi_data                  (alloca             ) [ 011]
axi_last                  (alloca             ) [ 011]
colorFormat_val_read      (read               ) [ 011]
colorFormat_val_cast_read (read               ) [ 000]
cond_read                 (read               ) [ 011]
trunc_ln_read             (read               ) [ 000]
axi_data_2_read           (read               ) [ 000]
axi_last_2_read           (read               ) [ 000]
sof_2_read                (read               ) [ 000]
colorFormat_val_cast_cast (zext               ) [ 011]
specaxissidechannel_ln0   (specaxissidechannel) [ 000]
specinterface_ln0         (specinterface      ) [ 000]
specinterface_ln0         (specinterface      ) [ 000]
specinterface_ln0         (specinterface      ) [ 000]
specinterface_ln0         (specinterface      ) [ 000]
specinterface_ln0         (specinterface      ) [ 000]
specinterface_ln0         (specinterface      ) [ 000]
specinterface_ln0         (specinterface      ) [ 000]
specinterface_ln0         (specinterface      ) [ 000]
store_ln226               (store              ) [ 000]
store_ln226               (store              ) [ 000]
store_ln257               (store              ) [ 000]
br_ln0                    (br                 ) [ 000]
eol                       (phi                ) [ 010]
sof                       (phi                ) [ 010]
j_1                       (load               ) [ 000]
speclooptripcount_ln0     (speclooptripcount  ) [ 000]
icmp_ln257                (icmp               ) [ 011]
j_2                       (add                ) [ 000]
br_ln257                  (br                 ) [ 000]
specpipeline_ln260        (specpipeline       ) [ 000]
specloopname_ln257        (specloopname       ) [ 000]
or_ln261                  (or                 ) [ 010]
br_ln261                  (br                 ) [ 000]
empty                     (read               ) [ 000]
axi_data_1                (extractvalue       ) [ 000]
axi_last_5                (extractvalue       ) [ 000]
store_ln226               (store              ) [ 000]
store_ln226               (store              ) [ 000]
br_ln0                    (br                 ) [ 000]
store_ln257               (store              ) [ 000]
br_ln257                  (br                 ) [ 010]
axi_data_4                (load               ) [ 000]
axi_last_4                (load               ) [ 010]
tmp_s                     (partselect         ) [ 000]
trunc_ln63                (trunc              ) [ 000]
select_ln290              (select             ) [ 000]
tmp_2                     (partselect         ) [ 000]
select_ln290_1            (select             ) [ 000]
select_ln290_2            (select             ) [ 000]
tmp_3                     (partselect         ) [ 000]
tmp_4                     (partselect         ) [ 000]
tmp_1                     (sparsemux          ) [ 000]
tmp_5                     (partselect         ) [ 000]
icmp_ln290                (icmp               ) [ 000]
select_ln290_3            (select             ) [ 000]
select_ln290_4            (select             ) [ 000]
p_0                       (bitconcatenate     ) [ 000]
write_ln303               (write              ) [ 000]
axi_data_load             (load               ) [ 000]
write_ln0                 (write              ) [ 000]
write_ln0                 (write              ) [ 000]
ret_ln0                   (ret                ) [ 000]
</LifeTime>

<model>

<comp_list>
<comp id="0" class="1000" name="sof_2">
<pin_list>
<pin id="1" dir="1" index="0" bw="1" slack="0"/>
</pin_list>
<bind>
<StgValue><ssdm name="sof_2"/></StgValue>
</bind>
</comp>

<comp id="2" class="1000" name="axi_last_2">
<pin_list>
<pin id="3" dir="1" index="0" bw="1" slack="0"/>
</pin_list>
<bind>
<StgValue><ssdm name="axi_last_2"/></StgValue>
</bind>
</comp>

<comp id="4" class="1000" name="axi_data_2">
<pin_list>
<pin id="5" dir="1" index="0" bw="1" slack="0"/>
</pin_list>
<bind>
<StgValue><ssdm name="axi_data_2"/></StgValue>
</bind>
</comp>

<comp id="6" class="1000" name="trunc_ln">
<pin_list>
<pin id="7" dir="1" index="0" bw="1" slack="0"/>
</pin_list>
<bind>
<StgValue><ssdm name="trunc_ln"/></StgValue>
</bind>
</comp>

<comp id="8" class="1000" name="cond">
<pin_list>
<pin id="9" dir="1" index="0" bw="1" slack="0"/>
</pin_list>
<bind>
<StgValue><ssdm name="cond"/></StgValue>
</bind>
</comp>

<comp id="10" class="1000" name="colorFormat_val_cast">
<pin_list>
<pin id="11" dir="1" index="0" bw="1" slack="0"/>
</pin_list>
<bind>
<StgValue><ssdm name="colorFormat_val_cast"/></StgValue>
</bind>
</comp>

<comp id="12" class="1000" name="colorFormat_val">
<pin_list>
<pin id="13" dir="1" index="0" bw="1" slack="0"/>
</pin_list>
<bind>
<StgValue><ssdm name="colorFormat_val"/></StgValue>
</bind>
</comp>

<comp id="14" class="1000" name="img">
<pin_list>
<pin id="15" dir="1" index="0" bw="1" slack="0"/>
</pin_list>
<bind>
<StgValue><ssdm name="img"/></StgValue>
</bind>
</comp>

<comp id="16" class="1000" name="s_axis_video_V_data_V">
<pin_list>
<pin id="17" dir="1" index="0" bw="1" slack="0"/>
</pin_list>
<bind>
<StgValue><ssdm name="s_axis_video_V_data_V"/></StgValue>
</bind>
</comp>

<comp id="18" class="1000" name="s_axis_video_V_keep_V">
<pin_list>
<pin id="19" dir="1" index="0" bw="1" slack="0"/>
</pin_list>
<bind>
<StgValue><ssdm name="s_axis_video_V_keep_V"/></StgValue>
</bind>
</comp>

<comp id="20" class="1000" name="s_axis_video_V_strb_V">
<pin_list>
<pin id="21" dir="1" index="0" bw="1" slack="0"/>
</pin_list>
<bind>
<StgValue><ssdm name="s_axis_video_V_strb_V"/></StgValue>
</bind>
</comp>

<comp id="22" class="1000" name="s_axis_video_V_user_V">
<pin_list>
<pin id="23" dir="1" index="0" bw="1" slack="0"/>
</pin_list>
<bind>
<StgValue><ssdm name="s_axis_video_V_user_V"/></StgValue>
</bind>
</comp>

<comp id="24" class="1000" name="s_axis_video_V_last_V">
<pin_list>
<pin id="25" dir="1" index="0" bw="1" slack="0"/>
</pin_list>
<bind>
<StgValue><ssdm name="s_axis_video_V_last_V"/></StgValue>
</bind>
</comp>

<comp id="26" class="1000" name="s_axis_video_V_id_V">
<pin_list>
<pin id="27" dir="1" index="0" bw="1" slack="0"/>
</pin_list>
<bind>
<StgValue><ssdm name="s_axis_video_V_id_V"/></StgValue>
</bind>
</comp>

<comp id="28" class="1000" name="s_axis_video_V_dest_V">
<pin_list>
<pin id="29" dir="1" index="0" bw="1" slack="0"/>
</pin_list>
<bind>
<StgValue><ssdm name="s_axis_video_V_dest_V"/></StgValue>
</bind>
</comp>

<comp id="30" class="1000" name="eol_out">
<pin_list>
<pin id="31" dir="1" index="0" bw="1" slack="0"/>
</pin_list>
<bind>
<StgValue><ssdm name="eol_out"/></StgValue>
</bind>
</comp>

<comp id="32" class="1000" name="axi_data_3_out">
<pin_list>
<pin id="33" dir="1" index="0" bw="1" slack="0"/>
</pin_list>
<bind>
<StgValue><ssdm name="axi_data_3_out"/></StgValue>
</bind>
</comp>

<comp id="34" class="1001" name="const_34">
<pin_list>
<pin id="35" dir="1" index="0" bw="1" slack="0"/>
</pin_list>
<bind>
<StgValue><ssdm name=""/></StgValue>
</bind>
</comp>

<comp id="36" class="1001" name="const_36">
<pin_list>
<pin id="37" dir="1" index="0" bw="1" slack="0"/>
</pin_list>
<bind>
<StgValue><ssdm name="_ssdm_op_Read.ap_auto.i3"/></StgValue>
</bind>
</comp>

<comp id="38" class="1001" name="const_38">
<pin_list>
<pin id="39" dir="1" index="0" bw="1" slack="0"/>
</pin_list>
<bind>
<StgValue><ssdm name="_ssdm_op_Read.ap_auto.i1"/></StgValue>
</bind>
</comp>

<comp id="40" class="1001" name="const_40">
<pin_list>
<pin id="41" dir="1" index="0" bw="1" slack="0"/>
</pin_list>
<bind>
<StgValue><ssdm name="_ssdm_op_Read.ap_auto.i11"/></StgValue>
</bind>
</comp>

<comp id="42" class="1001" name="const_42">
<pin_list>
<pin id="43" dir="1" index="0" bw="1" slack="0"/>
</pin_list>
<bind>
<StgValue><ssdm name="_ssdm_op_Read.ap_auto.i48"/></StgValue>
</bind>
</comp>

<comp id="44" class="1001" name="const_44">
<pin_list>
<pin id="45" dir="1" index="0" bw="1" slack="2147483647"/>
</pin_list>
<bind>
<StgValue><ssdm name="_ssdm_op_SpecAXISSideChannel"/></StgValue>
</bind>
</comp>

<comp id="46" class="1001" name="const_46">
<pin_list>
<pin id="47" dir="1" index="0" bw="1" slack="2147483647"/>
</pin_list>
<bind>
<StgValue><ssdm name="empty_5"/></StgValue>
</bind>
</comp>

<comp id="48" class="1001" name="const_48">
<pin_list>
<pin id="49" dir="1" index="0" bw="1" slack="2147483647"/>
</pin_list>
<bind>
<StgValue><ssdm name="_ssdm_op_SpecInterface"/></StgValue>
</bind>
</comp>

<comp id="50" class="1001" name="const_50">
<pin_list>
<pin id="51" dir="1" index="0" bw="1" slack="2147483647"/>
</pin_list>
<bind>
<StgValue><ssdm name="empty_3"/></StgValue>
</bind>
</comp>

<comp id="52" class="1001" name="const_52">
<pin_list>
<pin id="53" dir="1" index="0" bw="1" slack="2147483647"/>
</pin_list>
<bind>
<StgValue><ssdm name=""/></StgValue>
</bind>
</comp>

<comp id="54" class="1001" name="const_54">
<pin_list>
<pin id="55" dir="1" index="0" bw="1" slack="2147483647"/>
</pin_list>
<bind>
<StgValue><ssdm name="empty_4"/></StgValue>
</bind>
</comp>

<comp id="56" class="1001" name="const_56">
<pin_list>
<pin id="57" dir="1" index="0" bw="1" slack="2147483647"/>
</pin_list>
<bind>
<StgValue><ssdm name="empty_16"/></StgValue>
</bind>
</comp>

<comp id="58" class="1001" name="const_58">
<pin_list>
<pin id="59" dir="1" index="0" bw="1" slack="2147483647"/>
</pin_list>
<bind>
<StgValue><ssdm name=""/></StgValue>
</bind>
</comp>

<comp id="60" class="1001" name="const_60">
<pin_list>
<pin id="61" dir="1" index="0" bw="1" slack="2147483647"/>
</pin_list>
<bind>
<StgValue><ssdm name="empty_6"/></StgValue>
</bind>
</comp>

<comp id="62" class="1001" name="const_62">
<pin_list>
<pin id="63" dir="1" index="0" bw="1" slack="0"/>
</pin_list>
<bind>
<StgValue><ssdm name=""/></StgValue>
</bind>
</comp>

<comp id="64" class="1001" name="const_64">
<pin_list>
<pin id="65" dir="1" index="0" bw="1" slack="0"/>
</pin_list>
<bind>
<StgValue><ssdm name=""/></StgValue>
</bind>
</comp>

<comp id="66" class="1001" name="const_66">
<pin_list>
<pin id="67" dir="1" index="0" bw="1" slack="2147483647"/>
</pin_list>
<bind>
<StgValue><ssdm name="_ssdm_op_SpecLoopTripCount"/></StgValue>
</bind>
</comp>

<comp id="68" class="1001" name="const_68">
<pin_list>
<pin id="69" dir="1" index="0" bw="1" slack="2147483647"/>
</pin_list>
<bind>
<StgValue><ssdm name=""/></StgValue>
</bind>
</comp>

<comp id="70" class="1001" name="const_70">
<pin_list>
<pin id="71" dir="1" index="0" bw="1" slack="2147483647"/>
</pin_list>
<bind>
<StgValue><ssdm name=""/></StgValue>
</bind>
</comp>

<comp id="72" class="1001" name="const_72">
<pin_list>
<pin id="73" dir="1" index="0" bw="1" slack="0"/>
</pin_list>
<bind>
<StgValue><ssdm name=""/></StgValue>
</bind>
</comp>

<comp id="74" class="1001" name="const_74">
<pin_list>
<pin id="75" dir="1" index="0" bw="1" slack="2147483647"/>
</pin_list>
<bind>
<StgValue><ssdm name="_ssdm_op_SpecPipeline"/></StgValue>
</bind>
</comp>

<comp id="76" class="1001" name="const_76">
<pin_list>
<pin id="77" dir="1" index="0" bw="1" slack="2147483647"/>
</pin_list>
<bind>
<StgValue><ssdm name="_ssdm_op_SpecLoopName"/></StgValue>
</bind>
</comp>

<comp id="78" class="1001" name="const_78">
<pin_list>
<pin id="79" dir="1" index="0" bw="1" slack="2147483647"/>
</pin_list>
<bind>
<StgValue><ssdm name="empty_7"/></StgValue>
</bind>
</comp>

<comp id="80" class="1001" name="const_80">
<pin_list>
<pin id="81" dir="1" index="0" bw="1" slack="0"/>
</pin_list>
<bind>
<StgValue><ssdm name="_ssdm_op_Read.axis.volatile.i48P0A.i6P0A.i6P0A.i1P0A.i1P0A.i1P0A.i1P0A"/></StgValue>
</bind>
</comp>

<comp id="82" class="1001" name="const_82">
<pin_list>
<pin id="83" dir="1" index="0" bw="1" slack="0"/>
</pin_list>
<bind>
<StgValue><ssdm name="_ssdm_op_PartSelect.i8.i48.i32.i32"/></StgValue>
</bind>
</comp>

<comp id="84" class="1001" name="const_84">
<pin_list>
<pin id="85" dir="1" index="0" bw="1" slack="0"/>
</pin_list>
<bind>
<StgValue><ssdm name=""/></StgValue>
</bind>
</comp>

<comp id="86" class="1001" name="const_86">
<pin_list>
<pin id="87" dir="1" index="0" bw="1" slack="0"/>
</pin_list>
<bind>
<StgValue><ssdm name=""/></StgValue>
</bind>
</comp>

<comp id="88" class="1001" name="const_88">
<pin_list>
<pin id="89" dir="1" index="0" bw="1" slack="0"/>
</pin_list>
<bind>
<StgValue><ssdm name=""/></StgValue>
</bind>
</comp>

<comp id="90" class="1001" name="const_90">
<pin_list>
<pin id="91" dir="1" index="0" bw="1" slack="0"/>
</pin_list>
<bind>
<StgValue><ssdm name=""/></StgValue>
</bind>
</comp>

<comp id="92" class="1001" name="const_92">
<pin_list>
<pin id="93" dir="1" index="0" bw="1" slack="0"/>
</pin_list>
<bind>
<StgValue><ssdm name=""/></StgValue>
</bind>
</comp>

<comp id="94" class="1001" name="const_94">
<pin_list>
<pin id="95" dir="1" index="0" bw="1" slack="0"/>
</pin_list>
<bind>
<StgValue><ssdm name=""/></StgValue>
</bind>
</comp>

<comp id="96" class="1001" name="const_96">
<pin_list>
<pin id="97" dir="1" index="0" bw="1" slack="0"/>
</pin_list>
<bind>
<StgValue><ssdm name=""/></StgValue>
</bind>
</comp>

<comp id="98" class="1001" name="const_98">
<pin_list>
<pin id="99" dir="1" index="0" bw="1" slack="0"/>
</pin_list>
<bind>
<StgValue><ssdm name=""/></StgValue>
</bind>
</comp>

<comp id="100" class="1001" name="const_100">
<pin_list>
<pin id="101" dir="1" index="0" bw="1" slack="0"/>
</pin_list>
<bind>
<StgValue><ssdm name="_ssdm_op_SparseMux.ap_auto.2i8.i8.i8"/></StgValue>
</bind>
</comp>

<comp id="102" class="1001" name="const_102">
<pin_list>
<pin id="103" dir="1" index="0" bw="1" slack="0"/>
</pin_list>
<bind>
<StgValue><ssdm name=""/></StgValue>
</bind>
</comp>

<comp id="104" class="1001" name="const_104">
<pin_list>
<pin id="105" dir="1" index="0" bw="1" slack="0"/>
</pin_list>
<bind>
<StgValue><ssdm name=""/></StgValue>
</bind>
</comp>

<comp id="106" class="1001" name="const_106">
<pin_list>
<pin id="107" dir="1" index="0" bw="1" slack="0"/>
</pin_list>
<bind>
<StgValue><ssdm name=""/></StgValue>
</bind>
</comp>

<comp id="108" class="1001" name="const_108">
<pin_list>
<pin id="109" dir="1" index="0" bw="1" slack="0"/>
</pin_list>
<bind>
<StgValue><ssdm name=""/></StgValue>
</bind>
</comp>

<comp id="110" class="1001" name="const_110">
<pin_list>
<pin id="111" dir="1" index="0" bw="1" slack="0"/>
</pin_list>
<bind>
<StgValue><ssdm name=""/></StgValue>
</bind>
</comp>

<comp id="112" class="1001" name="const_112">
<pin_list>
<pin id="113" dir="1" index="0" bw="1" slack="0"/>
</pin_list>
<bind>
<StgValue><ssdm name="_ssdm_op_BitConcatenate.i48.i8.i8.i8.i8.i8.i8"/></StgValue>
</bind>
</comp>

<comp id="114" class="1001" name="const_114">
<pin_list>
<pin id="115" dir="1" index="0" bw="1" slack="0"/>
</pin_list>
<bind>
<StgValue><ssdm name="_ssdm_op_Write.ap_fifo.volatile.i48P0A"/></StgValue>
</bind>
</comp>

<comp id="116" class="1001" name="const_116">
<pin_list>
<pin id="117" dir="1" index="0" bw="1" slack="0"/>
</pin_list>
<bind>
<StgValue><ssdm name="_ssdm_op_Write.ap_auto.i1P0A"/></StgValue>
</bind>
</comp>

<comp id="118" class="1001" name="const_118">
<pin_list>
<pin id="119" dir="1" index="0" bw="1" slack="0"/>
</pin_list>
<bind>
<StgValue><ssdm name="_ssdm_op_Write.ap_auto.i48P0A"/></StgValue>
</bind>
</comp>

<comp id="120" class="1004" name="j_fu_120">
<pin_list>
<pin id="121" dir="0" index="0" bw="1" slack="0"/>
<pin id="122" dir="1" index="1" bw="11" slack="0"/>
</pin_list>
<bind>
<opcode="alloca(26) " fcode="alloca"/>
<opset="j/1 "/>
</bind>
</comp>

<comp id="124" class="1004" name="axi_data_fu_124">
<pin_list>
<pin id="125" dir="0" index="0" bw="1" slack="0"/>
<pin id="126" dir="1" index="1" bw="48" slack="0"/>
</pin_list>
<bind>
<opcode="alloca(26) " fcode="alloca"/>
<opset="axi_data/1 "/>
</bind>
</comp>

<comp id="128" class="1004" name="axi_last_fu_128">
<pin_list>
<pin id="129" dir="0" index="0" bw="1" slack="0"/>
<pin id="130" dir="1" index="1" bw="1" slack="0"/>
</pin_list>
<bind>
<opcode="alloca(26) " fcode="alloca"/>
<opset="axi_last/1 "/>
</bind>
</comp>

<comp id="132" class="1004" name="colorFormat_val_read_read_fu_132">
<pin_list>
<pin id="133" dir="0" index="0" bw="3" slack="0"/>
<pin id="134" dir="0" index="1" bw="3" slack="0"/>
<pin id="135" dir="1" index="2" bw="3" slack="1"/>
</pin_list>
<bind>
<opcode="read(1150) " fcode="read"/>
<opset="colorFormat_val_read/1 "/>
</bind>
</comp>

<comp id="138" class="1004" name="colorFormat_val_cast_read_read_fu_138">
<pin_list>
<pin id="139" dir="0" index="0" bw="3" slack="0"/>
<pin id="140" dir="0" index="1" bw="3" slack="0"/>
<pin id="141" dir="1" index="2" bw="3" slack="0"/>
</pin_list>
<bind>
<opcode="read(1150) " fcode="read"/>
<opset="colorFormat_val_cast_read/1 "/>
</bind>
</comp>

<comp id="144" class="1004" name="cond_read_read_fu_144">
<pin_list>
<pin id="145" dir="0" index="0" bw="1" slack="0"/>
<pin id="146" dir="0" index="1" bw="1" slack="0"/>
<pin id="147" dir="1" index="2" bw="1" slack="1"/>
</pin_list>
<bind>
<opcode="read(1150) " fcode="read"/>
<opset="cond_read/1 "/>
</bind>
</comp>

<comp id="150" class="1004" name="trunc_ln_read_read_fu_150">
<pin_list>
<pin id="151" dir="0" index="0" bw="11" slack="0"/>
<pin id="152" dir="0" index="1" bw="11" slack="0"/>
<pin id="153" dir="1" index="2" bw="11" slack="0"/>
</pin_list>
<bind>
<opcode="read(1150) " fcode="read"/>
<opset="trunc_ln_read/1 "/>
</bind>
</comp>

<comp id="156" class="1004" name="axi_data_2_read_read_fu_156">
<pin_list>
<pin id="157" dir="0" index="0" bw="48" slack="0"/>
<pin id="158" dir="0" index="1" bw="48" slack="0"/>
<pin id="159" dir="1" index="2" bw="48" slack="0"/>
</pin_list>
<bind>
<opcode="read(1150) " fcode="read"/>
<opset="axi_data_2_read/1 "/>
</bind>
</comp>

<comp id="162" class="1004" name="axi_last_2_read_read_fu_162">
<pin_list>
<pin id="163" dir="0" index="0" bw="1" slack="0"/>
<pin id="164" dir="0" index="1" bw="1" slack="0"/>
<pin id="165" dir="1" index="2" bw="1" slack="0"/>
</pin_list>
<bind>
<opcode="read(1150) " fcode="read"/>
<opset="axi_last_2_read/1 "/>
</bind>
</comp>

<comp id="168" class="1004" name="sof_2_read_read_fu_168">
<pin_list>
<pin id="169" dir="0" index="0" bw="1" slack="0"/>
<pin id="170" dir="0" index="1" bw="1" slack="0"/>
<pin id="171" dir="1" index="2" bw="1" slack="0"/>
</pin_list>
<bind>
<opcode="read(1150) " fcode="read"/>
<opset="sof_2_read/1 "/>
</bind>
</comp>

<comp id="174" class="1004" name="empty_read_fu_174">
<pin_list>
<pin id="175" dir="0" index="0" bw="64" slack="0"/>
<pin id="176" dir="0" index="1" bw="48" slack="0"/>
<pin id="177" dir="0" index="2" bw="6" slack="0"/>
<pin id="178" dir="0" index="3" bw="6" slack="0"/>
<pin id="179" dir="0" index="4" bw="1" slack="0"/>
<pin id="180" dir="0" index="5" bw="1" slack="0"/>
<pin id="181" dir="0" index="6" bw="1" slack="0"/>
<pin id="182" dir="0" index="7" bw="1" slack="0"/>
<pin id="183" dir="1" index="8" bw="64" slack="0"/>
</pin_list>
<bind>
<opcode="read(1150) " fcode="read"/>
<opset="empty/1 "/>
</bind>
</comp>

<comp id="192" class="1004" name="write_ln303_write_fu_192">
<pin_list>
<pin id="193" dir="0" index="0" bw="0" slack="0"/>
<pin id="194" dir="0" index="1" bw="48" slack="0"/>
<pin id="195" dir="0" index="2" bw="48" slack="0"/>
<pin id="196" dir="1" index="3" bw="0" slack="2147483647"/>
</pin_list>
<bind>
<opcode="write(1151) " fcode="write"/>
<opset="write_ln303/2 "/>
</bind>
</comp>

<comp id="199" class="1004" name="write_ln0_write_fu_199">
<pin_list>
<pin id="200" dir="0" index="0" bw="0" slack="0"/>
<pin id="201" dir="0" index="1" bw="1" slack="0"/>
<pin id="202" dir="0" index="2" bw="1" slack="0"/>
<pin id="203" dir="1" index="3" bw="0" slack="2147483647"/>
</pin_list>
<bind>
<opcode="write(1151) " fcode="write"/>
<opset="write_ln0/1 "/>
</bind>
</comp>

<comp id="206" class="1004" name="write_ln0_write_fu_206">
<pin_list>
<pin id="207" dir="0" index="0" bw="0" slack="0"/>
<pin id="208" dir="0" index="1" bw="48" slack="0"/>
<pin id="209" dir="0" index="2" bw="48" slack="0"/>
<pin id="210" dir="1" index="3" bw="0" slack="2147483647"/>
</pin_list>
<bind>
<opcode="write(1151) " fcode="write"/>
<opset="write_ln0/1 "/>
</bind>
</comp>

<comp id="213" class="1005" name="eol_reg_213">
<pin_list>
<pin id="214" dir="0" index="0" bw="1" slack="2147483647"/>
<pin id="215" dir="1" index="1" bw="1" slack="2147483647"/>
</pin_list>
<bind>
<opset="eol (phireg) "/>
</bind>
</comp>

<comp id="216" class="1004" name="eol_phi_fu_216">
<pin_list>
<pin id="217" dir="0" index="0" bw="1" slack="0"/>
<pin id="218" dir="0" index="1" bw="0" slack="2147483647"/>
<pin id="219" dir="0" index="2" bw="1" slack="1"/>
<pin id="220" dir="0" index="3" bw="0" slack="2147483647"/>
<pin id="221" dir="1" index="4" bw="1" slack="0"/>
</pin_list>
<bind>
<opcode="phi(47) " fcode="phi"/>
<opset="eol/1 "/>
</bind>
</comp>

<comp id="224" class="1005" name="sof_reg_224">
<pin_list>
<pin id="225" dir="0" index="0" bw="1" slack="2147483647"/>
<pin id="226" dir="1" index="1" bw="1" slack="2147483647"/>
</pin_list>
<bind>
<opset="sof (phireg) "/>
</bind>
</comp>

<comp id="227" class="1004" name="sof_phi_fu_227">
<pin_list>
<pin id="228" dir="0" index="0" bw="1" slack="0"/>
<pin id="229" dir="0" index="1" bw="0" slack="2147483647"/>
<pin id="230" dir="0" index="2" bw="1" slack="0"/>
<pin id="231" dir="0" index="3" bw="0" slack="2147483647"/>
<pin id="232" dir="1" index="4" bw="1" slack="0"/>
</pin_list>
<bind>
<opcode="phi(47) " fcode="phi"/>
<opset="sof/1 "/>
</bind>
</comp>

<comp id="235" class="1004" name="colorFormat_val_cast_cast_fu_235">
<pin_list>
<pin id="236" dir="0" index="0" bw="3" slack="0"/>
<pin id="237" dir="1" index="1" bw="8" slack="1"/>
</pin_list>
<bind>
<opcode="zext(34) " fcode="zext"/>
<opset="colorFormat_val_cast_cast/1 "/>
</bind>
</comp>

<comp id="239" class="1004" name="store_ln226_store_fu_239">
<pin_list>
<pin id="240" dir="0" index="0" bw="1" slack="0"/>
<pin id="241" dir="0" index="1" bw="1" slack="0"/>
<pin id="242" dir="1" index="2" bw="0" slack="2147483647"/>
</pin_list>
<bind>
<opcode="store(28) " fcode="store"/>
<opset="store_ln226/1 "/>
</bind>
</comp>

<comp id="244" class="1004" name="store_ln226_store_fu_244">
<pin_list>
<pin id="245" dir="0" index="0" bw="48" slack="0"/>
<pin id="246" dir="0" index="1" bw="48" slack="0"/>
<pin id="247" dir="1" index="2" bw="0" slack="2147483647"/>
</pin_list>
<bind>
<opcode="store(28) " fcode="store"/>
<opset="store_ln226/1 "/>
</bind>
</comp>

<comp id="249" class="1004" name="store_ln257_store_fu_249">
<pin_list>
<pin id="250" dir="0" index="0" bw="1" slack="0"/>
<pin id="251" dir="0" index="1" bw="11" slack="0"/>
<pin id="252" dir="1" index="2" bw="0" slack="2147483647"/>
</pin_list>
<bind>
<opcode="store(28) " fcode="store"/>
<opset="store_ln257/1 "/>
</bind>
</comp>

<comp id="254" class="1004" name="j_1_load_fu_254">
<pin_list>
<pin id="255" dir="0" index="0" bw="11" slack="0"/>
<pin id="256" dir="1" index="1" bw="11" slack="0"/>
</pin_list>
<bind>
<opcode="load(27) " fcode="load"/>
<opset="j_1/1 "/>
</bind>
</comp>

<comp id="257" class="1004" name="icmp_ln257_fu_257">
<pin_list>
<pin id="258" dir="0" index="0" bw="11" slack="0"/>
<pin id="259" dir="0" index="1" bw="11" slack="0"/>
<pin id="260" dir="1" index="2" bw="1" slack="1"/>
</pin_list>
<bind>
<opcode="icmp(45) " fcode="icmp"/>
<opset="icmp_ln257/1 "/>
</bind>
</comp>

<comp id="263" class="1004" name="j_2_fu_263">
<pin_list>
<pin id="264" dir="0" index="0" bw="11" slack="0"/>
<pin id="265" dir="0" index="1" bw="1" slack="0"/>
<pin id="266" dir="1" index="2" bw="11" slack="0"/>
</pin_list>
<bind>
<opcode="add(8) " fcode="add"/>
<opset="j_2/1 "/>
</bind>
</comp>

<comp id="269" class="1004" name="or_ln261_fu_269">
<pin_list>
<pin id="270" dir="0" index="0" bw="1" slack="0"/>
<pin id="271" dir="0" index="1" bw="1" slack="0"/>
<pin id="272" dir="1" index="2" bw="1" slack="2147483647"/>
</pin_list>
<bind>
<opcode="or(24) " fcode="or"/>
<opset="or_ln261/1 "/>
</bind>
</comp>

<comp id="275" class="1004" name="axi_data_1_fu_275">
<pin_list>
<pin id="276" dir="0" index="0" bw="64" slack="0"/>
<pin id="277" dir="1" index="1" bw="48" slack="0"/>
</pin_list>
<bind>
<opcode="extractvalue(56) " fcode="extractvalue"/>
<opset="axi_data_1/1 "/>
</bind>
</comp>

<comp id="279" class="1004" name="axi_last_5_fu_279">
<pin_list>
<pin id="280" dir="0" index="0" bw="64" slack="0"/>
<pin id="281" dir="1" index="1" bw="1" slack="0"/>
</pin_list>
<bind>
<opcode="extractvalue(56) " fcode="extractvalue"/>
<opset="axi_last_5/1 "/>
</bind>
</comp>

<comp id="283" class="1004" name="store_ln226_store_fu_283">
<pin_list>
<pin id="284" dir="0" index="0" bw="1" slack="0"/>
<pin id="285" dir="0" index="1" bw="1" slack="0"/>
<pin id="286" dir="1" index="2" bw="0" slack="2147483647"/>
</pin_list>
<bind>
<opcode="store(28) " fcode="store"/>
<opset="store_ln226/1 "/>
</bind>
</comp>

<comp id="288" class="1004" name="store_ln226_store_fu_288">
<pin_list>
<pin id="289" dir="0" index="0" bw="48" slack="0"/>
<pin id="290" dir="0" index="1" bw="48" slack="0"/>
<pin id="291" dir="1" index="2" bw="0" slack="2147483647"/>
</pin_list>
<bind>
<opcode="store(28) " fcode="store"/>
<opset="store_ln226/1 "/>
</bind>
</comp>

<comp id="293" class="1004" name="store_ln257_store_fu_293">
<pin_list>
<pin id="294" dir="0" index="0" bw="11" slack="0"/>
<pin id="295" dir="0" index="1" bw="11" slack="0"/>
<pin id="296" dir="1" index="2" bw="0" slack="2147483647"/>
</pin_list>
<bind>
<opcode="store(28) " fcode="store"/>
<opset="store_ln257/1 "/>
</bind>
</comp>

<comp id="298" class="1004" name="axi_data_4_load_fu_298">
<pin_list>
<pin id="299" dir="0" index="0" bw="48" slack="1"/>
<pin id="300" dir="1" index="1" bw="48" slack="0"/>
</pin_list>
<bind>
<opcode="load(27) " fcode="load"/>
<opset="axi_data_4/2 "/>
</bind>
</comp>

<comp id="301" class="1004" name="axi_last_4_load_fu_301">
<pin_list>
<pin id="302" dir="0" index="0" bw="1" slack="1"/>
<pin id="303" dir="1" index="1" bw="1" slack="1"/>
</pin_list>
<bind>
<opcode="load(27) " fcode="load"/>
<opset="axi_last_4/2 "/>
</bind>
</comp>

<comp id="304" class="1004" name="tmp_s_fu_304">
<pin_list>
<pin id="305" dir="0" index="0" bw="8" slack="0"/>
<pin id="306" dir="0" index="1" bw="48" slack="0"/>
<pin id="307" dir="0" index="2" bw="6" slack="0"/>
<pin id="308" dir="0" index="3" bw="6" slack="0"/>
<pin id="309" dir="1" index="4" bw="8" slack="0"/>
</pin_list>
<bind>
<opcode="partselect(1002) " fcode="partselect"/>
<opset="tmp_s/2 "/>
</bind>
</comp>

<comp id="314" class="1004" name="trunc_ln63_fu_314">
<pin_list>
<pin id="315" dir="0" index="0" bw="48" slack="0"/>
<pin id="316" dir="1" index="1" bw="8" slack="0"/>
</pin_list>
<bind>
<opcode="trunc(33) " fcode="trunc"/>
<opset="trunc_ln63/2 "/>
</bind>
</comp>

<comp id="318" class="1004" name="select_ln290_fu_318">
<pin_list>
<pin id="319" dir="0" index="0" bw="1" slack="1"/>
<pin id="320" dir="0" index="1" bw="8" slack="0"/>
<pin id="321" dir="0" index="2" bw="8" slack="0"/>
<pin id="322" dir="1" index="3" bw="8" slack="0"/>
</pin_list>
<bind>
<opcode="select(49) " fcode="select"/>
<opset="select_ln290/2 "/>
</bind>
</comp>

<comp id="325" class="1004" name="tmp_2_fu_325">
<pin_list>
<pin id="326" dir="0" index="0" bw="8" slack="0"/>
<pin id="327" dir="0" index="1" bw="48" slack="0"/>
<pin id="328" dir="0" index="2" bw="5" slack="0"/>
<pin id="329" dir="0" index="3" bw="5" slack="0"/>
<pin id="330" dir="1" index="4" bw="8" slack="0"/>
</pin_list>
<bind>
<opcode="partselect(1002) " fcode="partselect"/>
<opset="tmp_2/2 "/>
</bind>
</comp>

<comp id="335" class="1004" name="select_ln290_1_fu_335">
<pin_list>
<pin id="336" dir="0" index="0" bw="1" slack="1"/>
<pin id="337" dir="0" index="1" bw="8" slack="0"/>
<pin id="338" dir="0" index="2" bw="8" slack="0"/>
<pin id="339" dir="1" index="3" bw="8" slack="0"/>
</pin_list>
<bind>
<opcode="select(49) " fcode="select"/>
<opset="select_ln290_1/2 "/>
</bind>
</comp>

<comp id="342" class="1004" name="select_ln290_2_fu_342">
<pin_list>
<pin id="343" dir="0" index="0" bw="1" slack="1"/>
<pin id="344" dir="0" index="1" bw="8" slack="0"/>
<pin id="345" dir="0" index="2" bw="8" slack="0"/>
<pin id="346" dir="1" index="3" bw="8" slack="0"/>
</pin_list>
<bind>
<opcode="select(49) " fcode="select"/>
<opset="select_ln290_2/2 "/>
</bind>
</comp>

<comp id="349" class="1004" name="tmp_3_fu_349">
<pin_list>
<pin id="350" dir="0" index="0" bw="8" slack="0"/>
<pin id="351" dir="0" index="1" bw="48" slack="0"/>
<pin id="352" dir="0" index="2" bw="7" slack="0"/>
<pin id="353" dir="0" index="3" bw="7" slack="0"/>
<pin id="354" dir="1" index="4" bw="8" slack="0"/>
</pin_list>
<bind>
<opcode="partselect(1002) " fcode="partselect"/>
<opset="tmp_3/2 "/>
</bind>
</comp>

<comp id="359" class="1004" name="tmp_4_fu_359">
<pin_list>
<pin id="360" dir="0" index="0" bw="8" slack="0"/>
<pin id="361" dir="0" index="1" bw="48" slack="0"/>
<pin id="362" dir="0" index="2" bw="6" slack="0"/>
<pin id="363" dir="0" index="3" bw="6" slack="0"/>
<pin id="364" dir="1" index="4" bw="8" slack="0"/>
</pin_list>
<bind>
<opcode="partselect(1002) " fcode="partselect"/>
<opset="tmp_4/2 "/>
</bind>
</comp>

<comp id="369" class="1004" name="tmp_1_fu_369">
<pin_list>
<pin id="370" dir="0" index="0" bw="8" slack="0"/>
<pin id="371" dir="0" index="1" bw="1" slack="0"/>
<pin id="372" dir="0" index="2" bw="8" slack="0"/>
<pin id="373" dir="0" index="3" bw="1" slack="0"/>
<pin id="374" dir="0" index="4" bw="8" slack="0"/>
<pin id="375" dir="0" index="5" bw="8" slack="0"/>
<pin id="376" dir="0" index="6" bw="3" slack="1"/>
<pin id="377" dir="1" index="7" bw="8" slack="0"/>
</pin_list>
<bind>
<opcode="sparsemux(1197) " fcode="sparsemux"/>
<opset="tmp_1/2 "/>
</bind>
</comp>

<comp id="384" class="1004" name="tmp_5_fu_384">
<pin_list>
<pin id="385" dir="0" index="0" bw="8" slack="0"/>
<pin id="386" dir="0" index="1" bw="48" slack="0"/>
<pin id="387" dir="0" index="2" bw="7" slack="0"/>
<pin id="388" dir="0" index="3" bw="7" slack="0"/>
<pin id="389" dir="1" index="4" bw="8" slack="0"/>
</pin_list>
<bind>
<opcode="partselect(1002) " fcode="partselect"/>
<opset="tmp_5/2 "/>
</bind>
</comp>

<comp id="394" class="1004" name="icmp_ln290_fu_394">
<pin_list>
<pin id="395" dir="0" index="0" bw="3" slack="1"/>
<pin id="396" dir="0" index="1" bw="1" slack="0"/>
<pin id="397" dir="1" index="2" bw="1" slack="0"/>
</pin_list>
<bind>
<opcode="icmp(45) " fcode="icmp"/>
<opset="icmp_ln290/2 "/>
</bind>
</comp>

<comp id="399" class="1004" name="select_ln290_3_fu_399">
<pin_list>
<pin id="400" dir="0" index="0" bw="1" slack="0"/>
<pin id="401" dir="0" index="1" bw="8" slack="0"/>
<pin id="402" dir="0" index="2" bw="8" slack="0"/>
<pin id="403" dir="1" index="3" bw="8" slack="0"/>
</pin_list>
<bind>
<opcode="select(49) " fcode="select"/>
<opset="select_ln290_3/2 "/>
</bind>
</comp>

<comp id="407" class="1004" name="select_ln290_4_fu_407">
<pin_list>
<pin id="408" dir="0" index="0" bw="1" slack="0"/>
<pin id="409" dir="0" index="1" bw="8" slack="0"/>
<pin id="410" dir="0" index="2" bw="8" slack="0"/>
<pin id="411" dir="1" index="3" bw="8" slack="0"/>
</pin_list>
<bind>
<opcode="select(49) " fcode="select"/>
<opset="select_ln290_4/2 "/>
</bind>
</comp>

<comp id="415" class="1004" name="p_0_fu_415">
<pin_list>
<pin id="416" dir="0" index="0" bw="48" slack="0"/>
<pin id="417" dir="0" index="1" bw="8" slack="0"/>
<pin id="418" dir="0" index="2" bw="8" slack="0"/>
<pin id="419" dir="0" index="3" bw="8" slack="0"/>
<pin id="420" dir="0" index="4" bw="8" slack="0"/>
<pin id="421" dir="0" index="5" bw="8" slack="0"/>
<pin id="422" dir="0" index="6" bw="8" slack="0"/>
<pin id="423" dir="1" index="7" bw="48" slack="0"/>
</pin_list>
<bind>
<opcode="bitconcatenate(1004) " fcode="bitconcatenate"/>
<opset="p_0/2 "/>
</bind>
</comp>

<comp id="432" class="1004" name="axi_data_load_load_fu_432">
<pin_list>
<pin id="433" dir="0" index="0" bw="48" slack="0"/>
<pin id="434" dir="1" index="1" bw="48" slack="0"/>
</pin_list>
<bind>
<opcode="load(27) " fcode="load"/>
<opset="axi_data_load/1 "/>
</bind>
</comp>

<comp id="436" class="1005" name="j_reg_436">
<pin_list>
<pin id="437" dir="0" index="0" bw="11" slack="0"/>
<pin id="438" dir="1" index="1" bw="11" slack="0"/>
</pin_list>
<bind>
<opset="j "/>
</bind>
</comp>

<comp id="443" class="1005" name="axi_data_reg_443">
<pin_list>
<pin id="444" dir="0" index="0" bw="48" slack="0"/>
<pin id="445" dir="1" index="1" bw="48" slack="0"/>
</pin_list>
<bind>
<opset="axi_data "/>
</bind>
</comp>

<comp id="451" class="1005" name="axi_last_reg_451">
<pin_list>
<pin id="452" dir="0" index="0" bw="1" slack="0"/>
<pin id="453" dir="1" index="1" bw="1" slack="0"/>
</pin_list>
<bind>
<opset="axi_last "/>
</bind>
</comp>

<comp id="458" class="1005" name="colorFormat_val_read_reg_458">
<pin_list>
<pin id="459" dir="0" index="0" bw="3" slack="1"/>
<pin id="460" dir="1" index="1" bw="3" slack="1"/>
</pin_list>
<bind>
<opset="colorFormat_val_read "/>
</bind>
</comp>

<comp id="463" class="1005" name="cond_read_reg_463">
<pin_list>
<pin id="464" dir="0" index="0" bw="1" slack="1"/>
<pin id="465" dir="1" index="1" bw="1" slack="1"/>
</pin_list>
<bind>
<opset="cond_read "/>
</bind>
</comp>

<comp id="470" class="1005" name="colorFormat_val_cast_cast_reg_470">
<pin_list>
<pin id="471" dir="0" index="0" bw="8" slack="1"/>
<pin id="472" dir="1" index="1" bw="8" slack="1"/>
</pin_list>
<bind>
<opset="colorFormat_val_cast_cast "/>
</bind>
</comp>

<comp id="475" class="1005" name="icmp_ln257_reg_475">
<pin_list>
<pin id="476" dir="0" index="0" bw="1" slack="1"/>
<pin id="477" dir="1" index="1" bw="1" slack="2147483647"/>
</pin_list>
<bind>
<opset="icmp_ln257 "/>
</bind>
</comp>

<comp id="482" class="1005" name="axi_last_4_reg_482">
<pin_list>
<pin id="483" dir="0" index="0" bw="1" slack="1"/>
<pin id="484" dir="1" index="1" bw="1" slack="1"/>
</pin_list>
<bind>
<opset="axi_last_4 "/>
</bind>
</comp>

</comp_list>

<net_list>
<net id="123"><net_src comp="34" pin="0"/><net_sink comp="120" pin=0"/></net>

<net id="127"><net_src comp="34" pin="0"/><net_sink comp="124" pin=0"/></net>

<net id="131"><net_src comp="34" pin="0"/><net_sink comp="128" pin=0"/></net>

<net id="136"><net_src comp="36" pin="0"/><net_sink comp="132" pin=0"/></net>

<net id="137"><net_src comp="12" pin="0"/><net_sink comp="132" pin=1"/></net>

<net id="142"><net_src comp="36" pin="0"/><net_sink comp="138" pin=0"/></net>

<net id="143"><net_src comp="10" pin="0"/><net_sink comp="138" pin=1"/></net>

<net id="148"><net_src comp="38" pin="0"/><net_sink comp="144" pin=0"/></net>

<net id="149"><net_src comp="8" pin="0"/><net_sink comp="144" pin=1"/></net>

<net id="154"><net_src comp="40" pin="0"/><net_sink comp="150" pin=0"/></net>

<net id="155"><net_src comp="6" pin="0"/><net_sink comp="150" pin=1"/></net>

<net id="160"><net_src comp="42" pin="0"/><net_sink comp="156" pin=0"/></net>

<net id="161"><net_src comp="4" pin="0"/><net_sink comp="156" pin=1"/></net>

<net id="166"><net_src comp="38" pin="0"/><net_sink comp="162" pin=0"/></net>

<net id="167"><net_src comp="2" pin="0"/><net_sink comp="162" pin=1"/></net>

<net id="172"><net_src comp="38" pin="0"/><net_sink comp="168" pin=0"/></net>

<net id="173"><net_src comp="0" pin="0"/><net_sink comp="168" pin=1"/></net>

<net id="184"><net_src comp="80" pin="0"/><net_sink comp="174" pin=0"/></net>

<net id="185"><net_src comp="16" pin="0"/><net_sink comp="174" pin=1"/></net>

<net id="186"><net_src comp="18" pin="0"/><net_sink comp="174" pin=2"/></net>

<net id="187"><net_src comp="20" pin="0"/><net_sink comp="174" pin=3"/></net>

<net id="188"><net_src comp="22" pin="0"/><net_sink comp="174" pin=4"/></net>

<net id="189"><net_src comp="24" pin="0"/><net_sink comp="174" pin=5"/></net>

<net id="190"><net_src comp="26" pin="0"/><net_sink comp="174" pin=6"/></net>

<net id="191"><net_src comp="28" pin="0"/><net_sink comp="174" pin=7"/></net>

<net id="197"><net_src comp="114" pin="0"/><net_sink comp="192" pin=0"/></net>

<net id="198"><net_src comp="14" pin="0"/><net_sink comp="192" pin=1"/></net>

<net id="204"><net_src comp="116" pin="0"/><net_sink comp="199" pin=0"/></net>

<net id="205"><net_src comp="30" pin="0"/><net_sink comp="199" pin=1"/></net>

<net id="211"><net_src comp="118" pin="0"/><net_sink comp="206" pin=0"/></net>

<net id="212"><net_src comp="32" pin="0"/><net_sink comp="206" pin=1"/></net>

<net id="222"><net_src comp="64" pin="0"/><net_sink comp="216" pin=0"/></net>

<net id="223"><net_src comp="216" pin="4"/><net_sink comp="199" pin=2"/></net>

<net id="233"><net_src comp="168" pin="2"/><net_sink comp="227" pin=0"/></net>

<net id="234"><net_src comp="64" pin="0"/><net_sink comp="227" pin=2"/></net>

<net id="238"><net_src comp="138" pin="2"/><net_sink comp="235" pin=0"/></net>

<net id="243"><net_src comp="162" pin="2"/><net_sink comp="239" pin=0"/></net>

<net id="248"><net_src comp="156" pin="2"/><net_sink comp="244" pin=0"/></net>

<net id="253"><net_src comp="62" pin="0"/><net_sink comp="249" pin=0"/></net>

<net id="261"><net_src comp="254" pin="1"/><net_sink comp="257" pin=0"/></net>

<net id="262"><net_src comp="150" pin="2"/><net_sink comp="257" pin=1"/></net>

<net id="267"><net_src comp="254" pin="1"/><net_sink comp="263" pin=0"/></net>

<net id="268"><net_src comp="72" pin="0"/><net_sink comp="263" pin=1"/></net>

<net id="273"><net_src comp="227" pin="4"/><net_sink comp="269" pin=0"/></net>

<net id="274"><net_src comp="216" pin="4"/><net_sink comp="269" pin=1"/></net>

<net id="278"><net_src comp="174" pin="8"/><net_sink comp="275" pin=0"/></net>

<net id="282"><net_src comp="174" pin="8"/><net_sink comp="279" pin=0"/></net>

<net id="287"><net_src comp="279" pin="1"/><net_sink comp="283" pin=0"/></net>

<net id="292"><net_src comp="275" pin="1"/><net_sink comp="288" pin=0"/></net>

<net id="297"><net_src comp="263" pin="2"/><net_sink comp="293" pin=0"/></net>

<net id="310"><net_src comp="82" pin="0"/><net_sink comp="304" pin=0"/></net>

<net id="311"><net_src comp="298" pin="1"/><net_sink comp="304" pin=1"/></net>

<net id="312"><net_src comp="84" pin="0"/><net_sink comp="304" pin=2"/></net>

<net id="313"><net_src comp="86" pin="0"/><net_sink comp="304" pin=3"/></net>

<net id="317"><net_src comp="298" pin="1"/><net_sink comp="314" pin=0"/></net>

<net id="323"><net_src comp="304" pin="4"/><net_sink comp="318" pin=1"/></net>

<net id="324"><net_src comp="314" pin="1"/><net_sink comp="318" pin=2"/></net>

<net id="331"><net_src comp="82" pin="0"/><net_sink comp="325" pin=0"/></net>

<net id="332"><net_src comp="298" pin="1"/><net_sink comp="325" pin=1"/></net>

<net id="333"><net_src comp="88" pin="0"/><net_sink comp="325" pin=2"/></net>

<net id="334"><net_src comp="90" pin="0"/><net_sink comp="325" pin=3"/></net>

<net id="340"><net_src comp="314" pin="1"/><net_sink comp="335" pin=1"/></net>

<net id="341"><net_src comp="325" pin="4"/><net_sink comp="335" pin=2"/></net>

<net id="347"><net_src comp="325" pin="4"/><net_sink comp="342" pin=1"/></net>

<net id="348"><net_src comp="304" pin="4"/><net_sink comp="342" pin=2"/></net>

<net id="355"><net_src comp="82" pin="0"/><net_sink comp="349" pin=0"/></net>

<net id="356"><net_src comp="298" pin="1"/><net_sink comp="349" pin=1"/></net>

<net id="357"><net_src comp="92" pin="0"/><net_sink comp="349" pin=2"/></net>

<net id="358"><net_src comp="94" pin="0"/><net_sink comp="349" pin=3"/></net>

<net id="365"><net_src comp="82" pin="0"/><net_sink comp="359" pin=0"/></net>

<net id="366"><net_src comp="298" pin="1"/><net_sink comp="359" pin=1"/></net>

<net id="367"><net_src comp="96" pin="0"/><net_sink comp="359" pin=2"/></net>

<net id="368"><net_src comp="98" pin="0"/><net_sink comp="359" pin=3"/></net>

<net id="378"><net_src comp="100" pin="0"/><net_sink comp="369" pin=0"/></net>

<net id="379"><net_src comp="102" pin="0"/><net_sink comp="369" pin=1"/></net>

<net id="380"><net_src comp="349" pin="4"/><net_sink comp="369" pin=2"/></net>

<net id="381"><net_src comp="104" pin="0"/><net_sink comp="369" pin=3"/></net>

<net id="382"><net_src comp="359" pin="4"/><net_sink comp="369" pin=4"/></net>

<net id="383"><net_src comp="304" pin="4"/><net_sink comp="369" pin=5"/></net>

<net id="390"><net_src comp="82" pin="0"/><net_sink comp="384" pin=0"/></net>

<net id="391"><net_src comp="298" pin="1"/><net_sink comp="384" pin=1"/></net>

<net id="392"><net_src comp="106" pin="0"/><net_sink comp="384" pin=2"/></net>

<net id="393"><net_src comp="108" pin="0"/><net_sink comp="384" pin=3"/></net>

<net id="398"><net_src comp="110" pin="0"/><net_sink comp="394" pin=1"/></net>

<net id="404"><net_src comp="394" pin="2"/><net_sink comp="399" pin=0"/></net>

<net id="405"><net_src comp="384" pin="4"/><net_sink comp="399" pin=1"/></net>

<net id="406"><net_src comp="359" pin="4"/><net_sink comp="399" pin=2"/></net>

<net id="412"><net_src comp="394" pin="2"/><net_sink comp="407" pin=0"/></net>

<net id="413"><net_src comp="349" pin="4"/><net_sink comp="407" pin=1"/></net>

<net id="414"><net_src comp="384" pin="4"/><net_sink comp="407" pin=2"/></net>

<net id="424"><net_src comp="112" pin="0"/><net_sink comp="415" pin=0"/></net>

<net id="425"><net_src comp="407" pin="3"/><net_sink comp="415" pin=1"/></net>

<net id="426"><net_src comp="399" pin="3"/><net_sink comp="415" pin=2"/></net>

<net id="427"><net_src comp="369" pin="7"/><net_sink comp="415" pin=3"/></net>

<net id="428"><net_src comp="342" pin="3"/><net_sink comp="415" pin=4"/></net>

<net id="429"><net_src comp="335" pin="3"/><net_sink comp="415" pin=5"/></net>

<net id="430"><net_src comp="318" pin="3"/><net_sink comp="415" pin=6"/></net>

<net id="431"><net_src comp="415" pin="7"/><net_sink comp="192" pin=2"/></net>

<net id="435"><net_src comp="432" pin="1"/><net_sink comp="206" pin=2"/></net>

<net id="439"><net_src comp="120" pin="1"/><net_sink comp="436" pin=0"/></net>

<net id="440"><net_src comp="436" pin="1"/><net_sink comp="249" pin=1"/></net>

<net id="441"><net_src comp="436" pin="1"/><net_sink comp="254" pin=0"/></net>

<net id="442"><net_src comp="436" pin="1"/><net_sink comp="293" pin=1"/></net>

<net id="446"><net_src comp="124" pin="1"/><net_sink comp="443" pin=0"/></net>

<net id="447"><net_src comp="443" pin="1"/><net_sink comp="244" pin=1"/></net>

<net id="448"><net_src comp="443" pin="1"/><net_sink comp="288" pin=1"/></net>

<net id="449"><net_src comp="443" pin="1"/><net_sink comp="298" pin=0"/></net>

<net id="450"><net_src comp="443" pin="1"/><net_sink comp="432" pin=0"/></net>

<net id="454"><net_src comp="128" pin="1"/><net_sink comp="451" pin=0"/></net>

<net id="455"><net_src comp="451" pin="1"/><net_sink comp="239" pin=1"/></net>

<net id="456"><net_src comp="451" pin="1"/><net_sink comp="283" pin=1"/></net>

<net id="457"><net_src comp="451" pin="1"/><net_sink comp="301" pin=0"/></net>

<net id="461"><net_src comp="132" pin="2"/><net_sink comp="458" pin=0"/></net>

<net id="462"><net_src comp="458" pin="1"/><net_sink comp="394" pin=0"/></net>

<net id="466"><net_src comp="144" pin="2"/><net_sink comp="463" pin=0"/></net>

<net id="467"><net_src comp="463" pin="1"/><net_sink comp="318" pin=0"/></net>

<net id="468"><net_src comp="463" pin="1"/><net_sink comp="335" pin=0"/></net>

<net id="469"><net_src comp="463" pin="1"/><net_sink comp="342" pin=0"/></net>

<net id="473"><net_src comp="235" pin="1"/><net_sink comp="470" pin=0"/></net>

<net id="474"><net_src comp="470" pin="1"/><net_sink comp="369" pin=6"/></net>

<net id="478"><net_src comp="257" pin="2"/><net_sink comp="475" pin=0"/></net>

<net id="485"><net_src comp="301" pin="1"/><net_sink comp="482" pin=0"/></net>

<net id="486"><net_src comp="482" pin="1"/><net_sink comp="216" pin=2"/></net>

</net_list>

</model> 
---------------- Datapath Model END ------------------

* FSMD analyzer results:
  - Output states:
	Port: img | {2 }
	Port: eol_out | {1 }
	Port: axi_data_3_out | {1 }
 - Input state : 
	Port: AXIvideo2MultiPixStream_Pipeline_loop_width : sof_2 | {1 }
	Port: AXIvideo2MultiPixStream_Pipeline_loop_width : axi_last_2 | {1 }
	Port: AXIvideo2MultiPixStream_Pipeline_loop_width : axi_data_2 | {1 }
	Port: AXIvideo2MultiPixStream_Pipeline_loop_width : trunc_ln | {1 }
	Port: AXIvideo2MultiPixStream_Pipeline_loop_width : cond | {1 }
	Port: AXIvideo2MultiPixStream_Pipeline_loop_width : colorFormat_val_cast | {1 }
	Port: AXIvideo2MultiPixStream_Pipeline_loop_width : colorFormat_val | {1 }
	Port: AXIvideo2MultiPixStream_Pipeline_loop_width : s_axis_video_V_data_V | {1 }
	Port: AXIvideo2MultiPixStream_Pipeline_loop_width : s_axis_video_V_keep_V | {1 }
	Port: AXIvideo2MultiPixStream_Pipeline_loop_width : s_axis_video_V_strb_V | {1 }
	Port: AXIvideo2MultiPixStream_Pipeline_loop_width : s_axis_video_V_user_V | {1 }
	Port: AXIvideo2MultiPixStream_Pipeline_loop_width : s_axis_video_V_last_V | {1 }
	Port: AXIvideo2MultiPixStream_Pipeline_loop_width : s_axis_video_V_id_V | {1 }
	Port: AXIvideo2MultiPixStream_Pipeline_loop_width : s_axis_video_V_dest_V | {1 }
  - Chain level:
	State 1
		store_ln257 : 1
		eol : 1
		sof : 1
		j_1 : 1
		icmp_ln257 : 2
		j_2 : 2
		br_ln257 : 3
		or_ln261 : 2
		br_ln261 : 2
		store_ln226 : 1
		store_ln226 : 1
		store_ln257 : 3
		axi_data_load : 1
		write_ln0 : 2
		write_ln0 : 2
	State 2
		tmp_s : 1
		trunc_ln63 : 1
		select_ln290 : 2
		tmp_2 : 1
		select_ln290_1 : 2
		select_ln290_2 : 2
		tmp_3 : 1
		tmp_4 : 1
		tmp_1 : 2
		tmp_5 : 1
		select_ln290_3 : 2
		select_ln290_4 : 2
		p_0 : 3
		write_ln303 : 4


============================================================
+ Verbose Summary: Datapath Resource usage 
============================================================

* Functional unit list:
|----------|---------------------------------------|---------|---------|
| Operation|            Functional Unit            |    FF   |   LUT   |
|----------|---------------------------------------|---------|---------|
|          |          select_ln290_fu_318          |    0    |    8    |
|          |         select_ln290_1_fu_335         |    0    |    8    |
|  select  |         select_ln290_2_fu_342         |    0    |    8    |
|          |         select_ln290_3_fu_399         |    0    |    8    |
|          |         select_ln290_4_fu_407         |    0    |    8    |
|----------|---------------------------------------|---------|---------|
|   icmp   |           icmp_ln257_fu_257           |    0    |    18   |
|          |           icmp_ln290_fu_394           |    0    |    11   |
|----------|---------------------------------------|---------|---------|
|    add   |               j_2_fu_263              |    0    |    18   |
|----------|---------------------------------------|---------|---------|
| sparsemux|              tmp_1_fu_369             |    0    |    9    |
|----------|---------------------------------------|---------|---------|
|    or    |            or_ln261_fu_269            |    0    |    2    |
|----------|---------------------------------------|---------|---------|
|          |    colorFormat_val_read_read_fu_132   |    0    |    0    |
|          | colorFormat_val_cast_read_read_fu_138 |    0    |    0    |
|          |         cond_read_read_fu_144         |    0    |    0    |
|   read   |       trunc_ln_read_read_fu_150       |    0    |    0    |
|          |      axi_data_2_read_read_fu_156      |    0    |    0    |
|          |      axi_last_2_read_read_fu_162      |    0    |    0    |
|          |         sof_2_read_read_fu_168        |    0    |    0    |
|          |           empty_read_fu_174           |    0    |    0    |
|----------|---------------------------------------|---------|---------|
|          |        write_ln303_write_fu_192       |    0    |    0    |
|   write  |         write_ln0_write_fu_199        |    0    |    0    |
|          |         write_ln0_write_fu_206        |    0    |    0    |
|----------|---------------------------------------|---------|---------|
|   zext   |    colorFormat_val_cast_cast_fu_235   |    0    |    0    |
|----------|---------------------------------------|---------|---------|
|extractvalue|           axi_data_1_fu_275           |    0    |    0    |
|          |           axi_last_5_fu_279           |    0    |    0    |
|----------|---------------------------------------|---------|---------|
|          |              tmp_s_fu_304             |    0    |    0    |
|          |              tmp_2_fu_325             |    0    |    0    |
|partselect|              tmp_3_fu_349             |    0    |    0    |
|          |              tmp_4_fu_359             |    0    |    0    |
|          |              tmp_5_fu_384             |    0    |    0    |
|----------|---------------------------------------|---------|---------|
|   trunc  |           trunc_ln63_fu_314           |    0    |    0    |
|----------|---------------------------------------|---------|---------|
|bitconcatenate|               p_0_fu_415              |    0    |    0    |
|----------|---------------------------------------|---------|---------|
|   Total  |                                       |    0    |    98   |
|----------|---------------------------------------|---------|---------|

Memories:
N/A

* Register list:
+---------------------------------+--------+
|                                 |   FF   |
+---------------------------------+--------+
|         axi_data_reg_443        |   48   |
|        axi_last_4_reg_482       |    1   |
|         axi_last_reg_451        |    1   |
|colorFormat_val_cast_cast_reg_470|    8   |
|   colorFormat_val_read_reg_458  |    3   |
|        cond_read_reg_463        |    1   |
|           eol_reg_213           |    1   |
|        icmp_ln257_reg_475       |    1   |
|            j_reg_436            |   11   |
|           sof_reg_224           |    1   |
+---------------------------------+--------+
|              Total              |   76   |
+---------------------------------+--------+

* Multiplexer (MUX) list: 
|--------|------|------|------|--------|
|  Comp  |  Pin | Size |  BW  | S x BW |
|--------|------|------|------|--------|
|  Total |      |      |      |    0   |
|--------|------|------|------|--------|



* Summary:
+-----------+--------+--------+
|           |   FF   |   LUT  |
+-----------+--------+--------+
|  Function |    0   |   98   |
|   Memory  |    -   |    -   |
|Multiplexer|    -   |    -   |
|  Register |   76   |    -   |
+-----------+--------+--------+
|   Total   |   76   |   98   |
+-----------+--------+--------+
