

================================================================
== Vitis HLS Report for 'AXIvideo2MultiPixStream'
================================================================
* Date:           Tue Aug 19 22:11:03 2025

* Version:        2023.2 (Build 4023990 on Oct 11 2023)
* Project:        prj
* Solution:       sol (Vivado IP Flow Target)
* Product family: artix7
* Target device:  xc7a200t-fbg676-2


================================================================
== Performance Estimates
================================================================
+ Timing: 
    * Summary: 
    +--------+---------+----------+------------+
    |  Clock |  Target | Estimated| Uncertainty|
    +--------+---------+----------+------------+
    |ap_clk  |  6.67 ns|  5.412 ns|     1.80 ns|
    +--------+---------+----------+------------+

+ Latency: 
    * Summary: 
    +---------+---------+-----------+-----------+-----+---------+---------+
    |  Latency (cycles) |   Latency (absolute)  |    Interval   | Pipeline|
    |   min   |   max   |    min    |    max    | min |   max   |   Type  |
    +---------+---------+-----------+-----------+-----+---------+---------+
    |        6|  4170966|  40.002 ns|  27.808 ms|    6|  4170966|       no|
    +---------+---------+-----------+-----------+-----+---------+---------+

    + Detail: 
        * Instance: 
        +-----------------------------------------------------------------+------------------------------------------------------+---------+---------+-----------+-----------+-----+------+---------+
        |                                                                 |                                                      |  Latency (cycles) |   Latency (absolute)  |  Interval  | Pipeline|
        |                             Instance                            |                        Module                        |   min   |   max   |    min    |    max    | min |  max |   Type  |
        +-----------------------------------------------------------------+------------------------------------------------------+---------+---------+-----------+-----------+-----+------+---------+
        |grp_AXIvideo2MultiPixStream_Pipeline_loop_wait_for_start_fu_148  |AXIvideo2MultiPixStream_Pipeline_loop_wait_for_start  |        2|        2|  13.334 ns|  13.334 ns|    2|     2|       no|
        |grp_AXIvideo2MultiPixStream_Pipeline_loop_width_fu_168           |AXIvideo2MultiPixStream_Pipeline_loop_width           |        2|     1922|  13.334 ns|  12.814 us|    2|  1922|       no|
        |grp_AXIvideo2MultiPixStream_Pipeline_loop_wait_for_eol_fu_199    |AXIvideo2MultiPixStream_Pipeline_loop_wait_for_eol    |        2|        2|  13.334 ns|  13.334 ns|    2|     2|       no|
        |grp_reg_unsigned_short_s_fu_222                                  |reg_unsigned_short_s                                  |        1|        1|   6.667 ns|   6.667 ns|    1|     1|      yes|
        |grp_reg_unsigned_short_s_fu_243                                  |reg_unsigned_short_s                                  |        1|        1|   6.667 ns|   6.667 ns|    1|     1|      yes|
        +-----------------------------------------------------------------+------------------------------------------------------+---------+---------+-----------+-----------+-----+------+---------+

        * Loop: 
        +---------------+---------+---------+-----------+-----------+-----------+----------+----------+
        |               |  Latency (cycles) | Iteration |  Initiation Interval  |   Trip   |          |
        |   Loop Name   |   min   |   max   |  Latency  |  achieved |   target  |   Count  | Pipelined|
        +---------------+---------+---------+-----------+-----------+-----------+----------+----------+
        |- loop_height  |        0|  4170960|  11 ~ 1931|          -|          -|  0 ~ 2160|        no|
        +---------------+---------+---------+-----------+-----------+-----------+----------+----------+

============================================================
+ Verbose Summary: Synthesis Manager
============================================================
InlineROM: 1
ExposeGlobal: 0
============================================================
+ Verbose Summary: CDFG Model
============================================================
IsTopModel: 0
ResetActiveHigh: 1
IsCombinational: 2
IsDatapathOnly: 0
HasWiredReturn: 1
HasMFsm: 0
HasVarLatency: 1
IsPipeline: 0
IsRtlPipelined: 0
IsInstanceOverlapped: 0
IsDontTouch: 0
HasImplIP: 0
IsGatedGlobalClock: 0


============================================================
+ Verbose Summary: Schedule
============================================================
* Number of FSM states : 11
* Pipeline : 0
* Dataflow Pipeline: 0

* FSM state transitions: 
1 --> 2 
2 --> 3 
3 --> 4 
4 --> 5 
5 --> 6 
6 --> 7 
7 --> 8 
8 --> 9 
9 --> 10 
10 --> 11 
11 --> 5 

* FSM state operations: 

State 1 <SV = 0> <Delay = 1.32>
ST_1 : Operation 12 [1/1] (0.00ns)   --->   "%axi_data_2 = alloca i32 1" [C:/Users/XF/Desktop/chiplabdemo/chiplab/fpga/loongson/2023.2/system_run.runs/v_frmbuf_wr_0_synth_1/prj/sol/.autopilot/db/v_frmbuf_wr.cpp:226]   --->   Operation 12 'alloca' 'axi_data_2' <Predicate = true> <Delay = 0.00>
ST_1 : Operation 13 [1/1] (0.00ns)   --->   "%i = alloca i32 1" [C:/Users/XF/Desktop/chiplabdemo/chiplab/fpga/loongson/2023.2/system_run.runs/v_frmbuf_wr_0_synth_1/prj/sol/.autopilot/db/v_frmbuf_wr.cpp:253]   --->   Operation 13 'alloca' 'i' <Predicate = true> <Delay = 0.00>
ST_1 : Operation 14 [1/1] (0.00ns)   --->   "%colorFormat_val_read = read i3 @_ssdm_op_Read.ap_auto.i3, i3 %colorFormat_val"   --->   Operation 14 'read' 'colorFormat_val_read' <Predicate = true> <Delay = 0.00>
ST_1 : Operation 15 [1/1] (0.00ns)   --->   "%WidthIn_val_read = read i12 @_ssdm_op_Read.ap_auto.i12, i12 %WidthIn_val"   --->   Operation 15 'read' 'WidthIn_val_read' <Predicate = true> <Delay = 0.00>
ST_1 : Operation 16 [1/1] (0.00ns)   --->   "%Height_val_read = read i12 @_ssdm_op_Read.ap_auto.i12, i12 %Height_val"   --->   Operation 16 'read' 'Height_val_read' <Predicate = true> <Delay = 0.00>
ST_1 : Operation 17 [1/1] (0.00ns)   --->   "%axi_last_4_loc = alloca i32 1"   --->   Operation 17 'alloca' 'axi_last_4_loc' <Predicate = true> <Delay = 0.00>
ST_1 : Operation 18 [1/1] (0.00ns)   --->   "%axi_data_3_loc = alloca i32 1"   --->   Operation 18 'alloca' 'axi_data_3_loc' <Predicate = true> <Delay = 0.00>
ST_1 : Operation 19 [1/1] (0.00ns)   --->   "%eol_loc = alloca i32 1"   --->   Operation 19 'alloca' 'eol_loc' <Predicate = true> <Delay = 0.00>
ST_1 : Operation 20 [1/1] (0.00ns)   --->   "%axi_last_loc = alloca i32 1"   --->   Operation 20 'alloca' 'axi_last_loc' <Predicate = true> <Delay = 0.00>
ST_1 : Operation 21 [2/2] (0.00ns)   --->   "%cols = call i12 @reg<unsigned short>, i12 %WidthIn_val_read" [C:/Users/XF/Desktop/chiplabdemo/chiplab/fpga/loongson/2023.2/system_run.runs/v_frmbuf_wr_0_synth_1/prj/sol/.autopilot/db/v_frmbuf_wr.cpp:231]   --->   Operation 21 'call' 'cols' <Predicate = true> <Delay = 0.00> <CoreType = "Generic">   --->   Core 0 '' <Latency = 0> <II = 1> <Delay = 1.00> <Generic> <Opcode : >
ST_1 : Operation 22 [1/1] (1.32ns)   --->   "%store_ln253 = store i12 0, i12 %i" [C:/Users/XF/Desktop/chiplabdemo/chiplab/fpga/loongson/2023.2/system_run.runs/v_frmbuf_wr_0_synth_1/prj/sol/.autopilot/db/v_frmbuf_wr.cpp:253]   --->   Operation 22 'store' 'store_ln253' <Predicate = true> <Delay = 1.32>

State 2 <SV = 1> <Delay = 2.32>
ST_2 : Operation 23 [1/2] (0.00ns)   --->   "%cols = call i12 @reg<unsigned short>, i12 %WidthIn_val_read" [C:/Users/XF/Desktop/chiplabdemo/chiplab/fpga/loongson/2023.2/system_run.runs/v_frmbuf_wr_0_synth_1/prj/sol/.autopilot/db/v_frmbuf_wr.cpp:231]   --->   Operation 23 'call' 'cols' <Predicate = true> <Delay = 0.00> <CoreType = "Generic">   --->   Core 0 '' <Latency = 0> <II = 1> <Delay = 1.00> <Generic> <Opcode : >
ST_2 : Operation 24 [1/1] (0.00ns)   --->   "%empty = wait i32 @_ssdm_op_Wait"   --->   Operation 24 'wait' 'empty' <Predicate = true> <Delay = 0.00>
ST_2 : Operation 25 [2/2] (2.32ns)   --->   "%call_ln0 = call void @AXIvideo2MultiPixStream_Pipeline_loop_wait_for_start, i48 %s_axis_video_V_data_V, i6 %s_axis_video_V_keep_V, i6 %s_axis_video_V_strb_V, i1 %s_axis_video_V_user_V, i1 %s_axis_video_V_last_V, i1 %s_axis_video_V_id_V, i1 %s_axis_video_V_dest_V, i48 %axi_data_2, i1 %axi_last_loc"   --->   Operation 25 'call' 'call_ln0' <Predicate = true> <Delay = 2.32> <CoreType = "Generic">   --->   Core 0 '' <Latency = 0> <II = 1> <Delay = 1.00> <Generic> <Opcode : >
ST_2 : Operation 26 [1/1] (0.00ns)   --->   "%trunc_ln = partselect i11 @_ssdm_op_PartSelect.i11.i12.i32.i32, i12 %cols, i32 1, i32 11" [C:/Users/XF/Desktop/chiplabdemo/chiplab/fpga/loongson/2023.2/system_run.runs/v_frmbuf_wr_0_synth_1/prj/sol/.autopilot/db/v_frmbuf_wr.cpp:226]   --->   Operation 26 'partselect' 'trunc_ln' <Predicate = true> <Delay = 0.00>

State 3 <SV = 2> <Delay = 1.32>
ST_3 : Operation 27 [2/2] (0.00ns)   --->   "%rows = call i12 @reg<unsigned short>, i12 %Height_val_read" [C:/Users/XF/Desktop/chiplabdemo/chiplab/fpga/loongson/2023.2/system_run.runs/v_frmbuf_wr_0_synth_1/prj/sol/.autopilot/db/v_frmbuf_wr.cpp:230]   --->   Operation 27 'call' 'rows' <Predicate = true> <Delay = 0.00> <CoreType = "Generic">   --->   Core 0 '' <Latency = 0> <II = 1> <Delay = 1.00> <Generic> <Opcode : >
ST_3 : Operation 28 [1/2] (1.32ns)   --->   "%call_ln0 = call void @AXIvideo2MultiPixStream_Pipeline_loop_wait_for_start, i48 %s_axis_video_V_data_V, i6 %s_axis_video_V_keep_V, i6 %s_axis_video_V_strb_V, i1 %s_axis_video_V_user_V, i1 %s_axis_video_V_last_V, i1 %s_axis_video_V_id_V, i1 %s_axis_video_V_dest_V, i48 %axi_data_2, i1 %axi_last_loc"   --->   Operation 28 'call' 'call_ln0' <Predicate = true> <Delay = 1.32> <CoreType = "Generic">   --->   Core 0 '' <Latency = 0> <II = 1> <Delay = 1.00> <Generic> <Opcode : >

State 4 <SV = 3> <Delay = 2.56>
ST_4 : Operation 29 [1/1] (0.00ns)   --->   "%specaxissidechannel_ln0 = specaxissidechannel void @_ssdm_op_SpecAXISSideChannel, i48 %s_axis_video_V_data_V, i6 %s_axis_video_V_keep_V, i6 %s_axis_video_V_strb_V, i1 %s_axis_video_V_user_V, i1 %s_axis_video_V_last_V, i1 %s_axis_video_V_id_V, i1 %s_axis_video_V_dest_V, void @empty_5"   --->   Operation 29 'specaxissidechannel' 'specaxissidechannel_ln0' <Predicate = true> <Delay = 0.00>
ST_4 : Operation 30 [1/1] (0.00ns)   --->   "%specstablecontent_ln0 = specstablecontent void @_ssdm_op_SpecStableContent, i12 %Height_val, void "   --->   Operation 30 'specstablecontent' 'specstablecontent_ln0' <Predicate = true> <Delay = 0.00>
ST_4 : Operation 31 [1/1] (0.00ns)   --->   "%specstablecontent_ln0 = specstablecontent void @_ssdm_op_SpecStableContent, i12 %WidthIn_val, void "   --->   Operation 31 'specstablecontent' 'specstablecontent_ln0' <Predicate = true> <Delay = 0.00>
ST_4 : Operation 32 [1/1] (0.00ns)   --->   "%specinterface_ln0 = specinterface void @_ssdm_op_SpecInterface, i48 %img, void @empty_6, i32 0, i32 0, void @empty_16, i32 0, i32 0, void @empty_16, void @empty_16, void @empty_16, i32 0, i32 0, i32 0, i32 0, void @empty_16, void @empty_16, i32 4294967295, i32 0"   --->   Operation 32 'specinterface' 'specinterface_ln0' <Predicate = true> <Delay = 0.00>
ST_4 : Operation 33 [1/1] (0.00ns)   --->   "%specinterface_ln0 = specinterface void @_ssdm_op_SpecInterface, i48 %s_axis_video_V_data_V, i6 %s_axis_video_V_keep_V, i6 %s_axis_video_V_strb_V, i1 %s_axis_video_V_user_V, i1 %s_axis_video_V_last_V, i1 %s_axis_video_V_id_V, i1 %s_axis_video_V_dest_V, void @empty_3, i32 0, i32 0, void @empty_4, i32 0, i32 0, void @empty_16, void @empty_16, void @empty_16, i32 0, i32 0, i32 0, i32 0, void @empty_16, void @empty_16, i32 4294967295, i32 0"   --->   Operation 33 'specinterface' 'specinterface_ln0' <Predicate = true> <Delay = 0.00>
ST_4 : Operation 34 [1/2] (0.00ns)   --->   "%rows = call i12 @reg<unsigned short>, i12 %Height_val_read" [C:/Users/XF/Desktop/chiplabdemo/chiplab/fpga/loongson/2023.2/system_run.runs/v_frmbuf_wr_0_synth_1/prj/sol/.autopilot/db/v_frmbuf_wr.cpp:230]   --->   Operation 34 'call' 'rows' <Predicate = true> <Delay = 0.00> <CoreType = "Generic">   --->   Core 0 '' <Latency = 0> <II = 1> <Delay = 1.00> <Generic> <Opcode : >
ST_4 : Operation 35 [1/1] (0.00ns)   --->   "%axi_last_loc_load = load i1 %axi_last_loc"   --->   Operation 35 'load' 'axi_last_loc_load' <Predicate = true> <Delay = 0.00>
ST_4 : Operation 36 [1/1] (0.00ns)   --->   "%empty_216 = wait i32 @_ssdm_op_Wait"   --->   Operation 36 'wait' 'empty_216' <Predicate = true> <Delay = 0.00>
ST_4 : Operation 37 [1/1] (1.76ns)   --->   "%cmp10400 = icmp_ne  i11 %trunc_ln, i11 0" [C:/Users/XF/Desktop/chiplabdemo/chiplab/fpga/loongson/2023.2/system_run.runs/v_frmbuf_wr_0_synth_1/prj/sol/.autopilot/db/v_frmbuf_wr.cpp:226]   --->   Operation 37 'icmp' 'cmp10400' <Predicate = true> <Delay = 1.76> <CoreInst = "Cmp">   --->   Core 9 'Cmp' <Latency = 0> <II = 1> <Delay = 1.76> <FuncUnit> <Opcode : 'icmp'> <InPorts = 2> <OutPorts = 1>
ST_4 : Operation 38 [1/1] (1.34ns)   --->   "%cond = icmp_eq  i3 %colorFormat_val_read, i3 0"   --->   Operation 38 'icmp' 'cond' <Predicate = true> <Delay = 1.34> <CoreInst = "Cmp">   --->   Core 9 'Cmp' <Latency = 0> <II = 1> <Delay = 1.34> <FuncUnit> <Opcode : 'icmp'> <InPorts = 2> <OutPorts = 1>
ST_4 : Operation 39 [1/1] (0.80ns)   --->   "%xor_ln306 = xor i1 %cmp10400, i1 1" [C:/Users/XF/Desktop/chiplabdemo/chiplab/fpga/loongson/2023.2/system_run.runs/v_frmbuf_wr_0_synth_1/prj/sol/.autopilot/db/v_frmbuf_wr.cpp:306]   --->   Operation 39 'xor' 'xor_ln306' <Predicate = true> <Delay = 0.80> <CoreInst = "LogicGate">   --->   Core 74 'LogicGate' <Latency = 0> <II = 1> <Delay = 0.80> <FuncUnit> <Opcode : 'and' 'or' 'xor'> <InPorts = 2> <OutPorts = 1>
ST_4 : Operation 40 [1/1] (1.32ns)   --->   "%br_ln253 = br void %loop_width" [C:/Users/XF/Desktop/chiplabdemo/chiplab/fpga/loongson/2023.2/system_run.runs/v_frmbuf_wr_0_synth_1/prj/sol/.autopilot/db/v_frmbuf_wr.cpp:253]   --->   Operation 40 'br' 'br_ln253' <Predicate = true> <Delay = 1.32>

State 5 <SV = 4> <Delay = 3.10>
ST_5 : Operation 41 [1/1] (0.00ns)   --->   "%sof = phi i1 1, void %entry, i1 %and_ln306, void %loop_width.split" [C:/Users/XF/Desktop/chiplabdemo/chiplab/fpga/loongson/2023.2/system_run.runs/v_frmbuf_wr_0_synth_1/prj/sol/.autopilot/db/v_frmbuf_wr.cpp:306]   --->   Operation 41 'phi' 'sof' <Predicate = true> <Delay = 0.00>
ST_5 : Operation 42 [1/1] (0.00ns)   --->   "%axi_last_2 = phi i1 %axi_last_loc_load, void %entry, i1 %axi_last_4_loc_load, void %loop_width.split"   --->   Operation 42 'phi' 'axi_last_2' <Predicate = true> <Delay = 0.00>
ST_5 : Operation 43 [1/1] (0.00ns)   --->   "%i_1 = load i12 %i" [C:/Users/XF/Desktop/chiplabdemo/chiplab/fpga/loongson/2023.2/system_run.runs/v_frmbuf_wr_0_synth_1/prj/sol/.autopilot/db/v_frmbuf_wr.cpp:253]   --->   Operation 43 'load' 'i_1' <Predicate = true> <Delay = 0.00>
ST_5 : Operation 44 [1/1] (1.77ns)   --->   "%icmp_ln253 = icmp_eq  i12 %i_1, i12 %rows" [C:/Users/XF/Desktop/chiplabdemo/chiplab/fpga/loongson/2023.2/system_run.runs/v_frmbuf_wr_0_synth_1/prj/sol/.autopilot/db/v_frmbuf_wr.cpp:253]   --->   Operation 44 'icmp' 'icmp_ln253' <Predicate = true> <Delay = 1.77> <CoreInst = "Cmp">   --->   Core 9 'Cmp' <Latency = 0> <II = 1> <Delay = 1.77> <FuncUnit> <Opcode : 'icmp'> <InPorts = 2> <OutPorts = 1>
ST_5 : Operation 45 [1/1] (0.00ns)   --->   "%speclooptripcount_ln0 = speclooptripcount void @_ssdm_op_SpecLoopTripCount, i64 0, i64 2160, i64 0"   --->   Operation 45 'speclooptripcount' 'speclooptripcount_ln0' <Predicate = true> <Delay = 0.00>
ST_5 : Operation 46 [1/1] (1.77ns)   --->   "%i_2 = add i12 %i_1, i12 1" [C:/Users/XF/Desktop/chiplabdemo/chiplab/fpga/loongson/2023.2/system_run.runs/v_frmbuf_wr_0_synth_1/prj/sol/.autopilot/db/v_frmbuf_wr.cpp:253]   --->   Operation 46 'add' 'i_2' <Predicate = true> <Delay = 1.77> <CoreInst = "Adder">   --->   Core 1 'Adder' <Latency = 0> <II = 1> <Delay = 1.77> <FuncUnit> <Opcode : 'add' 'sub'> <InPorts = 2> <OutPorts = 1>
ST_5 : Operation 47 [1/1] (0.00ns)   --->   "%br_ln253 = br i1 %icmp_ln253, void %loop_width.split, void %for.end71.loopexit" [C:/Users/XF/Desktop/chiplabdemo/chiplab/fpga/loongson/2023.2/system_run.runs/v_frmbuf_wr_0_synth_1/prj/sol/.autopilot/db/v_frmbuf_wr.cpp:253]   --->   Operation 47 'br' 'br_ln253' <Predicate = true> <Delay = 0.00>
ST_5 : Operation 48 [1/1] (0.00ns)   --->   "%empty_217 = wait i32 @_ssdm_op_Wait"   --->   Operation 48 'wait' 'empty_217' <Predicate = (!icmp_ln253)> <Delay = 0.00>
ST_5 : Operation 49 [1/1] (0.80ns)   --->   "%and_ln306 = and i1 %sof, i1 %xor_ln306" [C:/Users/XF/Desktop/chiplabdemo/chiplab/fpga/loongson/2023.2/system_run.runs/v_frmbuf_wr_0_synth_1/prj/sol/.autopilot/db/v_frmbuf_wr.cpp:306]   --->   Operation 49 'and' 'and_ln306' <Predicate = (!icmp_ln253)> <Delay = 0.80> <CoreInst = "LogicGate">   --->   Core 74 'LogicGate' <Latency = 0> <II = 1> <Delay = 0.80> <FuncUnit> <Opcode : 'and' 'or' 'xor'> <InPorts = 2> <OutPorts = 1>
ST_5 : Operation 50 [1/1] (1.32ns)   --->   "%store_ln253 = store i12 %i_2, i12 %i" [C:/Users/XF/Desktop/chiplabdemo/chiplab/fpga/loongson/2023.2/system_run.runs/v_frmbuf_wr_0_synth_1/prj/sol/.autopilot/db/v_frmbuf_wr.cpp:253]   --->   Operation 50 'store' 'store_ln253' <Predicate = (!icmp_ln253)> <Delay = 1.32>
ST_5 : Operation 51 [1/1] (0.00ns)   --->   "%ret_ln0 = ret"   --->   Operation 51 'ret' 'ret_ln0' <Predicate = (icmp_ln253)> <Delay = 0.00>

State 6 <SV = 5> <Delay = 4.44>
ST_6 : Operation 52 [1/1] (0.00ns)   --->   "%axi_data_2_load = load i48 %axi_data_2"   --->   Operation 52 'load' 'axi_data_2_load' <Predicate = true> <Delay = 0.00>
ST_6 : Operation 53 [2/2] (4.44ns)   --->   "%call_ln306 = call void @AXIvideo2MultiPixStream_Pipeline_loop_width, i1 %sof, i1 %axi_last_2, i48 %axi_data_2_load, i11 %trunc_ln, i1 %cond, i3 %colorFormat_val_read, i3 %colorFormat_val_read, i48 %img, i48 %s_axis_video_V_data_V, i6 %s_axis_video_V_keep_V, i6 %s_axis_video_V_strb_V, i1 %s_axis_video_V_user_V, i1 %s_axis_video_V_last_V, i1 %s_axis_video_V_id_V, i1 %s_axis_video_V_dest_V, i1 %eol_loc, i48 %axi_data_3_loc" [C:/Users/XF/Desktop/chiplabdemo/chiplab/fpga/loongson/2023.2/system_run.runs/v_frmbuf_wr_0_synth_1/prj/sol/.autopilot/db/v_frmbuf_wr.cpp:306]   --->   Operation 53 'call' 'call_ln306' <Predicate = true> <Delay = 4.44> <CoreType = "Generic">   --->   Core 0 '' <Latency = 0> <II = 1> <Delay = 1.00> <Generic> <Opcode : >

State 7 <SV = 6> <Delay = 3.08>
ST_7 : Operation 54 [1/2] (3.08ns)   --->   "%call_ln306 = call void @AXIvideo2MultiPixStream_Pipeline_loop_width, i1 %sof, i1 %axi_last_2, i48 %axi_data_2_load, i11 %trunc_ln, i1 %cond, i3 %colorFormat_val_read, i3 %colorFormat_val_read, i48 %img, i48 %s_axis_video_V_data_V, i6 %s_axis_video_V_keep_V, i6 %s_axis_video_V_strb_V, i1 %s_axis_video_V_user_V, i1 %s_axis_video_V_last_V, i1 %s_axis_video_V_id_V, i1 %s_axis_video_V_dest_V, i1 %eol_loc, i48 %axi_data_3_loc" [C:/Users/XF/Desktop/chiplabdemo/chiplab/fpga/loongson/2023.2/system_run.runs/v_frmbuf_wr_0_synth_1/prj/sol/.autopilot/db/v_frmbuf_wr.cpp:306]   --->   Operation 54 'call' 'call_ln306' <Predicate = true> <Delay = 3.08> <CoreType = "Generic">   --->   Core 0 '' <Latency = 0> <II = 1> <Delay = 1.00> <Generic> <Opcode : >

State 8 <SV = 7> <Delay = 0.00>
ST_8 : Operation 55 [1/1] (0.00ns)   --->   "%empty_218 = wait i32 @_ssdm_op_Wait"   --->   Operation 55 'wait' 'empty_218' <Predicate = true> <Delay = 0.00>

State 9 <SV = 8> <Delay = 4.46>
ST_9 : Operation 56 [1/1] (0.00ns)   --->   "%eol_loc_load = load i1 %eol_loc"   --->   Operation 56 'load' 'eol_loc_load' <Predicate = true> <Delay = 0.00>
ST_9 : Operation 57 [1/1] (0.00ns)   --->   "%axi_data_3_loc_load = load i48 %axi_data_3_loc"   --->   Operation 57 'load' 'axi_data_3_loc_load' <Predicate = true> <Delay = 0.00>
ST_9 : Operation 58 [1/1] (0.81ns)   --->   "%select_ln306 = select i1 %cmp10400, i1 %eol_loc_load, i1 %axi_last_2" [C:/Users/XF/Desktop/chiplabdemo/chiplab/fpga/loongson/2023.2/system_run.runs/v_frmbuf_wr_0_synth_1/prj/sol/.autopilot/db/v_frmbuf_wr.cpp:306]   --->   Operation 58 'select' 'select_ln306' <Predicate = true> <Delay = 0.81> <CoreInst = "Sel">   --->   Core 73 'Sel' <Latency = 0> <II = 1> <Delay = 0.81> <FuncUnit> <Opcode : 'select'> <InPorts = 3> <OutPorts = 1>
ST_9 : Operation 59 [1/1] (0.00ns)   --->   "%empty_219 = wait i32 @_ssdm_op_Wait"   --->   Operation 59 'wait' 'empty_219' <Predicate = true> <Delay = 0.00>
ST_9 : Operation 60 [2/2] (3.64ns)   --->   "%call_ln306 = call void @AXIvideo2MultiPixStream_Pipeline_loop_wait_for_eol, i48 %axi_data_3_loc_load, i1 %select_ln306, i1 %eol_loc_load, i48 %s_axis_video_V_data_V, i6 %s_axis_video_V_keep_V, i6 %s_axis_video_V_strb_V, i1 %s_axis_video_V_user_V, i1 %s_axis_video_V_last_V, i1 %s_axis_video_V_id_V, i1 %s_axis_video_V_dest_V, i48 %axi_data_2, i1 %axi_last_4_loc" [C:/Users/XF/Desktop/chiplabdemo/chiplab/fpga/loongson/2023.2/system_run.runs/v_frmbuf_wr_0_synth_1/prj/sol/.autopilot/db/v_frmbuf_wr.cpp:306]   --->   Operation 60 'call' 'call_ln306' <Predicate = true> <Delay = 3.64> <CoreType = "Generic">   --->   Core 0 '' <Latency = 0> <II = 1> <Delay = 1.00> <Generic> <Opcode : >

State 10 <SV = 9> <Delay = 1.32>
ST_10 : Operation 61 [1/2] (1.32ns)   --->   "%call_ln306 = call void @AXIvideo2MultiPixStream_Pipeline_loop_wait_for_eol, i48 %axi_data_3_loc_load, i1 %select_ln306, i1 %eol_loc_load, i48 %s_axis_video_V_data_V, i6 %s_axis_video_V_keep_V, i6 %s_axis_video_V_strb_V, i1 %s_axis_video_V_user_V, i1 %s_axis_video_V_last_V, i1 %s_axis_video_V_id_V, i1 %s_axis_video_V_dest_V, i48 %axi_data_2, i1 %axi_last_4_loc" [C:/Users/XF/Desktop/chiplabdemo/chiplab/fpga/loongson/2023.2/system_run.runs/v_frmbuf_wr_0_synth_1/prj/sol/.autopilot/db/v_frmbuf_wr.cpp:306]   --->   Operation 61 'call' 'call_ln306' <Predicate = true> <Delay = 1.32> <CoreType = "Generic">   --->   Core 0 '' <Latency = 0> <II = 1> <Delay = 1.00> <Generic> <Opcode : >

State 11 <SV = 10> <Delay = 0.00>
ST_11 : Operation 62 [1/1] (0.00ns)   --->   "%specloopname_ln253 = specloopname void @_ssdm_op_SpecLoopName, void @empty_9" [C:/Users/XF/Desktop/chiplabdemo/chiplab/fpga/loongson/2023.2/system_run.runs/v_frmbuf_wr_0_synth_1/prj/sol/.autopilot/db/v_frmbuf_wr.cpp:253]   --->   Operation 62 'specloopname' 'specloopname_ln253' <Predicate = true> <Delay = 0.00>
ST_11 : Operation 63 [1/1] (0.00ns)   --->   "%axi_last_4_loc_load = load i1 %axi_last_4_loc"   --->   Operation 63 'load' 'axi_last_4_loc_load' <Predicate = true> <Delay = 0.00>
ST_11 : Operation 64 [1/1] (0.00ns)   --->   "%br_ln253 = br void %loop_width" [C:/Users/XF/Desktop/chiplabdemo/chiplab/fpga/loongson/2023.2/system_run.runs/v_frmbuf_wr_0_synth_1/prj/sol/.autopilot/db/v_frmbuf_wr.cpp:253]   --->   Operation 64 'br' 'br_ln253' <Predicate = true> <Delay = 0.00>


============================================================
+ Verbose Summary: Binding
============================================================
STG Binding: 
---------------- STG Properties BEGIN ----------------
- Is combinational: 0
- Is one-state seq: 0
- Is datapath-only: 0
- Is pipelined: 0
- Is top level: 0
Port [ Return ] is wired: 1; IO mode=ap_ctrl_hs:ce=0
Port [ s_axis_video_V_data_V]:  wired=1; compound=1; hidden=0; nouse=0; global=0; static=0; extern=0; dir=0; type=0; pingpong=0; private_global=0; IO mode=axis:ce=0
Port [ s_axis_video_V_keep_V]:  wired=1; compound=1; hidden=0; nouse=0; global=0; static=0; extern=0; dir=0; type=0; pingpong=0; private_global=0; IO mode=axis:ce=0
Port [ s_axis_video_V_strb_V]:  wired=1; compound=1; hidden=0; nouse=0; global=0; static=0; extern=0; dir=0; type=0; pingpong=0; private_global=0; IO mode=axis:ce=0
Port [ s_axis_video_V_user_V]:  wired=1; compound=1; hidden=0; nouse=0; global=0; static=0; extern=0; dir=0; type=0; pingpong=0; private_global=0; IO mode=axis:ce=0
Port [ s_axis_video_V_last_V]:  wired=1; compound=1; hidden=0; nouse=0; global=0; static=0; extern=0; dir=0; type=0; pingpong=0; private_global=0; IO mode=axis:ce=0
Port [ s_axis_video_V_id_V]:  wired=1; compound=1; hidden=0; nouse=0; global=0; static=0; extern=0; dir=0; type=0; pingpong=0; private_global=0; IO mode=axis:ce=0
Port [ s_axis_video_V_dest_V]:  wired=1; compound=1; hidden=0; nouse=0; global=0; static=0; extern=0; dir=0; type=0; pingpong=0; private_global=0; IO mode=axis:ce=0
Port [ img]:  wired=1; compound=1; hidden=0; nouse=0; global=0; static=0; extern=0; dir=1; type=3; pingpong=0; private_global=0; IO mode=ap_fifo:ce=0
Port [ Height_val]:  wired=1; compound=0; hidden=0; nouse=0; global=0; static=0; extern=0; dir=0; type=0; pingpong=0; private_global=0; IO mode=ap_stable:ce=0
Port [ WidthIn_val]:  wired=1; compound=0; hidden=0; nouse=0; global=0; static=0; extern=0; dir=0; type=0; pingpong=0; private_global=0; IO mode=ap_stable:ce=0
Port [ colorFormat_val]:  wired=1; compound=0; hidden=0; nouse=0; global=0; static=0; extern=0; dir=0; type=0; pingpong=0; private_global=0; IO mode=ap_none:ce=0
---------------- STG Properties END ------------------

---------------- Datapath Model BEGIN ----------------

<LifeTime>
<method=bitvector/>
axi_data_2              (alloca             ) [ 001111111111]
i                       (alloca             ) [ 011111111111]
colorFormat_val_read    (read               ) [ 001111111111]
WidthIn_val_read        (read               ) [ 000000000000]
Height_val_read         (read               ) [ 001100000000]
axi_last_4_loc          (alloca             ) [ 001111111111]
axi_data_3_loc          (alloca             ) [ 001111111111]
eol_loc                 (alloca             ) [ 001111111111]
axi_last_loc            (alloca             ) [ 001110000000]
store_ln253             (store              ) [ 000000000000]
cols                    (call               ) [ 000000000000]
empty                   (wait               ) [ 000000000000]
trunc_ln                (partselect         ) [ 000111111111]
call_ln0                (call               ) [ 000000000000]
specaxissidechannel_ln0 (specaxissidechannel) [ 000000000000]
specstablecontent_ln0   (specstablecontent  ) [ 000000000000]
specstablecontent_ln0   (specstablecontent  ) [ 000000000000]
specinterface_ln0       (specinterface      ) [ 000000000000]
specinterface_ln0       (specinterface      ) [ 000000000000]
rows                    (call               ) [ 000001111111]
axi_last_loc_load       (load               ) [ 000011111111]
empty_216               (wait               ) [ 000000000000]
cmp10400                (icmp               ) [ 000001111111]
cond                    (icmp               ) [ 000001111111]
xor_ln306               (xor                ) [ 000001111111]
br_ln253                (br                 ) [ 000011111111]
sof                     (phi                ) [ 000001110000]
axi_last_2              (phi                ) [ 000001111100]
i_1                     (load               ) [ 000000000000]
icmp_ln253              (icmp               ) [ 000001111111]
speclooptripcount_ln0   (speclooptripcount  ) [ 000000000000]
i_2                     (add                ) [ 000000000000]
br_ln253                (br                 ) [ 000000000000]
empty_217               (wait               ) [ 000000000000]
and_ln306               (and                ) [ 000011111111]
store_ln253             (store              ) [ 000000000000]
ret_ln0                 (ret                ) [ 000000000000]
axi_data_2_load         (load               ) [ 000000010000]
call_ln306              (call               ) [ 000000000000]
empty_218               (wait               ) [ 000000000000]
eol_loc_load            (load               ) [ 000000000010]
axi_data_3_loc_load     (load               ) [ 000000000010]
select_ln306            (select             ) [ 000000000010]
empty_219               (wait               ) [ 000000000000]
call_ln306              (call               ) [ 000000000000]
specloopname_ln253      (specloopname       ) [ 000000000000]
axi_last_4_loc_load     (load               ) [ 000011111111]
br_ln253                (br                 ) [ 000011111111]
</LifeTime>

<model>

<comp_list>
<comp id="0" class="1000" name="s_axis_video_V_data_V">
<pin_list>
<pin id="1" dir="1" index="0" bw="1" slack="0"/>
</pin_list>
<bind>
<StgValue><ssdm name="s_axis_video_V_data_V"/></StgValue>
</bind>
</comp>

<comp id="2" class="1000" name="s_axis_video_V_keep_V">
<pin_list>
<pin id="3" dir="1" index="0" bw="1" slack="0"/>
</pin_list>
<bind>
<StgValue><ssdm name="s_axis_video_V_keep_V"/></StgValue>
</bind>
</comp>

<comp id="4" class="1000" name="s_axis_video_V_strb_V">
<pin_list>
<pin id="5" dir="1" index="0" bw="1" slack="0"/>
</pin_list>
<bind>
<StgValue><ssdm name="s_axis_video_V_strb_V"/></StgValue>
</bind>
</comp>

<comp id="6" class="1000" name="s_axis_video_V_user_V">
<pin_list>
<pin id="7" dir="1" index="0" bw="1" slack="0"/>
</pin_list>
<bind>
<StgValue><ssdm name="s_axis_video_V_user_V"/></StgValue>
</bind>
</comp>

<comp id="8" class="1000" name="s_axis_video_V_last_V">
<pin_list>
<pin id="9" dir="1" index="0" bw="1" slack="0"/>
</pin_list>
<bind>
<StgValue><ssdm name="s_axis_video_V_last_V"/></StgValue>
</bind>
</comp>

<comp id="10" class="1000" name="s_axis_video_V_id_V">
<pin_list>
<pin id="11" dir="1" index="0" bw="1" slack="0"/>
</pin_list>
<bind>
<StgValue><ssdm name="s_axis_video_V_id_V"/></StgValue>
</bind>
</comp>

<comp id="12" class="1000" name="s_axis_video_V_dest_V">
<pin_list>
<pin id="13" dir="1" index="0" bw="1" slack="0"/>
</pin_list>
<bind>
<StgValue><ssdm name="s_axis_video_V_dest_V"/></StgValue>
</bind>
</comp>

<comp id="14" class="1000" name="img">
<pin_list>
<pin id="15" dir="1" index="0" bw="1" slack="0"/>
</pin_list>
<bind>
<StgValue><ssdm name="img"/></StgValue>
</bind>
</comp>

<comp id="16" class="1000" name="Height_val">
<pin_list>
<pin id="17" dir="1" index="0" bw="1" slack="0"/>
</pin_list>
<bind>
<StgValue><ssdm name="Height_val"/></StgValue>
</bind>
</comp>

<comp id="18" class="1000" name="WidthIn_val">
<pin_list>
<pin id="19" dir="1" index="0" bw="1" slack="0"/>
</pin_list>
<bind>
<StgValue><ssdm name="WidthIn_val"/></StgValue>
</bind>
</comp>

<comp id="20" class="1000" name="colorFormat_val">
<pin_list>
<pin id="21" dir="1" index="0" bw="1" slack="0"/>
</pin_list>
<bind>
<StgValue><ssdm name="colorFormat_val"/></StgValue>
</bind>
</comp>

<comp id="22" class="1001" name="const_22">
<pin_list>
<pin id="23" dir="1" index="0" bw="1" slack="0"/>
</pin_list>
<bind>
<StgValue><ssdm name=""/></StgValue>
</bind>
</comp>

<comp id="24" class="1001" name="const_24">
<pin_list>
<pin id="25" dir="1" index="0" bw="1" slack="0"/>
</pin_list>
<bind>
<StgValue><ssdm name="_ssdm_op_Read.ap_auto.i3"/></StgValue>
</bind>
</comp>

<comp id="26" class="1001" name="const_26">
<pin_list>
<pin id="27" dir="1" index="0" bw="1" slack="0"/>
</pin_list>
<bind>
<StgValue><ssdm name="_ssdm_op_Read.ap_auto.i12"/></StgValue>
</bind>
</comp>

<comp id="28" class="1001" name="const_28">
<pin_list>
<pin id="29" dir="1" index="0" bw="1" slack="0"/>
</pin_list>
<bind>
<StgValue><ssdm name="reg<unsigned short>"/></StgValue>
</bind>
</comp>

<comp id="30" class="1001" name="const_30">
<pin_list>
<pin id="31" dir="1" index="0" bw="1" slack="0"/>
</pin_list>
<bind>
<StgValue><ssdm name=""/></StgValue>
</bind>
</comp>

<comp id="32" class="1001" name="const_32">
<pin_list>
<pin id="33" dir="1" index="0" bw="1" slack="2147483647"/>
</pin_list>
<bind>
<StgValue><ssdm name="_ssdm_op_Wait"/></StgValue>
</bind>
</comp>

<comp id="34" class="1001" name="const_34">
<pin_list>
<pin id="35" dir="1" index="0" bw="1" slack="0"/>
</pin_list>
<bind>
<StgValue><ssdm name="AXIvideo2MultiPixStream_Pipeline_loop_wait_for_start"/></StgValue>
</bind>
</comp>

<comp id="36" class="1001" name="const_36">
<pin_list>
<pin id="37" dir="1" index="0" bw="1" slack="0"/>
</pin_list>
<bind>
<StgValue><ssdm name="_ssdm_op_PartSelect.i11.i12.i32.i32"/></StgValue>
</bind>
</comp>

<comp id="38" class="1001" name="const_38">
<pin_list>
<pin id="39" dir="1" index="0" bw="1" slack="0"/>
</pin_list>
<bind>
<StgValue><ssdm name=""/></StgValue>
</bind>
</comp>

<comp id="40" class="1001" name="const_40">
<pin_list>
<pin id="41" dir="1" index="0" bw="1" slack="2147483647"/>
</pin_list>
<bind>
<StgValue><ssdm name="_ssdm_op_SpecAXISSideChannel"/></StgValue>
</bind>
</comp>

<comp id="42" class="1001" name="const_42">
<pin_list>
<pin id="43" dir="1" index="0" bw="1" slack="2147483647"/>
</pin_list>
<bind>
<StgValue><ssdm name="empty_5"/></StgValue>
</bind>
</comp>

<comp id="44" class="1001" name="const_44">
<pin_list>
<pin id="45" dir="1" index="0" bw="1" slack="2147483647"/>
</pin_list>
<bind>
<StgValue><ssdm name="_ssdm_op_SpecStableContent"/></StgValue>
</bind>
</comp>

<comp id="46" class="1001" name="const_46">
<pin_list>
<pin id="47" dir="1" index="0" bw="1" slack="2147483647"/>
</pin_list>
<bind>
<StgValue><ssdm name=""/></StgValue>
</bind>
</comp>

<comp id="48" class="1001" name="const_48">
<pin_list>
<pin id="49" dir="1" index="0" bw="1" slack="2147483647"/>
</pin_list>
<bind>
<StgValue><ssdm name="_ssdm_op_SpecInterface"/></StgValue>
</bind>
</comp>

<comp id="50" class="1001" name="const_50">
<pin_list>
<pin id="51" dir="1" index="0" bw="1" slack="2147483647"/>
</pin_list>
<bind>
<StgValue><ssdm name="empty_6"/></StgValue>
</bind>
</comp>

<comp id="52" class="1001" name="const_52">
<pin_list>
<pin id="53" dir="1" index="0" bw="1" slack="2147483647"/>
</pin_list>
<bind>
<StgValue><ssdm name=""/></StgValue>
</bind>
</comp>

<comp id="54" class="1001" name="const_54">
<pin_list>
<pin id="55" dir="1" index="0" bw="1" slack="2147483647"/>
</pin_list>
<bind>
<StgValue><ssdm name="empty_16"/></StgValue>
</bind>
</comp>

<comp id="56" class="1001" name="const_56">
<pin_list>
<pin id="57" dir="1" index="0" bw="1" slack="2147483647"/>
</pin_list>
<bind>
<StgValue><ssdm name=""/></StgValue>
</bind>
</comp>

<comp id="58" class="1001" name="const_58">
<pin_list>
<pin id="59" dir="1" index="0" bw="1" slack="2147483647"/>
</pin_list>
<bind>
<StgValue><ssdm name="empty_3"/></StgValue>
</bind>
</comp>

<comp id="60" class="1001" name="const_60">
<pin_list>
<pin id="61" dir="1" index="0" bw="1" slack="2147483647"/>
</pin_list>
<bind>
<StgValue><ssdm name="empty_4"/></StgValue>
</bind>
</comp>

<comp id="62" class="1001" name="const_62">
<pin_list>
<pin id="63" dir="1" index="0" bw="1" slack="0"/>
</pin_list>
<bind>
<StgValue><ssdm name=""/></StgValue>
</bind>
</comp>

<comp id="64" class="1001" name="const_64">
<pin_list>
<pin id="65" dir="1" index="0" bw="1" slack="0"/>
</pin_list>
<bind>
<StgValue><ssdm name=""/></StgValue>
</bind>
</comp>

<comp id="66" class="1001" name="const_66">
<pin_list>
<pin id="67" dir="1" index="0" bw="1" slack="0"/>
</pin_list>
<bind>
<StgValue><ssdm name=""/></StgValue>
</bind>
</comp>

<comp id="68" class="1001" name="const_68">
<pin_list>
<pin id="69" dir="1" index="0" bw="1" slack="2147483647"/>
</pin_list>
<bind>
<StgValue><ssdm name="_ssdm_op_SpecLoopTripCount"/></StgValue>
</bind>
</comp>

<comp id="70" class="1001" name="const_70">
<pin_list>
<pin id="71" dir="1" index="0" bw="1" slack="2147483647"/>
</pin_list>
<bind>
<StgValue><ssdm name=""/></StgValue>
</bind>
</comp>

<comp id="72" class="1001" name="const_72">
<pin_list>
<pin id="73" dir="1" index="0" bw="1" slack="2147483647"/>
</pin_list>
<bind>
<StgValue><ssdm name=""/></StgValue>
</bind>
</comp>

<comp id="74" class="1001" name="const_74">
<pin_list>
<pin id="75" dir="1" index="0" bw="1" slack="0"/>
</pin_list>
<bind>
<StgValue><ssdm name=""/></StgValue>
</bind>
</comp>

<comp id="76" class="1001" name="const_76">
<pin_list>
<pin id="77" dir="1" index="0" bw="1" slack="0"/>
</pin_list>
<bind>
<StgValue><ssdm name="AXIvideo2MultiPixStream_Pipeline_loop_width"/></StgValue>
</bind>
</comp>

<comp id="78" class="1001" name="const_78">
<pin_list>
<pin id="79" dir="1" index="0" bw="1" slack="0"/>
</pin_list>
<bind>
<StgValue><ssdm name="AXIvideo2MultiPixStream_Pipeline_loop_wait_for_eol"/></StgValue>
</bind>
</comp>

<comp id="80" class="1001" name="const_80">
<pin_list>
<pin id="81" dir="1" index="0" bw="1" slack="2147483647"/>
</pin_list>
<bind>
<StgValue><ssdm name="_ssdm_op_SpecLoopName"/></StgValue>
</bind>
</comp>

<comp id="82" class="1001" name="const_82">
<pin_list>
<pin id="83" dir="1" index="0" bw="1" slack="2147483647"/>
</pin_list>
<bind>
<StgValue><ssdm name="empty_9"/></StgValue>
</bind>
</comp>

<comp id="84" class="1004" name="axi_data_2_fu_84">
<pin_list>
<pin id="85" dir="0" index="0" bw="1" slack="0"/>
<pin id="86" dir="1" index="1" bw="48" slack="1"/>
</pin_list>
<bind>
<opcode="alloca(26) " fcode="alloca"/>
<opset="axi_data_2/1 "/>
</bind>
</comp>

<comp id="88" class="1004" name="i_fu_88">
<pin_list>
<pin id="89" dir="0" index="0" bw="1" slack="0"/>
<pin id="90" dir="1" index="1" bw="12" slack="0"/>
</pin_list>
<bind>
<opcode="alloca(26) " fcode="alloca"/>
<opset="i/1 "/>
</bind>
</comp>

<comp id="92" class="1004" name="axi_last_4_loc_fu_92">
<pin_list>
<pin id="93" dir="0" index="0" bw="1" slack="0"/>
<pin id="94" dir="1" index="1" bw="1" slack="8"/>
</pin_list>
<bind>
<opcode="alloca(26) " fcode="alloca"/>
<opset="axi_last_4_loc/1 "/>
</bind>
</comp>

<comp id="96" class="1004" name="axi_data_3_loc_fu_96">
<pin_list>
<pin id="97" dir="0" index="0" bw="1" slack="0"/>
<pin id="98" dir="1" index="1" bw="48" slack="5"/>
</pin_list>
<bind>
<opcode="alloca(26) " fcode="alloca"/>
<opset="axi_data_3_loc/1 "/>
</bind>
</comp>

<comp id="100" class="1004" name="eol_loc_fu_100">
<pin_list>
<pin id="101" dir="0" index="0" bw="1" slack="0"/>
<pin id="102" dir="1" index="1" bw="1" slack="5"/>
</pin_list>
<bind>
<opcode="alloca(26) " fcode="alloca"/>
<opset="eol_loc/1 "/>
</bind>
</comp>

<comp id="104" class="1004" name="axi_last_loc_fu_104">
<pin_list>
<pin id="105" dir="0" index="0" bw="1" slack="0"/>
<pin id="106" dir="1" index="1" bw="1" slack="1"/>
</pin_list>
<bind>
<opcode="alloca(26) " fcode="alloca"/>
<opset="axi_last_loc/1 "/>
</bind>
</comp>

<comp id="108" class="1004" name="colorFormat_val_read_read_fu_108">
<pin_list>
<pin id="109" dir="0" index="0" bw="3" slack="0"/>
<pin id="110" dir="0" index="1" bw="3" slack="0"/>
<pin id="111" dir="1" index="2" bw="3" slack="3"/>
</pin_list>
<bind>
<opcode="read(1150) " fcode="read"/>
<opset="colorFormat_val_read/1 "/>
</bind>
</comp>

<comp id="114" class="1004" name="WidthIn_val_read_read_fu_114">
<pin_list>
<pin id="115" dir="0" index="0" bw="12" slack="0"/>
<pin id="116" dir="0" index="1" bw="12" slack="0"/>
<pin id="117" dir="1" index="2" bw="12" slack="0"/>
</pin_list>
<bind>
<opcode="read(1150) " fcode="read"/>
<opset="WidthIn_val_read/1 "/>
</bind>
</comp>

<comp id="120" class="1004" name="Height_val_read_read_fu_120">
<pin_list>
<pin id="121" dir="0" index="0" bw="12" slack="0"/>
<pin id="122" dir="0" index="1" bw="12" slack="0"/>
<pin id="123" dir="1" index="2" bw="12" slack="2"/>
</pin_list>
<bind>
<opcode="read(1150) " fcode="read"/>
<opset="Height_val_read/1 "/>
</bind>
</comp>

<comp id="126" class="1005" name="sof_reg_126">
<pin_list>
<pin id="127" dir="0" index="0" bw="1" slack="1"/>
<pin id="128" dir="1" index="1" bw="1" slack="1"/>
</pin_list>
<bind>
<opset="sof (phireg) "/>
</bind>
</comp>

<comp id="130" class="1004" name="sof_phi_fu_130">
<pin_list>
<pin id="131" dir="0" index="0" bw="1" slack="1"/>
<pin id="132" dir="0" index="1" bw="0" slack="2147483647"/>
<pin id="133" dir="0" index="2" bw="1" slack="0"/>
<pin id="134" dir="0" index="3" bw="0" slack="2147483647"/>
<pin id="135" dir="1" index="4" bw="1" slack="0"/>
</pin_list>
<bind>
<opcode="phi(47) " fcode="phi"/>
<opset="sof/5 "/>
</bind>
</comp>

<comp id="138" class="1005" name="axi_last_2_reg_138">
<pin_list>
<pin id="139" dir="0" index="0" bw="1" slack="1"/>
<pin id="140" dir="1" index="1" bw="1" slack="1"/>
</pin_list>
<bind>
<opset="axi_last_2 (phireg) "/>
</bind>
</comp>

<comp id="141" class="1004" name="axi_last_2_phi_fu_141">
<pin_list>
<pin id="142" dir="0" index="0" bw="1" slack="2147483647"/>
<pin id="143" dir="0" index="1" bw="0" slack="2147483647"/>
<pin id="144" dir="0" index="2" bw="1" slack="2147483647"/>
<pin id="145" dir="0" index="3" bw="0" slack="2147483647"/>
<pin id="146" dir="1" index="4" bw="1" slack="1"/>
</pin_list>
<bind>
<opcode="phi(47) " fcode="phi"/>
<opset="axi_last_2/5 "/>
</bind>
</comp>

<comp id="148" class="1004" name="grp_AXIvideo2MultiPixStream_Pipeline_loop_wait_for_start_fu_148">
<pin_list>
<pin id="149" dir="0" index="0" bw="0" slack="0"/>
<pin id="150" dir="0" index="1" bw="48" slack="0"/>
<pin id="151" dir="0" index="2" bw="6" slack="0"/>
<pin id="152" dir="0" index="3" bw="6" slack="0"/>
<pin id="153" dir="0" index="4" bw="1" slack="0"/>
<pin id="154" dir="0" index="5" bw="1" slack="0"/>
<pin id="155" dir="0" index="6" bw="1" slack="0"/>
<pin id="156" dir="0" index="7" bw="1" slack="0"/>
<pin id="157" dir="0" index="8" bw="48" slack="1"/>
<pin id="158" dir="0" index="9" bw="1" slack="1"/>
<pin id="159" dir="1" index="10" bw="0" slack="2147483647"/>
</pin_list>
<bind>
<opcode="call(48) " fcode="call"/>
<opset="call_ln0/2 "/>
</bind>
</comp>

<comp id="168" class="1004" name="grp_AXIvideo2MultiPixStream_Pipeline_loop_width_fu_168">
<pin_list>
<pin id="169" dir="0" index="0" bw="0" slack="0"/>
<pin id="170" dir="0" index="1" bw="1" slack="1"/>
<pin id="171" dir="0" index="2" bw="1" slack="1"/>
<pin id="172" dir="0" index="3" bw="48" slack="0"/>
<pin id="173" dir="0" index="4" bw="11" slack="4"/>
<pin id="174" dir="0" index="5" bw="1" slack="2"/>
<pin id="175" dir="0" index="6" bw="3" slack="5"/>
<pin id="176" dir="0" index="7" bw="3" slack="5"/>
<pin id="177" dir="0" index="8" bw="48" slack="0"/>
<pin id="178" dir="0" index="9" bw="48" slack="0"/>
<pin id="179" dir="0" index="10" bw="6" slack="0"/>
<pin id="180" dir="0" index="11" bw="6" slack="0"/>
<pin id="181" dir="0" index="12" bw="1" slack="0"/>
<pin id="182" dir="0" index="13" bw="1" slack="0"/>
<pin id="183" dir="0" index="14" bw="1" slack="0"/>
<pin id="184" dir="0" index="15" bw="1" slack="0"/>
<pin id="185" dir="0" index="16" bw="1" slack="5"/>
<pin id="186" dir="0" index="17" bw="48" slack="5"/>
<pin id="187" dir="1" index="18" bw="0" slack="2147483647"/>
</pin_list>
<bind>
<opcode="call(48) " fcode="call"/>
<opset="call_ln306/6 "/>
</bind>
</comp>

<comp id="199" class="1004" name="grp_AXIvideo2MultiPixStream_Pipeline_loop_wait_for_eol_fu_199">
<pin_list>
<pin id="200" dir="0" index="0" bw="0" slack="0"/>
<pin id="201" dir="0" index="1" bw="48" slack="0"/>
<pin id="202" dir="0" index="2" bw="1" slack="0"/>
<pin id="203" dir="0" index="3" bw="1" slack="0"/>
<pin id="204" dir="0" index="4" bw="48" slack="0"/>
<pin id="205" dir="0" index="5" bw="6" slack="0"/>
<pin id="206" dir="0" index="6" bw="6" slack="0"/>
<pin id="207" dir="0" index="7" bw="1" slack="0"/>
<pin id="208" dir="0" index="8" bw="1" slack="0"/>
<pin id="209" dir="0" index="9" bw="1" slack="0"/>
<pin id="210" dir="0" index="10" bw="1" slack="0"/>
<pin id="211" dir="0" index="11" bw="48" slack="8"/>
<pin id="212" dir="0" index="12" bw="1" slack="8"/>
<pin id="213" dir="1" index="13" bw="0" slack="2147483647"/>
</pin_list>
<bind>
<opcode="call(48) " fcode="call"/>
<opset="call_ln306/9 "/>
</bind>
</comp>

<comp id="222" class="1004" name="grp_reg_unsigned_short_s_fu_222">
<pin_list>
<pin id="223" dir="0" index="0" bw="12" slack="0"/>
<pin id="224" dir="0" index="1" bw="12" slack="0"/>
<pin id="225" dir="1" index="2" bw="12" slack="0"/>
</pin_list>
<bind>
<opcode="call(48) " fcode="call"/>
<opset="cols/1 "/>
</bind>
</comp>

<comp id="228" class="1004" name="store_ln253_store_fu_228">
<pin_list>
<pin id="229" dir="0" index="0" bw="1" slack="0"/>
<pin id="230" dir="0" index="1" bw="12" slack="0"/>
<pin id="231" dir="1" index="2" bw="0" slack="2147483647"/>
</pin_list>
<bind>
<opcode="store(28) " fcode="store"/>
<opset="store_ln253/1 "/>
</bind>
</comp>

<comp id="233" class="1004" name="trunc_ln_fu_233">
<pin_list>
<pin id="234" dir="0" index="0" bw="11" slack="0"/>
<pin id="235" dir="0" index="1" bw="12" slack="0"/>
<pin id="236" dir="0" index="2" bw="1" slack="0"/>
<pin id="237" dir="0" index="3" bw="5" slack="0"/>
<pin id="238" dir="1" index="4" bw="11" slack="2"/>
</pin_list>
<bind>
<opcode="partselect(1002) " fcode="partselect"/>
<opset="trunc_ln/2 "/>
</bind>
</comp>

<comp id="243" class="1004" name="grp_reg_unsigned_short_s_fu_243">
<pin_list>
<pin id="244" dir="0" index="0" bw="12" slack="0"/>
<pin id="245" dir="0" index="1" bw="12" slack="2"/>
<pin id="246" dir="1" index="2" bw="12" slack="1"/>
</pin_list>
<bind>
<opcode="call(48) " fcode="call"/>
<opset="rows/3 "/>
</bind>
</comp>

<comp id="248" class="1004" name="axi_last_loc_load_load_fu_248">
<pin_list>
<pin id="249" dir="0" index="0" bw="1" slack="3"/>
<pin id="250" dir="1" index="1" bw="1" slack="2147483647"/>
</pin_list>
<bind>
<opcode="load(27) " fcode="load"/>
<opset="axi_last_loc_load/4 "/>
</bind>
</comp>

<comp id="251" class="1004" name="cmp10400_fu_251">
<pin_list>
<pin id="252" dir="0" index="0" bw="11" slack="2"/>
<pin id="253" dir="0" index="1" bw="1" slack="0"/>
<pin id="254" dir="1" index="2" bw="1" slack="0"/>
</pin_list>
<bind>
<opcode="icmp(45) " fcode="icmp"/>
<opset="cmp10400/4 "/>
</bind>
</comp>

<comp id="256" class="1004" name="cond_fu_256">
<pin_list>
<pin id="257" dir="0" index="0" bw="3" slack="3"/>
<pin id="258" dir="0" index="1" bw="1" slack="0"/>
<pin id="259" dir="1" index="2" bw="1" slack="2"/>
</pin_list>
<bind>
<opcode="icmp(45) " fcode="icmp"/>
<opset="cond/4 "/>
</bind>
</comp>

<comp id="261" class="1004" name="xor_ln306_fu_261">
<pin_list>
<pin id="262" dir="0" index="0" bw="1" slack="0"/>
<pin id="263" dir="0" index="1" bw="1" slack="0"/>
<pin id="264" dir="1" index="2" bw="1" slack="1"/>
</pin_list>
<bind>
<opcode="xor(25) " fcode="xor"/>
<opset="xor_ln306/4 "/>
</bind>
</comp>

<comp id="267" class="1004" name="i_1_load_fu_267">
<pin_list>
<pin id="268" dir="0" index="0" bw="12" slack="4"/>
<pin id="269" dir="1" index="1" bw="12" slack="0"/>
</pin_list>
<bind>
<opcode="load(27) " fcode="load"/>
<opset="i_1/5 "/>
</bind>
</comp>

<comp id="270" class="1004" name="icmp_ln253_fu_270">
<pin_list>
<pin id="271" dir="0" index="0" bw="12" slack="0"/>
<pin id="272" dir="0" index="1" bw="12" slack="1"/>
<pin id="273" dir="1" index="2" bw="1" slack="2147483647"/>
</pin_list>
<bind>
<opcode="icmp(45) " fcode="icmp"/>
<opset="icmp_ln253/5 "/>
</bind>
</comp>

<comp id="275" class="1004" name="i_2_fu_275">
<pin_list>
<pin id="276" dir="0" index="0" bw="12" slack="0"/>
<pin id="277" dir="0" index="1" bw="1" slack="0"/>
<pin id="278" dir="1" index="2" bw="12" slack="0"/>
</pin_list>
<bind>
<opcode="add(8) " fcode="add"/>
<opset="i_2/5 "/>
</bind>
</comp>

<comp id="281" class="1004" name="and_ln306_fu_281">
<pin_list>
<pin id="282" dir="0" index="0" bw="1" slack="0"/>
<pin id="283" dir="0" index="1" bw="1" slack="1"/>
<pin id="284" dir="1" index="2" bw="1" slack="0"/>
</pin_list>
<bind>
<opcode="and(23) " fcode="and"/>
<opset="and_ln306/5 "/>
</bind>
</comp>

<comp id="286" class="1004" name="store_ln253_store_fu_286">
<pin_list>
<pin id="287" dir="0" index="0" bw="12" slack="0"/>
<pin id="288" dir="0" index="1" bw="12" slack="4"/>
<pin id="289" dir="1" index="2" bw="0" slack="2147483647"/>
</pin_list>
<bind>
<opcode="store(28) " fcode="store"/>
<opset="store_ln253/5 "/>
</bind>
</comp>

<comp id="291" class="1004" name="axi_data_2_load_load_fu_291">
<pin_list>
<pin id="292" dir="0" index="0" bw="48" slack="5"/>
<pin id="293" dir="1" index="1" bw="48" slack="0"/>
</pin_list>
<bind>
<opcode="load(27) " fcode="load"/>
<opset="axi_data_2_load/6 "/>
</bind>
</comp>

<comp id="295" class="1004" name="eol_loc_load_load_fu_295">
<pin_list>
<pin id="296" dir="0" index="0" bw="1" slack="8"/>
<pin id="297" dir="1" index="1" bw="1" slack="0"/>
</pin_list>
<bind>
<opcode="load(27) " fcode="load"/>
<opset="eol_loc_load/9 "/>
</bind>
</comp>

<comp id="299" class="1004" name="axi_data_3_loc_load_load_fu_299">
<pin_list>
<pin id="300" dir="0" index="0" bw="48" slack="8"/>
<pin id="301" dir="1" index="1" bw="48" slack="0"/>
</pin_list>
<bind>
<opcode="load(27) " fcode="load"/>
<opset="axi_data_3_loc_load/9 "/>
</bind>
</comp>

<comp id="303" class="1004" name="select_ln306_fu_303">
<pin_list>
<pin id="304" dir="0" index="0" bw="1" slack="5"/>
<pin id="305" dir="0" index="1" bw="1" slack="0"/>
<pin id="306" dir="0" index="2" bw="1" slack="4"/>
<pin id="307" dir="1" index="3" bw="1" slack="0"/>
</pin_list>
<bind>
<opcode="select(49) " fcode="select"/>
<opset="select_ln306/9 "/>
</bind>
</comp>

<comp id="311" class="1004" name="axi_last_4_loc_load_load_fu_311">
<pin_list>
<pin id="312" dir="0" index="0" bw="1" slack="10"/>
<pin id="313" dir="1" index="1" bw="1" slack="2147483647"/>
</pin_list>
<bind>
<opcode="load(27) " fcode="load"/>
<opset="axi_last_4_loc_load/11 "/>
</bind>
</comp>

<comp id="314" class="1005" name="axi_data_2_reg_314">
<pin_list>
<pin id="315" dir="0" index="0" bw="48" slack="1"/>
<pin id="316" dir="1" index="1" bw="48" slack="1"/>
</pin_list>
<bind>
<opset="axi_data_2 "/>
</bind>
</comp>

<comp id="321" class="1005" name="i_reg_321">
<pin_list>
<pin id="322" dir="0" index="0" bw="12" slack="0"/>
<pin id="323" dir="1" index="1" bw="12" slack="0"/>
</pin_list>
<bind>
<opset="i "/>
</bind>
</comp>

<comp id="328" class="1005" name="colorFormat_val_read_reg_328">
<pin_list>
<pin id="329" dir="0" index="0" bw="3" slack="3"/>
<pin id="330" dir="1" index="1" bw="3" slack="3"/>
</pin_list>
<bind>
<opset="colorFormat_val_read "/>
</bind>
</comp>

<comp id="335" class="1005" name="Height_val_read_reg_335">
<pin_list>
<pin id="336" dir="0" index="0" bw="12" slack="2"/>
<pin id="337" dir="1" index="1" bw="12" slack="2"/>
</pin_list>
<bind>
<opset="Height_val_read "/>
</bind>
</comp>

<comp id="340" class="1005" name="axi_last_4_loc_reg_340">
<pin_list>
<pin id="341" dir="0" index="0" bw="1" slack="8"/>
<pin id="342" dir="1" index="1" bw="1" slack="8"/>
</pin_list>
<bind>
<opset="axi_last_4_loc "/>
</bind>
</comp>

<comp id="346" class="1005" name="axi_data_3_loc_reg_346">
<pin_list>
<pin id="347" dir="0" index="0" bw="48" slack="5"/>
<pin id="348" dir="1" index="1" bw="48" slack="5"/>
</pin_list>
<bind>
<opset="axi_data_3_loc "/>
</bind>
</comp>

<comp id="352" class="1005" name="eol_loc_reg_352">
<pin_list>
<pin id="353" dir="0" index="0" bw="1" slack="5"/>
<pin id="354" dir="1" index="1" bw="1" slack="5"/>
</pin_list>
<bind>
<opset="eol_loc "/>
</bind>
</comp>

<comp id="358" class="1005" name="axi_last_loc_reg_358">
<pin_list>
<pin id="359" dir="0" index="0" bw="1" slack="1"/>
<pin id="360" dir="1" index="1" bw="1" slack="1"/>
</pin_list>
<bind>
<opset="axi_last_loc "/>
</bind>
</comp>

<comp id="364" class="1005" name="trunc_ln_reg_364">
<pin_list>
<pin id="365" dir="0" index="0" bw="11" slack="2"/>
<pin id="366" dir="1" index="1" bw="11" slack="2"/>
</pin_list>
<bind>
<opset="trunc_ln "/>
</bind>
</comp>

<comp id="370" class="1005" name="rows_reg_370">
<pin_list>
<pin id="371" dir="0" index="0" bw="12" slack="1"/>
<pin id="372" dir="1" index="1" bw="12" slack="1"/>
</pin_list>
<bind>
<opset="rows "/>
</bind>
</comp>

<comp id="378" class="1005" name="cmp10400_reg_378">
<pin_list>
<pin id="379" dir="0" index="0" bw="1" slack="5"/>
<pin id="380" dir="1" index="1" bw="1" slack="5"/>
</pin_list>
<bind>
<opset="cmp10400 "/>
</bind>
</comp>

<comp id="383" class="1005" name="cond_reg_383">
<pin_list>
<pin id="384" dir="0" index="0" bw="1" slack="2"/>
<pin id="385" dir="1" index="1" bw="1" slack="2"/>
</pin_list>
<bind>
<opset="cond "/>
</bind>
</comp>

<comp id="388" class="1005" name="xor_ln306_reg_388">
<pin_list>
<pin id="389" dir="0" index="0" bw="1" slack="1"/>
<pin id="390" dir="1" index="1" bw="1" slack="1"/>
</pin_list>
<bind>
<opset="xor_ln306 "/>
</bind>
</comp>

<comp id="396" class="1005" name="and_ln306_reg_396">
<pin_list>
<pin id="397" dir="0" index="0" bw="1" slack="0"/>
<pin id="398" dir="1" index="1" bw="1" slack="0"/>
</pin_list>
<bind>
<opset="and_ln306 "/>
</bind>
</comp>

<comp id="410" class="1005" name="select_ln306_reg_410">
<pin_list>
<pin id="411" dir="0" index="0" bw="1" slack="1"/>
<pin id="412" dir="1" index="1" bw="1" slack="1"/>
</pin_list>
<bind>
<opset="select_ln306 "/>
</bind>
</comp>

</comp_list>

<net_list>
<net id="87"><net_src comp="22" pin="0"/><net_sink comp="84" pin=0"/></net>

<net id="91"><net_src comp="22" pin="0"/><net_sink comp="88" pin=0"/></net>

<net id="95"><net_src comp="22" pin="0"/><net_sink comp="92" pin=0"/></net>

<net id="99"><net_src comp="22" pin="0"/><net_sink comp="96" pin=0"/></net>

<net id="103"><net_src comp="22" pin="0"/><net_sink comp="100" pin=0"/></net>

<net id="107"><net_src comp="22" pin="0"/><net_sink comp="104" pin=0"/></net>

<net id="112"><net_src comp="24" pin="0"/><net_sink comp="108" pin=0"/></net>

<net id="113"><net_src comp="20" pin="0"/><net_sink comp="108" pin=1"/></net>

<net id="118"><net_src comp="26" pin="0"/><net_sink comp="114" pin=0"/></net>

<net id="119"><net_src comp="18" pin="0"/><net_sink comp="114" pin=1"/></net>

<net id="124"><net_src comp="26" pin="0"/><net_sink comp="120" pin=0"/></net>

<net id="125"><net_src comp="16" pin="0"/><net_sink comp="120" pin=1"/></net>

<net id="129"><net_src comp="66" pin="0"/><net_sink comp="126" pin=0"/></net>

<net id="136"><net_src comp="126" pin="1"/><net_sink comp="130" pin=0"/></net>

<net id="137"><net_src comp="130" pin="4"/><net_sink comp="126" pin=0"/></net>

<net id="147"><net_src comp="141" pin="4"/><net_sink comp="138" pin=0"/></net>

<net id="160"><net_src comp="34" pin="0"/><net_sink comp="148" pin=0"/></net>

<net id="161"><net_src comp="0" pin="0"/><net_sink comp="148" pin=1"/></net>

<net id="162"><net_src comp="2" pin="0"/><net_sink comp="148" pin=2"/></net>

<net id="163"><net_src comp="4" pin="0"/><net_sink comp="148" pin=3"/></net>

<net id="164"><net_src comp="6" pin="0"/><net_sink comp="148" pin=4"/></net>

<net id="165"><net_src comp="8" pin="0"/><net_sink comp="148" pin=5"/></net>

<net id="166"><net_src comp="10" pin="0"/><net_sink comp="148" pin=6"/></net>

<net id="167"><net_src comp="12" pin="0"/><net_sink comp="148" pin=7"/></net>

<net id="188"><net_src comp="76" pin="0"/><net_sink comp="168" pin=0"/></net>

<net id="189"><net_src comp="126" pin="1"/><net_sink comp="168" pin=1"/></net>

<net id="190"><net_src comp="138" pin="1"/><net_sink comp="168" pin=2"/></net>

<net id="191"><net_src comp="14" pin="0"/><net_sink comp="168" pin=8"/></net>

<net id="192"><net_src comp="0" pin="0"/><net_sink comp="168" pin=9"/></net>

<net id="193"><net_src comp="2" pin="0"/><net_sink comp="168" pin=10"/></net>

<net id="194"><net_src comp="4" pin="0"/><net_sink comp="168" pin=11"/></net>

<net id="195"><net_src comp="6" pin="0"/><net_sink comp="168" pin=12"/></net>

<net id="196"><net_src comp="8" pin="0"/><net_sink comp="168" pin=13"/></net>

<net id="197"><net_src comp="10" pin="0"/><net_sink comp="168" pin=14"/></net>

<net id="198"><net_src comp="12" pin="0"/><net_sink comp="168" pin=15"/></net>

<net id="214"><net_src comp="78" pin="0"/><net_sink comp="199" pin=0"/></net>

<net id="215"><net_src comp="0" pin="0"/><net_sink comp="199" pin=4"/></net>

<net id="216"><net_src comp="2" pin="0"/><net_sink comp="199" pin=5"/></net>

<net id="217"><net_src comp="4" pin="0"/><net_sink comp="199" pin=6"/></net>

<net id="218"><net_src comp="6" pin="0"/><net_sink comp="199" pin=7"/></net>

<net id="219"><net_src comp="8" pin="0"/><net_sink comp="199" pin=8"/></net>

<net id="220"><net_src comp="10" pin="0"/><net_sink comp="199" pin=9"/></net>

<net id="221"><net_src comp="12" pin="0"/><net_sink comp="199" pin=10"/></net>

<net id="226"><net_src comp="28" pin="0"/><net_sink comp="222" pin=0"/></net>

<net id="227"><net_src comp="114" pin="2"/><net_sink comp="222" pin=1"/></net>

<net id="232"><net_src comp="30" pin="0"/><net_sink comp="228" pin=0"/></net>

<net id="239"><net_src comp="36" pin="0"/><net_sink comp="233" pin=0"/></net>

<net id="240"><net_src comp="222" pin="2"/><net_sink comp="233" pin=1"/></net>

<net id="241"><net_src comp="22" pin="0"/><net_sink comp="233" pin=2"/></net>

<net id="242"><net_src comp="38" pin="0"/><net_sink comp="233" pin=3"/></net>

<net id="247"><net_src comp="28" pin="0"/><net_sink comp="243" pin=0"/></net>

<net id="255"><net_src comp="62" pin="0"/><net_sink comp="251" pin=1"/></net>

<net id="260"><net_src comp="64" pin="0"/><net_sink comp="256" pin=1"/></net>

<net id="265"><net_src comp="251" pin="2"/><net_sink comp="261" pin=0"/></net>

<net id="266"><net_src comp="66" pin="0"/><net_sink comp="261" pin=1"/></net>

<net id="274"><net_src comp="267" pin="1"/><net_sink comp="270" pin=0"/></net>

<net id="279"><net_src comp="267" pin="1"/><net_sink comp="275" pin=0"/></net>

<net id="280"><net_src comp="74" pin="0"/><net_sink comp="275" pin=1"/></net>

<net id="285"><net_src comp="130" pin="4"/><net_sink comp="281" pin=0"/></net>

<net id="290"><net_src comp="275" pin="2"/><net_sink comp="286" pin=0"/></net>

<net id="294"><net_src comp="291" pin="1"/><net_sink comp="168" pin=3"/></net>

<net id="298"><net_src comp="295" pin="1"/><net_sink comp="199" pin=3"/></net>

<net id="302"><net_src comp="299" pin="1"/><net_sink comp="199" pin=1"/></net>

<net id="308"><net_src comp="295" pin="1"/><net_sink comp="303" pin=1"/></net>

<net id="309"><net_src comp="138" pin="1"/><net_sink comp="303" pin=2"/></net>

<net id="310"><net_src comp="303" pin="3"/><net_sink comp="199" pin=2"/></net>

<net id="317"><net_src comp="84" pin="1"/><net_sink comp="314" pin=0"/></net>

<net id="318"><net_src comp="314" pin="1"/><net_sink comp="148" pin=8"/></net>

<net id="319"><net_src comp="314" pin="1"/><net_sink comp="291" pin=0"/></net>

<net id="320"><net_src comp="314" pin="1"/><net_sink comp="199" pin=11"/></net>

<net id="324"><net_src comp="88" pin="1"/><net_sink comp="321" pin=0"/></net>

<net id="325"><net_src comp="321" pin="1"/><net_sink comp="228" pin=1"/></net>

<net id="326"><net_src comp="321" pin="1"/><net_sink comp="267" pin=0"/></net>

<net id="327"><net_src comp="321" pin="1"/><net_sink comp="286" pin=1"/></net>

<net id="331"><net_src comp="108" pin="2"/><net_sink comp="328" pin=0"/></net>

<net id="332"><net_src comp="328" pin="1"/><net_sink comp="256" pin=0"/></net>

<net id="333"><net_src comp="328" pin="1"/><net_sink comp="168" pin=6"/></net>

<net id="334"><net_src comp="328" pin="1"/><net_sink comp="168" pin=7"/></net>

<net id="338"><net_src comp="120" pin="2"/><net_sink comp="335" pin=0"/></net>

<net id="339"><net_src comp="335" pin="1"/><net_sink comp="243" pin=1"/></net>

<net id="343"><net_src comp="92" pin="1"/><net_sink comp="340" pin=0"/></net>

<net id="344"><net_src comp="340" pin="1"/><net_sink comp="199" pin=12"/></net>

<net id="345"><net_src comp="340" pin="1"/><net_sink comp="311" pin=0"/></net>

<net id="349"><net_src comp="96" pin="1"/><net_sink comp="346" pin=0"/></net>

<net id="350"><net_src comp="346" pin="1"/><net_sink comp="168" pin=17"/></net>

<net id="351"><net_src comp="346" pin="1"/><net_sink comp="299" pin=0"/></net>

<net id="355"><net_src comp="100" pin="1"/><net_sink comp="352" pin=0"/></net>

<net id="356"><net_src comp="352" pin="1"/><net_sink comp="168" pin=16"/></net>

<net id="357"><net_src comp="352" pin="1"/><net_sink comp="295" pin=0"/></net>

<net id="361"><net_src comp="104" pin="1"/><net_sink comp="358" pin=0"/></net>

<net id="362"><net_src comp="358" pin="1"/><net_sink comp="148" pin=9"/></net>

<net id="363"><net_src comp="358" pin="1"/><net_sink comp="248" pin=0"/></net>

<net id="367"><net_src comp="233" pin="4"/><net_sink comp="364" pin=0"/></net>

<net id="368"><net_src comp="364" pin="1"/><net_sink comp="251" pin=0"/></net>

<net id="369"><net_src comp="364" pin="1"/><net_sink comp="168" pin=4"/></net>

<net id="373"><net_src comp="243" pin="2"/><net_sink comp="370" pin=0"/></net>

<net id="374"><net_src comp="370" pin="1"/><net_sink comp="270" pin=1"/></net>

<net id="381"><net_src comp="251" pin="2"/><net_sink comp="378" pin=0"/></net>

<net id="382"><net_src comp="378" pin="1"/><net_sink comp="303" pin=0"/></net>

<net id="386"><net_src comp="256" pin="2"/><net_sink comp="383" pin=0"/></net>

<net id="387"><net_src comp="383" pin="1"/><net_sink comp="168" pin=5"/></net>

<net id="391"><net_src comp="261" pin="2"/><net_sink comp="388" pin=0"/></net>

<net id="392"><net_src comp="388" pin="1"/><net_sink comp="281" pin=1"/></net>

<net id="399"><net_src comp="281" pin="2"/><net_sink comp="396" pin=0"/></net>

<net id="400"><net_src comp="396" pin="1"/><net_sink comp="130" pin=2"/></net>

<net id="413"><net_src comp="303" pin="3"/><net_sink comp="410" pin=0"/></net>

<net id="414"><net_src comp="410" pin="1"/><net_sink comp="199" pin=2"/></net>

</net_list>

</model> 
---------------- Datapath Model END ------------------

* FSMD analyzer results:
  - Output states:
	Port: img | {6 7 }
 - Input state : 
	Port: AXIvideo2MultiPixStream : s_axis_video_V_data_V | {2 3 6 7 9 10 }
	Port: AXIvideo2MultiPixStream : s_axis_video_V_keep_V | {2 3 6 7 9 10 }
	Port: AXIvideo2MultiPixStream : s_axis_video_V_strb_V | {2 3 6 7 9 10 }
	Port: AXIvideo2MultiPixStream : s_axis_video_V_user_V | {2 3 6 7 9 10 }
	Port: AXIvideo2MultiPixStream : s_axis_video_V_last_V | {2 3 6 7 9 10 }
	Port: AXIvideo2MultiPixStream : s_axis_video_V_id_V | {2 3 6 7 9 10 }
	Port: AXIvideo2MultiPixStream : s_axis_video_V_dest_V | {2 3 6 7 9 10 }
	Port: AXIvideo2MultiPixStream : Height_val | {1 }
	Port: AXIvideo2MultiPixStream : WidthIn_val | {1 }
	Port: AXIvideo2MultiPixStream : colorFormat_val | {1 }
  - Chain level:
	State 1
		store_ln253 : 1
	State 2
		trunc_ln : 1
	State 3
	State 4
		xor_ln306 : 1
	State 5
		icmp_ln253 : 1
		i_2 : 1
		br_ln253 : 2
		and_ln306 : 1
		store_ln253 : 2
	State 6
		call_ln306 : 1
	State 7
	State 8
	State 9
		select_ln306 : 1
		call_ln306 : 2
	State 10
	State 11


============================================================
+ Verbose Summary: Datapath Resource usage 
============================================================

* Functional unit list:
|----------|-----------------------------------------------------------------|---------|---------|
| Operation|                         Functional Unit                         |    FF   |   LUT   |
|----------|-----------------------------------------------------------------|---------|---------|
|          | grp_AXIvideo2MultiPixStream_Pipeline_loop_wait_for_start_fu_148 |    3    |    0    |
|          |      grp_AXIvideo2MultiPixStream_Pipeline_loop_width_fu_168     |    76   |    98   |
|   call   |  grp_AXIvideo2MultiPixStream_Pipeline_loop_wait_for_eol_fu_199  |    3    |    0    |
|          |                 grp_reg_unsigned_short_s_fu_222                 |    12   |    0    |
|          |                 grp_reg_unsigned_short_s_fu_243                 |    12   |    0    |
|----------|-----------------------------------------------------------------|---------|---------|
|          |                         cmp10400_fu_251                         |    0    |    18   |
|   icmp   |                           cond_fu_256                           |    0    |    11   |
|          |                        icmp_ln253_fu_270                        |    0    |    19   |
|----------|-----------------------------------------------------------------|---------|---------|
|    add   |                            i_2_fu_275                           |    0    |    19   |
|----------|-----------------------------------------------------------------|---------|---------|
|    xor   |                         xor_ln306_fu_261                        |    0    |    2    |
|----------|-----------------------------------------------------------------|---------|---------|
|    and   |                         and_ln306_fu_281                        |    0    |    2    |
|----------|-----------------------------------------------------------------|---------|---------|
|  select  |                       select_ln306_fu_303                       |    0    |    2    |
|----------|-----------------------------------------------------------------|---------|---------|
|          |                 colorFormat_val_read_read_fu_108                |    0    |    0    |
|   read   |                   WidthIn_val_read_read_fu_114                  |    0    |    0    |
|          |                   Height_val_read_read_fu_120                   |    0    |    0    |
|----------|-----------------------------------------------------------------|---------|---------|
|partselect|                         trunc_ln_fu_233                         |    0    |    0    |
|----------|-----------------------------------------------------------------|---------|---------|
|   Total  |                                                                 |   106   |   171   |
|----------|-----------------------------------------------------------------|---------|---------|

Memories:
N/A

* Register list:
+----------------------------+--------+
|                            |   FF   |
+----------------------------+--------+
|   Height_val_read_reg_335  |   12   |
|      and_ln306_reg_396     |    1   |
|     axi_data_2_reg_314     |   48   |
|   axi_data_3_loc_reg_346   |   48   |
|     axi_last_2_reg_138     |    1   |
|   axi_last_4_loc_reg_340   |    1   |
|    axi_last_loc_reg_358    |    1   |
|      cmp10400_reg_378      |    1   |
|colorFormat_val_read_reg_328|    3   |
|        cond_reg_383        |    1   |
|       eol_loc_reg_352      |    1   |
|          i_reg_321         |   12   |
|        rows_reg_370        |   12   |
|    select_ln306_reg_410    |    1   |
|         sof_reg_126        |    1   |
|      trunc_ln_reg_364      |   11   |
|      xor_ln306_reg_388     |    1   |
+----------------------------+--------+
|            Total           |   156  |
+----------------------------+--------+

* Multiplexer (MUX) list: 
|---------------------------------------------------------------|------|------|------|--------||---------||---------|
|                              Comp                             |  Pin | Size |  BW  | S x BW ||  Delay  ||   LUT   |
|---------------------------------------------------------------|------|------|------|--------||---------||---------|
|                          sof_reg_126                          |  p0  |   2  |   1  |    2   ||    9    |
| grp_AXIvideo2MultiPixStream_Pipeline_loop_wait_for_eol_fu_199 |  p2  |   2  |   1  |    2   ||    9    |
|---------------------------------------------------------------|------|------|------|--------||---------||---------|
|                             Total                             |      |      |      |    4   ||  2.648  ||    18   |
|---------------------------------------------------------------|------|------|------|--------||---------||---------|



* Summary:
+-----------+--------+--------+--------+
|           |  Delay |   FF   |   LUT  |
+-----------+--------+--------+--------+
|  Function |    -   |   106  |   171  |
|   Memory  |    -   |    -   |    -   |
|Multiplexer|    2   |    -   |   18   |
|  Register |    -   |   156  |    -   |
+-----------+--------+--------+--------+
|   Total   |    2   |   262  |   189  |
+-----------+--------+--------+--------+
