

================================================================
== Vitis HLS Report for 'Bytes2AXIMMvideo_Pipeline_VITIS_LOOP_1285_1'
================================================================
* Date:           Tue Aug 19 22:11:03 2025

* Version:        2023.2 (Build 4023990 on Oct 11 2023)
* Project:        prj
* Solution:       sol (Vivado IP Flow Target)
* Product family: artix7
* Target device:  xc7a200t-fbg676-2


================================================================
== Performance Estimates
================================================================
+ Timing: 
    * Summary: 
    +--------+---------+----------+------------+
    |  Clock |  Target | Estimated| Uncertainty|
    +--------+---------+----------+------------+
    |ap_clk  |  6.67 ns|  4.867 ns|     1.80 ns|
    +--------+---------+----------+------------+

+ Latency: 
    * Summary: 
    +---------+---------+-----------+-----------+-----+------+---------+
    |  Latency (cycles) |   Latency (absolute)  |  Interval  | Pipeline|
    |   min   |   max   |    min    |    max    | min |  max |   Type  |
    +---------+---------+-----------+-----------+-----+------+---------+
    |        2|     4099|  13.334 ns|  27.328 us|    2|  4099|       no|
    +---------+---------+-----------+-----------+-----+------+---------+

    + Detail: 
        * Instance: 
        N/A

        * Loop: 
        +---------------------+---------+---------+----------+-----------+-----------+----------+----------+
        |                     |  Latency (cycles) | Iteration|  Initiation Interval  |   Trip   |          |
        |      Loop Name      |   min   |   max   |  Latency |  achieved |   target  |   Count  | Pipelined|
        +---------------------+---------+---------+----------+-----------+-----------+----------+----------+
        |- VITIS_LOOP_1285_1  |        0|     4097|         3|          1|          1|  0 ~ 4096|       yes|
        +---------------------+---------+---------+----------+-----------+-----------+----------+----------+

============================================================
+ Verbose Summary: Synthesis Manager
============================================================
InlineROM: 1
ExposeGlobal: 0
============================================================
+ Verbose Summary: CDFG Model
============================================================
IsTopModel: 0
ResetActiveHigh: 1
IsCombinational: 0
IsDatapathOnly: 0
HasWiredReturn: 1
HasMFsm: 2
HasVarLatency: 1
IsPipeline: 0
IsRtlPipelined: 0
IsInstanceOverlapped: 0
IsDontTouch: 0
HasImplIP: 0
IsGatedGlobalClock: 0

+ Individual pipeline summary: 
  * Pipeline-0: initiation interval (II) = 1, depth = 3


============================================================
+ Verbose Summary: Schedule
============================================================
* Number of FSM states : 3
* Pipeline : 1
  Pipeline-0 : II = 1, D = 3, States = { 1 2 3 }
* Dataflow Pipeline: 0

* FSM state transitions: 
1 --> 2 
2 --> 3 
3 --> 

* FSM state operations: 

State 1 <SV = 0> <Delay = 4.42>
ST_1 : Operation 6 [1/1] (0.00ns)   --->   "%x = alloca i32 1" [C:/Users/XF/Desktop/chiplabdemo/chiplab/fpga/loongson/2023.2/system_run.runs/v_frmbuf_wr_0_synth_1/prj/sol/.autopilot/db/v_frmbuf_wr.cpp:1285]   --->   Operation 6 'alloca' 'x' <Predicate = true> <Delay = 0.00>
ST_1 : Operation 7 [1/1] (0.00ns)   --->   "%sext_ln1285_read = read i28 @_ssdm_op_Read.ap_auto.i28, i28 %sext_ln1285"   --->   Operation 7 'read' 'sext_ln1285_read' <Predicate = true> <Delay = 0.00>
ST_1 : Operation 8 [1/1] (0.00ns)   --->   "%loopWidth_read = read i12 @_ssdm_op_Read.ap_auto.i12, i12 %loopWidth"   --->   Operation 8 'read' 'loopWidth_read' <Predicate = true> <Delay = 0.00>
ST_1 : Operation 9 [1/1] (0.00ns)   --->   "%sext_ln1285_cast = sext i28 %sext_ln1285_read"   --->   Operation 9 'sext' 'sext_ln1285_cast' <Predicate = true> <Delay = 0.00>
ST_1 : Operation 10 [1/1] (0.00ns)   --->   "%specmemcore_ln0 = specmemcore void @_ssdm_op_SpecMemCore, i128 %bytePlanes, i64 666, i64 8, i64 18446744073709551615"   --->   Operation 10 'specmemcore' 'specmemcore_ln0' <Predicate = true> <Delay = 0.00>
ST_1 : Operation 11 [1/1] (0.00ns)   --->   "%specinterface_ln0 = specinterface void @_ssdm_op_SpecInterface, i128 %mm_video, void @empty_15, i32 0, i32 0, void @empty_16, i32 100, i32 2073600, void @empty_17, void @empty_18, void @empty_16, i32 16, i32 4, i32 16, i32 16, void @empty_16, void @empty_16, i32 4294967295, i32 0"   --->   Operation 11 'specinterface' 'specinterface_ln0' <Predicate = true> <Delay = 0.00>
ST_1 : Operation 12 [1/1] (0.00ns)   --->   "%specinterface_ln0 = specinterface void @_ssdm_op_SpecInterface, i128 %bytePlanes, void @empty_6, i32 0, i32 0, void @empty_16, i32 0, i32 0, void @empty_16, void @empty_16, void @empty_16, i32 0, i32 0, i32 0, i32 0, void @empty_16, void @empty_16, i32 4294967295, i32 0"   --->   Operation 12 'specinterface' 'specinterface_ln0' <Predicate = true> <Delay = 0.00>
ST_1 : Operation 13 [1/1] (1.32ns)   --->   "%store_ln1285 = store i12 0, i12 %x" [C:/Users/XF/Desktop/chiplabdemo/chiplab/fpga/loongson/2023.2/system_run.runs/v_frmbuf_wr_0_synth_1/prj/sol/.autopilot/db/v_frmbuf_wr.cpp:1285]   --->   Operation 13 'store' 'store_ln1285' <Predicate = true> <Delay = 1.32>
ST_1 : Operation 14 [1/1] (0.00ns)   --->   "%br_ln0 = br void %for.inc"   --->   Operation 14 'br' 'br_ln0' <Predicate = true> <Delay = 0.00>
ST_1 : Operation 15 [1/1] (0.00ns)   --->   "%x_3 = load i12 %x" [C:/Users/XF/Desktop/chiplabdemo/chiplab/fpga/loongson/2023.2/system_run.runs/v_frmbuf_wr_0_synth_1/prj/sol/.autopilot/db/v_frmbuf_wr.cpp:1285]   --->   Operation 15 'load' 'x_3' <Predicate = true> <Delay = 0.00>
ST_1 : Operation 16 [1/1] (1.77ns)   --->   "%icmp_ln1285 = icmp_eq  i12 %x_3, i12 %loopWidth_read" [C:/Users/XF/Desktop/chiplabdemo/chiplab/fpga/loongson/2023.2/system_run.runs/v_frmbuf_wr_0_synth_1/prj/sol/.autopilot/db/v_frmbuf_wr.cpp:1285]   --->   Operation 16 'icmp' 'icmp_ln1285' <Predicate = true> <Delay = 1.77> <CoreInst = "Cmp">   --->   Core 9 'Cmp' <Latency = 0> <II = 1> <Delay = 1.77> <FuncUnit> <Opcode : 'icmp'> <InPorts = 2> <OutPorts = 1>
ST_1 : Operation 17 [1/1] (0.00ns)   --->   "%speclooptripcount_ln0 = speclooptripcount void @_ssdm_op_SpecLoopTripCount, i64 0, i64 4096, i64 4095"   --->   Operation 17 'speclooptripcount' 'speclooptripcount_ln0' <Predicate = true> <Delay = 0.00>
ST_1 : Operation 18 [1/1] (1.77ns)   --->   "%add_ln1285 = add i12 %x_3, i12 1" [C:/Users/XF/Desktop/chiplabdemo/chiplab/fpga/loongson/2023.2/system_run.runs/v_frmbuf_wr_0_synth_1/prj/sol/.autopilot/db/v_frmbuf_wr.cpp:1285]   --->   Operation 18 'add' 'add_ln1285' <Predicate = true> <Delay = 1.77> <CoreInst = "Adder">   --->   Core 1 'Adder' <Latency = 0> <II = 1> <Delay = 1.77> <FuncUnit> <Opcode : 'add' 'sub'> <InPorts = 2> <OutPorts = 1>
ST_1 : Operation 19 [1/1] (0.00ns)   --->   "%br_ln1285 = br i1 %icmp_ln1285, void %for.inc.split, void %for.inc10.loopexit.exitStub" [C:/Users/XF/Desktop/chiplabdemo/chiplab/fpga/loongson/2023.2/system_run.runs/v_frmbuf_wr_0_synth_1/prj/sol/.autopilot/db/v_frmbuf_wr.cpp:1285]   --->   Operation 19 'br' 'br_ln1285' <Predicate = true> <Delay = 0.00>
ST_1 : Operation 20 [1/1] (1.32ns)   --->   "%store_ln1285 = store i12 %add_ln1285, i12 %x" [C:/Users/XF/Desktop/chiplabdemo/chiplab/fpga/loongson/2023.2/system_run.runs/v_frmbuf_wr_0_synth_1/prj/sol/.autopilot/db/v_frmbuf_wr.cpp:1285]   --->   Operation 20 'store' 'store_ln1285' <Predicate = (!icmp_ln1285)> <Delay = 1.32>

State 2 <SV = 1> <Delay = 2.43>
ST_2 : Operation 21 [1/1] (2.43ns)   --->   "%bytePlanes_read = read i128 @_ssdm_op_Read.ap_fifo.volatile.i128P0A, i128 %bytePlanes" [C:/Users/XF/Desktop/chiplabdemo/chiplab/fpga/loongson/2023.2/system_run.runs/v_frmbuf_wr_0_synth_1/prj/sol/.autopilot/db/v_frmbuf_wr.cpp:1288]   --->   Operation 21 'read' 'bytePlanes_read' <Predicate = true> <Delay = 2.43> <CoreInst = "FIFO_BRAM">   --->   Core 79 'FIFO_BRAM' <Latency = 0> <II = 1> <Delay = 3.47> <Storage> <Opcode : 'read' 'write' 'nbread' 'nbwrite'> <Ports = 0> <Width = 128> <Depth = 480> <FIFO>
ST_2 : Operation 27 [1/1] (0.00ns)   --->   "%ret_ln0 = ret"   --->   Operation 27 'ret' 'ret_ln0' <Predicate = (icmp_ln1285)> <Delay = 0.00>

State 3 <SV = 2> <Delay = 4.86>
ST_3 : Operation 22 [1/1] (0.00ns)   --->   "%mm_video_addr = getelementptr i128 %mm_video, i32 %sext_ln1285_cast" [C:/Users/XF/Desktop/chiplabdemo/chiplab/fpga/loongson/2023.2/system_run.runs/v_frmbuf_wr_0_synth_1/prj/sol/.autopilot/db/v_frmbuf_wr.cpp:1285]   --->   Operation 22 'getelementptr' 'mm_video_addr' <Predicate = true> <Delay = 0.00>
ST_3 : Operation 23 [1/1] (0.00ns)   --->   "%specpipeline_ln1287 = specpipeline void @_ssdm_op_SpecPipeline, i32 1, i32 0, i32 0, i32 0, void @empty_16" [C:/Users/XF/Desktop/chiplabdemo/chiplab/fpga/loongson/2023.2/system_run.runs/v_frmbuf_wr_0_synth_1/prj/sol/.autopilot/db/v_frmbuf_wr.cpp:1287]   --->   Operation 23 'specpipeline' 'specpipeline_ln1287' <Predicate = true> <Delay = 0.00>
ST_3 : Operation 24 [1/1] (0.00ns)   --->   "%specloopname_ln1285 = specloopname void @_ssdm_op_SpecLoopName, void @empty_13" [C:/Users/XF/Desktop/chiplabdemo/chiplab/fpga/loongson/2023.2/system_run.runs/v_frmbuf_wr_0_synth_1/prj/sol/.autopilot/db/v_frmbuf_wr.cpp:1285]   --->   Operation 24 'specloopname' 'specloopname_ln1285' <Predicate = true> <Delay = 0.00>
ST_3 : Operation 25 [1/1] (4.86ns)   --->   "%write_ln1289 = write void @_ssdm_op_Write.m_axi.p1i128, i128 %mm_video_addr, i128 %bytePlanes_read, i16 65535" [C:/Users/XF/Desktop/chiplabdemo/chiplab/fpga/loongson/2023.2/system_run.runs/v_frmbuf_wr_0_synth_1/prj/sol/.autopilot/db/v_frmbuf_wr.cpp:1289]   --->   Operation 25 'write' 'write_ln1289' <Predicate = true> <Delay = 4.86> <CoreInst = "m_axi">   --->   Core 113 'm_axi' <Latency = 0> <II = 1> <Delay = 1.00> <Adapter> <Opcode : 'read' 'write' 'readreq' 'writereq' 'writeresp'>
ST_3 : Operation 26 [1/1] (0.00ns)   --->   "%br_ln1285 = br void %for.inc" [C:/Users/XF/Desktop/chiplabdemo/chiplab/fpga/loongson/2023.2/system_run.runs/v_frmbuf_wr_0_synth_1/prj/sol/.autopilot/db/v_frmbuf_wr.cpp:1285]   --->   Operation 26 'br' 'br_ln1285' <Predicate = true> <Delay = 0.00>


============================================================
+ Verbose Summary: Binding
============================================================
STG Binding: 
---------------- STG Properties BEGIN ----------------
- Is combinational: 0
- Is one-state seq: 0
- Is datapath-only: 0
- Is pipelined: 0
- Is top level: 0
Port [ Return ] is wired: 1; IO mode=ap_ctrl_hs:ce=0
Port [ loopWidth]:  wired=1; compound=0; hidden=0; nouse=0; global=0; static=0; extern=0; dir=0; type=0; pingpong=0; private_global=0; IO mode=ap_none:ce=0
Port [ mm_video]:  wired=1; compound=1; hidden=0; nouse=0; global=0; static=0; extern=0; dir=1; type=4; pingpong=0; private_global=0; IO mode=m_axi:ce=0
Port [ sext_ln1285]:  wired=1; compound=0; hidden=0; nouse=0; global=0; static=0; extern=0; dir=0; type=0; pingpong=0; private_global=0; IO mode=ap_none:ce=0
Port [ bytePlanes]:  wired=1; compound=1; hidden=0; nouse=0; global=0; static=0; extern=0; dir=0; type=3; pingpong=0; private_global=0; IO mode=ap_fifo:ce=0
---------------- STG Properties END ------------------

---------------- Datapath Model BEGIN ----------------

<LifeTime>
<method=bitvector/>
x                     (alloca           ) [ 0100]
sext_ln1285_read      (read             ) [ 0000]
loopWidth_read        (read             ) [ 0000]
sext_ln1285_cast      (sext             ) [ 0111]
specmemcore_ln0       (specmemcore      ) [ 0000]
specinterface_ln0     (specinterface    ) [ 0000]
specinterface_ln0     (specinterface    ) [ 0000]
store_ln1285          (store            ) [ 0000]
br_ln0                (br               ) [ 0000]
x_3                   (load             ) [ 0000]
icmp_ln1285           (icmp             ) [ 0110]
speclooptripcount_ln0 (speclooptripcount) [ 0000]
add_ln1285            (add              ) [ 0000]
br_ln1285             (br               ) [ 0000]
store_ln1285          (store            ) [ 0000]
bytePlanes_read       (read             ) [ 0101]
mm_video_addr         (getelementptr    ) [ 0000]
specpipeline_ln1287   (specpipeline     ) [ 0000]
specloopname_ln1285   (specloopname     ) [ 0000]
write_ln1289          (write            ) [ 0000]
br_ln1285             (br               ) [ 0000]
ret_ln0               (ret              ) [ 0000]
</LifeTime>

<model>

<comp_list>
<comp id="0" class="1000" name="loopWidth">
<pin_list>
<pin id="1" dir="1" index="0" bw="1" slack="0"/>
</pin_list>
<bind>
<StgValue><ssdm name="loopWidth"/></StgValue>
</bind>
</comp>

<comp id="2" class="1000" name="mm_video">
<pin_list>
<pin id="3" dir="1" index="0" bw="1" slack="0"/>
</pin_list>
<bind>
<StgValue><ssdm name="mm_video"/></StgValue>
</bind>
</comp>

<comp id="4" class="1000" name="sext_ln1285">
<pin_list>
<pin id="5" dir="1" index="0" bw="1" slack="0"/>
</pin_list>
<bind>
<StgValue><ssdm name="sext_ln1285"/></StgValue>
</bind>
</comp>

<comp id="6" class="1000" name="bytePlanes">
<pin_list>
<pin id="7" dir="1" index="0" bw="1" slack="0"/>
</pin_list>
<bind>
<StgValue><ssdm name="bytePlanes"/></StgValue>
</bind>
</comp>

<comp id="8" class="1001" name="const_8">
<pin_list>
<pin id="9" dir="1" index="0" bw="1" slack="0"/>
</pin_list>
<bind>
<StgValue><ssdm name=""/></StgValue>
</bind>
</comp>

<comp id="10" class="1001" name="const_10">
<pin_list>
<pin id="11" dir="1" index="0" bw="1" slack="0"/>
</pin_list>
<bind>
<StgValue><ssdm name="_ssdm_op_Read.ap_auto.i28"/></StgValue>
</bind>
</comp>

<comp id="12" class="1001" name="const_12">
<pin_list>
<pin id="13" dir="1" index="0" bw="1" slack="0"/>
</pin_list>
<bind>
<StgValue><ssdm name="_ssdm_op_Read.ap_auto.i12"/></StgValue>
</bind>
</comp>

<comp id="14" class="1001" name="const_14">
<pin_list>
<pin id="15" dir="1" index="0" bw="1" slack="2147483647"/>
</pin_list>
<bind>
<StgValue><ssdm name="_ssdm_op_SpecMemCore"/></StgValue>
</bind>
</comp>

<comp id="16" class="1001" name="const_16">
<pin_list>
<pin id="17" dir="1" index="0" bw="1" slack="2147483647"/>
</pin_list>
<bind>
<StgValue><ssdm name=""/></StgValue>
</bind>
</comp>

<comp id="18" class="1001" name="const_18">
<pin_list>
<pin id="19" dir="1" index="0" bw="1" slack="2147483647"/>
</pin_list>
<bind>
<StgValue><ssdm name=""/></StgValue>
</bind>
</comp>

<comp id="20" class="1001" name="const_20">
<pin_list>
<pin id="21" dir="1" index="0" bw="1" slack="2147483647"/>
</pin_list>
<bind>
<StgValue><ssdm name=""/></StgValue>
</bind>
</comp>

<comp id="22" class="1001" name="const_22">
<pin_list>
<pin id="23" dir="1" index="0" bw="1" slack="2147483647"/>
</pin_list>
<bind>
<StgValue><ssdm name="_ssdm_op_SpecInterface"/></StgValue>
</bind>
</comp>

<comp id="24" class="1001" name="const_24">
<pin_list>
<pin id="25" dir="1" index="0" bw="1" slack="2147483647"/>
</pin_list>
<bind>
<StgValue><ssdm name="empty_15"/></StgValue>
</bind>
</comp>

<comp id="26" class="1001" name="const_26">
<pin_list>
<pin id="27" dir="1" index="0" bw="1" slack="2147483647"/>
</pin_list>
<bind>
<StgValue><ssdm name=""/></StgValue>
</bind>
</comp>

<comp id="28" class="1001" name="const_28">
<pin_list>
<pin id="29" dir="1" index="0" bw="1" slack="2147483647"/>
</pin_list>
<bind>
<StgValue><ssdm name="empty_16"/></StgValue>
</bind>
</comp>

<comp id="30" class="1001" name="const_30">
<pin_list>
<pin id="31" dir="1" index="0" bw="1" slack="2147483647"/>
</pin_list>
<bind>
<StgValue><ssdm name=""/></StgValue>
</bind>
</comp>

<comp id="32" class="1001" name="const_32">
<pin_list>
<pin id="33" dir="1" index="0" bw="1" slack="2147483647"/>
</pin_list>
<bind>
<StgValue><ssdm name=""/></StgValue>
</bind>
</comp>

<comp id="34" class="1001" name="const_34">
<pin_list>
<pin id="35" dir="1" index="0" bw="1" slack="2147483647"/>
</pin_list>
<bind>
<StgValue><ssdm name="empty_17"/></StgValue>
</bind>
</comp>

<comp id="36" class="1001" name="const_36">
<pin_list>
<pin id="37" dir="1" index="0" bw="1" slack="2147483647"/>
</pin_list>
<bind>
<StgValue><ssdm name="empty_18"/></StgValue>
</bind>
</comp>

<comp id="38" class="1001" name="const_38">
<pin_list>
<pin id="39" dir="1" index="0" bw="1" slack="2147483647"/>
</pin_list>
<bind>
<StgValue><ssdm name=""/></StgValue>
</bind>
</comp>

<comp id="40" class="1001" name="const_40">
<pin_list>
<pin id="41" dir="1" index="0" bw="1" slack="2147483647"/>
</pin_list>
<bind>
<StgValue><ssdm name=""/></StgValue>
</bind>
</comp>

<comp id="42" class="1001" name="const_42">
<pin_list>
<pin id="43" dir="1" index="0" bw="1" slack="2147483647"/>
</pin_list>
<bind>
<StgValue><ssdm name=""/></StgValue>
</bind>
</comp>

<comp id="44" class="1001" name="const_44">
<pin_list>
<pin id="45" dir="1" index="0" bw="1" slack="2147483647"/>
</pin_list>
<bind>
<StgValue><ssdm name="empty_6"/></StgValue>
</bind>
</comp>

<comp id="46" class="1001" name="const_46">
<pin_list>
<pin id="47" dir="1" index="0" bw="1" slack="0"/>
</pin_list>
<bind>
<StgValue><ssdm name=""/></StgValue>
</bind>
</comp>

<comp id="48" class="1001" name="const_48">
<pin_list>
<pin id="49" dir="1" index="0" bw="1" slack="2147483647"/>
</pin_list>
<bind>
<StgValue><ssdm name="_ssdm_op_SpecLoopTripCount"/></StgValue>
</bind>
</comp>

<comp id="50" class="1001" name="const_50">
<pin_list>
<pin id="51" dir="1" index="0" bw="1" slack="2147483647"/>
</pin_list>
<bind>
<StgValue><ssdm name=""/></StgValue>
</bind>
</comp>

<comp id="52" class="1001" name="const_52">
<pin_list>
<pin id="53" dir="1" index="0" bw="1" slack="2147483647"/>
</pin_list>
<bind>
<StgValue><ssdm name=""/></StgValue>
</bind>
</comp>

<comp id="54" class="1001" name="const_54">
<pin_list>
<pin id="55" dir="1" index="0" bw="1" slack="2147483647"/>
</pin_list>
<bind>
<StgValue><ssdm name=""/></StgValue>
</bind>
</comp>

<comp id="56" class="1001" name="const_56">
<pin_list>
<pin id="57" dir="1" index="0" bw="1" slack="0"/>
</pin_list>
<bind>
<StgValue><ssdm name=""/></StgValue>
</bind>
</comp>

<comp id="58" class="1001" name="const_58">
<pin_list>
<pin id="59" dir="1" index="0" bw="1" slack="0"/>
</pin_list>
<bind>
<StgValue><ssdm name="_ssdm_op_Read.ap_fifo.volatile.i128P0A"/></StgValue>
</bind>
</comp>

<comp id="60" class="1001" name="const_60">
<pin_list>
<pin id="61" dir="1" index="0" bw="1" slack="2147483647"/>
</pin_list>
<bind>
<StgValue><ssdm name="_ssdm_op_SpecPipeline"/></StgValue>
</bind>
</comp>

<comp id="62" class="1001" name="const_62">
<pin_list>
<pin id="63" dir="1" index="0" bw="1" slack="2147483647"/>
</pin_list>
<bind>
<StgValue><ssdm name="_ssdm_op_SpecLoopName"/></StgValue>
</bind>
</comp>

<comp id="64" class="1001" name="const_64">
<pin_list>
<pin id="65" dir="1" index="0" bw="1" slack="2147483647"/>
</pin_list>
<bind>
<StgValue><ssdm name="empty_13"/></StgValue>
</bind>
</comp>

<comp id="66" class="1001" name="const_66">
<pin_list>
<pin id="67" dir="1" index="0" bw="1" slack="0"/>
</pin_list>
<bind>
<StgValue><ssdm name="_ssdm_op_Write.m_axi.p1i128"/></StgValue>
</bind>
</comp>

<comp id="68" class="1001" name="const_68">
<pin_list>
<pin id="69" dir="1" index="0" bw="1" slack="0"/>
</pin_list>
<bind>
<StgValue><ssdm name=""/></StgValue>
</bind>
</comp>

<comp id="70" class="1004" name="x_fu_70">
<pin_list>
<pin id="71" dir="0" index="0" bw="1" slack="0"/>
<pin id="72" dir="1" index="1" bw="12" slack="0"/>
</pin_list>
<bind>
<opcode="alloca(26) " fcode="alloca"/>
<opset="x/1 "/>
</bind>
</comp>

<comp id="74" class="1004" name="sext_ln1285_read_read_fu_74">
<pin_list>
<pin id="75" dir="0" index="0" bw="28" slack="0"/>
<pin id="76" dir="0" index="1" bw="28" slack="0"/>
<pin id="77" dir="1" index="2" bw="28" slack="0"/>
</pin_list>
<bind>
<opcode="read(1150) " fcode="read"/>
<opset="sext_ln1285_read/1 "/>
</bind>
</comp>

<comp id="80" class="1004" name="loopWidth_read_read_fu_80">
<pin_list>
<pin id="81" dir="0" index="0" bw="12" slack="0"/>
<pin id="82" dir="0" index="1" bw="12" slack="0"/>
<pin id="83" dir="1" index="2" bw="12" slack="0"/>
</pin_list>
<bind>
<opcode="read(1150) " fcode="read"/>
<opset="loopWidth_read/1 "/>
</bind>
</comp>

<comp id="86" class="1004" name="bytePlanes_read_read_fu_86">
<pin_list>
<pin id="87" dir="0" index="0" bw="128" slack="0"/>
<pin id="88" dir="0" index="1" bw="128" slack="0"/>
<pin id="89" dir="1" index="2" bw="128" slack="1"/>
</pin_list>
<bind>
<opcode="read(1150) " fcode="read"/>
<opset="bytePlanes_read/2 "/>
</bind>
</comp>

<comp id="92" class="1004" name="write_ln1289_write_fu_92">
<pin_list>
<pin id="93" dir="0" index="0" bw="0" slack="0"/>
<pin id="94" dir="0" index="1" bw="128" slack="0"/>
<pin id="95" dir="0" index="2" bw="128" slack="1"/>
<pin id="96" dir="0" index="3" bw="1" slack="0"/>
<pin id="97" dir="1" index="4" bw="0" slack="2147483647"/>
</pin_list>
<bind>
<opcode="write(1151) " fcode="write"/>
<opset="write_ln1289/3 "/>
</bind>
</comp>

<comp id="100" class="1004" name="sext_ln1285_cast_fu_100">
<pin_list>
<pin id="101" dir="0" index="0" bw="28" slack="0"/>
<pin id="102" dir="1" index="1" bw="32" slack="2"/>
</pin_list>
<bind>
<opcode="sext(35) " fcode="sext"/>
<opset="sext_ln1285_cast/1 "/>
</bind>
</comp>

<comp id="104" class="1004" name="store_ln1285_store_fu_104">
<pin_list>
<pin id="105" dir="0" index="0" bw="1" slack="0"/>
<pin id="106" dir="0" index="1" bw="12" slack="0"/>
<pin id="107" dir="1" index="2" bw="0" slack="2147483647"/>
</pin_list>
<bind>
<opcode="store(28) " fcode="store"/>
<opset="store_ln1285/1 "/>
</bind>
</comp>

<comp id="109" class="1004" name="x_3_load_fu_109">
<pin_list>
<pin id="110" dir="0" index="0" bw="12" slack="0"/>
<pin id="111" dir="1" index="1" bw="12" slack="0"/>
</pin_list>
<bind>
<opcode="load(27) " fcode="load"/>
<opset="x_3/1 "/>
</bind>
</comp>

<comp id="112" class="1004" name="icmp_ln1285_fu_112">
<pin_list>
<pin id="113" dir="0" index="0" bw="12" slack="0"/>
<pin id="114" dir="0" index="1" bw="12" slack="0"/>
<pin id="115" dir="1" index="2" bw="1" slack="1"/>
</pin_list>
<bind>
<opcode="icmp(45) " fcode="icmp"/>
<opset="icmp_ln1285/1 "/>
</bind>
</comp>

<comp id="118" class="1004" name="add_ln1285_fu_118">
<pin_list>
<pin id="119" dir="0" index="0" bw="12" slack="0"/>
<pin id="120" dir="0" index="1" bw="1" slack="0"/>
<pin id="121" dir="1" index="2" bw="12" slack="0"/>
</pin_list>
<bind>
<opcode="add(8) " fcode="add"/>
<opset="add_ln1285/1 "/>
</bind>
</comp>

<comp id="124" class="1004" name="store_ln1285_store_fu_124">
<pin_list>
<pin id="125" dir="0" index="0" bw="12" slack="0"/>
<pin id="126" dir="0" index="1" bw="12" slack="0"/>
<pin id="127" dir="1" index="2" bw="0" slack="2147483647"/>
</pin_list>
<bind>
<opcode="store(28) " fcode="store"/>
<opset="store_ln1285/1 "/>
</bind>
</comp>

<comp id="129" class="1004" name="mm_video_addr_fu_129">
<pin_list>
<pin id="130" dir="0" index="0" bw="128" slack="0"/>
<pin id="131" dir="0" index="1" bw="28" slack="2"/>
<pin id="132" dir="1" index="2" bw="128" slack="0"/>
</pin_list>
<bind>
<opcode="getelementptr(29) " fcode="getelementptr"/>
<opset="mm_video_addr/3 "/>
</bind>
</comp>

<comp id="135" class="1005" name="x_reg_135">
<pin_list>
<pin id="136" dir="0" index="0" bw="12" slack="0"/>
<pin id="137" dir="1" index="1" bw="12" slack="0"/>
</pin_list>
<bind>
<opset="x "/>
</bind>
</comp>

<comp id="142" class="1005" name="sext_ln1285_cast_reg_142">
<pin_list>
<pin id="143" dir="0" index="0" bw="32" slack="2"/>
<pin id="144" dir="1" index="1" bw="32" slack="2"/>
</pin_list>
<bind>
<opset="sext_ln1285_cast "/>
</bind>
</comp>

<comp id="147" class="1005" name="icmp_ln1285_reg_147">
<pin_list>
<pin id="148" dir="0" index="0" bw="1" slack="1"/>
<pin id="149" dir="1" index="1" bw="1" slack="2147483647"/>
</pin_list>
<bind>
<opset="icmp_ln1285 "/>
</bind>
</comp>

<comp id="151" class="1005" name="bytePlanes_read_reg_151">
<pin_list>
<pin id="152" dir="0" index="0" bw="128" slack="1"/>
<pin id="153" dir="1" index="1" bw="128" slack="1"/>
</pin_list>
<bind>
<opset="bytePlanes_read "/>
</bind>
</comp>

</comp_list>

<net_list>
<net id="73"><net_src comp="8" pin="0"/><net_sink comp="70" pin=0"/></net>

<net id="78"><net_src comp="10" pin="0"/><net_sink comp="74" pin=0"/></net>

<net id="79"><net_src comp="4" pin="0"/><net_sink comp="74" pin=1"/></net>

<net id="84"><net_src comp="12" pin="0"/><net_sink comp="80" pin=0"/></net>

<net id="85"><net_src comp="0" pin="0"/><net_sink comp="80" pin=1"/></net>

<net id="90"><net_src comp="58" pin="0"/><net_sink comp="86" pin=0"/></net>

<net id="91"><net_src comp="6" pin="0"/><net_sink comp="86" pin=1"/></net>

<net id="98"><net_src comp="66" pin="0"/><net_sink comp="92" pin=0"/></net>

<net id="99"><net_src comp="68" pin="0"/><net_sink comp="92" pin=3"/></net>

<net id="103"><net_src comp="74" pin="2"/><net_sink comp="100" pin=0"/></net>

<net id="108"><net_src comp="46" pin="0"/><net_sink comp="104" pin=0"/></net>

<net id="116"><net_src comp="109" pin="1"/><net_sink comp="112" pin=0"/></net>

<net id="117"><net_src comp="80" pin="2"/><net_sink comp="112" pin=1"/></net>

<net id="122"><net_src comp="109" pin="1"/><net_sink comp="118" pin=0"/></net>

<net id="123"><net_src comp="56" pin="0"/><net_sink comp="118" pin=1"/></net>

<net id="128"><net_src comp="118" pin="2"/><net_sink comp="124" pin=0"/></net>

<net id="133"><net_src comp="2" pin="0"/><net_sink comp="129" pin=0"/></net>

<net id="134"><net_src comp="129" pin="2"/><net_sink comp="92" pin=1"/></net>

<net id="138"><net_src comp="70" pin="1"/><net_sink comp="135" pin=0"/></net>

<net id="139"><net_src comp="135" pin="1"/><net_sink comp="104" pin=1"/></net>

<net id="140"><net_src comp="135" pin="1"/><net_sink comp="109" pin=0"/></net>

<net id="141"><net_src comp="135" pin="1"/><net_sink comp="124" pin=1"/></net>

<net id="145"><net_src comp="100" pin="1"/><net_sink comp="142" pin=0"/></net>

<net id="146"><net_src comp="142" pin="1"/><net_sink comp="129" pin=1"/></net>

<net id="150"><net_src comp="112" pin="2"/><net_sink comp="147" pin=0"/></net>

<net id="154"><net_src comp="86" pin="2"/><net_sink comp="151" pin=0"/></net>

<net id="155"><net_src comp="151" pin="1"/><net_sink comp="92" pin=2"/></net>

</net_list>

</model> 
---------------- Datapath Model END ------------------

* FSMD analyzer results:
  - Output states:
	Port: mm_video | {3 }
 - Input state : 
	Port: Bytes2AXIMMvideo_Pipeline_VITIS_LOOP_1285_1 : loopWidth | {1 }
	Port: Bytes2AXIMMvideo_Pipeline_VITIS_LOOP_1285_1 : sext_ln1285 | {1 }
	Port: Bytes2AXIMMvideo_Pipeline_VITIS_LOOP_1285_1 : bytePlanes | {2 }
  - Chain level:
	State 1
		store_ln1285 : 1
		x_3 : 1
		icmp_ln1285 : 2
		add_ln1285 : 2
		br_ln1285 : 3
		store_ln1285 : 3
	State 2
	State 3
		write_ln1289 : 1


============================================================
+ Verbose Summary: Datapath Resource usage 
============================================================

* Functional unit list:
|----------|-----------------------------|---------|---------|
| Operation|       Functional Unit       |    FF   |   LUT   |
|----------|-----------------------------|---------|---------|
|   icmp   |      icmp_ln1285_fu_112     |    0    |    19   |
|----------|-----------------------------|---------|---------|
|    add   |      add_ln1285_fu_118      |    0    |    19   |
|----------|-----------------------------|---------|---------|
|          | sext_ln1285_read_read_fu_74 |    0    |    0    |
|   read   |  loopWidth_read_read_fu_80  |    0    |    0    |
|          |  bytePlanes_read_read_fu_86 |    0    |    0    |
|----------|-----------------------------|---------|---------|
|   write  |   write_ln1289_write_fu_92  |    0    |    0    |
|----------|-----------------------------|---------|---------|
|   sext   |   sext_ln1285_cast_fu_100   |    0    |    0    |
|----------|-----------------------------|---------|---------|
|   Total  |                             |    0    |    38   |
|----------|-----------------------------|---------|---------|

Memories:
N/A

* Register list:
+------------------------+--------+
|                        |   FF   |
+------------------------+--------+
| bytePlanes_read_reg_151|   128  |
|   icmp_ln1285_reg_147  |    1   |
|sext_ln1285_cast_reg_142|   32   |
|        x_reg_135       |   12   |
+------------------------+--------+
|          Total         |   173  |
+------------------------+--------+

* Multiplexer (MUX) list: 
|--------|------|------|------|--------|
|  Comp  |  Pin | Size |  BW  | S x BW |
|--------|------|------|------|--------|
|  Total |      |      |      |    0   |
|--------|------|------|------|--------|



* Summary:
+-----------+--------+--------+
|           |   FF   |   LUT  |
+-----------+--------+--------+
|  Function |    0   |   38   |
|   Memory  |    -   |    -   |
|Multiplexer|    -   |    -   |
|  Register |   173  |    -   |
+-----------+--------+--------+
|   Total   |   173  |   38   |
+-----------+--------+--------+
