

================================================================
== Vitis HLS Report for 'MultiPixStream2Bytes'
================================================================
* Date:           Tue Aug 19 22:11:03 2025

* Version:        2023.2 (Build 4023990 on Oct 11 2023)
* Project:        prj
* Solution:       sol (Vivado IP Flow Target)
* Product family: artix7
* Target device:  xc7a200t-fbg676-2


================================================================
== Performance Estimates
================================================================
+ Timing: 
    * Summary: 
    +--------+---------+----------+------------+
    |  Clock |  Target | Estimated| Uncertainty|
    +--------+---------+----------+------------+
    |ap_clk  |  6.67 ns|  4.867 ns|     1.80 ns|
    +--------+---------+----------+------------+

+ Latency: 
    * Summary: 
    +---------+----------+-----------+-----------+-----+----------+---------+
    |  Latency (cycles)  |   Latency (absolute)  |    Interval    | Pipeline|
    |   min   |    max   |    min    |    max    | min |    max   |   Type  |
    +---------+----------+-----------+-----------+-----+----------+---------+
    |        2|  35385124|  13.334 ns|  0.236 sec|    2|  35385124|       no|
    +---------+----------+-----------+-----------+-----+----------+---------+

    + Detail: 
        * Instance: 
        N/A

        * Loop: 
        +------------------+---------+----------+----------+-----------+-----------+----------+----------+
        |                  |  Latency (cycles)  | Iteration|  Initiation Interval  |   Trip   |          |
        |     Loop Name    |   min   |    max   |  Latency |  achieved |   target  |   Count  | Pipelined|
        +------------------+---------+----------+----------+-----------+-----------+----------+----------+
        |- loop_RGB8_YUV8  |        0|  35385120|  7 ~ 8191|          -|          -|  0 ~ 4320|        no|
        +------------------+---------+----------+----------+-----------+-----------+----------+----------+

============================================================
+ Verbose Summary: Synthesis Manager
============================================================
InlineROM: 1
ExposeGlobal: 0
============================================================
+ Verbose Summary: CDFG Model
============================================================
IsTopModel: 0
ResetActiveHigh: 1
IsCombinational: 2
IsDatapathOnly: 0
HasWiredReturn: 1
HasMFsm: 0
HasVarLatency: 1
IsPipeline: 0
IsRtlPipelined: 0
IsInstanceOverlapped: 0
IsDontTouch: 0
HasImplIP: 0
IsGatedGlobalClock: 0


============================================================
+ Verbose Summary: Schedule
============================================================
* Number of FSM states : 7
* Pipeline : 0
* Dataflow Pipeline: 0

* FSM state transitions: 
1 --> 2 
2 --> 3 5 
3 --> 4 
4 --> 5 
5 --> 6 
6 --> 7 
7 --> 5 

* FSM state operations: 

State 1 <SV = 0> <Delay = 4.86>
ST_1 : Operation 8 [1/1] (2.43ns)   --->   "%WidthInBytes_val2_c11_read = read i15 @_ssdm_op_Read.ap_fifo.i15P0A, i15 %WidthInBytes_val2_c11"   --->   Operation 8 'read' 'WidthInBytes_val2_c11_read' <Predicate = true> <Delay = 2.43> <CoreInst = "FIFO_SRL">   --->   Core 81 'FIFO_SRL' <Latency = 0> <II = 1> <Delay = 3.18> <Storage> <Opcode : 'read' 'write' 'nbread' 'nbwrite'> <Ports = 0> <Width = 15> <Depth = 3> <FIFO>
ST_1 : Operation 9 [1/1] (2.43ns)   --->   "%write_ln0 = write void @_ssdm_op_Write.ap_fifo.i15P0A, i15 %WidthInBytes_val2_c, i15 %WidthInBytes_val2_c11_read"   --->   Operation 9 'write' 'write_ln0' <Predicate = true> <Delay = 2.43> <CoreInst = "FIFO_SRL">   --->   Core 81 'FIFO_SRL' <Latency = 0> <II = 1> <Delay = 3.18> <Storage> <Opcode : 'read' 'write' 'nbread' 'nbwrite'> <Ports = 0> <Width = 15> <Depth = 2> <FIFO>

State 2 <SV = 1> <Delay = 3.60>
ST_2 : Operation 10 [1/1] (0.00ns)   --->   "%video_format_val10_read = read i6 @_ssdm_op_Read.ap_auto.i6, i6 %video_format_val10"   --->   Operation 10 'read' 'video_format_val10_read' <Predicate = true> <Delay = 0.00>
ST_2 : Operation 11 [1/1] (2.43ns)   --->   "%width_val5_read = read i4 @_ssdm_op_Read.ap_auto.i4, i4 %width_val5"   --->   Operation 11 'read' 'width_val5_read' <Predicate = true> <Delay = 2.43> <CoreInst = "FIFO_SRL">   --->   Core 81 'FIFO_SRL' <Latency = 0> <II = 1> <Delay = 3.18> <Storage> <Opcode : 'read' 'write' 'nbread' 'nbwrite'> <Ports = 0> <Width = -1> <Depth = -1> <FIFO>
ST_2 : Operation 12 [1/1] (0.00ns)   --->   "%height_val8_read = read i12 @_ssdm_op_Read.ap_auto.i12, i12 %height_val8"   --->   Operation 12 'read' 'height_val8_read' <Predicate = true> <Delay = 0.00>
ST_2 : Operation 13 [1/1] (0.00ns)   --->   "%specstablecontent_ln0 = specstablecontent void @_ssdm_op_SpecStableContent, i4 %width_val5, void "   --->   Operation 13 'specstablecontent' 'specstablecontent_ln0' <Predicate = true> <Delay = 0.00>
ST_2 : Operation 14 [1/1] (0.00ns)   --->   "%specinterface_ln0 = specinterface void @_ssdm_op_SpecInterface, i15 %WidthInBytes_val2_c11, void @ap_fifo_str, i32 0, i32 0, void @p_str, i32 0, i32 0, void @p_str, void @p_str, void @p_str, i32 2, i32 2, i32 16, i32 16, void @p_str, void @ScalarProp_str, i32 4294967295, i32 0"   --->   Operation 14 'specinterface' 'specinterface_ln0' <Predicate = true> <Delay = 0.00>
ST_2 : Operation 15 [1/1] (0.00ns)   --->   "%specinterface_ln0 = specinterface void @_ssdm_op_SpecInterface, i15 %WidthInBytes_val2_c, void @ap_fifo_str, i32 0, i32 0, void @p_str, i32 0, i32 0, void @p_str, void @p_str, void @p_str, i32 2, i32 2, i32 16, i32 16, void @p_str, void @ScalarProp_str, i32 4294967295, i32 0"   --->   Operation 15 'specinterface' 'specinterface_ln0' <Predicate = true> <Delay = 0.00>
ST_2 : Operation 16 [1/1] (0.00ns)   --->   "%specstablecontent_ln0 = specstablecontent void @_ssdm_op_SpecStableContent, i4 %width_val5, void "   --->   Operation 16 'specstablecontent' 'specstablecontent_ln0' <Predicate = true> <Delay = 0.00>
ST_2 : Operation 17 [1/1] (0.00ns)   --->   "%specstablecontent_ln0 = specstablecontent void @_ssdm_op_SpecStableContent, i6 %video_format_val10, void "   --->   Operation 17 'specstablecontent' 'specstablecontent_ln0' <Predicate = true> <Delay = 0.00>
ST_2 : Operation 18 [1/1] (0.00ns)   --->   "%specstablecontent_ln0 = specstablecontent void @_ssdm_op_SpecStableContent, i12 %height_val8, void "   --->   Operation 18 'specstablecontent' 'specstablecontent_ln0' <Predicate = true> <Delay = 0.00>
ST_2 : Operation 19 [1/1] (0.00ns)   --->   "%specstablecontent_ln0 = specstablecontent void @_ssdm_op_SpecStableContent, i4 %width_val5, void "   --->   Operation 19 'specstablecontent' 'specstablecontent_ln0' <Predicate = true> <Delay = 0.00>
ST_2 : Operation 20 [1/1] (0.00ns)   --->   "%specmemcore_ln0 = specmemcore void @_ssdm_op_SpecMemCore, i128 %bytePlanes, i64 666, i64 8, i64 18446744073709551615"   --->   Operation 20 'specmemcore' 'specmemcore_ln0' <Predicate = true> <Delay = 0.00>
ST_2 : Operation 21 [1/1] (0.00ns)   --->   "%specinterface_ln0 = specinterface void @_ssdm_op_SpecInterface, i128 %bytePlanes, void @empty_6, i32 0, i32 0, void @empty_16, i32 0, i32 0, void @empty_16, void @empty_16, void @empty_16, i32 0, i32 0, i32 0, i32 0, void @empty_16, void @empty_16, i32 4294967295, i32 0"   --->   Operation 21 'specinterface' 'specinterface_ln0' <Predicate = true> <Delay = 0.00>
ST_2 : Operation 22 [1/1] (0.00ns)   --->   "%specinterface_ln0 = specinterface void @_ssdm_op_SpecInterface, i48 %img, void @empty_6, i32 0, i32 0, void @empty_16, i32 0, i32 0, void @empty_16, void @empty_16, void @empty_16, i32 0, i32 0, i32 0, i32 0, void @empty_16, void @empty_16, i32 4294967295, i32 0"   --->   Operation 22 'specinterface' 'specinterface_ln0' <Predicate = true> <Delay = 0.00>
ST_2 : Operation 23 [1/1] (1.40ns)   --->   "%switch_ln330 = switch i6 %video_format_val10_read, void %if.end192.i.i, i6 43, void %MultiPixStream2Bytes.exit, i6 42, void %if.end203.i.i, i6 41, void %if.end202.i.i, i6 11, void %if.end201.i.i, i6 10, void %if.end201.i.i, i6 27, void %if.end200.i.i, i6 16, void %if.end199.i.i, i6 15, void %if.end199.i.i, i6 12, void %if.end198.i.i, i6 28, void %if.end197.i.i, i6 19, void %if.end196.i.i, i6 18, void %if.end196.i.i, i6 23, void %if.end195.i.i, i6 22, void %if.end195.i.i, i6 33, void %if.end194.i.i, i6 32, void %if.end194.i.i, i6 38, void %if.end193.i.i, i6 37, void %if.end193.i.i, i6 21, void %if.then67.i_ifconv.i, i6 20, void %if.then67.i_ifconv.i" [C:/Users/XF/Desktop/chiplabdemo/chiplab/fpga/loongson/2023.2/system_run.runs/v_frmbuf_wr_0_synth_1/prj/sol/.autopilot/db/v_frmbuf_wr.cpp:330->C:/Users/XF/Desktop/chiplabdemo/chiplab/fpga/loongson/2023.2/system_run.runs/v_frmbuf_wr_0_synth_1/prj/sol/.autopilot/db/v_frmbuf_wr.cpp:103->C:/Users/XF/Desktop/chiplabdemo/chiplab/fpga/loongson/2023.2/system_run.runs/v_frmbuf_wr_0_synth_1/prj/sol/.autopilot/db/v_frmbuf_wr.cpp:103]   --->   Operation 23 'switch' 'switch_ln330' <Predicate = true> <Delay = 1.40>
ST_2 : Operation 24 [1/1] (0.00ns)   --->   "%y = alloca i32 1" [C:/Users/XF/Desktop/chiplabdemo/chiplab/fpga/loongson/2023.2/system_run.runs/v_frmbuf_wr_0_synth_1/prj/sol/.autopilot/db/v_frmbuf_wr.cpp:939->C:/Users/XF/Desktop/chiplabdemo/chiplab/fpga/loongson/2023.2/system_run.runs/v_frmbuf_wr_0_synth_1/prj/sol/.autopilot/db/v_frmbuf_wr.cpp:103->C:/Users/XF/Desktop/chiplabdemo/chiplab/fpga/loongson/2023.2/system_run.runs/v_frmbuf_wr_0_synth_1/prj/sol/.autopilot/db/v_frmbuf_wr.cpp:103]   --->   Operation 24 'alloca' 'y' <Predicate = (video_format_val10_read == 20) | (video_format_val10_read == 21)> <Delay = 0.00>
ST_2 : Operation 25 [1/1] (0.00ns)   --->   "%p_lcssa85_i_i = alloca i32 1"   --->   Operation 25 'alloca' 'p_lcssa85_i_i' <Predicate = (video_format_val10_read == 20) | (video_format_val10_read == 21)> <Delay = 0.00>
ST_2 : Operation 26 [1/1] (0.00ns)   --->   "%p_lcssa7888_i_i = alloca i32 1"   --->   Operation 26 'alloca' 'p_lcssa7888_i_i' <Predicate = (video_format_val10_read == 20) | (video_format_val10_read == 21)> <Delay = 0.00>
ST_2 : Operation 27 [1/1] (0.00ns)   --->   "%p_lcssa7991_i_i = alloca i32 1"   --->   Operation 27 'alloca' 'p_lcssa7991_i_i' <Predicate = (video_format_val10_read == 20) | (video_format_val10_read == 21)> <Delay = 0.00>
ST_2 : Operation 28 [1/1] (0.00ns)   --->   "%p_lcssa8094_i_i = alloca i32 1"   --->   Operation 28 'alloca' 'p_lcssa8094_i_i' <Predicate = (video_format_val10_read == 20) | (video_format_val10_read == 21)> <Delay = 0.00>
ST_2 : Operation 29 [1/1] (0.00ns)   --->   "%p_lcssa8197_i_i = alloca i32 1"   --->   Operation 29 'alloca' 'p_lcssa8197_i_i' <Predicate = (video_format_val10_read == 20) | (video_format_val10_read == 21)> <Delay = 0.00>
ST_2 : Operation 30 [1/1] (0.00ns)   --->   "%p_lcssa82100_i_i = alloca i32 1"   --->   Operation 30 'alloca' 'p_lcssa82100_i_i' <Predicate = (video_format_val10_read == 20) | (video_format_val10_read == 21)> <Delay = 0.00>
ST_2 : Operation 31 [1/1] (0.00ns)   --->   "%zext_ln925 = zext i15 %WidthInBytes_val2_c11_read" [C:/Users/XF/Desktop/chiplabdemo/chiplab/fpga/loongson/2023.2/system_run.runs/v_frmbuf_wr_0_synth_1/prj/sol/.autopilot/db/v_frmbuf_wr.cpp:925->C:/Users/XF/Desktop/chiplabdemo/chiplab/fpga/loongson/2023.2/system_run.runs/v_frmbuf_wr_0_synth_1/prj/sol/.autopilot/db/v_frmbuf_wr.cpp:103->C:/Users/XF/Desktop/chiplabdemo/chiplab/fpga/loongson/2023.2/system_run.runs/v_frmbuf_wr_0_synth_1/prj/sol/.autopilot/db/v_frmbuf_wr.cpp:103]   --->   Operation 31 'zext' 'zext_ln925' <Predicate = (video_format_val10_read == 20) | (video_format_val10_read == 21)> <Delay = 0.00>
ST_2 : Operation 32 [1/1] (1.82ns)   --->   "%add_ln925 = add i16 %zext_ln925, i16 15" [C:/Users/XF/Desktop/chiplabdemo/chiplab/fpga/loongson/2023.2/system_run.runs/v_frmbuf_wr_0_synth_1/prj/sol/.autopilot/db/v_frmbuf_wr.cpp:925->C:/Users/XF/Desktop/chiplabdemo/chiplab/fpga/loongson/2023.2/system_run.runs/v_frmbuf_wr_0_synth_1/prj/sol/.autopilot/db/v_frmbuf_wr.cpp:103->C:/Users/XF/Desktop/chiplabdemo/chiplab/fpga/loongson/2023.2/system_run.runs/v_frmbuf_wr_0_synth_1/prj/sol/.autopilot/db/v_frmbuf_wr.cpp:103]   --->   Operation 32 'add' 'add_ln925' <Predicate = (video_format_val10_read == 20) | (video_format_val10_read == 21)> <Delay = 1.82> <CoreInst = "Adder">   --->   Core 1 'Adder' <Latency = 0> <II = 1> <Delay = 1.82> <FuncUnit> <Opcode : 'add' 'sub'> <InPorts = 2> <OutPorts = 1>
ST_2 : Operation 33 [1/1] (0.00ns)   --->   "%trunc_ln_i = partselect i12 @_ssdm_op_PartSelect.i12.i16.i32.i32, i16 %add_ln925, i32 4, i32 15" [C:/Users/XF/Desktop/chiplabdemo/chiplab/fpga/loongson/2023.2/system_run.runs/v_frmbuf_wr_0_synth_1/prj/sol/.autopilot/db/v_frmbuf_wr.cpp:925->C:/Users/XF/Desktop/chiplabdemo/chiplab/fpga/loongson/2023.2/system_run.runs/v_frmbuf_wr_0_synth_1/prj/sol/.autopilot/db/v_frmbuf_wr.cpp:103->C:/Users/XF/Desktop/chiplabdemo/chiplab/fpga/loongson/2023.2/system_run.runs/v_frmbuf_wr_0_synth_1/prj/sol/.autopilot/db/v_frmbuf_wr.cpp:103]   --->   Operation 33 'partselect' 'trunc_ln_i' <Predicate = (video_format_val10_read == 20) | (video_format_val10_read == 21)> <Delay = 0.00>
ST_2 : Operation 34 [1/1] (1.77ns)   --->   "%add_ln926 = add i12 %trunc_ln_i, i12 2" [C:/Users/XF/Desktop/chiplabdemo/chiplab/fpga/loongson/2023.2/system_run.runs/v_frmbuf_wr_0_synth_1/prj/sol/.autopilot/db/v_frmbuf_wr.cpp:926->C:/Users/XF/Desktop/chiplabdemo/chiplab/fpga/loongson/2023.2/system_run.runs/v_frmbuf_wr_0_synth_1/prj/sol/.autopilot/db/v_frmbuf_wr.cpp:103->C:/Users/XF/Desktop/chiplabdemo/chiplab/fpga/loongson/2023.2/system_run.runs/v_frmbuf_wr_0_synth_1/prj/sol/.autopilot/db/v_frmbuf_wr.cpp:103]   --->   Operation 34 'add' 'add_ln926' <Predicate = (video_format_val10_read == 20) | (video_format_val10_read == 21)> <Delay = 1.77> <CoreInst = "Adder">   --->   Core 1 'Adder' <Latency = 0> <II = 1> <Delay = 1.77> <FuncUnit> <Opcode : 'add' 'sub'> <InPorts = 2> <OutPorts = 1>
ST_2 : Operation 35 [1/1] (1.32ns)   --->   "%store_ln939 = store i12 0, i12 %y" [C:/Users/XF/Desktop/chiplabdemo/chiplab/fpga/loongson/2023.2/system_run.runs/v_frmbuf_wr_0_synth_1/prj/sol/.autopilot/db/v_frmbuf_wr.cpp:939->C:/Users/XF/Desktop/chiplabdemo/chiplab/fpga/loongson/2023.2/system_run.runs/v_frmbuf_wr_0_synth_1/prj/sol/.autopilot/db/v_frmbuf_wr.cpp:103->C:/Users/XF/Desktop/chiplabdemo/chiplab/fpga/loongson/2023.2/system_run.runs/v_frmbuf_wr_0_synth_1/prj/sol/.autopilot/db/v_frmbuf_wr.cpp:103]   --->   Operation 35 'store' 'store_ln939' <Predicate = (video_format_val10_read == 20) | (video_format_val10_read == 21)> <Delay = 1.32>

State 3 <SV = 2> <Delay = 4.62>
ST_3 : Operation 36 [1/1] (0.00ns)   --->   "%zext_ln926 = zext i12 %add_ln926" [C:/Users/XF/Desktop/chiplabdemo/chiplab/fpga/loongson/2023.2/system_run.runs/v_frmbuf_wr_0_synth_1/prj/sol/.autopilot/db/v_frmbuf_wr.cpp:926->C:/Users/XF/Desktop/chiplabdemo/chiplab/fpga/loongson/2023.2/system_run.runs/v_frmbuf_wr_0_synth_1/prj/sol/.autopilot/db/v_frmbuf_wr.cpp:103->C:/Users/XF/Desktop/chiplabdemo/chiplab/fpga/loongson/2023.2/system_run.runs/v_frmbuf_wr_0_synth_1/prj/sol/.autopilot/db/v_frmbuf_wr.cpp:103]   --->   Operation 36 'zext' 'zext_ln926' <Predicate = true> <Delay = 0.00>
ST_3 : Operation 37 [1/1] (4.62ns)   --->   "%mul_ln926 = mul i25 %zext_ln926, i25 5462" [C:/Users/XF/Desktop/chiplabdemo/chiplab/fpga/loongson/2023.2/system_run.runs/v_frmbuf_wr_0_synth_1/prj/sol/.autopilot/db/v_frmbuf_wr.cpp:926->C:/Users/XF/Desktop/chiplabdemo/chiplab/fpga/loongson/2023.2/system_run.runs/v_frmbuf_wr_0_synth_1/prj/sol/.autopilot/db/v_frmbuf_wr.cpp:103->C:/Users/XF/Desktop/chiplabdemo/chiplab/fpga/loongson/2023.2/system_run.runs/v_frmbuf_wr_0_synth_1/prj/sol/.autopilot/db/v_frmbuf_wr.cpp:103]   --->   Operation 37 'mul' 'mul_ln926' <Predicate = true> <Delay = 4.62> <CoreInst = "Multiplier">   --->   Core 3 'Multiplier' <Latency = 0> <II = 1> <Delay = 4.62> <FuncUnit> <Opcode : 'mul'> <InPorts = 2> <OutPorts = 1>
ST_3 : Operation 38 [1/1] (0.00ns)   --->   "%trunc_ln1_i = partselect i11 @_ssdm_op_PartSelect.i11.i25.i32.i32, i25 %mul_ln926, i32 14, i32 24" [C:/Users/XF/Desktop/chiplabdemo/chiplab/fpga/loongson/2023.2/system_run.runs/v_frmbuf_wr_0_synth_1/prj/sol/.autopilot/db/v_frmbuf_wr.cpp:926->C:/Users/XF/Desktop/chiplabdemo/chiplab/fpga/loongson/2023.2/system_run.runs/v_frmbuf_wr_0_synth_1/prj/sol/.autopilot/db/v_frmbuf_wr.cpp:103->C:/Users/XF/Desktop/chiplabdemo/chiplab/fpga/loongson/2023.2/system_run.runs/v_frmbuf_wr_0_synth_1/prj/sol/.autopilot/db/v_frmbuf_wr.cpp:103]   --->   Operation 38 'partselect' 'trunc_ln1_i' <Predicate = true> <Delay = 0.00>
ST_3 : Operation 39 [1/1] (0.00ns)   --->   "%shl_ln_i = bitconcatenate i9 @_ssdm_op_BitConcatenate.i9.i4.i5, i4 %width_val5_read, i5 0" [C:/Users/XF/Desktop/chiplabdemo/chiplab/fpga/loongson/2023.2/system_run.runs/v_frmbuf_wr_0_synth_1/prj/sol/.autopilot/db/v_frmbuf_wr.cpp:934->C:/Users/XF/Desktop/chiplabdemo/chiplab/fpga/loongson/2023.2/system_run.runs/v_frmbuf_wr_0_synth_1/prj/sol/.autopilot/db/v_frmbuf_wr.cpp:103->C:/Users/XF/Desktop/chiplabdemo/chiplab/fpga/loongson/2023.2/system_run.runs/v_frmbuf_wr_0_synth_1/prj/sol/.autopilot/db/v_frmbuf_wr.cpp:103]   --->   Operation 39 'bitconcatenate' 'shl_ln_i' <Predicate = true> <Delay = 0.00>
ST_3 : Operation 40 [1/1] (0.00ns)   --->   "%zext_ln934 = zext i9 %shl_ln_i" [C:/Users/XF/Desktop/chiplabdemo/chiplab/fpga/loongson/2023.2/system_run.runs/v_frmbuf_wr_0_synth_1/prj/sol/.autopilot/db/v_frmbuf_wr.cpp:934->C:/Users/XF/Desktop/chiplabdemo/chiplab/fpga/loongson/2023.2/system_run.runs/v_frmbuf_wr_0_synth_1/prj/sol/.autopilot/db/v_frmbuf_wr.cpp:103->C:/Users/XF/Desktop/chiplabdemo/chiplab/fpga/loongson/2023.2/system_run.runs/v_frmbuf_wr_0_synth_1/prj/sol/.autopilot/db/v_frmbuf_wr.cpp:103]   --->   Operation 40 'zext' 'zext_ln934' <Predicate = true> <Delay = 0.00>
ST_3 : Operation 41 [1/1] (0.00ns)   --->   "%shl_ln934_1_i = bitconcatenate i7 @_ssdm_op_BitConcatenate.i7.i4.i3, i4 %width_val5_read, i3 0" [C:/Users/XF/Desktop/chiplabdemo/chiplab/fpga/loongson/2023.2/system_run.runs/v_frmbuf_wr_0_synth_1/prj/sol/.autopilot/db/v_frmbuf_wr.cpp:934->C:/Users/XF/Desktop/chiplabdemo/chiplab/fpga/loongson/2023.2/system_run.runs/v_frmbuf_wr_0_synth_1/prj/sol/.autopilot/db/v_frmbuf_wr.cpp:103->C:/Users/XF/Desktop/chiplabdemo/chiplab/fpga/loongson/2023.2/system_run.runs/v_frmbuf_wr_0_synth_1/prj/sol/.autopilot/db/v_frmbuf_wr.cpp:103]   --->   Operation 41 'bitconcatenate' 'shl_ln934_1_i' <Predicate = true> <Delay = 0.00>
ST_3 : Operation 42 [1/1] (0.00ns)   --->   "%zext_ln934_1 = zext i7 %shl_ln934_1_i" [C:/Users/XF/Desktop/chiplabdemo/chiplab/fpga/loongson/2023.2/system_run.runs/v_frmbuf_wr_0_synth_1/prj/sol/.autopilot/db/v_frmbuf_wr.cpp:934->C:/Users/XF/Desktop/chiplabdemo/chiplab/fpga/loongson/2023.2/system_run.runs/v_frmbuf_wr_0_synth_1/prj/sol/.autopilot/db/v_frmbuf_wr.cpp:103->C:/Users/XF/Desktop/chiplabdemo/chiplab/fpga/loongson/2023.2/system_run.runs/v_frmbuf_wr_0_synth_1/prj/sol/.autopilot/db/v_frmbuf_wr.cpp:103]   --->   Operation 42 'zext' 'zext_ln934_1' <Predicate = true> <Delay = 0.00>
ST_3 : Operation 43 [1/1] (0.00ns) (grouped into TernaryAdder)   --->   "%sub_ln934 = sub i10 %zext_ln934, i10 %zext_ln934_1" [C:/Users/XF/Desktop/chiplabdemo/chiplab/fpga/loongson/2023.2/system_run.runs/v_frmbuf_wr_0_synth_1/prj/sol/.autopilot/db/v_frmbuf_wr.cpp:934->C:/Users/XF/Desktop/chiplabdemo/chiplab/fpga/loongson/2023.2/system_run.runs/v_frmbuf_wr_0_synth_1/prj/sol/.autopilot/db/v_frmbuf_wr.cpp:103->C:/Users/XF/Desktop/chiplabdemo/chiplab/fpga/loongson/2023.2/system_run.runs/v_frmbuf_wr_0_synth_1/prj/sol/.autopilot/db/v_frmbuf_wr.cpp:103]   --->   Operation 43 'sub' 'sub_ln934' <Predicate = true> <Delay = 0.00> <CoreInst = "TAddSub">   --->   Core 10 'TAddSub' <Latency = 0> <II = 1> <Delay = 1.54> <IPBlock> <Opcode : '' 'add' 'sub'> <InPorts = 3> <OutPorts = 1> <Sync> <CReg>
ST_3 : Operation 44 [1/1] (3.09ns) (root node of TernaryAdder)   --->   "%add_ln934 = add i10 %sub_ln934, i10 127" [C:/Users/XF/Desktop/chiplabdemo/chiplab/fpga/loongson/2023.2/system_run.runs/v_frmbuf_wr_0_synth_1/prj/sol/.autopilot/db/v_frmbuf_wr.cpp:934->C:/Users/XF/Desktop/chiplabdemo/chiplab/fpga/loongson/2023.2/system_run.runs/v_frmbuf_wr_0_synth_1/prj/sol/.autopilot/db/v_frmbuf_wr.cpp:103->C:/Users/XF/Desktop/chiplabdemo/chiplab/fpga/loongson/2023.2/system_run.runs/v_frmbuf_wr_0_synth_1/prj/sol/.autopilot/db/v_frmbuf_wr.cpp:103]   --->   Operation 44 'add' 'add_ln934' <Predicate = true> <Delay = 3.09> <CoreInst = "TAddSub">   --->   Core 10 'TAddSub' <Latency = 0> <II = 1> <Delay = 1.54> <IPBlock> <Opcode : '' 'add' 'sub'> <InPorts = 3> <OutPorts = 1> <Sync> <CReg>
ST_3 : Operation 45 [1/1] (0.00ns)   --->   "%trunc_ln2_i = partselect i3 @_ssdm_op_PartSelect.i3.i10.i32.i32, i10 %add_ln934, i32 7, i32 9" [C:/Users/XF/Desktop/chiplabdemo/chiplab/fpga/loongson/2023.2/system_run.runs/v_frmbuf_wr_0_synth_1/prj/sol/.autopilot/db/v_frmbuf_wr.cpp:934->C:/Users/XF/Desktop/chiplabdemo/chiplab/fpga/loongson/2023.2/system_run.runs/v_frmbuf_wr_0_synth_1/prj/sol/.autopilot/db/v_frmbuf_wr.cpp:103->C:/Users/XF/Desktop/chiplabdemo/chiplab/fpga/loongson/2023.2/system_run.runs/v_frmbuf_wr_0_synth_1/prj/sol/.autopilot/db/v_frmbuf_wr.cpp:103]   --->   Operation 45 'partselect' 'trunc_ln2_i' <Predicate = true> <Delay = 0.00>

State 4 <SV = 3> <Delay = 3.78>
ST_4 : Operation 46 [1/1] (1.49ns)   --->   "%icmp_ln930 = icmp_eq  i4 %width_val5_read, i4 0" [C:/Users/XF/Desktop/chiplabdemo/chiplab/fpga/loongson/2023.2/system_run.runs/v_frmbuf_wr_0_synth_1/prj/sol/.autopilot/db/v_frmbuf_wr.cpp:930->C:/Users/XF/Desktop/chiplabdemo/chiplab/fpga/loongson/2023.2/system_run.runs/v_frmbuf_wr_0_synth_1/prj/sol/.autopilot/db/v_frmbuf_wr.cpp:103->C:/Users/XF/Desktop/chiplabdemo/chiplab/fpga/loongson/2023.2/system_run.runs/v_frmbuf_wr_0_synth_1/prj/sol/.autopilot/db/v_frmbuf_wr.cpp:103]   --->   Operation 46 'icmp' 'icmp_ln930' <Predicate = true> <Delay = 1.49> <CoreInst = "Cmp">   --->   Core 9 'Cmp' <Latency = 0> <II = 1> <Delay = 1.49> <FuncUnit> <Opcode : 'icmp'> <InPorts = 2> <OutPorts = 1>
ST_4 : Operation 47 [1/1] (0.00ns)   --->   "%lshr_ln_i = partselect i3 @_ssdm_op_PartSelect.i3.i4.i32.i32, i4 %width_val5_read, i32 1, i32 3" [C:/Users/XF/Desktop/chiplabdemo/chiplab/fpga/loongson/2023.2/system_run.runs/v_frmbuf_wr_0_synth_1/prj/sol/.autopilot/db/v_frmbuf_wr.cpp:932->C:/Users/XF/Desktop/chiplabdemo/chiplab/fpga/loongson/2023.2/system_run.runs/v_frmbuf_wr_0_synth_1/prj/sol/.autopilot/db/v_frmbuf_wr.cpp:103->C:/Users/XF/Desktop/chiplabdemo/chiplab/fpga/loongson/2023.2/system_run.runs/v_frmbuf_wr_0_synth_1/prj/sol/.autopilot/db/v_frmbuf_wr.cpp:103]   --->   Operation 47 'partselect' 'lshr_ln_i' <Predicate = true> <Delay = 0.00>
ST_4 : Operation 48 [1/1] (0.00ns)   --->   "%zext_ln932 = zext i3 %lshr_ln_i" [C:/Users/XF/Desktop/chiplabdemo/chiplab/fpga/loongson/2023.2/system_run.runs/v_frmbuf_wr_0_synth_1/prj/sol/.autopilot/db/v_frmbuf_wr.cpp:932->C:/Users/XF/Desktop/chiplabdemo/chiplab/fpga/loongson/2023.2/system_run.runs/v_frmbuf_wr_0_synth_1/prj/sol/.autopilot/db/v_frmbuf_wr.cpp:103->C:/Users/XF/Desktop/chiplabdemo/chiplab/fpga/loongson/2023.2/system_run.runs/v_frmbuf_wr_0_synth_1/prj/sol/.autopilot/db/v_frmbuf_wr.cpp:103]   --->   Operation 48 'zext' 'zext_ln932' <Predicate = true> <Delay = 0.00>
ST_4 : Operation 49 [1/1] (0.80ns)   --->   "%remainPix = select i1 %icmp_ln930, i4 8, i4 %zext_ln932" [C:/Users/XF/Desktop/chiplabdemo/chiplab/fpga/loongson/2023.2/system_run.runs/v_frmbuf_wr_0_synth_1/prj/sol/.autopilot/db/v_frmbuf_wr.cpp:930->C:/Users/XF/Desktop/chiplabdemo/chiplab/fpga/loongson/2023.2/system_run.runs/v_frmbuf_wr_0_synth_1/prj/sol/.autopilot/db/v_frmbuf_wr.cpp:103->C:/Users/XF/Desktop/chiplabdemo/chiplab/fpga/loongson/2023.2/system_run.runs/v_frmbuf_wr_0_synth_1/prj/sol/.autopilot/db/v_frmbuf_wr.cpp:103]   --->   Operation 49 'select' 'remainPix' <Predicate = true> <Delay = 0.80> <CoreInst = "Sel">   --->   Core 73 'Sel' <Latency = 0> <II = 1> <Delay = 0.80> <FuncUnit> <Opcode : 'select'> <InPorts = 3> <OutPorts = 1>
ST_4 : Operation 50 [1/1] (0.79ns)   --->   "%remainTrx = select i1 %icmp_ln930, i3 3, i3 %trunc_ln2_i" [C:/Users/XF/Desktop/chiplabdemo/chiplab/fpga/loongson/2023.2/system_run.runs/v_frmbuf_wr_0_synth_1/prj/sol/.autopilot/db/v_frmbuf_wr.cpp:930->C:/Users/XF/Desktop/chiplabdemo/chiplab/fpga/loongson/2023.2/system_run.runs/v_frmbuf_wr_0_synth_1/prj/sol/.autopilot/db/v_frmbuf_wr.cpp:103->C:/Users/XF/Desktop/chiplabdemo/chiplab/fpga/loongson/2023.2/system_run.runs/v_frmbuf_wr_0_synth_1/prj/sol/.autopilot/db/v_frmbuf_wr.cpp:103]   --->   Operation 50 'select' 'remainTrx' <Predicate = true> <Delay = 0.79> <CoreInst = "Sel">   --->   Core 73 'Sel' <Latency = 0> <II = 1> <Delay = 0.79> <FuncUnit> <Opcode : 'select'> <InPorts = 3> <OutPorts = 1>
ST_4 : Operation 51 [1/1] (1.76ns)   --->   "%sub91_i_i = add i11 %trunc_ln1_i, i11 2047" [C:/Users/XF/Desktop/chiplabdemo/chiplab/fpga/loongson/2023.2/system_run.runs/v_frmbuf_wr_0_synth_1/prj/sol/.autopilot/db/v_frmbuf_wr.cpp:926->C:/Users/XF/Desktop/chiplabdemo/chiplab/fpga/loongson/2023.2/system_run.runs/v_frmbuf_wr_0_synth_1/prj/sol/.autopilot/db/v_frmbuf_wr.cpp:103->C:/Users/XF/Desktop/chiplabdemo/chiplab/fpga/loongson/2023.2/system_run.runs/v_frmbuf_wr_0_synth_1/prj/sol/.autopilot/db/v_frmbuf_wr.cpp:103]   --->   Operation 51 'add' 'sub91_i_i' <Predicate = true> <Delay = 1.76> <CoreInst = "Adder">   --->   Core 1 'Adder' <Latency = 0> <II = 1> <Delay = 1.76> <FuncUnit> <Opcode : 'add' 'sub'> <InPorts = 2> <OutPorts = 1>
ST_4 : Operation 52 [1/1] (1.49ns)   --->   "%cmp94_i_i = icmp_ne  i4 %remainPix, i4 0" [C:/Users/XF/Desktop/chiplabdemo/chiplab/fpga/loongson/2023.2/system_run.runs/v_frmbuf_wr_0_synth_1/prj/sol/.autopilot/db/v_frmbuf_wr.cpp:930->C:/Users/XF/Desktop/chiplabdemo/chiplab/fpga/loongson/2023.2/system_run.runs/v_frmbuf_wr_0_synth_1/prj/sol/.autopilot/db/v_frmbuf_wr.cpp:103->C:/Users/XF/Desktop/chiplabdemo/chiplab/fpga/loongson/2023.2/system_run.runs/v_frmbuf_wr_0_synth_1/prj/sol/.autopilot/db/v_frmbuf_wr.cpp:103]   --->   Operation 52 'icmp' 'cmp94_i_i' <Predicate = true> <Delay = 1.49> <CoreInst = "Cmp">   --->   Core 9 'Cmp' <Latency = 0> <II = 1> <Delay = 1.49> <FuncUnit> <Opcode : 'icmp'> <InPorts = 2> <OutPorts = 1>
ST_4 : Operation 53 [1/1] (0.00ns)   --->   "%tmp = partselect i3 @_ssdm_op_PartSelect.i3.i4.i32.i32, i4 %remainPix, i32 1, i32 3" [C:/Users/XF/Desktop/chiplabdemo/chiplab/fpga/loongson/2023.2/system_run.runs/v_frmbuf_wr_0_synth_1/prj/sol/.autopilot/db/v_frmbuf_wr.cpp:930->C:/Users/XF/Desktop/chiplabdemo/chiplab/fpga/loongson/2023.2/system_run.runs/v_frmbuf_wr_0_synth_1/prj/sol/.autopilot/db/v_frmbuf_wr.cpp:103->C:/Users/XF/Desktop/chiplabdemo/chiplab/fpga/loongson/2023.2/system_run.runs/v_frmbuf_wr_0_synth_1/prj/sol/.autopilot/db/v_frmbuf_wr.cpp:103]   --->   Operation 53 'partselect' 'tmp' <Predicate = true> <Delay = 0.00>
ST_4 : Operation 54 [1/1] (1.34ns)   --->   "%icmp = icmp_ne  i3 %tmp, i3 0" [C:/Users/XF/Desktop/chiplabdemo/chiplab/fpga/loongson/2023.2/system_run.runs/v_frmbuf_wr_0_synth_1/prj/sol/.autopilot/db/v_frmbuf_wr.cpp:930->C:/Users/XF/Desktop/chiplabdemo/chiplab/fpga/loongson/2023.2/system_run.runs/v_frmbuf_wr_0_synth_1/prj/sol/.autopilot/db/v_frmbuf_wr.cpp:103->C:/Users/XF/Desktop/chiplabdemo/chiplab/fpga/loongson/2023.2/system_run.runs/v_frmbuf_wr_0_synth_1/prj/sol/.autopilot/db/v_frmbuf_wr.cpp:103]   --->   Operation 54 'icmp' 'icmp' <Predicate = true> <Delay = 1.34> <CoreInst = "Cmp">   --->   Core 9 'Cmp' <Latency = 0> <II = 1> <Delay = 1.34> <FuncUnit> <Opcode : 'icmp'> <InPorts = 2> <OutPorts = 1>
ST_4 : Operation 55 [1/1] (1.49ns)   --->   "%cmp94_2_i_i = icmp_ugt  i4 %remainPix, i4 2" [C:/Users/XF/Desktop/chiplabdemo/chiplab/fpga/loongson/2023.2/system_run.runs/v_frmbuf_wr_0_synth_1/prj/sol/.autopilot/db/v_frmbuf_wr.cpp:930->C:/Users/XF/Desktop/chiplabdemo/chiplab/fpga/loongson/2023.2/system_run.runs/v_frmbuf_wr_0_synth_1/prj/sol/.autopilot/db/v_frmbuf_wr.cpp:103->C:/Users/XF/Desktop/chiplabdemo/chiplab/fpga/loongson/2023.2/system_run.runs/v_frmbuf_wr_0_synth_1/prj/sol/.autopilot/db/v_frmbuf_wr.cpp:103]   --->   Operation 55 'icmp' 'cmp94_2_i_i' <Predicate = true> <Delay = 1.49> <CoreInst = "Cmp">   --->   Core 9 'Cmp' <Latency = 0> <II = 1> <Delay = 1.49> <FuncUnit> <Opcode : 'icmp'> <InPorts = 2> <OutPorts = 1>
ST_4 : Operation 56 [1/1] (0.00ns)   --->   "%tmp_1 = partselect i2 @_ssdm_op_PartSelect.i2.i4.i32.i32, i4 %remainPix, i32 2, i32 3" [C:/Users/XF/Desktop/chiplabdemo/chiplab/fpga/loongson/2023.2/system_run.runs/v_frmbuf_wr_0_synth_1/prj/sol/.autopilot/db/v_frmbuf_wr.cpp:930->C:/Users/XF/Desktop/chiplabdemo/chiplab/fpga/loongson/2023.2/system_run.runs/v_frmbuf_wr_0_synth_1/prj/sol/.autopilot/db/v_frmbuf_wr.cpp:103->C:/Users/XF/Desktop/chiplabdemo/chiplab/fpga/loongson/2023.2/system_run.runs/v_frmbuf_wr_0_synth_1/prj/sol/.autopilot/db/v_frmbuf_wr.cpp:103]   --->   Operation 56 'partselect' 'tmp_1' <Predicate = true> <Delay = 0.00>
ST_4 : Operation 57 [1/1] (1.20ns)   --->   "%icmp3 = icmp_ne  i2 %tmp_1, i2 0" [C:/Users/XF/Desktop/chiplabdemo/chiplab/fpga/loongson/2023.2/system_run.runs/v_frmbuf_wr_0_synth_1/prj/sol/.autopilot/db/v_frmbuf_wr.cpp:930->C:/Users/XF/Desktop/chiplabdemo/chiplab/fpga/loongson/2023.2/system_run.runs/v_frmbuf_wr_0_synth_1/prj/sol/.autopilot/db/v_frmbuf_wr.cpp:103->C:/Users/XF/Desktop/chiplabdemo/chiplab/fpga/loongson/2023.2/system_run.runs/v_frmbuf_wr_0_synth_1/prj/sol/.autopilot/db/v_frmbuf_wr.cpp:103]   --->   Operation 57 'icmp' 'icmp3' <Predicate = true> <Delay = 1.20> <CoreInst = "Cmp">   --->   Core 9 'Cmp' <Latency = 0> <II = 1> <Delay = 1.20> <FuncUnit> <Opcode : 'icmp'> <InPorts = 2> <OutPorts = 1>
ST_4 : Operation 58 [1/1] (1.49ns)   --->   "%cmp94_4_i_i = icmp_ugt  i4 %remainPix, i4 4" [C:/Users/XF/Desktop/chiplabdemo/chiplab/fpga/loongson/2023.2/system_run.runs/v_frmbuf_wr_0_synth_1/prj/sol/.autopilot/db/v_frmbuf_wr.cpp:930->C:/Users/XF/Desktop/chiplabdemo/chiplab/fpga/loongson/2023.2/system_run.runs/v_frmbuf_wr_0_synth_1/prj/sol/.autopilot/db/v_frmbuf_wr.cpp:103->C:/Users/XF/Desktop/chiplabdemo/chiplab/fpga/loongson/2023.2/system_run.runs/v_frmbuf_wr_0_synth_1/prj/sol/.autopilot/db/v_frmbuf_wr.cpp:103]   --->   Operation 58 'icmp' 'cmp94_4_i_i' <Predicate = true> <Delay = 1.49> <CoreInst = "Cmp">   --->   Core 9 'Cmp' <Latency = 0> <II = 1> <Delay = 1.49> <FuncUnit> <Opcode : 'icmp'> <InPorts = 2> <OutPorts = 1>
ST_4 : Operation 59 [1/1] (1.49ns)   --->   "%cmp94_5_i_i = icmp_ugt  i4 %remainPix, i4 5" [C:/Users/XF/Desktop/chiplabdemo/chiplab/fpga/loongson/2023.2/system_run.runs/v_frmbuf_wr_0_synth_1/prj/sol/.autopilot/db/v_frmbuf_wr.cpp:930->C:/Users/XF/Desktop/chiplabdemo/chiplab/fpga/loongson/2023.2/system_run.runs/v_frmbuf_wr_0_synth_1/prj/sol/.autopilot/db/v_frmbuf_wr.cpp:103->C:/Users/XF/Desktop/chiplabdemo/chiplab/fpga/loongson/2023.2/system_run.runs/v_frmbuf_wr_0_synth_1/prj/sol/.autopilot/db/v_frmbuf_wr.cpp:103]   --->   Operation 59 'icmp' 'cmp94_5_i_i' <Predicate = true> <Delay = 1.49> <CoreInst = "Cmp">   --->   Core 9 'Cmp' <Latency = 0> <II = 1> <Delay = 1.49> <FuncUnit> <Opcode : 'icmp'> <InPorts = 2> <OutPorts = 1>
ST_4 : Operation 60 [1/1] (1.49ns)   --->   "%cmp94_6_i_i = icmp_ugt  i4 %remainPix, i4 6" [C:/Users/XF/Desktop/chiplabdemo/chiplab/fpga/loongson/2023.2/system_run.runs/v_frmbuf_wr_0_synth_1/prj/sol/.autopilot/db/v_frmbuf_wr.cpp:930->C:/Users/XF/Desktop/chiplabdemo/chiplab/fpga/loongson/2023.2/system_run.runs/v_frmbuf_wr_0_synth_1/prj/sol/.autopilot/db/v_frmbuf_wr.cpp:103->C:/Users/XF/Desktop/chiplabdemo/chiplab/fpga/loongson/2023.2/system_run.runs/v_frmbuf_wr_0_synth_1/prj/sol/.autopilot/db/v_frmbuf_wr.cpp:103]   --->   Operation 60 'icmp' 'cmp94_6_i_i' <Predicate = true> <Delay = 1.49> <CoreInst = "Cmp">   --->   Core 9 'Cmp' <Latency = 0> <II = 1> <Delay = 1.49> <FuncUnit> <Opcode : 'icmp'> <InPorts = 2> <OutPorts = 1>
ST_4 : Operation 61 [1/1] (1.34ns)   --->   "%cmp133_i_i = icmp_ne  i3 %remainTrx, i3 0" [C:/Users/XF/Desktop/chiplabdemo/chiplab/fpga/loongson/2023.2/system_run.runs/v_frmbuf_wr_0_synth_1/prj/sol/.autopilot/db/v_frmbuf_wr.cpp:930->C:/Users/XF/Desktop/chiplabdemo/chiplab/fpga/loongson/2023.2/system_run.runs/v_frmbuf_wr_0_synth_1/prj/sol/.autopilot/db/v_frmbuf_wr.cpp:103->C:/Users/XF/Desktop/chiplabdemo/chiplab/fpga/loongson/2023.2/system_run.runs/v_frmbuf_wr_0_synth_1/prj/sol/.autopilot/db/v_frmbuf_wr.cpp:103]   --->   Operation 61 'icmp' 'cmp133_i_i' <Predicate = true> <Delay = 1.34> <CoreInst = "Cmp">   --->   Core 9 'Cmp' <Latency = 0> <II = 1> <Delay = 1.34> <FuncUnit> <Opcode : 'icmp'> <InPorts = 2> <OutPorts = 1>
ST_4 : Operation 62 [1/1] (0.00ns)   --->   "%tmp_2 = partselect i2 @_ssdm_op_PartSelect.i2.i3.i32.i32, i3 %remainTrx, i32 1, i32 2" [C:/Users/XF/Desktop/chiplabdemo/chiplab/fpga/loongson/2023.2/system_run.runs/v_frmbuf_wr_0_synth_1/prj/sol/.autopilot/db/v_frmbuf_wr.cpp:930->C:/Users/XF/Desktop/chiplabdemo/chiplab/fpga/loongson/2023.2/system_run.runs/v_frmbuf_wr_0_synth_1/prj/sol/.autopilot/db/v_frmbuf_wr.cpp:103->C:/Users/XF/Desktop/chiplabdemo/chiplab/fpga/loongson/2023.2/system_run.runs/v_frmbuf_wr_0_synth_1/prj/sol/.autopilot/db/v_frmbuf_wr.cpp:103]   --->   Operation 62 'partselect' 'tmp_2' <Predicate = true> <Delay = 0.00>
ST_4 : Operation 63 [1/1] (1.20ns)   --->   "%icmp6 = icmp_ne  i2 %tmp_2, i2 0" [C:/Users/XF/Desktop/chiplabdemo/chiplab/fpga/loongson/2023.2/system_run.runs/v_frmbuf_wr_0_synth_1/prj/sol/.autopilot/db/v_frmbuf_wr.cpp:930->C:/Users/XF/Desktop/chiplabdemo/chiplab/fpga/loongson/2023.2/system_run.runs/v_frmbuf_wr_0_synth_1/prj/sol/.autopilot/db/v_frmbuf_wr.cpp:103->C:/Users/XF/Desktop/chiplabdemo/chiplab/fpga/loongson/2023.2/system_run.runs/v_frmbuf_wr_0_synth_1/prj/sol/.autopilot/db/v_frmbuf_wr.cpp:103]   --->   Operation 63 'icmp' 'icmp6' <Predicate = true> <Delay = 1.20> <CoreInst = "Cmp">   --->   Core 9 'Cmp' <Latency = 0> <II = 1> <Delay = 1.20> <FuncUnit> <Opcode : 'icmp'> <InPorts = 2> <OutPorts = 1>
ST_4 : Operation 64 [1/1] (1.34ns)   --->   "%cmp133_2_i_i = icmp_ugt  i3 %remainTrx, i3 2" [C:/Users/XF/Desktop/chiplabdemo/chiplab/fpga/loongson/2023.2/system_run.runs/v_frmbuf_wr_0_synth_1/prj/sol/.autopilot/db/v_frmbuf_wr.cpp:930->C:/Users/XF/Desktop/chiplabdemo/chiplab/fpga/loongson/2023.2/system_run.runs/v_frmbuf_wr_0_synth_1/prj/sol/.autopilot/db/v_frmbuf_wr.cpp:103->C:/Users/XF/Desktop/chiplabdemo/chiplab/fpga/loongson/2023.2/system_run.runs/v_frmbuf_wr_0_synth_1/prj/sol/.autopilot/db/v_frmbuf_wr.cpp:103]   --->   Operation 64 'icmp' 'cmp133_2_i_i' <Predicate = true> <Delay = 1.34> <CoreInst = "Cmp">   --->   Core 9 'Cmp' <Latency = 0> <II = 1> <Delay = 1.34> <FuncUnit> <Opcode : 'icmp'> <InPorts = 2> <OutPorts = 1>
ST_4 : Operation 65 [1/1] (0.00ns)   --->   "%br_ln939 = br void %VITIS_LOOP_943_1.i.i" [C:/Users/XF/Desktop/chiplabdemo/chiplab/fpga/loongson/2023.2/system_run.runs/v_frmbuf_wr_0_synth_1/prj/sol/.autopilot/db/v_frmbuf_wr.cpp:939->C:/Users/XF/Desktop/chiplabdemo/chiplab/fpga/loongson/2023.2/system_run.runs/v_frmbuf_wr_0_synth_1/prj/sol/.autopilot/db/v_frmbuf_wr.cpp:103->C:/Users/XF/Desktop/chiplabdemo/chiplab/fpga/loongson/2023.2/system_run.runs/v_frmbuf_wr_0_synth_1/prj/sol/.autopilot/db/v_frmbuf_wr.cpp:103]   --->   Operation 65 'br' 'br_ln939' <Predicate = true> <Delay = 0.00>

State 5 <SV = 4> <Delay = 3.10>
ST_5 : Operation 66 [1/1] (0.00ns)   --->   "%y_1 = load i12 %y" [C:/Users/XF/Desktop/chiplabdemo/chiplab/fpga/loongson/2023.2/system_run.runs/v_frmbuf_wr_0_synth_1/prj/sol/.autopilot/db/v_frmbuf_wr.cpp:939->C:/Users/XF/Desktop/chiplabdemo/chiplab/fpga/loongson/2023.2/system_run.runs/v_frmbuf_wr_0_synth_1/prj/sol/.autopilot/db/v_frmbuf_wr.cpp:103->C:/Users/XF/Desktop/chiplabdemo/chiplab/fpga/loongson/2023.2/system_run.runs/v_frmbuf_wr_0_synth_1/prj/sol/.autopilot/db/v_frmbuf_wr.cpp:103]   --->   Operation 66 'load' 'y_1' <Predicate = (video_format_val10_read == 20) | (video_format_val10_read == 21)> <Delay = 0.00>
ST_5 : Operation 67 [1/1] (1.77ns)   --->   "%icmp_ln939 = icmp_eq  i12 %y_1, i12 %height_val8_read" [C:/Users/XF/Desktop/chiplabdemo/chiplab/fpga/loongson/2023.2/system_run.runs/v_frmbuf_wr_0_synth_1/prj/sol/.autopilot/db/v_frmbuf_wr.cpp:939->C:/Users/XF/Desktop/chiplabdemo/chiplab/fpga/loongson/2023.2/system_run.runs/v_frmbuf_wr_0_synth_1/prj/sol/.autopilot/db/v_frmbuf_wr.cpp:103->C:/Users/XF/Desktop/chiplabdemo/chiplab/fpga/loongson/2023.2/system_run.runs/v_frmbuf_wr_0_synth_1/prj/sol/.autopilot/db/v_frmbuf_wr.cpp:103]   --->   Operation 67 'icmp' 'icmp_ln939' <Predicate = (video_format_val10_read == 20) | (video_format_val10_read == 21)> <Delay = 1.77> <CoreInst = "Cmp">   --->   Core 9 'Cmp' <Latency = 0> <II = 1> <Delay = 1.77> <FuncUnit> <Opcode : 'icmp'> <InPorts = 2> <OutPorts = 1>
ST_5 : Operation 68 [1/1] (1.77ns)   --->   "%y_2 = add i12 %y_1, i12 1" [C:/Users/XF/Desktop/chiplabdemo/chiplab/fpga/loongson/2023.2/system_run.runs/v_frmbuf_wr_0_synth_1/prj/sol/.autopilot/db/v_frmbuf_wr.cpp:939->C:/Users/XF/Desktop/chiplabdemo/chiplab/fpga/loongson/2023.2/system_run.runs/v_frmbuf_wr_0_synth_1/prj/sol/.autopilot/db/v_frmbuf_wr.cpp:103->C:/Users/XF/Desktop/chiplabdemo/chiplab/fpga/loongson/2023.2/system_run.runs/v_frmbuf_wr_0_synth_1/prj/sol/.autopilot/db/v_frmbuf_wr.cpp:103]   --->   Operation 68 'add' 'y_2' <Predicate = (video_format_val10_read == 20) | (video_format_val10_read == 21)> <Delay = 1.77> <CoreInst = "Adder">   --->   Core 1 'Adder' <Latency = 0> <II = 1> <Delay = 1.77> <FuncUnit> <Opcode : 'add' 'sub'> <InPorts = 2> <OutPorts = 1>
ST_5 : Operation 69 [1/1] (0.00ns)   --->   "%br_ln939 = br i1 %icmp_ln939, void %VITIS_LOOP_943_1.split.i.i, void %if.end192.i.i.loopexit" [C:/Users/XF/Desktop/chiplabdemo/chiplab/fpga/loongson/2023.2/system_run.runs/v_frmbuf_wr_0_synth_1/prj/sol/.autopilot/db/v_frmbuf_wr.cpp:939->C:/Users/XF/Desktop/chiplabdemo/chiplab/fpga/loongson/2023.2/system_run.runs/v_frmbuf_wr_0_synth_1/prj/sol/.autopilot/db/v_frmbuf_wr.cpp:103->C:/Users/XF/Desktop/chiplabdemo/chiplab/fpga/loongson/2023.2/system_run.runs/v_frmbuf_wr_0_synth_1/prj/sol/.autopilot/db/v_frmbuf_wr.cpp:103]   --->   Operation 69 'br' 'br_ln939' <Predicate = (video_format_val10_read == 20) | (video_format_val10_read == 21)> <Delay = 0.00>
ST_5 : Operation 70 [1/1] (0.00ns)   --->   "%p_lcssa85_i_i_load = load i8 %p_lcssa85_i_i"   --->   Operation 70 'load' 'p_lcssa85_i_i_load' <Predicate = (video_format_val10_read == 20 & !icmp_ln939) | (video_format_val10_read == 21 & !icmp_ln939)> <Delay = 0.00>
ST_5 : Operation 71 [1/1] (0.00ns)   --->   "%p_lcssa7888_i_i_load = load i8 %p_lcssa7888_i_i"   --->   Operation 71 'load' 'p_lcssa7888_i_i_load' <Predicate = (video_format_val10_read == 20 & !icmp_ln939) | (video_format_val10_read == 21 & !icmp_ln939)> <Delay = 0.00>
ST_5 : Operation 72 [1/1] (0.00ns)   --->   "%p_lcssa7991_i_i_load = load i8 %p_lcssa7991_i_i"   --->   Operation 72 'load' 'p_lcssa7991_i_i_load' <Predicate = (video_format_val10_read == 20 & !icmp_ln939) | (video_format_val10_read == 21 & !icmp_ln939)> <Delay = 0.00>
ST_5 : Operation 73 [1/1] (0.00ns)   --->   "%p_lcssa8094_i_i_load = load i8 %p_lcssa8094_i_i"   --->   Operation 73 'load' 'p_lcssa8094_i_i_load' <Predicate = (video_format_val10_read == 20 & !icmp_ln939) | (video_format_val10_read == 21 & !icmp_ln939)> <Delay = 0.00>
ST_5 : Operation 74 [1/1] (0.00ns)   --->   "%p_lcssa8197_i_i_load = load i8 %p_lcssa8197_i_i"   --->   Operation 74 'load' 'p_lcssa8197_i_i_load' <Predicate = (video_format_val10_read == 20 & !icmp_ln939) | (video_format_val10_read == 21 & !icmp_ln939)> <Delay = 0.00>
ST_5 : Operation 75 [1/1] (0.00ns)   --->   "%p_lcssa82100_i_i_load = load i8 %p_lcssa82100_i_i"   --->   Operation 75 'load' 'p_lcssa82100_i_i_load' <Predicate = (video_format_val10_read == 20 & !icmp_ln939) | (video_format_val10_read == 21 & !icmp_ln939)> <Delay = 0.00>
ST_5 : Operation 76 [1/1] (0.00ns)   --->   "%empty = wait i32 @_ssdm_op_Wait"   --->   Operation 76 'wait' 'empty' <Predicate = (video_format_val10_read == 20 & !icmp_ln939) | (video_format_val10_read == 21 & !icmp_ln939)> <Delay = 0.00>
ST_5 : Operation 77 [1/1] (1.32ns)   --->   "%store_ln939 = store i12 %y_2, i12 %y" [C:/Users/XF/Desktop/chiplabdemo/chiplab/fpga/loongson/2023.2/system_run.runs/v_frmbuf_wr_0_synth_1/prj/sol/.autopilot/db/v_frmbuf_wr.cpp:939->C:/Users/XF/Desktop/chiplabdemo/chiplab/fpga/loongson/2023.2/system_run.runs/v_frmbuf_wr_0_synth_1/prj/sol/.autopilot/db/v_frmbuf_wr.cpp:103->C:/Users/XF/Desktop/chiplabdemo/chiplab/fpga/loongson/2023.2/system_run.runs/v_frmbuf_wr_0_synth_1/prj/sol/.autopilot/db/v_frmbuf_wr.cpp:103]   --->   Operation 77 'store' 'store_ln939' <Predicate = (video_format_val10_read == 20 & !icmp_ln939) | (video_format_val10_read == 21 & !icmp_ln939)> <Delay = 1.32>
ST_5 : Operation 78 [1/1] (0.00ns)   --->   "%br_ln0 = br void %if.end192.i.i"   --->   Operation 78 'br' 'br_ln0' <Predicate = (video_format_val10_read == 20 & icmp_ln939) | (video_format_val10_read == 21 & icmp_ln939)> <Delay = 0.00>
ST_5 : Operation 79 [1/1] (0.00ns)   --->   "%br_ln0 = br void %if.end193.i.i"   --->   Operation 79 'br' 'br_ln0' <Predicate = (video_format_val10_read != 43 & video_format_val10_read != 42 & video_format_val10_read != 41 & video_format_val10_read != 11 & video_format_val10_read != 10 & video_format_val10_read != 27 & video_format_val10_read != 16 & video_format_val10_read != 15 & video_format_val10_read != 12 & video_format_val10_read != 28 & video_format_val10_read != 19 & video_format_val10_read != 18 & video_format_val10_read != 23 & video_format_val10_read != 22 & video_format_val10_read != 33 & video_format_val10_read != 32 & video_format_val10_read != 38 & video_format_val10_read != 37 & icmp_ln939) | (video_format_val10_read != 43 & video_format_val10_read != 42 & video_format_val10_read != 41 & video_format_val10_read != 11 & video_format_val10_read != 10 & video_format_val10_read != 27 & video_format_val10_read != 16 & video_format_val10_read != 15 & video_format_val10_read != 12 & video_format_val10_read != 28 & video_format_val10_read != 19 & video_format_val10_read != 18 & video_format_val10_read != 23 & video_format_val10_read != 22 & video_format_val10_read != 33 & video_format_val10_read != 32 & video_format_val10_read != 38 & video_format_val10_read != 37 & video_format_val10_read != 21 & video_format_val10_read != 20)> <Delay = 0.00>
ST_5 : Operation 80 [1/1] (0.00ns)   --->   "%br_ln0 = br void %if.end194.i.i"   --->   Operation 80 'br' 'br_ln0' <Predicate = (video_format_val10_read != 43 & video_format_val10_read != 42 & video_format_val10_read != 41 & video_format_val10_read != 11 & video_format_val10_read != 10 & video_format_val10_read != 27 & video_format_val10_read != 16 & video_format_val10_read != 15 & video_format_val10_read != 12 & video_format_val10_read != 28 & video_format_val10_read != 19 & video_format_val10_read != 18 & video_format_val10_read != 23 & video_format_val10_read != 22 & video_format_val10_read != 33 & video_format_val10_read != 32 & icmp_ln939) | (video_format_val10_read != 43 & video_format_val10_read != 42 & video_format_val10_read != 41 & video_format_val10_read != 11 & video_format_val10_read != 10 & video_format_val10_read != 27 & video_format_val10_read != 16 & video_format_val10_read != 15 & video_format_val10_read != 12 & video_format_val10_read != 28 & video_format_val10_read != 19 & video_format_val10_read != 18 & video_format_val10_read != 23 & video_format_val10_read != 22 & video_format_val10_read != 33 & video_format_val10_read != 32 & video_format_val10_read != 21 & video_format_val10_read != 20) | (video_format_val10_read == 37) | (video_format_val10_read == 38)> <Delay = 0.00>
ST_5 : Operation 81 [1/1] (0.00ns)   --->   "%br_ln0 = br void %if.end195.i.i"   --->   Operation 81 'br' 'br_ln0' <Predicate = (video_format_val10_read != 43 & video_format_val10_read != 42 & video_format_val10_read != 41 & video_format_val10_read != 11 & video_format_val10_read != 10 & video_format_val10_read != 27 & video_format_val10_read != 16 & video_format_val10_read != 15 & video_format_val10_read != 12 & video_format_val10_read != 28 & video_format_val10_read != 19 & video_format_val10_read != 18 & video_format_val10_read != 23 & video_format_val10_read != 22 & icmp_ln939) | (video_format_val10_read != 43 & video_format_val10_read != 42 & video_format_val10_read != 41 & video_format_val10_read != 11 & video_format_val10_read != 10 & video_format_val10_read != 27 & video_format_val10_read != 16 & video_format_val10_read != 15 & video_format_val10_read != 12 & video_format_val10_read != 28 & video_format_val10_read != 19 & video_format_val10_read != 18 & video_format_val10_read != 23 & video_format_val10_read != 22 & video_format_val10_read != 21 & video_format_val10_read != 20) | (video_format_val10_read == 37) | (video_format_val10_read == 38) | (video_format_val10_read == 32) | (video_format_val10_read == 33)> <Delay = 0.00>
ST_5 : Operation 82 [1/1] (0.00ns)   --->   "%br_ln0 = br void %if.end196.i.i"   --->   Operation 82 'br' 'br_ln0' <Predicate = (video_format_val10_read != 43 & video_format_val10_read != 42 & video_format_val10_read != 41 & video_format_val10_read != 11 & video_format_val10_read != 10 & video_format_val10_read != 27 & video_format_val10_read != 16 & video_format_val10_read != 15 & video_format_val10_read != 12 & video_format_val10_read != 28 & video_format_val10_read != 19 & video_format_val10_read != 18 & icmp_ln939) | (video_format_val10_read != 43 & video_format_val10_read != 42 & video_format_val10_read != 41 & video_format_val10_read != 11 & video_format_val10_read != 10 & video_format_val10_read != 27 & video_format_val10_read != 16 & video_format_val10_read != 15 & video_format_val10_read != 12 & video_format_val10_read != 28 & video_format_val10_read != 19 & video_format_val10_read != 18 & video_format_val10_read != 21 & video_format_val10_read != 20) | (video_format_val10_read == 37) | (video_format_val10_read == 38) | (video_format_val10_read == 32) | (video_format_val10_read == 33) | (video_format_val10_read == 22) | (video_format_val10_read == 23)> <Delay = 0.00>
ST_5 : Operation 83 [1/1] (0.00ns)   --->   "%br_ln0 = br void %if.end197.i.i"   --->   Operation 83 'br' 'br_ln0' <Predicate = (video_format_val10_read != 43 & video_format_val10_read != 42 & video_format_val10_read != 41 & video_format_val10_read != 11 & video_format_val10_read != 10 & video_format_val10_read != 27 & video_format_val10_read != 16 & video_format_val10_read != 15 & video_format_val10_read != 12 & video_format_val10_read != 28 & icmp_ln939) | (video_format_val10_read != 43 & video_format_val10_read != 42 & video_format_val10_read != 41 & video_format_val10_read != 11 & video_format_val10_read != 10 & video_format_val10_read != 27 & video_format_val10_read != 16 & video_format_val10_read != 15 & video_format_val10_read != 12 & video_format_val10_read != 28 & video_format_val10_read != 21 & video_format_val10_read != 20) | (video_format_val10_read == 37) | (video_format_val10_read == 38) | (video_format_val10_read == 32) | (video_format_val10_read == 33) | (video_format_val10_read == 22) | (video_format_val10_read == 23) | (video_format_val10_read == 18) | (video_format_val10_read == 19)> <Delay = 0.00>
ST_5 : Operation 84 [1/1] (0.00ns)   --->   "%br_ln0 = br void %if.end198.i.i"   --->   Operation 84 'br' 'br_ln0' <Predicate = (video_format_val10_read != 43 & video_format_val10_read != 42 & video_format_val10_read != 41 & video_format_val10_read != 11 & video_format_val10_read != 10 & video_format_val10_read != 27 & video_format_val10_read != 16 & video_format_val10_read != 15 & video_format_val10_read != 12 & icmp_ln939) | (video_format_val10_read != 43 & video_format_val10_read != 42 & video_format_val10_read != 41 & video_format_val10_read != 11 & video_format_val10_read != 10 & video_format_val10_read != 27 & video_format_val10_read != 16 & video_format_val10_read != 15 & video_format_val10_read != 12 & video_format_val10_read != 21 & video_format_val10_read != 20) | (video_format_val10_read == 37) | (video_format_val10_read == 38) | (video_format_val10_read == 32) | (video_format_val10_read == 33) | (video_format_val10_read == 22) | (video_format_val10_read == 23) | (video_format_val10_read == 18) | (video_format_val10_read == 19) | (video_format_val10_read == 28)> <Delay = 0.00>
ST_5 : Operation 85 [1/1] (0.00ns)   --->   "%br_ln0 = br void %if.end199.i.i"   --->   Operation 85 'br' 'br_ln0' <Predicate = (video_format_val10_read != 43 & video_format_val10_read != 42 & video_format_val10_read != 41 & video_format_val10_read != 11 & video_format_val10_read != 10 & video_format_val10_read != 27 & video_format_val10_read != 16 & video_format_val10_read != 15 & icmp_ln939) | (video_format_val10_read != 43 & video_format_val10_read != 42 & video_format_val10_read != 41 & video_format_val10_read != 11 & video_format_val10_read != 10 & video_format_val10_read != 27 & video_format_val10_read != 16 & video_format_val10_read != 15 & video_format_val10_read != 21 & video_format_val10_read != 20) | (video_format_val10_read == 37) | (video_format_val10_read == 38) | (video_format_val10_read == 32) | (video_format_val10_read == 33) | (video_format_val10_read == 22) | (video_format_val10_read == 23) | (video_format_val10_read == 18) | (video_format_val10_read == 19) | (video_format_val10_read == 28) | (video_format_val10_read == 12)> <Delay = 0.00>
ST_5 : Operation 86 [1/1] (0.00ns)   --->   "%br_ln0 = br void %if.end200.i.i"   --->   Operation 86 'br' 'br_ln0' <Predicate = (video_format_val10_read != 43 & video_format_val10_read != 42 & video_format_val10_read != 41 & video_format_val10_read != 11 & video_format_val10_read != 10 & video_format_val10_read != 27 & icmp_ln939) | (video_format_val10_read != 43 & video_format_val10_read != 42 & video_format_val10_read != 41 & video_format_val10_read != 11 & video_format_val10_read != 10 & video_format_val10_read != 27 & video_format_val10_read != 21 & video_format_val10_read != 20) | (video_format_val10_read == 37) | (video_format_val10_read == 38) | (video_format_val10_read == 32) | (video_format_val10_read == 33) | (video_format_val10_read == 22) | (video_format_val10_read == 23) | (video_format_val10_read == 18) | (video_format_val10_read == 19) | (video_format_val10_read == 28) | (video_format_val10_read == 12) | (video_format_val10_read == 15) | (video_format_val10_read == 16)> <Delay = 0.00>
ST_5 : Operation 87 [1/1] (0.00ns)   --->   "%br_ln0 = br void %if.end201.i.i"   --->   Operation 87 'br' 'br_ln0' <Predicate = (video_format_val10_read != 43 & video_format_val10_read != 42 & video_format_val10_read != 41 & video_format_val10_read != 11 & video_format_val10_read != 10 & icmp_ln939) | (video_format_val10_read != 43 & video_format_val10_read != 42 & video_format_val10_read != 41 & video_format_val10_read != 11 & video_format_val10_read != 10 & video_format_val10_read != 21 & video_format_val10_read != 20) | (video_format_val10_read == 37) | (video_format_val10_read == 38) | (video_format_val10_read == 32) | (video_format_val10_read == 33) | (video_format_val10_read == 22) | (video_format_val10_read == 23) | (video_format_val10_read == 18) | (video_format_val10_read == 19) | (video_format_val10_read == 28) | (video_format_val10_read == 12) | (video_format_val10_read == 15) | (video_format_val10_read == 16) | (video_format_val10_read == 27)> <Delay = 0.00>
ST_5 : Operation 88 [1/1] (0.00ns)   --->   "%br_ln0 = br void %if.end202.i.i"   --->   Operation 88 'br' 'br_ln0' <Predicate = (video_format_val10_read != 43 & video_format_val10_read != 42 & video_format_val10_read != 41 & icmp_ln939) | (video_format_val10_read != 43 & video_format_val10_read != 42 & video_format_val10_read != 41 & video_format_val10_read != 21 & video_format_val10_read != 20) | (video_format_val10_read == 37) | (video_format_val10_read == 38) | (video_format_val10_read == 32) | (video_format_val10_read == 33) | (video_format_val10_read == 22) | (video_format_val10_read == 23) | (video_format_val10_read == 18) | (video_format_val10_read == 19) | (video_format_val10_read == 28) | (video_format_val10_read == 12) | (video_format_val10_read == 15) | (video_format_val10_read == 16) | (video_format_val10_read == 27) | (video_format_val10_read == 10) | (video_format_val10_read == 11)> <Delay = 0.00>
ST_5 : Operation 89 [1/1] (0.00ns)   --->   "%br_ln0 = br void %if.end203.i.i"   --->   Operation 89 'br' 'br_ln0' <Predicate = (video_format_val10_read != 43 & video_format_val10_read != 42 & icmp_ln939) | (video_format_val10_read != 43 & video_format_val10_read != 42 & video_format_val10_read != 21 & video_format_val10_read != 20) | (video_format_val10_read == 37) | (video_format_val10_read == 38) | (video_format_val10_read == 32) | (video_format_val10_read == 33) | (video_format_val10_read == 22) | (video_format_val10_read == 23) | (video_format_val10_read == 18) | (video_format_val10_read == 19) | (video_format_val10_read == 28) | (video_format_val10_read == 12) | (video_format_val10_read == 15) | (video_format_val10_read == 16) | (video_format_val10_read == 27) | (video_format_val10_read == 10) | (video_format_val10_read == 11) | (video_format_val10_read == 41)> <Delay = 0.00>
ST_5 : Operation 90 [1/1] (0.00ns)   --->   "%br_ln0 = br void %MultiPixStream2Bytes.exit"   --->   Operation 90 'br' 'br_ln0' <Predicate = (video_format_val10_read != 43 & icmp_ln939) | (video_format_val10_read != 43 & video_format_val10_read != 21 & video_format_val10_read != 20) | (video_format_val10_read == 37) | (video_format_val10_read == 38) | (video_format_val10_read == 32) | (video_format_val10_read == 33) | (video_format_val10_read == 22) | (video_format_val10_read == 23) | (video_format_val10_read == 18) | (video_format_val10_read == 19) | (video_format_val10_read == 28) | (video_format_val10_read == 12) | (video_format_val10_read == 15) | (video_format_val10_read == 16) | (video_format_val10_read == 27) | (video_format_val10_read == 10) | (video_format_val10_read == 11) | (video_format_val10_read == 41) | (video_format_val10_read == 42)> <Delay = 0.00>
ST_5 : Operation 91 [1/1] (0.00ns)   --->   "%ret_ln103 = ret" [C:/Users/XF/Desktop/chiplabdemo/chiplab/fpga/loongson/2023.2/system_run.runs/v_frmbuf_wr_0_synth_1/prj/sol/.autopilot/db/v_frmbuf_wr.cpp:103]   --->   Operation 91 'ret' 'ret_ln103' <Predicate = (icmp_ln939) | (video_format_val10_read != 21 & video_format_val10_read != 20) | (video_format_val10_read == 37) | (video_format_val10_read == 38) | (video_format_val10_read == 32) | (video_format_val10_read == 33) | (video_format_val10_read == 22) | (video_format_val10_read == 23) | (video_format_val10_read == 18) | (video_format_val10_read == 19) | (video_format_val10_read == 28) | (video_format_val10_read == 12) | (video_format_val10_read == 15) | (video_format_val10_read == 16) | (video_format_val10_read == 27) | (video_format_val10_read == 10) | (video_format_val10_read == 11) | (video_format_val10_read == 41) | (video_format_val10_read == 42) | (video_format_val10_read == 43)> <Delay = 0.00>

State 6 <SV = 5> <Delay = 3.08>
ST_6 : Operation 92 [2/2] (3.08ns)   --->   "%call_ln926 = call void @MultiPixStream2Bytes_Pipeline_VITIS_LOOP_943_1, i8 %p_lcssa82100_i_i_load, i8 %p_lcssa8197_i_i_load, i8 %p_lcssa8094_i_i_load, i8 %p_lcssa7991_i_i_load, i8 %p_lcssa7888_i_i_load, i8 %p_lcssa85_i_i_load, i11 %trunc_ln1_i, i1 %cmp133_2_i_i, i1 %icmp6, i128 %bytePlanes, i1 %cmp133_i_i, i1 %icmp_ln930, i1 %cmp94_6_i_i, i1 %cmp94_5_i_i, i1 %cmp94_4_i_i, i1 %icmp3, i1 %cmp94_2_i_i, i1 %icmp, i11 %sub91_i_i, i1 %cmp94_i_i, i48 %img, i8 %p_lcssa82100_i_i, i8 %p_lcssa8197_i_i, i8 %p_lcssa8094_i_i, i8 %p_lcssa7991_i_i, i8 %p_lcssa7888_i_i, i8 %p_lcssa85_i_i" [C:/Users/XF/Desktop/chiplabdemo/chiplab/fpga/loongson/2023.2/system_run.runs/v_frmbuf_wr_0_synth_1/prj/sol/.autopilot/db/v_frmbuf_wr.cpp:926->C:/Users/XF/Desktop/chiplabdemo/chiplab/fpga/loongson/2023.2/system_run.runs/v_frmbuf_wr_0_synth_1/prj/sol/.autopilot/db/v_frmbuf_wr.cpp:103->C:/Users/XF/Desktop/chiplabdemo/chiplab/fpga/loongson/2023.2/system_run.runs/v_frmbuf_wr_0_synth_1/prj/sol/.autopilot/db/v_frmbuf_wr.cpp:103]   --->   Operation 92 'call' 'call_ln926' <Predicate = true> <Delay = 3.08> <CoreType = "Generic">   --->   Core 0 '' <Latency = 0> <II = 1> <Delay = 1.00> <Generic> <Opcode : >

State 7 <SV = 6> <Delay = 0.00>
ST_7 : Operation 93 [1/1] (0.00ns)   --->   "%speclooptripcount_ln941 = speclooptripcount void @_ssdm_op_SpecLoopTripCount, i64 0, i64 4320, i64 2160" [C:/Users/XF/Desktop/chiplabdemo/chiplab/fpga/loongson/2023.2/system_run.runs/v_frmbuf_wr_0_synth_1/prj/sol/.autopilot/db/v_frmbuf_wr.cpp:941->C:/Users/XF/Desktop/chiplabdemo/chiplab/fpga/loongson/2023.2/system_run.runs/v_frmbuf_wr_0_synth_1/prj/sol/.autopilot/db/v_frmbuf_wr.cpp:103->C:/Users/XF/Desktop/chiplabdemo/chiplab/fpga/loongson/2023.2/system_run.runs/v_frmbuf_wr_0_synth_1/prj/sol/.autopilot/db/v_frmbuf_wr.cpp:103]   --->   Operation 93 'speclooptripcount' 'speclooptripcount_ln941' <Predicate = true> <Delay = 0.00>
ST_7 : Operation 94 [1/1] (0.00ns)   --->   "%specloopname_ln939 = specloopname void @_ssdm_op_SpecLoopName, void @empty_12" [C:/Users/XF/Desktop/chiplabdemo/chiplab/fpga/loongson/2023.2/system_run.runs/v_frmbuf_wr_0_synth_1/prj/sol/.autopilot/db/v_frmbuf_wr.cpp:939->C:/Users/XF/Desktop/chiplabdemo/chiplab/fpga/loongson/2023.2/system_run.runs/v_frmbuf_wr_0_synth_1/prj/sol/.autopilot/db/v_frmbuf_wr.cpp:103->C:/Users/XF/Desktop/chiplabdemo/chiplab/fpga/loongson/2023.2/system_run.runs/v_frmbuf_wr_0_synth_1/prj/sol/.autopilot/db/v_frmbuf_wr.cpp:103]   --->   Operation 94 'specloopname' 'specloopname_ln939' <Predicate = true> <Delay = 0.00>
ST_7 : Operation 95 [1/2] (0.00ns)   --->   "%call_ln926 = call void @MultiPixStream2Bytes_Pipeline_VITIS_LOOP_943_1, i8 %p_lcssa82100_i_i_load, i8 %p_lcssa8197_i_i_load, i8 %p_lcssa8094_i_i_load, i8 %p_lcssa7991_i_i_load, i8 %p_lcssa7888_i_i_load, i8 %p_lcssa85_i_i_load, i11 %trunc_ln1_i, i1 %cmp133_2_i_i, i1 %icmp6, i128 %bytePlanes, i1 %cmp133_i_i, i1 %icmp_ln930, i1 %cmp94_6_i_i, i1 %cmp94_5_i_i, i1 %cmp94_4_i_i, i1 %icmp3, i1 %cmp94_2_i_i, i1 %icmp, i11 %sub91_i_i, i1 %cmp94_i_i, i48 %img, i8 %p_lcssa82100_i_i, i8 %p_lcssa8197_i_i, i8 %p_lcssa8094_i_i, i8 %p_lcssa7991_i_i, i8 %p_lcssa7888_i_i, i8 %p_lcssa85_i_i" [C:/Users/XF/Desktop/chiplabdemo/chiplab/fpga/loongson/2023.2/system_run.runs/v_frmbuf_wr_0_synth_1/prj/sol/.autopilot/db/v_frmbuf_wr.cpp:926->C:/Users/XF/Desktop/chiplabdemo/chiplab/fpga/loongson/2023.2/system_run.runs/v_frmbuf_wr_0_synth_1/prj/sol/.autopilot/db/v_frmbuf_wr.cpp:103->C:/Users/XF/Desktop/chiplabdemo/chiplab/fpga/loongson/2023.2/system_run.runs/v_frmbuf_wr_0_synth_1/prj/sol/.autopilot/db/v_frmbuf_wr.cpp:103]   --->   Operation 95 'call' 'call_ln926' <Predicate = true> <Delay = 0.00> <CoreType = "Generic">   --->   Core 0 '' <Latency = 0> <II = 1> <Delay = 1.00> <Generic> <Opcode : >
ST_7 : Operation 96 [1/1] (0.00ns)   --->   "%br_ln939 = br void %VITIS_LOOP_943_1.i.i" [C:/Users/XF/Desktop/chiplabdemo/chiplab/fpga/loongson/2023.2/system_run.runs/v_frmbuf_wr_0_synth_1/prj/sol/.autopilot/db/v_frmbuf_wr.cpp:939->C:/Users/XF/Desktop/chiplabdemo/chiplab/fpga/loongson/2023.2/system_run.runs/v_frmbuf_wr_0_synth_1/prj/sol/.autopilot/db/v_frmbuf_wr.cpp:103->C:/Users/XF/Desktop/chiplabdemo/chiplab/fpga/loongson/2023.2/system_run.runs/v_frmbuf_wr_0_synth_1/prj/sol/.autopilot/db/v_frmbuf_wr.cpp:103]   --->   Operation 96 'br' 'br_ln939' <Predicate = true> <Delay = 0.00>


============================================================
+ Verbose Summary: Timing violations
============================================================
Target clock period: 6.667ns, clock uncertainty: 1.800ns.

 <State 1>: 4.867ns
The critical path consists of the following:
	fifo read operation ('WidthInBytes_val2_c11_read') on port 'WidthInBytes_val2_c11' [13]  (2.433 ns)
	fifo write operation ('write_ln0') on port 'WidthInBytes_val2_c' [15]  (2.433 ns)

 <State 2>: 3.604ns
The critical path consists of the following:
	'add' operation 16 bit ('add_ln925', C:/Users/XF/Desktop/chiplabdemo/chiplab/fpga/loongson/2023.2/system_run.runs/v_frmbuf_wr_0_synth_1/prj/sol/.autopilot/db/v_frmbuf_wr.cpp:925->C:/Users/XF/Desktop/chiplabdemo/chiplab/fpga/loongson/2023.2/system_run.runs/v_frmbuf_wr_0_synth_1/prj/sol/.autopilot/db/v_frmbuf_wr.cpp:103->C:/Users/XF/Desktop/chiplabdemo/chiplab/fpga/loongson/2023.2/system_run.runs/v_frmbuf_wr_0_synth_1/prj/sol/.autopilot/db/v_frmbuf_wr.cpp:103) [33]  (1.825 ns)
	'add' operation 12 bit ('add_ln926', C:/Users/XF/Desktop/chiplabdemo/chiplab/fpga/loongson/2023.2/system_run.runs/v_frmbuf_wr_0_synth_1/prj/sol/.autopilot/db/v_frmbuf_wr.cpp:926->C:/Users/XF/Desktop/chiplabdemo/chiplab/fpga/loongson/2023.2/system_run.runs/v_frmbuf_wr_0_synth_1/prj/sol/.autopilot/db/v_frmbuf_wr.cpp:103->C:/Users/XF/Desktop/chiplabdemo/chiplab/fpga/loongson/2023.2/system_run.runs/v_frmbuf_wr_0_synth_1/prj/sol/.autopilot/db/v_frmbuf_wr.cpp:103) [35]  (1.780 ns)

 <State 3>: 4.628ns
The critical path consists of the following:
	'mul' operation 25 bit ('mul_ln926', C:/Users/XF/Desktop/chiplabdemo/chiplab/fpga/loongson/2023.2/system_run.runs/v_frmbuf_wr_0_synth_1/prj/sol/.autopilot/db/v_frmbuf_wr.cpp:926->C:/Users/XF/Desktop/chiplabdemo/chiplab/fpga/loongson/2023.2/system_run.runs/v_frmbuf_wr_0_synth_1/prj/sol/.autopilot/db/v_frmbuf_wr.cpp:103->C:/Users/XF/Desktop/chiplabdemo/chiplab/fpga/loongson/2023.2/system_run.runs/v_frmbuf_wr_0_synth_1/prj/sol/.autopilot/db/v_frmbuf_wr.cpp:103) [37]  (4.628 ns)

 <State 4>: 3.788ns
The critical path consists of the following:
	'icmp' operation 1 bit ('icmp_ln930', C:/Users/XF/Desktop/chiplabdemo/chiplab/fpga/loongson/2023.2/system_run.runs/v_frmbuf_wr_0_synth_1/prj/sol/.autopilot/db/v_frmbuf_wr.cpp:930->C:/Users/XF/Desktop/chiplabdemo/chiplab/fpga/loongson/2023.2/system_run.runs/v_frmbuf_wr_0_synth_1/prj/sol/.autopilot/db/v_frmbuf_wr.cpp:103->C:/Users/XF/Desktop/chiplabdemo/chiplab/fpga/loongson/2023.2/system_run.runs/v_frmbuf_wr_0_synth_1/prj/sol/.autopilot/db/v_frmbuf_wr.cpp:103) [39]  (1.491 ns)
	'select' operation 4 bit ('remainPix', C:/Users/XF/Desktop/chiplabdemo/chiplab/fpga/loongson/2023.2/system_run.runs/v_frmbuf_wr_0_synth_1/prj/sol/.autopilot/db/v_frmbuf_wr.cpp:930->C:/Users/XF/Desktop/chiplabdemo/chiplab/fpga/loongson/2023.2/system_run.runs/v_frmbuf_wr_0_synth_1/prj/sol/.autopilot/db/v_frmbuf_wr.cpp:103->C:/Users/XF/Desktop/chiplabdemo/chiplab/fpga/loongson/2023.2/system_run.runs/v_frmbuf_wr_0_synth_1/prj/sol/.autopilot/db/v_frmbuf_wr.cpp:103) [42]  (0.806 ns)
	'icmp' operation 1 bit ('cmp94_i_i', C:/Users/XF/Desktop/chiplabdemo/chiplab/fpga/loongson/2023.2/system_run.runs/v_frmbuf_wr_0_synth_1/prj/sol/.autopilot/db/v_frmbuf_wr.cpp:930->C:/Users/XF/Desktop/chiplabdemo/chiplab/fpga/loongson/2023.2/system_run.runs/v_frmbuf_wr_0_synth_1/prj/sol/.autopilot/db/v_frmbuf_wr.cpp:103->C:/Users/XF/Desktop/chiplabdemo/chiplab/fpga/loongson/2023.2/system_run.runs/v_frmbuf_wr_0_synth_1/prj/sol/.autopilot/db/v_frmbuf_wr.cpp:103) [52]  (1.491 ns)

 <State 5>: 3.104ns
The critical path consists of the following:
	'load' operation 12 bit ('y', C:/Users/XF/Desktop/chiplabdemo/chiplab/fpga/loongson/2023.2/system_run.runs/v_frmbuf_wr_0_synth_1/prj/sol/.autopilot/db/v_frmbuf_wr.cpp:939->C:/Users/XF/Desktop/chiplabdemo/chiplab/fpga/loongson/2023.2/system_run.runs/v_frmbuf_wr_0_synth_1/prj/sol/.autopilot/db/v_frmbuf_wr.cpp:103->C:/Users/XF/Desktop/chiplabdemo/chiplab/fpga/loongson/2023.2/system_run.runs/v_frmbuf_wr_0_synth_1/prj/sol/.autopilot/db/v_frmbuf_wr.cpp:103) on local variable 'y', C:/Users/XF/Desktop/chiplabdemo/chiplab/fpga/loongson/2023.2/system_run.runs/v_frmbuf_wr_0_synth_1/prj/sol/.autopilot/db/v_frmbuf_wr.cpp:939->C:/Users/XF/Desktop/chiplabdemo/chiplab/fpga/loongson/2023.2/system_run.runs/v_frmbuf_wr_0_synth_1/prj/sol/.autopilot/db/v_frmbuf_wr.cpp:103->C:/Users/XF/Desktop/chiplabdemo/chiplab/fpga/loongson/2023.2/system_run.runs/v_frmbuf_wr_0_synth_1/prj/sol/.autopilot/db/v_frmbuf_wr.cpp:103 [68]  (0.000 ns)
	'icmp' operation 1 bit ('icmp_ln939', C:/Users/XF/Desktop/chiplabdemo/chiplab/fpga/loongson/2023.2/system_run.runs/v_frmbuf_wr_0_synth_1/prj/sol/.autopilot/db/v_frmbuf_wr.cpp:939->C:/Users/XF/Desktop/chiplabdemo/chiplab/fpga/loongson/2023.2/system_run.runs/v_frmbuf_wr_0_synth_1/prj/sol/.autopilot/db/v_frmbuf_wr.cpp:103->C:/Users/XF/Desktop/chiplabdemo/chiplab/fpga/loongson/2023.2/system_run.runs/v_frmbuf_wr_0_synth_1/prj/sol/.autopilot/db/v_frmbuf_wr.cpp:103) [69]  (1.780 ns)
	'store' operation 0 bit ('store_ln939', C:/Users/XF/Desktop/chiplabdemo/chiplab/fpga/loongson/2023.2/system_run.runs/v_frmbuf_wr_0_synth_1/prj/sol/.autopilot/db/v_frmbuf_wr.cpp:939->C:/Users/XF/Desktop/chiplabdemo/chiplab/fpga/loongson/2023.2/system_run.runs/v_frmbuf_wr_0_synth_1/prj/sol/.autopilot/db/v_frmbuf_wr.cpp:103->C:/Users/XF/Desktop/chiplabdemo/chiplab/fpga/loongson/2023.2/system_run.runs/v_frmbuf_wr_0_synth_1/prj/sol/.autopilot/db/v_frmbuf_wr.cpp:103) of variable 'y', C:/Users/XF/Desktop/chiplabdemo/chiplab/fpga/loongson/2023.2/system_run.runs/v_frmbuf_wr_0_synth_1/prj/sol/.autopilot/db/v_frmbuf_wr.cpp:939->C:/Users/XF/Desktop/chiplabdemo/chiplab/fpga/loongson/2023.2/system_run.runs/v_frmbuf_wr_0_synth_1/prj/sol/.autopilot/db/v_frmbuf_wr.cpp:103->C:/Users/XF/Desktop/chiplabdemo/chiplab/fpga/loongson/2023.2/system_run.runs/v_frmbuf_wr_0_synth_1/prj/sol/.autopilot/db/v_frmbuf_wr.cpp:103 on local variable 'y', C:/Users/XF/Desktop/chiplabdemo/chiplab/fpga/loongson/2023.2/system_run.runs/v_frmbuf_wr_0_synth_1/prj/sol/.autopilot/db/v_frmbuf_wr.cpp:939->C:/Users/XF/Desktop/chiplabdemo/chiplab/fpga/loongson/2023.2/system_run.runs/v_frmbuf_wr_0_synth_1/prj/sol/.autopilot/db/v_frmbuf_wr.cpp:103->C:/Users/XF/Desktop/chiplabdemo/chiplab/fpga/loongson/2023.2/system_run.runs/v_frmbuf_wr_0_synth_1/prj/sol/.autopilot/db/v_frmbuf_wr.cpp:103 [83]  (1.324 ns)

 <State 6>: 3.088ns
The critical path consists of the following:
	'call' operation 0 bit ('call_ln926', C:/Users/XF/Desktop/chiplabdemo/chiplab/fpga/loongson/2023.2/system_run.runs/v_frmbuf_wr_0_synth_1/prj/sol/.autopilot/db/v_frmbuf_wr.cpp:926->C:/Users/XF/Desktop/chiplabdemo/chiplab/fpga/loongson/2023.2/system_run.runs/v_frmbuf_wr_0_synth_1/prj/sol/.autopilot/db/v_frmbuf_wr.cpp:103->C:/Users/XF/Desktop/chiplabdemo/chiplab/fpga/loongson/2023.2/system_run.runs/v_frmbuf_wr_0_synth_1/prj/sol/.autopilot/db/v_frmbuf_wr.cpp:103) to 'MultiPixStream2Bytes_Pipeline_VITIS_LOOP_943_1' [82]  (3.088 ns)

 <State 7>: 0.000ns
The critical path consists of the following:


============================================================
+ Verbose Summary: Binding
============================================================
N/A
* FSMD analyzer results:
  - Output states:
 - Input state : 
  - Chain level:
	State 1
	State 2
	State 3
	State 4
	State 5
	State 6
	State 7


============================================================
+ Verbose Summary: Datapath Resource usage 
============================================================
N/A
